[2023-03-28 22:52:25,907] {scheduler_job.py:182} INFO - Started process (PID=66) to work on /home/airflow/.local/lib/python3.6/site-packages/airflow/example_dags/example_bash_operator.py
[2023-03-28 22:52:25,911] {scheduler_job.py:629} INFO - Processing file /home/airflow/.local/lib/python3.6/site-packages/airflow/example_dags/example_bash_operator.py for tasks to queue
[2023-03-28 22:52:25,914] {logging_mixin.py:104} INFO - [2023-03-28 22:52:25,914] {dagbag.py:448} INFO - Filling up the DagBag from /home/airflow/.local/lib/python3.6/site-packages/airflow/example_dags/example_bash_operator.py
[2023-03-28 22:52:25,963] {scheduler_job.py:639} INFO - DAG(s) dict_keys(['example_bash_operator']) retrieved from /home/airflow/.local/lib/python3.6/site-packages/airflow/example_dags/example_bash_operator.py
[2023-03-28 22:52:26,055] {logging_mixin.py:104} INFO - [2023-03-28 22:52:26,054] {dag.py:1818} INFO - Sync 1 DAGs
[2023-03-28 22:52:26,130] {logging_mixin.py:104} INFO - [2023-03-28 22:52:26,129] {dag.py:1837} INFO - Creating ORM DAG for example_bash_operator
[2023-03-28 22:52:26,207] {logging_mixin.py:104} INFO - [2023-03-28 22:52:26,206] {dag.py:2273} INFO - Setting next_dagrun for example_bash_operator to 2023-03-26 00:00:00+00:00
[2023-03-28 22:52:26,253] {scheduler_job.py:190} INFO - Processing /home/airflow/.local/lib/python3.6/site-packages/airflow/example_dags/example_bash_operator.py took 0.354 seconds
[2023-03-28 22:52:57,796] {scheduler_job.py:182} INFO - Started process (PID=120) to work on /home/airflow/.local/lib/python3.6/site-packages/airflow/example_dags/example_bash_operator.py
[2023-03-28 22:52:57,806] {scheduler_job.py:629} INFO - Processing file /home/airflow/.local/lib/python3.6/site-packages/airflow/example_dags/example_bash_operator.py for tasks to queue
[2023-03-28 22:52:57,813] {logging_mixin.py:104} INFO - [2023-03-28 22:52:57,813] {dagbag.py:448} INFO - Filling up the DagBag from /home/airflow/.local/lib/python3.6/site-packages/airflow/example_dags/example_bash_operator.py
[2023-03-28 22:52:57,947] {scheduler_job.py:639} INFO - DAG(s) dict_keys(['example_bash_operator']) retrieved from /home/airflow/.local/lib/python3.6/site-packages/airflow/example_dags/example_bash_operator.py
[2023-03-28 22:52:58,076] {logging_mixin.py:104} INFO - [2023-03-28 22:52:58,076] {dag.py:1818} INFO - Sync 1 DAGs
[2023-03-28 22:52:58,232] {logging_mixin.py:104} INFO - [2023-03-28 22:52:58,231] {dag.py:2273} INFO - Setting next_dagrun for example_bash_operator to 2023-03-26 00:00:00+00:00
[2023-03-28 22:52:58,297] {scheduler_job.py:190} INFO - Processing /home/airflow/.local/lib/python3.6/site-packages/airflow/example_dags/example_bash_operator.py took 0.508 seconds
[2023-03-28 22:53:30,522] {scheduler_job.py:182} INFO - Started process (PID=178) to work on /home/airflow/.local/lib/python3.6/site-packages/airflow/example_dags/example_bash_operator.py
[2023-03-28 22:53:30,529] {scheduler_job.py:629} INFO - Processing file /home/airflow/.local/lib/python3.6/site-packages/airflow/example_dags/example_bash_operator.py for tasks to queue
[2023-03-28 22:53:30,536] {logging_mixin.py:104} INFO - [2023-03-28 22:53:30,535] {dagbag.py:448} INFO - Filling up the DagBag from /home/airflow/.local/lib/python3.6/site-packages/airflow/example_dags/example_bash_operator.py
[2023-03-28 22:53:30,689] {scheduler_job.py:639} INFO - DAG(s) dict_keys(['example_bash_operator']) retrieved from /home/airflow/.local/lib/python3.6/site-packages/airflow/example_dags/example_bash_operator.py
[2023-03-28 22:53:30,766] {logging_mixin.py:104} INFO - [2023-03-28 22:53:30,766] {dag.py:1818} INFO - Sync 1 DAGs
[2023-03-28 22:53:30,888] {logging_mixin.py:104} INFO - [2023-03-28 22:53:30,887] {dag.py:2273} INFO - Setting next_dagrun for example_bash_operator to 2023-03-26 00:00:00+00:00
[2023-03-28 22:53:30,927] {scheduler_job.py:190} INFO - Processing /home/airflow/.local/lib/python3.6/site-packages/airflow/example_dags/example_bash_operator.py took 0.411 seconds
[2023-03-28 22:54:01,434] {scheduler_job.py:182} INFO - Started process (PID=232) to work on /home/airflow/.local/lib/python3.6/site-packages/airflow/example_dags/example_bash_operator.py
[2023-03-28 22:54:01,442] {scheduler_job.py:629} INFO - Processing file /home/airflow/.local/lib/python3.6/site-packages/airflow/example_dags/example_bash_operator.py for tasks to queue
[2023-03-28 22:54:01,449] {logging_mixin.py:104} INFO - [2023-03-28 22:54:01,448] {dagbag.py:448} INFO - Filling up the DagBag from /home/airflow/.local/lib/python3.6/site-packages/airflow/example_dags/example_bash_operator.py
[2023-03-28 22:54:01,516] {scheduler_job.py:639} INFO - DAG(s) dict_keys(['example_bash_operator']) retrieved from /home/airflow/.local/lib/python3.6/site-packages/airflow/example_dags/example_bash_operator.py
[2023-03-28 22:54:01,577] {logging_mixin.py:104} INFO - [2023-03-28 22:54:01,576] {dag.py:1818} INFO - Sync 1 DAGs
[2023-03-28 22:54:01,658] {logging_mixin.py:104} INFO - [2023-03-28 22:54:01,658] {dag.py:2273} INFO - Setting next_dagrun for example_bash_operator to 2023-03-26 00:00:00+00:00
[2023-03-28 22:54:01,682] {scheduler_job.py:190} INFO - Processing /home/airflow/.local/lib/python3.6/site-packages/airflow/example_dags/example_bash_operator.py took 0.261 seconds
[2023-03-28 22:54:31,969] {scheduler_job.py:182} INFO - Started process (PID=288) to work on /home/airflow/.local/lib/python3.6/site-packages/airflow/example_dags/example_bash_operator.py
[2023-03-28 22:54:31,972] {scheduler_job.py:629} INFO - Processing file /home/airflow/.local/lib/python3.6/site-packages/airflow/example_dags/example_bash_operator.py for tasks to queue
[2023-03-28 22:54:31,974] {logging_mixin.py:104} INFO - [2023-03-28 22:54:31,974] {dagbag.py:448} INFO - Filling up the DagBag from /home/airflow/.local/lib/python3.6/site-packages/airflow/example_dags/example_bash_operator.py
[2023-03-28 22:54:32,012] {scheduler_job.py:639} INFO - DAG(s) dict_keys(['example_bash_operator']) retrieved from /home/airflow/.local/lib/python3.6/site-packages/airflow/example_dags/example_bash_operator.py
[2023-03-28 22:54:32,063] {logging_mixin.py:104} INFO - [2023-03-28 22:54:32,063] {dag.py:1818} INFO - Sync 1 DAGs
[2023-03-28 22:54:32,139] {logging_mixin.py:104} INFO - [2023-03-28 22:54:32,139] {dag.py:2273} INFO - Setting next_dagrun for example_bash_operator to 2023-03-26 00:00:00+00:00
[2023-03-28 22:54:32,163] {scheduler_job.py:190} INFO - Processing /home/airflow/.local/lib/python3.6/site-packages/airflow/example_dags/example_bash_operator.py took 0.201 seconds
[2023-03-28 22:55:02,676] {scheduler_job.py:182} INFO - Started process (PID=342) to work on /home/airflow/.local/lib/python3.6/site-packages/airflow/example_dags/example_bash_operator.py
[2023-03-28 22:55:02,680] {scheduler_job.py:629} INFO - Processing file /home/airflow/.local/lib/python3.6/site-packages/airflow/example_dags/example_bash_operator.py for tasks to queue
[2023-03-28 22:55:02,682] {logging_mixin.py:104} INFO - [2023-03-28 22:55:02,682] {dagbag.py:448} INFO - Filling up the DagBag from /home/airflow/.local/lib/python3.6/site-packages/airflow/example_dags/example_bash_operator.py
[2023-03-28 22:55:02,720] {scheduler_job.py:639} INFO - DAG(s) dict_keys(['example_bash_operator']) retrieved from /home/airflow/.local/lib/python3.6/site-packages/airflow/example_dags/example_bash_operator.py
[2023-03-28 22:55:02,772] {logging_mixin.py:104} INFO - [2023-03-28 22:55:02,771] {dag.py:1818} INFO - Sync 1 DAGs
[2023-03-28 22:55:02,858] {logging_mixin.py:104} INFO - [2023-03-28 22:55:02,857] {dag.py:2273} INFO - Setting next_dagrun for example_bash_operator to 2023-03-26 00:00:00+00:00
[2023-03-28 22:55:02,880] {scheduler_job.py:190} INFO - Processing /home/airflow/.local/lib/python3.6/site-packages/airflow/example_dags/example_bash_operator.py took 0.211 seconds
[2023-03-28 22:55:33,394] {scheduler_job.py:182} INFO - Started process (PID=396) to work on /home/airflow/.local/lib/python3.6/site-packages/airflow/example_dags/example_bash_operator.py
[2023-03-28 22:55:33,398] {scheduler_job.py:629} INFO - Processing file /home/airflow/.local/lib/python3.6/site-packages/airflow/example_dags/example_bash_operator.py for tasks to queue
[2023-03-28 22:55:33,402] {logging_mixin.py:104} INFO - [2023-03-28 22:55:33,401] {dagbag.py:448} INFO - Filling up the DagBag from /home/airflow/.local/lib/python3.6/site-packages/airflow/example_dags/example_bash_operator.py
[2023-03-28 22:55:33,443] {scheduler_job.py:639} INFO - DAG(s) dict_keys(['example_bash_operator']) retrieved from /home/airflow/.local/lib/python3.6/site-packages/airflow/example_dags/example_bash_operator.py
[2023-03-28 22:55:33,494] {logging_mixin.py:104} INFO - [2023-03-28 22:55:33,494] {dag.py:1818} INFO - Sync 1 DAGs
[2023-03-28 22:55:33,580] {logging_mixin.py:104} INFO - [2023-03-28 22:55:33,579] {dag.py:2273} INFO - Setting next_dagrun for example_bash_operator to 2023-03-26 00:00:00+00:00
[2023-03-28 22:55:33,604] {scheduler_job.py:190} INFO - Processing /home/airflow/.local/lib/python3.6/site-packages/airflow/example_dags/example_bash_operator.py took 0.216 seconds
[2023-03-28 22:56:04,381] {scheduler_job.py:182} INFO - Started process (PID=454) to work on /home/airflow/.local/lib/python3.6/site-packages/airflow/example_dags/example_bash_operator.py
[2023-03-28 22:56:04,384] {scheduler_job.py:629} INFO - Processing file /home/airflow/.local/lib/python3.6/site-packages/airflow/example_dags/example_bash_operator.py for tasks to queue
[2023-03-28 22:56:04,386] {logging_mixin.py:104} INFO - [2023-03-28 22:56:04,386] {dagbag.py:448} INFO - Filling up the DagBag from /home/airflow/.local/lib/python3.6/site-packages/airflow/example_dags/example_bash_operator.py
[2023-03-28 22:56:04,427] {scheduler_job.py:639} INFO - DAG(s) dict_keys(['example_bash_operator']) retrieved from /home/airflow/.local/lib/python3.6/site-packages/airflow/example_dags/example_bash_operator.py
[2023-03-28 22:56:04,479] {logging_mixin.py:104} INFO - [2023-03-28 22:56:04,478] {dag.py:1818} INFO - Sync 1 DAGs
[2023-03-28 22:56:04,577] {logging_mixin.py:104} INFO - [2023-03-28 22:56:04,576] {dag.py:2273} INFO - Setting next_dagrun for example_bash_operator to 2023-03-26 00:00:00+00:00
[2023-03-28 22:56:04,612] {scheduler_job.py:190} INFO - Processing /home/airflow/.local/lib/python3.6/site-packages/airflow/example_dags/example_bash_operator.py took 0.237 seconds
[2023-03-28 22:56:35,021] {scheduler_job.py:182} INFO - Started process (PID=508) to work on /home/airflow/.local/lib/python3.6/site-packages/airflow/example_dags/example_bash_operator.py
[2023-03-28 22:56:35,025] {scheduler_job.py:629} INFO - Processing file /home/airflow/.local/lib/python3.6/site-packages/airflow/example_dags/example_bash_operator.py for tasks to queue
[2023-03-28 22:56:35,027] {logging_mixin.py:104} INFO - [2023-03-28 22:56:35,027] {dagbag.py:448} INFO - Filling up the DagBag from /home/airflow/.local/lib/python3.6/site-packages/airflow/example_dags/example_bash_operator.py
[2023-03-28 22:56:35,065] {scheduler_job.py:639} INFO - DAG(s) dict_keys(['example_bash_operator']) retrieved from /home/airflow/.local/lib/python3.6/site-packages/airflow/example_dags/example_bash_operator.py
[2023-03-28 22:56:35,118] {logging_mixin.py:104} INFO - [2023-03-28 22:56:35,118] {dag.py:1818} INFO - Sync 1 DAGs
[2023-03-28 22:56:35,199] {logging_mixin.py:104} INFO - [2023-03-28 22:56:35,199] {dag.py:2273} INFO - Setting next_dagrun for example_bash_operator to 2023-03-26 00:00:00+00:00
[2023-03-28 22:56:35,223] {scheduler_job.py:190} INFO - Processing /home/airflow/.local/lib/python3.6/site-packages/airflow/example_dags/example_bash_operator.py took 0.208 seconds
[2023-03-28 22:57:41,121] {scheduler_job.py:182} INFO - Started process (PID=61) to work on /home/airflow/.local/lib/python3.6/site-packages/airflow/example_dags/example_bash_operator.py
[2023-03-28 22:57:41,132] {scheduler_job.py:629} INFO - Processing file /home/airflow/.local/lib/python3.6/site-packages/airflow/example_dags/example_bash_operator.py for tasks to queue
[2023-03-28 22:57:41,136] {logging_mixin.py:104} INFO - [2023-03-28 22:57:41,136] {dagbag.py:448} INFO - Filling up the DagBag from /home/airflow/.local/lib/python3.6/site-packages/airflow/example_dags/example_bash_operator.py
[2023-03-28 22:57:41,293] {scheduler_job.py:639} INFO - DAG(s) dict_keys(['example_bash_operator']) retrieved from /home/airflow/.local/lib/python3.6/site-packages/airflow/example_dags/example_bash_operator.py
[2023-03-28 22:57:41,753] {logging_mixin.py:104} INFO - [2023-03-28 22:57:41,753] {dag.py:1818} INFO - Sync 1 DAGs
[2023-03-28 22:57:42,427] {logging_mixin.py:104} INFO - [2023-03-28 22:57:42,425] {dag.py:2273} INFO - Setting next_dagrun for example_bash_operator to 2023-03-26 00:00:00+00:00
[2023-03-28 22:57:42,560] {scheduler_job.py:190} INFO - Processing /home/airflow/.local/lib/python3.6/site-packages/airflow/example_dags/example_bash_operator.py took 1.464 seconds
[2023-03-28 22:58:13,163] {scheduler_job.py:182} INFO - Started process (PID=117) to work on /home/airflow/.local/lib/python3.6/site-packages/airflow/example_dags/example_bash_operator.py
[2023-03-28 22:58:13,175] {scheduler_job.py:629} INFO - Processing file /home/airflow/.local/lib/python3.6/site-packages/airflow/example_dags/example_bash_operator.py for tasks to queue
[2023-03-28 22:58:13,184] {logging_mixin.py:104} INFO - [2023-03-28 22:58:13,183] {dagbag.py:448} INFO - Filling up the DagBag from /home/airflow/.local/lib/python3.6/site-packages/airflow/example_dags/example_bash_operator.py
[2023-03-28 22:58:13,293] {scheduler_job.py:639} INFO - DAG(s) dict_keys(['example_bash_operator']) retrieved from /home/airflow/.local/lib/python3.6/site-packages/airflow/example_dags/example_bash_operator.py
[2023-03-28 22:58:13,388] {logging_mixin.py:104} INFO - [2023-03-28 22:58:13,387] {dag.py:1818} INFO - Sync 1 DAGs
[2023-03-28 22:58:13,518] {logging_mixin.py:104} INFO - [2023-03-28 22:58:13,517] {dag.py:2273} INFO - Setting next_dagrun for example_bash_operator to 2023-03-26 00:00:00+00:00
[2023-03-28 22:58:13,571] {scheduler_job.py:190} INFO - Processing /home/airflow/.local/lib/python3.6/site-packages/airflow/example_dags/example_bash_operator.py took 0.420 seconds
[2023-03-28 22:58:43,777] {scheduler_job.py:182} INFO - Started process (PID=171) to work on /home/airflow/.local/lib/python3.6/site-packages/airflow/example_dags/example_bash_operator.py
[2023-03-28 22:58:43,785] {scheduler_job.py:629} INFO - Processing file /home/airflow/.local/lib/python3.6/site-packages/airflow/example_dags/example_bash_operator.py for tasks to queue
[2023-03-28 22:58:43,789] {logging_mixin.py:104} INFO - [2023-03-28 22:58:43,788] {dagbag.py:448} INFO - Filling up the DagBag from /home/airflow/.local/lib/python3.6/site-packages/airflow/example_dags/example_bash_operator.py
[2023-03-28 22:58:43,856] {scheduler_job.py:639} INFO - DAG(s) dict_keys(['example_bash_operator']) retrieved from /home/airflow/.local/lib/python3.6/site-packages/airflow/example_dags/example_bash_operator.py
[2023-03-28 22:58:43,919] {logging_mixin.py:104} INFO - [2023-03-28 22:58:43,919] {dag.py:1818} INFO - Sync 1 DAGs
[2023-03-28 22:58:44,118] {logging_mixin.py:104} INFO - [2023-03-28 22:58:44,118] {dag.py:2273} INFO - Setting next_dagrun for example_bash_operator to 2023-03-26 00:00:00+00:00
[2023-03-28 22:58:44,181] {scheduler_job.py:190} INFO - Processing /home/airflow/.local/lib/python3.6/site-packages/airflow/example_dags/example_bash_operator.py took 0.418 seconds
[2023-03-28 22:59:14,401] {scheduler_job.py:182} INFO - Started process (PID=225) to work on /home/airflow/.local/lib/python3.6/site-packages/airflow/example_dags/example_bash_operator.py
[2023-03-28 22:59:14,405] {scheduler_job.py:629} INFO - Processing file /home/airflow/.local/lib/python3.6/site-packages/airflow/example_dags/example_bash_operator.py for tasks to queue
[2023-03-28 22:59:14,407] {logging_mixin.py:104} INFO - [2023-03-28 22:59:14,407] {dagbag.py:448} INFO - Filling up the DagBag from /home/airflow/.local/lib/python3.6/site-packages/airflow/example_dags/example_bash_operator.py
[2023-03-28 22:59:14,453] {scheduler_job.py:639} INFO - DAG(s) dict_keys(['example_bash_operator']) retrieved from /home/airflow/.local/lib/python3.6/site-packages/airflow/example_dags/example_bash_operator.py
[2023-03-28 22:59:14,524] {logging_mixin.py:104} INFO - [2023-03-28 22:59:14,524] {dag.py:1818} INFO - Sync 1 DAGs
[2023-03-28 22:59:14,648] {logging_mixin.py:104} INFO - [2023-03-28 22:59:14,647] {dag.py:2273} INFO - Setting next_dagrun for example_bash_operator to 2023-03-26 00:00:00+00:00
[2023-03-28 22:59:14,679] {scheduler_job.py:190} INFO - Processing /home/airflow/.local/lib/python3.6/site-packages/airflow/example_dags/example_bash_operator.py took 0.287 seconds
[2023-03-28 22:59:44,905] {scheduler_job.py:182} INFO - Started process (PID=279) to work on /home/airflow/.local/lib/python3.6/site-packages/airflow/example_dags/example_bash_operator.py
[2023-03-28 22:59:44,909] {scheduler_job.py:629} INFO - Processing file /home/airflow/.local/lib/python3.6/site-packages/airflow/example_dags/example_bash_operator.py for tasks to queue
[2023-03-28 22:59:44,911] {logging_mixin.py:104} INFO - [2023-03-28 22:59:44,911] {dagbag.py:448} INFO - Filling up the DagBag from /home/airflow/.local/lib/python3.6/site-packages/airflow/example_dags/example_bash_operator.py
[2023-03-28 22:59:44,953] {scheduler_job.py:639} INFO - DAG(s) dict_keys(['example_bash_operator']) retrieved from /home/airflow/.local/lib/python3.6/site-packages/airflow/example_dags/example_bash_operator.py
[2023-03-28 22:59:45,005] {logging_mixin.py:104} INFO - [2023-03-28 22:59:45,004] {dag.py:1818} INFO - Sync 1 DAGs
[2023-03-28 22:59:45,080] {logging_mixin.py:104} INFO - [2023-03-28 22:59:45,079] {dag.py:2273} INFO - Setting next_dagrun for example_bash_operator to 2023-03-26 00:00:00+00:00
[2023-03-28 22:59:45,101] {scheduler_job.py:190} INFO - Processing /home/airflow/.local/lib/python3.6/site-packages/airflow/example_dags/example_bash_operator.py took 0.206 seconds
[2023-03-28 23:00:15,521] {scheduler_job.py:182} INFO - Started process (PID=333) to work on /home/airflow/.local/lib/python3.6/site-packages/airflow/example_dags/example_bash_operator.py
[2023-03-28 23:00:15,528] {scheduler_job.py:629} INFO - Processing file /home/airflow/.local/lib/python3.6/site-packages/airflow/example_dags/example_bash_operator.py for tasks to queue
[2023-03-28 23:00:15,531] {logging_mixin.py:104} INFO - [2023-03-28 23:00:15,530] {dagbag.py:448} INFO - Filling up the DagBag from /home/airflow/.local/lib/python3.6/site-packages/airflow/example_dags/example_bash_operator.py
[2023-03-28 23:00:15,576] {scheduler_job.py:639} INFO - DAG(s) dict_keys(['example_bash_operator']) retrieved from /home/airflow/.local/lib/python3.6/site-packages/airflow/example_dags/example_bash_operator.py
[2023-03-28 23:00:15,632] {logging_mixin.py:104} INFO - [2023-03-28 23:00:15,632] {dag.py:1818} INFO - Sync 1 DAGs
[2023-03-28 23:00:15,711] {logging_mixin.py:104} INFO - [2023-03-28 23:00:15,710] {dag.py:2273} INFO - Setting next_dagrun for example_bash_operator to 2023-03-26 00:00:00+00:00
[2023-03-28 23:00:15,732] {scheduler_job.py:190} INFO - Processing /home/airflow/.local/lib/python3.6/site-packages/airflow/example_dags/example_bash_operator.py took 0.222 seconds
[2023-03-28 23:00:46,212] {scheduler_job.py:182} INFO - Started process (PID=387) to work on /home/airflow/.local/lib/python3.6/site-packages/airflow/example_dags/example_bash_operator.py
[2023-03-28 23:00:46,217] {scheduler_job.py:629} INFO - Processing file /home/airflow/.local/lib/python3.6/site-packages/airflow/example_dags/example_bash_operator.py for tasks to queue
[2023-03-28 23:00:46,220] {logging_mixin.py:104} INFO - [2023-03-28 23:00:46,219] {dagbag.py:448} INFO - Filling up the DagBag from /home/airflow/.local/lib/python3.6/site-packages/airflow/example_dags/example_bash_operator.py
[2023-03-28 23:00:46,263] {scheduler_job.py:639} INFO - DAG(s) dict_keys(['example_bash_operator']) retrieved from /home/airflow/.local/lib/python3.6/site-packages/airflow/example_dags/example_bash_operator.py
[2023-03-28 23:00:46,315] {logging_mixin.py:104} INFO - [2023-03-28 23:00:46,314] {dag.py:1818} INFO - Sync 1 DAGs
[2023-03-28 23:00:46,396] {logging_mixin.py:104} INFO - [2023-03-28 23:00:46,395] {dag.py:2273} INFO - Setting next_dagrun for example_bash_operator to 2023-03-26 00:00:00+00:00
[2023-03-28 23:00:46,422] {scheduler_job.py:190} INFO - Processing /home/airflow/.local/lib/python3.6/site-packages/airflow/example_dags/example_bash_operator.py took 0.222 seconds
[2023-03-28 23:01:16,580] {scheduler_job.py:182} INFO - Started process (PID=441) to work on /home/airflow/.local/lib/python3.6/site-packages/airflow/example_dags/example_bash_operator.py
[2023-03-28 23:01:16,584] {scheduler_job.py:629} INFO - Processing file /home/airflow/.local/lib/python3.6/site-packages/airflow/example_dags/example_bash_operator.py for tasks to queue
[2023-03-28 23:01:16,587] {logging_mixin.py:104} INFO - [2023-03-28 23:01:16,586] {dagbag.py:448} INFO - Filling up the DagBag from /home/airflow/.local/lib/python3.6/site-packages/airflow/example_dags/example_bash_operator.py
[2023-03-28 23:01:16,636] {scheduler_job.py:639} INFO - DAG(s) dict_keys(['example_bash_operator']) retrieved from /home/airflow/.local/lib/python3.6/site-packages/airflow/example_dags/example_bash_operator.py
[2023-03-28 23:01:16,710] {logging_mixin.py:104} INFO - [2023-03-28 23:01:16,710] {dag.py:1818} INFO - Sync 1 DAGs
[2023-03-28 23:01:16,811] {logging_mixin.py:104} INFO - [2023-03-28 23:01:16,810] {dag.py:2273} INFO - Setting next_dagrun for example_bash_operator to 2023-03-26 00:00:00+00:00
[2023-03-28 23:01:16,839] {scheduler_job.py:190} INFO - Processing /home/airflow/.local/lib/python3.6/site-packages/airflow/example_dags/example_bash_operator.py took 0.270 seconds
[2023-03-28 23:01:47,006] {scheduler_job.py:182} INFO - Started process (PID=495) to work on /home/airflow/.local/lib/python3.6/site-packages/airflow/example_dags/example_bash_operator.py
[2023-03-28 23:01:47,012] {scheduler_job.py:629} INFO - Processing file /home/airflow/.local/lib/python3.6/site-packages/airflow/example_dags/example_bash_operator.py for tasks to queue
[2023-03-28 23:01:47,015] {logging_mixin.py:104} INFO - [2023-03-28 23:01:47,015] {dagbag.py:448} INFO - Filling up the DagBag from /home/airflow/.local/lib/python3.6/site-packages/airflow/example_dags/example_bash_operator.py
[2023-03-28 23:01:47,057] {scheduler_job.py:639} INFO - DAG(s) dict_keys(['example_bash_operator']) retrieved from /home/airflow/.local/lib/python3.6/site-packages/airflow/example_dags/example_bash_operator.py
[2023-03-28 23:01:47,128] {logging_mixin.py:104} INFO - [2023-03-28 23:01:47,127] {dag.py:1818} INFO - Sync 1 DAGs
[2023-03-28 23:01:47,225] {logging_mixin.py:104} INFO - [2023-03-28 23:01:47,224] {dag.py:2273} INFO - Setting next_dagrun for example_bash_operator to 2023-03-26 00:00:00+00:00
[2023-03-28 23:01:47,247] {scheduler_job.py:190} INFO - Processing /home/airflow/.local/lib/python3.6/site-packages/airflow/example_dags/example_bash_operator.py took 0.250 seconds
[2023-03-28 23:02:17,444] {scheduler_job.py:182} INFO - Started process (PID=549) to work on /home/airflow/.local/lib/python3.6/site-packages/airflow/example_dags/example_bash_operator.py
[2023-03-28 23:02:17,450] {scheduler_job.py:629} INFO - Processing file /home/airflow/.local/lib/python3.6/site-packages/airflow/example_dags/example_bash_operator.py for tasks to queue
[2023-03-28 23:02:17,459] {logging_mixin.py:104} INFO - [2023-03-28 23:02:17,457] {dagbag.py:448} INFO - Filling up the DagBag from /home/airflow/.local/lib/python3.6/site-packages/airflow/example_dags/example_bash_operator.py
[2023-03-28 23:02:17,526] {scheduler_job.py:639} INFO - DAG(s) dict_keys(['example_bash_operator']) retrieved from /home/airflow/.local/lib/python3.6/site-packages/airflow/example_dags/example_bash_operator.py
[2023-03-28 23:02:17,606] {logging_mixin.py:104} INFO - [2023-03-28 23:02:17,605] {dag.py:1818} INFO - Sync 1 DAGs
[2023-03-28 23:02:17,726] {logging_mixin.py:104} INFO - [2023-03-28 23:02:17,725] {dag.py:2273} INFO - Setting next_dagrun for example_bash_operator to 2023-03-26 00:00:00+00:00
[2023-03-28 23:02:17,783] {scheduler_job.py:190} INFO - Processing /home/airflow/.local/lib/python3.6/site-packages/airflow/example_dags/example_bash_operator.py took 0.349 seconds
[2023-03-28 23:02:48,065] {scheduler_job.py:182} INFO - Started process (PID=603) to work on /home/airflow/.local/lib/python3.6/site-packages/airflow/example_dags/example_bash_operator.py
[2023-03-28 23:02:48,070] {scheduler_job.py:629} INFO - Processing file /home/airflow/.local/lib/python3.6/site-packages/airflow/example_dags/example_bash_operator.py for tasks to queue
[2023-03-28 23:02:48,072] {logging_mixin.py:104} INFO - [2023-03-28 23:02:48,071] {dagbag.py:448} INFO - Filling up the DagBag from /home/airflow/.local/lib/python3.6/site-packages/airflow/example_dags/example_bash_operator.py
[2023-03-28 23:02:48,114] {scheduler_job.py:639} INFO - DAG(s) dict_keys(['example_bash_operator']) retrieved from /home/airflow/.local/lib/python3.6/site-packages/airflow/example_dags/example_bash_operator.py
[2023-03-28 23:02:48,169] {logging_mixin.py:104} INFO - [2023-03-28 23:02:48,168] {dag.py:1818} INFO - Sync 1 DAGs
[2023-03-28 23:02:48,262] {logging_mixin.py:104} INFO - [2023-03-28 23:02:48,261] {dag.py:2273} INFO - Setting next_dagrun for example_bash_operator to 2023-03-26 00:00:00+00:00
[2023-03-28 23:02:48,287] {scheduler_job.py:190} INFO - Processing /home/airflow/.local/lib/python3.6/site-packages/airflow/example_dags/example_bash_operator.py took 0.229 seconds
[2023-03-28 23:03:19,014] {scheduler_job.py:182} INFO - Started process (PID=657) to work on /home/airflow/.local/lib/python3.6/site-packages/airflow/example_dags/example_bash_operator.py
[2023-03-28 23:03:19,021] {scheduler_job.py:629} INFO - Processing file /home/airflow/.local/lib/python3.6/site-packages/airflow/example_dags/example_bash_operator.py for tasks to queue
[2023-03-28 23:03:19,023] {logging_mixin.py:104} INFO - [2023-03-28 23:03:19,023] {dagbag.py:448} INFO - Filling up the DagBag from /home/airflow/.local/lib/python3.6/site-packages/airflow/example_dags/example_bash_operator.py
[2023-03-28 23:03:19,064] {scheduler_job.py:639} INFO - DAG(s) dict_keys(['example_bash_operator']) retrieved from /home/airflow/.local/lib/python3.6/site-packages/airflow/example_dags/example_bash_operator.py
[2023-03-28 23:03:19,117] {logging_mixin.py:104} INFO - [2023-03-28 23:03:19,117] {dag.py:1818} INFO - Sync 1 DAGs
[2023-03-28 23:03:19,199] {logging_mixin.py:104} INFO - [2023-03-28 23:03:19,198] {dag.py:2273} INFO - Setting next_dagrun for example_bash_operator to 2023-03-26 00:00:00+00:00
[2023-03-28 23:03:19,221] {scheduler_job.py:190} INFO - Processing /home/airflow/.local/lib/python3.6/site-packages/airflow/example_dags/example_bash_operator.py took 0.215 seconds
[2023-03-28 23:03:49,649] {scheduler_job.py:182} INFO - Started process (PID=711) to work on /home/airflow/.local/lib/python3.6/site-packages/airflow/example_dags/example_bash_operator.py
[2023-03-28 23:03:49,653] {scheduler_job.py:629} INFO - Processing file /home/airflow/.local/lib/python3.6/site-packages/airflow/example_dags/example_bash_operator.py for tasks to queue
[2023-03-28 23:03:49,655] {logging_mixin.py:104} INFO - [2023-03-28 23:03:49,655] {dagbag.py:448} INFO - Filling up the DagBag from /home/airflow/.local/lib/python3.6/site-packages/airflow/example_dags/example_bash_operator.py
[2023-03-28 23:03:49,701] {scheduler_job.py:639} INFO - DAG(s) dict_keys(['example_bash_operator']) retrieved from /home/airflow/.local/lib/python3.6/site-packages/airflow/example_dags/example_bash_operator.py
[2023-03-28 23:03:49,760] {logging_mixin.py:104} INFO - [2023-03-28 23:03:49,759] {dag.py:1818} INFO - Sync 1 DAGs
[2023-03-28 23:03:49,838] {logging_mixin.py:104} INFO - [2023-03-28 23:03:49,837] {dag.py:2273} INFO - Setting next_dagrun for example_bash_operator to 2023-03-26 00:00:00+00:00
[2023-03-28 23:03:49,867] {scheduler_job.py:190} INFO - Processing /home/airflow/.local/lib/python3.6/site-packages/airflow/example_dags/example_bash_operator.py took 0.226 seconds
[2023-03-28 23:04:20,358] {scheduler_job.py:182} INFO - Started process (PID=765) to work on /home/airflow/.local/lib/python3.6/site-packages/airflow/example_dags/example_bash_operator.py
[2023-03-28 23:04:20,363] {scheduler_job.py:629} INFO - Processing file /home/airflow/.local/lib/python3.6/site-packages/airflow/example_dags/example_bash_operator.py for tasks to queue
[2023-03-28 23:04:20,368] {logging_mixin.py:104} INFO - [2023-03-28 23:04:20,367] {dagbag.py:448} INFO - Filling up the DagBag from /home/airflow/.local/lib/python3.6/site-packages/airflow/example_dags/example_bash_operator.py
[2023-03-28 23:04:20,417] {scheduler_job.py:639} INFO - DAG(s) dict_keys(['example_bash_operator']) retrieved from /home/airflow/.local/lib/python3.6/site-packages/airflow/example_dags/example_bash_operator.py
[2023-03-28 23:04:20,475] {logging_mixin.py:104} INFO - [2023-03-28 23:04:20,475] {dag.py:1818} INFO - Sync 1 DAGs
[2023-03-28 23:04:20,565] {logging_mixin.py:104} INFO - [2023-03-28 23:04:20,564] {dag.py:2273} INFO - Setting next_dagrun for example_bash_operator to 2023-03-26 00:00:00+00:00
[2023-03-28 23:04:20,592] {scheduler_job.py:190} INFO - Processing /home/airflow/.local/lib/python3.6/site-packages/airflow/example_dags/example_bash_operator.py took 0.245 seconds
[2023-03-28 23:04:50,952] {scheduler_job.py:182} INFO - Started process (PID=819) to work on /home/airflow/.local/lib/python3.6/site-packages/airflow/example_dags/example_bash_operator.py
[2023-03-28 23:04:50,959] {scheduler_job.py:629} INFO - Processing file /home/airflow/.local/lib/python3.6/site-packages/airflow/example_dags/example_bash_operator.py for tasks to queue
[2023-03-28 23:04:50,962] {logging_mixin.py:104} INFO - [2023-03-28 23:04:50,961] {dagbag.py:448} INFO - Filling up the DagBag from /home/airflow/.local/lib/python3.6/site-packages/airflow/example_dags/example_bash_operator.py
[2023-03-28 23:04:51,002] {scheduler_job.py:639} INFO - DAG(s) dict_keys(['example_bash_operator']) retrieved from /home/airflow/.local/lib/python3.6/site-packages/airflow/example_dags/example_bash_operator.py
[2023-03-28 23:04:51,053] {logging_mixin.py:104} INFO - [2023-03-28 23:04:51,052] {dag.py:1818} INFO - Sync 1 DAGs
[2023-03-28 23:04:51,130] {logging_mixin.py:104} INFO - [2023-03-28 23:04:51,129] {dag.py:2273} INFO - Setting next_dagrun for example_bash_operator to 2023-03-26 00:00:00+00:00
[2023-03-28 23:04:51,152] {scheduler_job.py:190} INFO - Processing /home/airflow/.local/lib/python3.6/site-packages/airflow/example_dags/example_bash_operator.py took 0.210 seconds
[2023-03-28 23:05:21,849] {scheduler_job.py:182} INFO - Started process (PID=873) to work on /home/airflow/.local/lib/python3.6/site-packages/airflow/example_dags/example_bash_operator.py
[2023-03-28 23:05:21,854] {scheduler_job.py:629} INFO - Processing file /home/airflow/.local/lib/python3.6/site-packages/airflow/example_dags/example_bash_operator.py for tasks to queue
[2023-03-28 23:05:21,857] {logging_mixin.py:104} INFO - [2023-03-28 23:05:21,857] {dagbag.py:448} INFO - Filling up the DagBag from /home/airflow/.local/lib/python3.6/site-packages/airflow/example_dags/example_bash_operator.py
[2023-03-28 23:05:21,909] {scheduler_job.py:639} INFO - DAG(s) dict_keys(['example_bash_operator']) retrieved from /home/airflow/.local/lib/python3.6/site-packages/airflow/example_dags/example_bash_operator.py
[2023-03-28 23:05:21,979] {logging_mixin.py:104} INFO - [2023-03-28 23:05:21,979] {dag.py:1818} INFO - Sync 1 DAGs
[2023-03-28 23:05:22,119] {logging_mixin.py:104} INFO - [2023-03-28 23:05:22,118] {dag.py:2273} INFO - Setting next_dagrun for example_bash_operator to 2023-03-26 00:00:00+00:00
[2023-03-28 23:05:22,145] {scheduler_job.py:190} INFO - Processing /home/airflow/.local/lib/python3.6/site-packages/airflow/example_dags/example_bash_operator.py took 0.304 seconds
[2023-03-28 23:05:52,460] {scheduler_job.py:182} INFO - Started process (PID=927) to work on /home/airflow/.local/lib/python3.6/site-packages/airflow/example_dags/example_bash_operator.py
[2023-03-28 23:05:52,469] {scheduler_job.py:629} INFO - Processing file /home/airflow/.local/lib/python3.6/site-packages/airflow/example_dags/example_bash_operator.py for tasks to queue
[2023-03-28 23:05:52,474] {logging_mixin.py:104} INFO - [2023-03-28 23:05:52,473] {dagbag.py:448} INFO - Filling up the DagBag from /home/airflow/.local/lib/python3.6/site-packages/airflow/example_dags/example_bash_operator.py
[2023-03-28 23:05:52,530] {scheduler_job.py:639} INFO - DAG(s) dict_keys(['example_bash_operator']) retrieved from /home/airflow/.local/lib/python3.6/site-packages/airflow/example_dags/example_bash_operator.py
[2023-03-28 23:05:52,591] {logging_mixin.py:104} INFO - [2023-03-28 23:05:52,591] {dag.py:1818} INFO - Sync 1 DAGs
[2023-03-28 23:05:52,680] {logging_mixin.py:104} INFO - [2023-03-28 23:05:52,679] {dag.py:2273} INFO - Setting next_dagrun for example_bash_operator to 2023-03-26 00:00:00+00:00
[2023-03-28 23:05:52,711] {scheduler_job.py:190} INFO - Processing /home/airflow/.local/lib/python3.6/site-packages/airflow/example_dags/example_bash_operator.py took 0.260 seconds
[2023-03-28 23:06:23,042] {scheduler_job.py:182} INFO - Started process (PID=981) to work on /home/airflow/.local/lib/python3.6/site-packages/airflow/example_dags/example_bash_operator.py
[2023-03-28 23:06:23,049] {scheduler_job.py:629} INFO - Processing file /home/airflow/.local/lib/python3.6/site-packages/airflow/example_dags/example_bash_operator.py for tasks to queue
[2023-03-28 23:06:23,053] {logging_mixin.py:104} INFO - [2023-03-28 23:06:23,053] {dagbag.py:448} INFO - Filling up the DagBag from /home/airflow/.local/lib/python3.6/site-packages/airflow/example_dags/example_bash_operator.py
[2023-03-28 23:06:23,100] {scheduler_job.py:639} INFO - DAG(s) dict_keys(['example_bash_operator']) retrieved from /home/airflow/.local/lib/python3.6/site-packages/airflow/example_dags/example_bash_operator.py
[2023-03-28 23:06:23,158] {logging_mixin.py:104} INFO - [2023-03-28 23:06:23,158] {dag.py:1818} INFO - Sync 1 DAGs
[2023-03-28 23:06:23,261] {logging_mixin.py:104} INFO - [2023-03-28 23:06:23,260] {dag.py:2273} INFO - Setting next_dagrun for example_bash_operator to 2023-03-26 00:00:00+00:00
[2023-03-28 23:06:23,307] {scheduler_job.py:190} INFO - Processing /home/airflow/.local/lib/python3.6/site-packages/airflow/example_dags/example_bash_operator.py took 0.275 seconds
[2023-03-28 23:06:53,390] {scheduler_job.py:182} INFO - Started process (PID=1035) to work on /home/airflow/.local/lib/python3.6/site-packages/airflow/example_dags/example_bash_operator.py
[2023-03-28 23:06:53,394] {scheduler_job.py:629} INFO - Processing file /home/airflow/.local/lib/python3.6/site-packages/airflow/example_dags/example_bash_operator.py for tasks to queue
[2023-03-28 23:06:53,397] {logging_mixin.py:104} INFO - [2023-03-28 23:06:53,396] {dagbag.py:448} INFO - Filling up the DagBag from /home/airflow/.local/lib/python3.6/site-packages/airflow/example_dags/example_bash_operator.py
[2023-03-28 23:06:53,435] {scheduler_job.py:639} INFO - DAG(s) dict_keys(['example_bash_operator']) retrieved from /home/airflow/.local/lib/python3.6/site-packages/airflow/example_dags/example_bash_operator.py
[2023-03-28 23:06:53,487] {logging_mixin.py:104} INFO - [2023-03-28 23:06:53,486] {dag.py:1818} INFO - Sync 1 DAGs
[2023-03-28 23:06:53,561] {logging_mixin.py:104} INFO - [2023-03-28 23:06:53,561] {dag.py:2273} INFO - Setting next_dagrun for example_bash_operator to 2023-03-26 00:00:00+00:00
[2023-03-28 23:06:53,586] {scheduler_job.py:190} INFO - Processing /home/airflow/.local/lib/python3.6/site-packages/airflow/example_dags/example_bash_operator.py took 0.203 seconds
[2023-03-28 23:07:24,527] {scheduler_job.py:182} INFO - Started process (PID=1089) to work on /home/airflow/.local/lib/python3.6/site-packages/airflow/example_dags/example_bash_operator.py
[2023-03-28 23:07:24,531] {scheduler_job.py:629} INFO - Processing file /home/airflow/.local/lib/python3.6/site-packages/airflow/example_dags/example_bash_operator.py for tasks to queue
[2023-03-28 23:07:24,534] {logging_mixin.py:104} INFO - [2023-03-28 23:07:24,533] {dagbag.py:448} INFO - Filling up the DagBag from /home/airflow/.local/lib/python3.6/site-packages/airflow/example_dags/example_bash_operator.py
[2023-03-28 23:07:24,582] {scheduler_job.py:639} INFO - DAG(s) dict_keys(['example_bash_operator']) retrieved from /home/airflow/.local/lib/python3.6/site-packages/airflow/example_dags/example_bash_operator.py
[2023-03-28 23:07:24,644] {logging_mixin.py:104} INFO - [2023-03-28 23:07:24,644] {dag.py:1818} INFO - Sync 1 DAGs
[2023-03-28 23:07:24,724] {logging_mixin.py:104} INFO - [2023-03-28 23:07:24,723] {dag.py:2273} INFO - Setting next_dagrun for example_bash_operator to 2023-03-26 00:00:00+00:00
[2023-03-28 23:07:24,752] {scheduler_job.py:190} INFO - Processing /home/airflow/.local/lib/python3.6/site-packages/airflow/example_dags/example_bash_operator.py took 0.235 seconds
[2023-03-28 23:07:54,831] {scheduler_job.py:182} INFO - Started process (PID=1143) to work on /home/airflow/.local/lib/python3.6/site-packages/airflow/example_dags/example_bash_operator.py
[2023-03-28 23:07:54,835] {scheduler_job.py:629} INFO - Processing file /home/airflow/.local/lib/python3.6/site-packages/airflow/example_dags/example_bash_operator.py for tasks to queue
[2023-03-28 23:07:54,838] {logging_mixin.py:104} INFO - [2023-03-28 23:07:54,837] {dagbag.py:448} INFO - Filling up the DagBag from /home/airflow/.local/lib/python3.6/site-packages/airflow/example_dags/example_bash_operator.py
[2023-03-28 23:07:54,879] {scheduler_job.py:639} INFO - DAG(s) dict_keys(['example_bash_operator']) retrieved from /home/airflow/.local/lib/python3.6/site-packages/airflow/example_dags/example_bash_operator.py
[2023-03-28 23:07:54,933] {logging_mixin.py:104} INFO - [2023-03-28 23:07:54,932] {dag.py:1818} INFO - Sync 1 DAGs
[2023-03-28 23:07:55,013] {logging_mixin.py:104} INFO - [2023-03-28 23:07:55,013] {dag.py:2273} INFO - Setting next_dagrun for example_bash_operator to 2023-03-26 00:00:00+00:00
[2023-03-28 23:07:55,036] {scheduler_job.py:190} INFO - Processing /home/airflow/.local/lib/python3.6/site-packages/airflow/example_dags/example_bash_operator.py took 0.214 seconds
[2023-03-28 23:08:25,457] {scheduler_job.py:182} INFO - Started process (PID=1197) to work on /home/airflow/.local/lib/python3.6/site-packages/airflow/example_dags/example_bash_operator.py
[2023-03-28 23:08:25,462] {scheduler_job.py:629} INFO - Processing file /home/airflow/.local/lib/python3.6/site-packages/airflow/example_dags/example_bash_operator.py for tasks to queue
[2023-03-28 23:08:25,466] {logging_mixin.py:104} INFO - [2023-03-28 23:08:25,465] {dagbag.py:448} INFO - Filling up the DagBag from /home/airflow/.local/lib/python3.6/site-packages/airflow/example_dags/example_bash_operator.py
[2023-03-28 23:08:25,512] {scheduler_job.py:639} INFO - DAG(s) dict_keys(['example_bash_operator']) retrieved from /home/airflow/.local/lib/python3.6/site-packages/airflow/example_dags/example_bash_operator.py
[2023-03-28 23:08:25,564] {logging_mixin.py:104} INFO - [2023-03-28 23:08:25,563] {dag.py:1818} INFO - Sync 1 DAGs
[2023-03-28 23:08:25,650] {logging_mixin.py:104} INFO - [2023-03-28 23:08:25,649] {dag.py:2273} INFO - Setting next_dagrun for example_bash_operator to 2023-03-26 00:00:00+00:00
[2023-03-28 23:08:25,671] {scheduler_job.py:190} INFO - Processing /home/airflow/.local/lib/python3.6/site-packages/airflow/example_dags/example_bash_operator.py took 0.223 seconds
[2023-03-28 23:08:56,108] {scheduler_job.py:182} INFO - Started process (PID=1251) to work on /home/airflow/.local/lib/python3.6/site-packages/airflow/example_dags/example_bash_operator.py
[2023-03-28 23:08:56,111] {scheduler_job.py:629} INFO - Processing file /home/airflow/.local/lib/python3.6/site-packages/airflow/example_dags/example_bash_operator.py for tasks to queue
[2023-03-28 23:08:56,114] {logging_mixin.py:104} INFO - [2023-03-28 23:08:56,113] {dagbag.py:448} INFO - Filling up the DagBag from /home/airflow/.local/lib/python3.6/site-packages/airflow/example_dags/example_bash_operator.py
[2023-03-28 23:08:56,164] {scheduler_job.py:639} INFO - DAG(s) dict_keys(['example_bash_operator']) retrieved from /home/airflow/.local/lib/python3.6/site-packages/airflow/example_dags/example_bash_operator.py
[2023-03-28 23:08:56,220] {logging_mixin.py:104} INFO - [2023-03-28 23:08:56,219] {dag.py:1818} INFO - Sync 1 DAGs
[2023-03-28 23:08:56,317] {logging_mixin.py:104} INFO - [2023-03-28 23:08:56,316] {dag.py:2273} INFO - Setting next_dagrun for example_bash_operator to 2023-03-26 00:00:00+00:00
[2023-03-28 23:08:56,344] {scheduler_job.py:190} INFO - Processing /home/airflow/.local/lib/python3.6/site-packages/airflow/example_dags/example_bash_operator.py took 0.244 seconds
[2023-03-28 23:09:27,193] {scheduler_job.py:182} INFO - Started process (PID=1305) to work on /home/airflow/.local/lib/python3.6/site-packages/airflow/example_dags/example_bash_operator.py
[2023-03-28 23:09:27,203] {scheduler_job.py:629} INFO - Processing file /home/airflow/.local/lib/python3.6/site-packages/airflow/example_dags/example_bash_operator.py for tasks to queue
[2023-03-28 23:09:27,207] {logging_mixin.py:104} INFO - [2023-03-28 23:09:27,207] {dagbag.py:448} INFO - Filling up the DagBag from /home/airflow/.local/lib/python3.6/site-packages/airflow/example_dags/example_bash_operator.py
[2023-03-28 23:09:27,301] {scheduler_job.py:639} INFO - DAG(s) dict_keys(['example_bash_operator']) retrieved from /home/airflow/.local/lib/python3.6/site-packages/airflow/example_dags/example_bash_operator.py
[2023-03-28 23:09:27,408] {logging_mixin.py:104} INFO - [2023-03-28 23:09:27,407] {dag.py:1818} INFO - Sync 1 DAGs
[2023-03-28 23:09:27,537] {logging_mixin.py:104} INFO - [2023-03-28 23:09:27,536] {dag.py:2273} INFO - Setting next_dagrun for example_bash_operator to 2023-03-26 00:00:00+00:00
[2023-03-28 23:09:27,564] {scheduler_job.py:190} INFO - Processing /home/airflow/.local/lib/python3.6/site-packages/airflow/example_dags/example_bash_operator.py took 0.392 seconds
[2023-03-28 23:09:58,493] {scheduler_job.py:182} INFO - Started process (PID=1359) to work on /home/airflow/.local/lib/python3.6/site-packages/airflow/example_dags/example_bash_operator.py
[2023-03-28 23:09:58,507] {scheduler_job.py:629} INFO - Processing file /home/airflow/.local/lib/python3.6/site-packages/airflow/example_dags/example_bash_operator.py for tasks to queue
[2023-03-28 23:09:58,523] {logging_mixin.py:104} INFO - [2023-03-28 23:09:58,520] {dagbag.py:448} INFO - Filling up the DagBag from /home/airflow/.local/lib/python3.6/site-packages/airflow/example_dags/example_bash_operator.py
[2023-03-28 23:09:58,666] {scheduler_job.py:639} INFO - DAG(s) dict_keys(['example_bash_operator']) retrieved from /home/airflow/.local/lib/python3.6/site-packages/airflow/example_dags/example_bash_operator.py
[2023-03-28 23:09:58,748] {logging_mixin.py:104} INFO - [2023-03-28 23:09:58,747] {dag.py:1818} INFO - Sync 1 DAGs
[2023-03-28 23:09:58,866] {logging_mixin.py:104} INFO - [2023-03-28 23:09:58,865] {dag.py:2273} INFO - Setting next_dagrun for example_bash_operator to 2023-03-26 00:00:00+00:00
[2023-03-28 23:09:58,895] {scheduler_job.py:190} INFO - Processing /home/airflow/.local/lib/python3.6/site-packages/airflow/example_dags/example_bash_operator.py took 0.413 seconds
[2023-03-28 23:10:29,130] {scheduler_job.py:182} INFO - Started process (PID=1413) to work on /home/airflow/.local/lib/python3.6/site-packages/airflow/example_dags/example_bash_operator.py
[2023-03-28 23:10:29,135] {scheduler_job.py:629} INFO - Processing file /home/airflow/.local/lib/python3.6/site-packages/airflow/example_dags/example_bash_operator.py for tasks to queue
[2023-03-28 23:10:29,138] {logging_mixin.py:104} INFO - [2023-03-28 23:10:29,137] {dagbag.py:448} INFO - Filling up the DagBag from /home/airflow/.local/lib/python3.6/site-packages/airflow/example_dags/example_bash_operator.py
[2023-03-28 23:10:29,179] {scheduler_job.py:639} INFO - DAG(s) dict_keys(['example_bash_operator']) retrieved from /home/airflow/.local/lib/python3.6/site-packages/airflow/example_dags/example_bash_operator.py
[2023-03-28 23:10:29,235] {logging_mixin.py:104} INFO - [2023-03-28 23:10:29,235] {dag.py:1818} INFO - Sync 1 DAGs
[2023-03-28 23:10:29,313] {logging_mixin.py:104} INFO - [2023-03-28 23:10:29,313] {dag.py:2273} INFO - Setting next_dagrun for example_bash_operator to 2023-03-26 00:00:00+00:00
[2023-03-28 23:10:29,334] {scheduler_job.py:190} INFO - Processing /home/airflow/.local/lib/python3.6/site-packages/airflow/example_dags/example_bash_operator.py took 0.216 seconds
[2023-03-28 23:10:59,652] {scheduler_job.py:182} INFO - Started process (PID=1467) to work on /home/airflow/.local/lib/python3.6/site-packages/airflow/example_dags/example_bash_operator.py
[2023-03-28 23:10:59,658] {scheduler_job.py:629} INFO - Processing file /home/airflow/.local/lib/python3.6/site-packages/airflow/example_dags/example_bash_operator.py for tasks to queue
[2023-03-28 23:10:59,661] {logging_mixin.py:104} INFO - [2023-03-28 23:10:59,661] {dagbag.py:448} INFO - Filling up the DagBag from /home/airflow/.local/lib/python3.6/site-packages/airflow/example_dags/example_bash_operator.py
[2023-03-28 23:10:59,712] {scheduler_job.py:639} INFO - DAG(s) dict_keys(['example_bash_operator']) retrieved from /home/airflow/.local/lib/python3.6/site-packages/airflow/example_dags/example_bash_operator.py
[2023-03-28 23:10:59,774] {logging_mixin.py:104} INFO - [2023-03-28 23:10:59,774] {dag.py:1818} INFO - Sync 1 DAGs
[2023-03-28 23:10:59,859] {logging_mixin.py:104} INFO - [2023-03-28 23:10:59,858] {dag.py:2273} INFO - Setting next_dagrun for example_bash_operator to 2023-03-26 00:00:00+00:00
[2023-03-28 23:10:59,885] {scheduler_job.py:190} INFO - Processing /home/airflow/.local/lib/python3.6/site-packages/airflow/example_dags/example_bash_operator.py took 0.244 seconds
[2023-03-28 23:11:30,453] {scheduler_job.py:182} INFO - Started process (PID=1521) to work on /home/airflow/.local/lib/python3.6/site-packages/airflow/example_dags/example_bash_operator.py
[2023-03-28 23:11:30,457] {scheduler_job.py:629} INFO - Processing file /home/airflow/.local/lib/python3.6/site-packages/airflow/example_dags/example_bash_operator.py for tasks to queue
[2023-03-28 23:11:30,460] {logging_mixin.py:104} INFO - [2023-03-28 23:11:30,460] {dagbag.py:448} INFO - Filling up the DagBag from /home/airflow/.local/lib/python3.6/site-packages/airflow/example_dags/example_bash_operator.py
[2023-03-28 23:11:30,516] {scheduler_job.py:639} INFO - DAG(s) dict_keys(['example_bash_operator']) retrieved from /home/airflow/.local/lib/python3.6/site-packages/airflow/example_dags/example_bash_operator.py
[2023-03-28 23:11:30,596] {logging_mixin.py:104} INFO - [2023-03-28 23:11:30,596] {dag.py:1818} INFO - Sync 1 DAGs
[2023-03-28 23:11:30,696] {logging_mixin.py:104} INFO - [2023-03-28 23:11:30,696] {dag.py:2273} INFO - Setting next_dagrun for example_bash_operator to 2023-03-26 00:00:00+00:00
[2023-03-28 23:11:30,723] {scheduler_job.py:190} INFO - Processing /home/airflow/.local/lib/python3.6/site-packages/airflow/example_dags/example_bash_operator.py took 0.278 seconds
