[2023-03-28 22:52:28,502] {scheduler_job.py:182} INFO - Started process (PID=98) to work on /home/airflow/.local/lib/python3.6/site-packages/airflow/example_dags/example_external_task_marker_dag.py
[2023-03-28 22:52:28,512] {scheduler_job.py:629} INFO - Processing file /home/airflow/.local/lib/python3.6/site-packages/airflow/example_dags/example_external_task_marker_dag.py for tasks to queue
[2023-03-28 22:52:28,518] {logging_mixin.py:104} INFO - [2023-03-28 22:52:28,514] {dagbag.py:448} INFO - Filling up the DagBag from /home/airflow/.local/lib/python3.6/site-packages/airflow/example_dags/example_external_task_marker_dag.py
[2023-03-28 22:52:28,585] {scheduler_job.py:639} INFO - DAG(s) dict_keys(['example_external_task_marker_parent', 'example_external_task_marker_child']) retrieved from /home/airflow/.local/lib/python3.6/site-packages/airflow/example_dags/example_external_task_marker_dag.py
[2023-03-28 22:52:28,658] {logging_mixin.py:104} INFO - [2023-03-28 22:52:28,658] {dag.py:1818} INFO - Sync 2 DAGs
[2023-03-28 22:52:28,701] {logging_mixin.py:104} INFO - [2023-03-28 22:52:28,700] {dag.py:1837} INFO - Creating ORM DAG for example_external_task_marker_child
[2023-03-28 22:52:28,703] {logging_mixin.py:104} INFO - [2023-03-28 22:52:28,703] {dag.py:1837} INFO - Creating ORM DAG for example_external_task_marker_parent
[2023-03-28 22:52:28,718] {logging_mixin.py:104} INFO - [2023-03-28 22:52:28,718] {dag.py:2273} INFO - Setting next_dagrun for example_external_task_marker_child to None
[2023-03-28 22:52:28,721] {logging_mixin.py:104} INFO - [2023-03-28 22:52:28,721] {dag.py:2273} INFO - Setting next_dagrun for example_external_task_marker_parent to None
[2023-03-28 22:52:28,768] {scheduler_job.py:190} INFO - Processing /home/airflow/.local/lib/python3.6/site-packages/airflow/example_dags/example_external_task_marker_dag.py took 0.274 seconds
[2023-03-28 22:53:01,439] {scheduler_job.py:182} INFO - Started process (PID=148) to work on /home/airflow/.local/lib/python3.6/site-packages/airflow/example_dags/example_external_task_marker_dag.py
[2023-03-28 22:53:01,448] {scheduler_job.py:629} INFO - Processing file /home/airflow/.local/lib/python3.6/site-packages/airflow/example_dags/example_external_task_marker_dag.py for tasks to queue
[2023-03-28 22:53:01,455] {logging_mixin.py:104} INFO - [2023-03-28 22:53:01,454] {dagbag.py:448} INFO - Filling up the DagBag from /home/airflow/.local/lib/python3.6/site-packages/airflow/example_dags/example_external_task_marker_dag.py
[2023-03-28 22:53:01,544] {scheduler_job.py:639} INFO - DAG(s) dict_keys(['example_external_task_marker_parent', 'example_external_task_marker_child']) retrieved from /home/airflow/.local/lib/python3.6/site-packages/airflow/example_dags/example_external_task_marker_dag.py
[2023-03-28 22:53:01,730] {logging_mixin.py:104} INFO - [2023-03-28 22:53:01,729] {dag.py:1818} INFO - Sync 2 DAGs
[2023-03-28 22:53:01,991] {logging_mixin.py:104} INFO - [2023-03-28 22:53:01,986] {dag.py:2273} INFO - Setting next_dagrun for example_external_task_marker_child to None
[2023-03-28 22:53:01,995] {logging_mixin.py:104} INFO - [2023-03-28 22:53:01,995] {dag.py:2273} INFO - Setting next_dagrun for example_external_task_marker_parent to None
[2023-03-28 22:53:02,104] {scheduler_job.py:190} INFO - Processing /home/airflow/.local/lib/python3.6/site-packages/airflow/example_dags/example_external_task_marker_dag.py took 0.679 seconds
[2023-03-28 22:53:33,897] {scheduler_job.py:182} INFO - Started process (PID=202) to work on /home/airflow/.local/lib/python3.6/site-packages/airflow/example_dags/example_external_task_marker_dag.py
[2023-03-28 22:53:33,905] {scheduler_job.py:629} INFO - Processing file /home/airflow/.local/lib/python3.6/site-packages/airflow/example_dags/example_external_task_marker_dag.py for tasks to queue
[2023-03-28 22:53:33,910] {logging_mixin.py:104} INFO - [2023-03-28 22:53:33,909] {dagbag.py:448} INFO - Filling up the DagBag from /home/airflow/.local/lib/python3.6/site-packages/airflow/example_dags/example_external_task_marker_dag.py
[2023-03-28 22:53:34,000] {scheduler_job.py:639} INFO - DAG(s) dict_keys(['example_external_task_marker_parent', 'example_external_task_marker_child']) retrieved from /home/airflow/.local/lib/python3.6/site-packages/airflow/example_dags/example_external_task_marker_dag.py
[2023-03-28 22:53:34,120] {logging_mixin.py:104} INFO - [2023-03-28 22:53:34,119] {dag.py:1818} INFO - Sync 2 DAGs
[2023-03-28 22:53:34,195] {logging_mixin.py:104} INFO - [2023-03-28 22:53:34,194] {dag.py:2273} INFO - Setting next_dagrun for example_external_task_marker_child to None
[2023-03-28 22:53:34,201] {logging_mixin.py:104} INFO - [2023-03-28 22:53:34,200] {dag.py:2273} INFO - Setting next_dagrun for example_external_task_marker_parent to None
[2023-03-28 22:53:34,257] {scheduler_job.py:190} INFO - Processing /home/airflow/.local/lib/python3.6/site-packages/airflow/example_dags/example_external_task_marker_dag.py took 0.379 seconds
[2023-03-28 22:54:05,048] {scheduler_job.py:182} INFO - Started process (PID=256) to work on /home/airflow/.local/lib/python3.6/site-packages/airflow/example_dags/example_external_task_marker_dag.py
[2023-03-28 22:54:05,056] {scheduler_job.py:629} INFO - Processing file /home/airflow/.local/lib/python3.6/site-packages/airflow/example_dags/example_external_task_marker_dag.py for tasks to queue
[2023-03-28 22:54:05,062] {logging_mixin.py:104} INFO - [2023-03-28 22:54:05,062] {dagbag.py:448} INFO - Filling up the DagBag from /home/airflow/.local/lib/python3.6/site-packages/airflow/example_dags/example_external_task_marker_dag.py
[2023-03-28 22:54:05,128] {scheduler_job.py:639} INFO - DAG(s) dict_keys(['example_external_task_marker_parent', 'example_external_task_marker_child']) retrieved from /home/airflow/.local/lib/python3.6/site-packages/airflow/example_dags/example_external_task_marker_dag.py
[2023-03-28 22:54:05,221] {logging_mixin.py:104} INFO - [2023-03-28 22:54:05,220] {dag.py:1818} INFO - Sync 2 DAGs
[2023-03-28 22:54:05,269] {logging_mixin.py:104} INFO - [2023-03-28 22:54:05,269] {dag.py:2273} INFO - Setting next_dagrun for example_external_task_marker_child to None
[2023-03-28 22:54:05,273] {logging_mixin.py:104} INFO - [2023-03-28 22:54:05,272] {dag.py:2273} INFO - Setting next_dagrun for example_external_task_marker_parent to None
[2023-03-28 22:54:05,306] {scheduler_job.py:190} INFO - Processing /home/airflow/.local/lib/python3.6/site-packages/airflow/example_dags/example_external_task_marker_dag.py took 0.275 seconds
[2023-03-28 22:54:35,477] {scheduler_job.py:182} INFO - Started process (PID=310) to work on /home/airflow/.local/lib/python3.6/site-packages/airflow/example_dags/example_external_task_marker_dag.py
[2023-03-28 22:54:35,484] {scheduler_job.py:629} INFO - Processing file /home/airflow/.local/lib/python3.6/site-packages/airflow/example_dags/example_external_task_marker_dag.py for tasks to queue
[2023-03-28 22:54:35,486] {logging_mixin.py:104} INFO - [2023-03-28 22:54:35,486] {dagbag.py:448} INFO - Filling up the DagBag from /home/airflow/.local/lib/python3.6/site-packages/airflow/example_dags/example_external_task_marker_dag.py
[2023-03-28 22:54:35,529] {scheduler_job.py:639} INFO - DAG(s) dict_keys(['example_external_task_marker_parent', 'example_external_task_marker_child']) retrieved from /home/airflow/.local/lib/python3.6/site-packages/airflow/example_dags/example_external_task_marker_dag.py
[2023-03-28 22:54:35,611] {logging_mixin.py:104} INFO - [2023-03-28 22:54:35,611] {dag.py:1818} INFO - Sync 2 DAGs
[2023-03-28 22:54:35,661] {logging_mixin.py:104} INFO - [2023-03-28 22:54:35,661] {dag.py:2273} INFO - Setting next_dagrun for example_external_task_marker_child to None
[2023-03-28 22:54:35,664] {logging_mixin.py:104} INFO - [2023-03-28 22:54:35,664] {dag.py:2273} INFO - Setting next_dagrun for example_external_task_marker_parent to None
[2023-03-28 22:54:35,708] {scheduler_job.py:190} INFO - Processing /home/airflow/.local/lib/python3.6/site-packages/airflow/example_dags/example_external_task_marker_dag.py took 0.244 seconds
[2023-03-28 22:55:05,937] {scheduler_job.py:182} INFO - Started process (PID=364) to work on /home/airflow/.local/lib/python3.6/site-packages/airflow/example_dags/example_external_task_marker_dag.py
[2023-03-28 22:55:05,944] {scheduler_job.py:629} INFO - Processing file /home/airflow/.local/lib/python3.6/site-packages/airflow/example_dags/example_external_task_marker_dag.py for tasks to queue
[2023-03-28 22:55:05,947] {logging_mixin.py:104} INFO - [2023-03-28 22:55:05,947] {dagbag.py:448} INFO - Filling up the DagBag from /home/airflow/.local/lib/python3.6/site-packages/airflow/example_dags/example_external_task_marker_dag.py
[2023-03-28 22:55:05,984] {scheduler_job.py:639} INFO - DAG(s) dict_keys(['example_external_task_marker_parent', 'example_external_task_marker_child']) retrieved from /home/airflow/.local/lib/python3.6/site-packages/airflow/example_dags/example_external_task_marker_dag.py
[2023-03-28 22:55:06,050] {logging_mixin.py:104} INFO - [2023-03-28 22:55:06,050] {dag.py:1818} INFO - Sync 2 DAGs
[2023-03-28 22:55:06,093] {logging_mixin.py:104} INFO - [2023-03-28 22:55:06,093] {dag.py:2273} INFO - Setting next_dagrun for example_external_task_marker_child to None
[2023-03-28 22:55:06,097] {logging_mixin.py:104} INFO - [2023-03-28 22:55:06,096] {dag.py:2273} INFO - Setting next_dagrun for example_external_task_marker_parent to None
[2023-03-28 22:55:06,125] {scheduler_job.py:190} INFO - Processing /home/airflow/.local/lib/python3.6/site-packages/airflow/example_dags/example_external_task_marker_dag.py took 0.200 seconds
[2023-03-28 22:55:36,775] {scheduler_job.py:182} INFO - Started process (PID=418) to work on /home/airflow/.local/lib/python3.6/site-packages/airflow/example_dags/example_external_task_marker_dag.py
[2023-03-28 22:55:36,781] {scheduler_job.py:629} INFO - Processing file /home/airflow/.local/lib/python3.6/site-packages/airflow/example_dags/example_external_task_marker_dag.py for tasks to queue
[2023-03-28 22:55:36,785] {logging_mixin.py:104} INFO - [2023-03-28 22:55:36,784] {dagbag.py:448} INFO - Filling up the DagBag from /home/airflow/.local/lib/python3.6/site-packages/airflow/example_dags/example_external_task_marker_dag.py
[2023-03-28 22:55:36,827] {scheduler_job.py:639} INFO - DAG(s) dict_keys(['example_external_task_marker_parent', 'example_external_task_marker_child']) retrieved from /home/airflow/.local/lib/python3.6/site-packages/airflow/example_dags/example_external_task_marker_dag.py
[2023-03-28 22:55:36,901] {logging_mixin.py:104} INFO - [2023-03-28 22:55:36,901] {dag.py:1818} INFO - Sync 2 DAGs
[2023-03-28 22:55:36,956] {logging_mixin.py:104} INFO - [2023-03-28 22:55:36,955] {dag.py:2273} INFO - Setting next_dagrun for example_external_task_marker_child to None
[2023-03-28 22:55:36,960] {logging_mixin.py:104} INFO - [2023-03-28 22:55:36,959] {dag.py:2273} INFO - Setting next_dagrun for example_external_task_marker_parent to None
[2023-03-28 22:55:36,992] {scheduler_job.py:190} INFO - Processing /home/airflow/.local/lib/python3.6/site-packages/airflow/example_dags/example_external_task_marker_dag.py took 0.230 seconds
[2023-03-28 22:56:07,449] {scheduler_job.py:182} INFO - Started process (PID=472) to work on /home/airflow/.local/lib/python3.6/site-packages/airflow/example_dags/example_external_task_marker_dag.py
[2023-03-28 22:56:07,454] {scheduler_job.py:629} INFO - Processing file /home/airflow/.local/lib/python3.6/site-packages/airflow/example_dags/example_external_task_marker_dag.py for tasks to queue
[2023-03-28 22:56:07,457] {logging_mixin.py:104} INFO - [2023-03-28 22:56:07,457] {dagbag.py:448} INFO - Filling up the DagBag from /home/airflow/.local/lib/python3.6/site-packages/airflow/example_dags/example_external_task_marker_dag.py
[2023-03-28 22:56:07,497] {scheduler_job.py:639} INFO - DAG(s) dict_keys(['example_external_task_marker_parent', 'example_external_task_marker_child']) retrieved from /home/airflow/.local/lib/python3.6/site-packages/airflow/example_dags/example_external_task_marker_dag.py
[2023-03-28 22:56:07,573] {logging_mixin.py:104} INFO - [2023-03-28 22:56:07,573] {dag.py:1818} INFO - Sync 2 DAGs
[2023-03-28 22:56:07,621] {logging_mixin.py:104} INFO - [2023-03-28 22:56:07,621] {dag.py:2273} INFO - Setting next_dagrun for example_external_task_marker_child to None
[2023-03-28 22:56:07,625] {logging_mixin.py:104} INFO - [2023-03-28 22:56:07,625] {dag.py:2273} INFO - Setting next_dagrun for example_external_task_marker_parent to None
[2023-03-28 22:56:07,669] {scheduler_job.py:190} INFO - Processing /home/airflow/.local/lib/python3.6/site-packages/airflow/example_dags/example_external_task_marker_dag.py took 0.233 seconds
[2023-03-28 22:56:38,089] {scheduler_job.py:182} INFO - Started process (PID=526) to work on /home/airflow/.local/lib/python3.6/site-packages/airflow/example_dags/example_external_task_marker_dag.py
[2023-03-28 22:56:38,096] {scheduler_job.py:629} INFO - Processing file /home/airflow/.local/lib/python3.6/site-packages/airflow/example_dags/example_external_task_marker_dag.py for tasks to queue
[2023-03-28 22:56:38,099] {logging_mixin.py:104} INFO - [2023-03-28 22:56:38,098] {dagbag.py:448} INFO - Filling up the DagBag from /home/airflow/.local/lib/python3.6/site-packages/airflow/example_dags/example_external_task_marker_dag.py
[2023-03-28 22:56:38,138] {scheduler_job.py:639} INFO - DAG(s) dict_keys(['example_external_task_marker_parent', 'example_external_task_marker_child']) retrieved from /home/airflow/.local/lib/python3.6/site-packages/airflow/example_dags/example_external_task_marker_dag.py
[2023-03-28 22:56:38,210] {logging_mixin.py:104} INFO - [2023-03-28 22:56:38,209] {dag.py:1818} INFO - Sync 2 DAGs
[2023-03-28 22:56:38,270] {logging_mixin.py:104} INFO - [2023-03-28 22:56:38,270] {dag.py:2273} INFO - Setting next_dagrun for example_external_task_marker_child to None
[2023-03-28 22:56:38,274] {logging_mixin.py:104} INFO - [2023-03-28 22:56:38,274] {dag.py:2273} INFO - Setting next_dagrun for example_external_task_marker_parent to None
[2023-03-28 22:56:38,323] {scheduler_job.py:190} INFO - Processing /home/airflow/.local/lib/python3.6/site-packages/airflow/example_dags/example_external_task_marker_dag.py took 0.247 seconds
[2023-03-28 22:57:43,856] {scheduler_job.py:182} INFO - Started process (PID=69) to work on /home/airflow/.local/lib/python3.6/site-packages/airflow/example_dags/example_external_task_marker_dag.py
[2023-03-28 22:57:43,862] {scheduler_job.py:629} INFO - Processing file /home/airflow/.local/lib/python3.6/site-packages/airflow/example_dags/example_external_task_marker_dag.py for tasks to queue
[2023-03-28 22:57:43,867] {logging_mixin.py:104} INFO - [2023-03-28 22:57:43,867] {dagbag.py:448} INFO - Filling up the DagBag from /home/airflow/.local/lib/python3.6/site-packages/airflow/example_dags/example_external_task_marker_dag.py
[2023-03-28 22:57:43,929] {scheduler_job.py:639} INFO - DAG(s) dict_keys(['example_external_task_marker_parent', 'example_external_task_marker_child']) retrieved from /home/airflow/.local/lib/python3.6/site-packages/airflow/example_dags/example_external_task_marker_dag.py
[2023-03-28 22:57:44,282] {logging_mixin.py:104} INFO - [2023-03-28 22:57:44,281] {dag.py:1818} INFO - Sync 2 DAGs
[2023-03-28 22:57:44,444] {logging_mixin.py:104} INFO - [2023-03-28 22:57:44,444] {dag.py:2273} INFO - Setting next_dagrun for example_external_task_marker_child to None
[2023-03-28 22:57:44,451] {logging_mixin.py:104} INFO - [2023-03-28 22:57:44,449] {dag.py:2273} INFO - Setting next_dagrun for example_external_task_marker_parent to None
[2023-03-28 22:57:44,537] {scheduler_job.py:190} INFO - Processing /home/airflow/.local/lib/python3.6/site-packages/airflow/example_dags/example_external_task_marker_dag.py took 0.733 seconds
[2023-03-28 22:58:15,242] {scheduler_job.py:182} INFO - Started process (PID=123) to work on /home/airflow/.local/lib/python3.6/site-packages/airflow/example_dags/example_external_task_marker_dag.py
[2023-03-28 22:58:15,250] {scheduler_job.py:629} INFO - Processing file /home/airflow/.local/lib/python3.6/site-packages/airflow/example_dags/example_external_task_marker_dag.py for tasks to queue
[2023-03-28 22:58:15,255] {logging_mixin.py:104} INFO - [2023-03-28 22:58:15,255] {dagbag.py:448} INFO - Filling up the DagBag from /home/airflow/.local/lib/python3.6/site-packages/airflow/example_dags/example_external_task_marker_dag.py
[2023-03-28 22:58:15,349] {scheduler_job.py:639} INFO - DAG(s) dict_keys(['example_external_task_marker_parent', 'example_external_task_marker_child']) retrieved from /home/airflow/.local/lib/python3.6/site-packages/airflow/example_dags/example_external_task_marker_dag.py
[2023-03-28 22:58:15,505] {logging_mixin.py:104} INFO - [2023-03-28 22:58:15,505] {dag.py:1818} INFO - Sync 2 DAGs
[2023-03-28 22:58:15,584] {logging_mixin.py:104} INFO - [2023-03-28 22:58:15,584] {dag.py:2273} INFO - Setting next_dagrun for example_external_task_marker_child to None
[2023-03-28 22:58:15,594] {logging_mixin.py:104} INFO - [2023-03-28 22:58:15,594] {dag.py:2273} INFO - Setting next_dagrun for example_external_task_marker_parent to None
[2023-03-28 22:58:15,724] {scheduler_job.py:190} INFO - Processing /home/airflow/.local/lib/python3.6/site-packages/airflow/example_dags/example_external_task_marker_dag.py took 0.494 seconds
[2023-03-28 22:58:46,145] {scheduler_job.py:182} INFO - Started process (PID=178) to work on /home/airflow/.local/lib/python3.6/site-packages/airflow/example_dags/example_external_task_marker_dag.py
[2023-03-28 22:58:46,154] {scheduler_job.py:629} INFO - Processing file /home/airflow/.local/lib/python3.6/site-packages/airflow/example_dags/example_external_task_marker_dag.py for tasks to queue
[2023-03-28 22:58:46,158] {logging_mixin.py:104} INFO - [2023-03-28 22:58:46,158] {dagbag.py:448} INFO - Filling up the DagBag from /home/airflow/.local/lib/python3.6/site-packages/airflow/example_dags/example_external_task_marker_dag.py
[2023-03-28 22:58:46,231] {scheduler_job.py:639} INFO - DAG(s) dict_keys(['example_external_task_marker_parent', 'example_external_task_marker_child']) retrieved from /home/airflow/.local/lib/python3.6/site-packages/airflow/example_dags/example_external_task_marker_dag.py
[2023-03-28 22:58:46,335] {logging_mixin.py:104} INFO - [2023-03-28 22:58:46,334] {dag.py:1818} INFO - Sync 2 DAGs
[2023-03-28 22:58:46,404] {logging_mixin.py:104} INFO - [2023-03-28 22:58:46,404] {dag.py:2273} INFO - Setting next_dagrun for example_external_task_marker_child to None
[2023-03-28 22:58:46,411] {logging_mixin.py:104} INFO - [2023-03-28 22:58:46,410] {dag.py:2273} INFO - Setting next_dagrun for example_external_task_marker_parent to None
[2023-03-28 22:58:46,465] {scheduler_job.py:190} INFO - Processing /home/airflow/.local/lib/python3.6/site-packages/airflow/example_dags/example_external_task_marker_dag.py took 0.327 seconds
[2023-03-28 22:59:17,055] {scheduler_job.py:182} INFO - Started process (PID=233) to work on /home/airflow/.local/lib/python3.6/site-packages/airflow/example_dags/example_external_task_marker_dag.py
[2023-03-28 22:59:17,058] {scheduler_job.py:629} INFO - Processing file /home/airflow/.local/lib/python3.6/site-packages/airflow/example_dags/example_external_task_marker_dag.py for tasks to queue
[2023-03-28 22:59:17,060] {logging_mixin.py:104} INFO - [2023-03-28 22:59:17,060] {dagbag.py:448} INFO - Filling up the DagBag from /home/airflow/.local/lib/python3.6/site-packages/airflow/example_dags/example_external_task_marker_dag.py
[2023-03-28 22:59:17,096] {scheduler_job.py:639} INFO - DAG(s) dict_keys(['example_external_task_marker_parent', 'example_external_task_marker_child']) retrieved from /home/airflow/.local/lib/python3.6/site-packages/airflow/example_dags/example_external_task_marker_dag.py
[2023-03-28 22:59:17,161] {logging_mixin.py:104} INFO - [2023-03-28 22:59:17,161] {dag.py:1818} INFO - Sync 2 DAGs
[2023-03-28 22:59:17,206] {logging_mixin.py:104} INFO - [2023-03-28 22:59:17,205] {dag.py:2273} INFO - Setting next_dagrun for example_external_task_marker_child to None
[2023-03-28 22:59:17,209] {logging_mixin.py:104} INFO - [2023-03-28 22:59:17,208] {dag.py:2273} INFO - Setting next_dagrun for example_external_task_marker_parent to None
[2023-03-28 22:59:17,235] {scheduler_job.py:190} INFO - Processing /home/airflow/.local/lib/python3.6/site-packages/airflow/example_dags/example_external_task_marker_dag.py took 0.186 seconds
[2023-03-28 22:59:47,385] {scheduler_job.py:182} INFO - Started process (PID=287) to work on /home/airflow/.local/lib/python3.6/site-packages/airflow/example_dags/example_external_task_marker_dag.py
[2023-03-28 22:59:47,389] {scheduler_job.py:629} INFO - Processing file /home/airflow/.local/lib/python3.6/site-packages/airflow/example_dags/example_external_task_marker_dag.py for tasks to queue
[2023-03-28 22:59:47,391] {logging_mixin.py:104} INFO - [2023-03-28 22:59:47,391] {dagbag.py:448} INFO - Filling up the DagBag from /home/airflow/.local/lib/python3.6/site-packages/airflow/example_dags/example_external_task_marker_dag.py
[2023-03-28 22:59:47,425] {scheduler_job.py:639} INFO - DAG(s) dict_keys(['example_external_task_marker_parent', 'example_external_task_marker_child']) retrieved from /home/airflow/.local/lib/python3.6/site-packages/airflow/example_dags/example_external_task_marker_dag.py
[2023-03-28 22:59:47,482] {logging_mixin.py:104} INFO - [2023-03-28 22:59:47,482] {dag.py:1818} INFO - Sync 2 DAGs
[2023-03-28 22:59:47,524] {logging_mixin.py:104} INFO - [2023-03-28 22:59:47,524] {dag.py:2273} INFO - Setting next_dagrun for example_external_task_marker_child to None
[2023-03-28 22:59:47,527] {logging_mixin.py:104} INFO - [2023-03-28 22:59:47,527] {dag.py:2273} INFO - Setting next_dagrun for example_external_task_marker_parent to None
[2023-03-28 22:59:47,548] {scheduler_job.py:190} INFO - Processing /home/airflow/.local/lib/python3.6/site-packages/airflow/example_dags/example_external_task_marker_dag.py took 0.169 seconds
[2023-03-28 23:00:17,808] {scheduler_job.py:182} INFO - Started process (PID=339) to work on /home/airflow/.local/lib/python3.6/site-packages/airflow/example_dags/example_external_task_marker_dag.py
[2023-03-28 23:00:17,812] {scheduler_job.py:629} INFO - Processing file /home/airflow/.local/lib/python3.6/site-packages/airflow/example_dags/example_external_task_marker_dag.py for tasks to queue
[2023-03-28 23:00:17,815] {logging_mixin.py:104} INFO - [2023-03-28 23:00:17,814] {dagbag.py:448} INFO - Filling up the DagBag from /home/airflow/.local/lib/python3.6/site-packages/airflow/example_dags/example_external_task_marker_dag.py
[2023-03-28 23:00:17,858] {scheduler_job.py:639} INFO - DAG(s) dict_keys(['example_external_task_marker_parent', 'example_external_task_marker_child']) retrieved from /home/airflow/.local/lib/python3.6/site-packages/airflow/example_dags/example_external_task_marker_dag.py
[2023-03-28 23:00:17,943] {logging_mixin.py:104} INFO - [2023-03-28 23:00:17,942] {dag.py:1818} INFO - Sync 2 DAGs
[2023-03-28 23:00:17,985] {logging_mixin.py:104} INFO - [2023-03-28 23:00:17,985] {dag.py:2273} INFO - Setting next_dagrun for example_external_task_marker_child to None
[2023-03-28 23:00:17,988] {logging_mixin.py:104} INFO - [2023-03-28 23:00:17,988] {dag.py:2273} INFO - Setting next_dagrun for example_external_task_marker_parent to None
[2023-03-28 23:00:18,016] {scheduler_job.py:190} INFO - Processing /home/airflow/.local/lib/python3.6/site-packages/airflow/example_dags/example_external_task_marker_dag.py took 0.219 seconds
[2023-03-28 23:00:48,732] {scheduler_job.py:182} INFO - Started process (PID=397) to work on /home/airflow/.local/lib/python3.6/site-packages/airflow/example_dags/example_external_task_marker_dag.py
[2023-03-28 23:00:48,735] {scheduler_job.py:629} INFO - Processing file /home/airflow/.local/lib/python3.6/site-packages/airflow/example_dags/example_external_task_marker_dag.py for tasks to queue
[2023-03-28 23:00:48,738] {logging_mixin.py:104} INFO - [2023-03-28 23:00:48,737] {dagbag.py:448} INFO - Filling up the DagBag from /home/airflow/.local/lib/python3.6/site-packages/airflow/example_dags/example_external_task_marker_dag.py
[2023-03-28 23:00:48,771] {scheduler_job.py:639} INFO - DAG(s) dict_keys(['example_external_task_marker_parent', 'example_external_task_marker_child']) retrieved from /home/airflow/.local/lib/python3.6/site-packages/airflow/example_dags/example_external_task_marker_dag.py
[2023-03-28 23:00:48,833] {logging_mixin.py:104} INFO - [2023-03-28 23:00:48,833] {dag.py:1818} INFO - Sync 2 DAGs
[2023-03-28 23:00:48,882] {logging_mixin.py:104} INFO - [2023-03-28 23:00:48,882] {dag.py:2273} INFO - Setting next_dagrun for example_external_task_marker_child to None
[2023-03-28 23:00:48,885] {logging_mixin.py:104} INFO - [2023-03-28 23:00:48,885] {dag.py:2273} INFO - Setting next_dagrun for example_external_task_marker_parent to None
[2023-03-28 23:00:48,908] {scheduler_job.py:190} INFO - Processing /home/airflow/.local/lib/python3.6/site-packages/airflow/example_dags/example_external_task_marker_dag.py took 0.183 seconds
[2023-03-28 23:01:19,217] {scheduler_job.py:182} INFO - Started process (PID=451) to work on /home/airflow/.local/lib/python3.6/site-packages/airflow/example_dags/example_external_task_marker_dag.py
[2023-03-28 23:01:19,220] {scheduler_job.py:629} INFO - Processing file /home/airflow/.local/lib/python3.6/site-packages/airflow/example_dags/example_external_task_marker_dag.py for tasks to queue
[2023-03-28 23:01:19,222] {logging_mixin.py:104} INFO - [2023-03-28 23:01:19,222] {dagbag.py:448} INFO - Filling up the DagBag from /home/airflow/.local/lib/python3.6/site-packages/airflow/example_dags/example_external_task_marker_dag.py
[2023-03-28 23:01:19,254] {scheduler_job.py:639} INFO - DAG(s) dict_keys(['example_external_task_marker_parent', 'example_external_task_marker_child']) retrieved from /home/airflow/.local/lib/python3.6/site-packages/airflow/example_dags/example_external_task_marker_dag.py
[2023-03-28 23:01:19,325] {logging_mixin.py:104} INFO - [2023-03-28 23:01:19,324] {dag.py:1818} INFO - Sync 2 DAGs
[2023-03-28 23:01:19,379] {logging_mixin.py:104} INFO - [2023-03-28 23:01:19,378] {dag.py:2273} INFO - Setting next_dagrun for example_external_task_marker_child to None
[2023-03-28 23:01:19,384] {logging_mixin.py:104} INFO - [2023-03-28 23:01:19,384] {dag.py:2273} INFO - Setting next_dagrun for example_external_task_marker_parent to None
[2023-03-28 23:01:19,416] {scheduler_job.py:190} INFO - Processing /home/airflow/.local/lib/python3.6/site-packages/airflow/example_dags/example_external_task_marker_dag.py took 0.206 seconds
[2023-03-28 23:01:49,590] {scheduler_job.py:182} INFO - Started process (PID=503) to work on /home/airflow/.local/lib/python3.6/site-packages/airflow/example_dags/example_external_task_marker_dag.py
[2023-03-28 23:01:49,593] {scheduler_job.py:629} INFO - Processing file /home/airflow/.local/lib/python3.6/site-packages/airflow/example_dags/example_external_task_marker_dag.py for tasks to queue
[2023-03-28 23:01:49,595] {logging_mixin.py:104} INFO - [2023-03-28 23:01:49,595] {dagbag.py:448} INFO - Filling up the DagBag from /home/airflow/.local/lib/python3.6/site-packages/airflow/example_dags/example_external_task_marker_dag.py
[2023-03-28 23:01:49,627] {scheduler_job.py:639} INFO - DAG(s) dict_keys(['example_external_task_marker_parent', 'example_external_task_marker_child']) retrieved from /home/airflow/.local/lib/python3.6/site-packages/airflow/example_dags/example_external_task_marker_dag.py
[2023-03-28 23:01:49,687] {logging_mixin.py:104} INFO - [2023-03-28 23:01:49,687] {dag.py:1818} INFO - Sync 2 DAGs
[2023-03-28 23:01:49,727] {logging_mixin.py:104} INFO - [2023-03-28 23:01:49,726] {dag.py:2273} INFO - Setting next_dagrun for example_external_task_marker_child to None
[2023-03-28 23:01:49,729] {logging_mixin.py:104} INFO - [2023-03-28 23:01:49,729] {dag.py:2273} INFO - Setting next_dagrun for example_external_task_marker_parent to None
[2023-03-28 23:01:49,754] {scheduler_job.py:190} INFO - Processing /home/airflow/.local/lib/python3.6/site-packages/airflow/example_dags/example_external_task_marker_dag.py took 0.171 seconds
[2023-03-28 23:02:20,167] {scheduler_job.py:182} INFO - Started process (PID=557) to work on /home/airflow/.local/lib/python3.6/site-packages/airflow/example_dags/example_external_task_marker_dag.py
[2023-03-28 23:02:20,170] {scheduler_job.py:629} INFO - Processing file /home/airflow/.local/lib/python3.6/site-packages/airflow/example_dags/example_external_task_marker_dag.py for tasks to queue
[2023-03-28 23:02:20,173] {logging_mixin.py:104} INFO - [2023-03-28 23:02:20,172] {dagbag.py:448} INFO - Filling up the DagBag from /home/airflow/.local/lib/python3.6/site-packages/airflow/example_dags/example_external_task_marker_dag.py
[2023-03-28 23:02:20,217] {scheduler_job.py:639} INFO - DAG(s) dict_keys(['example_external_task_marker_parent', 'example_external_task_marker_child']) retrieved from /home/airflow/.local/lib/python3.6/site-packages/airflow/example_dags/example_external_task_marker_dag.py
[2023-03-28 23:02:20,290] {logging_mixin.py:104} INFO - [2023-03-28 23:02:20,290] {dag.py:1818} INFO - Sync 2 DAGs
[2023-03-28 23:02:20,337] {logging_mixin.py:104} INFO - [2023-03-28 23:02:20,336] {dag.py:2273} INFO - Setting next_dagrun for example_external_task_marker_child to None
[2023-03-28 23:02:20,340] {logging_mixin.py:104} INFO - [2023-03-28 23:02:20,339] {dag.py:2273} INFO - Setting next_dagrun for example_external_task_marker_parent to None
[2023-03-28 23:02:20,371] {scheduler_job.py:190} INFO - Processing /home/airflow/.local/lib/python3.6/site-packages/airflow/example_dags/example_external_task_marker_dag.py took 0.211 seconds
[2023-03-28 23:02:50,891] {scheduler_job.py:182} INFO - Started process (PID=613) to work on /home/airflow/.local/lib/python3.6/site-packages/airflow/example_dags/example_external_task_marker_dag.py
[2023-03-28 23:02:50,896] {scheduler_job.py:629} INFO - Processing file /home/airflow/.local/lib/python3.6/site-packages/airflow/example_dags/example_external_task_marker_dag.py for tasks to queue
[2023-03-28 23:02:50,898] {logging_mixin.py:104} INFO - [2023-03-28 23:02:50,898] {dagbag.py:448} INFO - Filling up the DagBag from /home/airflow/.local/lib/python3.6/site-packages/airflow/example_dags/example_external_task_marker_dag.py
[2023-03-28 23:02:50,931] {scheduler_job.py:639} INFO - DAG(s) dict_keys(['example_external_task_marker_parent', 'example_external_task_marker_child']) retrieved from /home/airflow/.local/lib/python3.6/site-packages/airflow/example_dags/example_external_task_marker_dag.py
[2023-03-28 23:02:50,990] {logging_mixin.py:104} INFO - [2023-03-28 23:02:50,990] {dag.py:1818} INFO - Sync 2 DAGs
[2023-03-28 23:02:51,034] {logging_mixin.py:104} INFO - [2023-03-28 23:02:51,034] {dag.py:2273} INFO - Setting next_dagrun for example_external_task_marker_child to None
[2023-03-28 23:02:51,037] {logging_mixin.py:104} INFO - [2023-03-28 23:02:51,037] {dag.py:2273} INFO - Setting next_dagrun for example_external_task_marker_parent to None
[2023-03-28 23:02:51,059] {scheduler_job.py:190} INFO - Processing /home/airflow/.local/lib/python3.6/site-packages/airflow/example_dags/example_external_task_marker_dag.py took 0.175 seconds
[2023-03-28 23:03:21,598] {scheduler_job.py:182} INFO - Started process (PID=667) to work on /home/airflow/.local/lib/python3.6/site-packages/airflow/example_dags/example_external_task_marker_dag.py
[2023-03-28 23:03:21,601] {scheduler_job.py:629} INFO - Processing file /home/airflow/.local/lib/python3.6/site-packages/airflow/example_dags/example_external_task_marker_dag.py for tasks to queue
[2023-03-28 23:03:21,603] {logging_mixin.py:104} INFO - [2023-03-28 23:03:21,603] {dagbag.py:448} INFO - Filling up the DagBag from /home/airflow/.local/lib/python3.6/site-packages/airflow/example_dags/example_external_task_marker_dag.py
[2023-03-28 23:03:21,637] {scheduler_job.py:639} INFO - DAG(s) dict_keys(['example_external_task_marker_parent', 'example_external_task_marker_child']) retrieved from /home/airflow/.local/lib/python3.6/site-packages/airflow/example_dags/example_external_task_marker_dag.py
[2023-03-28 23:03:21,703] {logging_mixin.py:104} INFO - [2023-03-28 23:03:21,703] {dag.py:1818} INFO - Sync 2 DAGs
[2023-03-28 23:03:21,769] {logging_mixin.py:104} INFO - [2023-03-28 23:03:21,769] {dag.py:2273} INFO - Setting next_dagrun for example_external_task_marker_child to None
[2023-03-28 23:03:21,773] {logging_mixin.py:104} INFO - [2023-03-28 23:03:21,773] {dag.py:2273} INFO - Setting next_dagrun for example_external_task_marker_parent to None
[2023-03-28 23:03:21,814] {scheduler_job.py:190} INFO - Processing /home/airflow/.local/lib/python3.6/site-packages/airflow/example_dags/example_external_task_marker_dag.py took 0.223 seconds
[2023-03-28 23:03:52,232] {scheduler_job.py:182} INFO - Started process (PID=721) to work on /home/airflow/.local/lib/python3.6/site-packages/airflow/example_dags/example_external_task_marker_dag.py
[2023-03-28 23:03:52,236] {scheduler_job.py:629} INFO - Processing file /home/airflow/.local/lib/python3.6/site-packages/airflow/example_dags/example_external_task_marker_dag.py for tasks to queue
[2023-03-28 23:03:52,237] {logging_mixin.py:104} INFO - [2023-03-28 23:03:52,237] {dagbag.py:448} INFO - Filling up the DagBag from /home/airflow/.local/lib/python3.6/site-packages/airflow/example_dags/example_external_task_marker_dag.py
[2023-03-28 23:03:52,271] {scheduler_job.py:639} INFO - DAG(s) dict_keys(['example_external_task_marker_parent', 'example_external_task_marker_child']) retrieved from /home/airflow/.local/lib/python3.6/site-packages/airflow/example_dags/example_external_task_marker_dag.py
[2023-03-28 23:03:52,342] {logging_mixin.py:104} INFO - [2023-03-28 23:03:52,341] {dag.py:1818} INFO - Sync 2 DAGs
[2023-03-28 23:03:52,402] {logging_mixin.py:104} INFO - [2023-03-28 23:03:52,402] {dag.py:2273} INFO - Setting next_dagrun for example_external_task_marker_child to None
[2023-03-28 23:03:52,407] {logging_mixin.py:104} INFO - [2023-03-28 23:03:52,406] {dag.py:2273} INFO - Setting next_dagrun for example_external_task_marker_parent to None
[2023-03-28 23:03:52,458] {scheduler_job.py:190} INFO - Processing /home/airflow/.local/lib/python3.6/site-packages/airflow/example_dags/example_external_task_marker_dag.py took 0.232 seconds
[2023-03-28 23:04:22,961] {scheduler_job.py:182} INFO - Started process (PID=775) to work on /home/airflow/.local/lib/python3.6/site-packages/airflow/example_dags/example_external_task_marker_dag.py
[2023-03-28 23:04:22,964] {scheduler_job.py:629} INFO - Processing file /home/airflow/.local/lib/python3.6/site-packages/airflow/example_dags/example_external_task_marker_dag.py for tasks to queue
[2023-03-28 23:04:22,967] {logging_mixin.py:104} INFO - [2023-03-28 23:04:22,966] {dagbag.py:448} INFO - Filling up the DagBag from /home/airflow/.local/lib/python3.6/site-packages/airflow/example_dags/example_external_task_marker_dag.py
[2023-03-28 23:04:23,011] {scheduler_job.py:639} INFO - DAG(s) dict_keys(['example_external_task_marker_parent', 'example_external_task_marker_child']) retrieved from /home/airflow/.local/lib/python3.6/site-packages/airflow/example_dags/example_external_task_marker_dag.py
[2023-03-28 23:04:23,111] {logging_mixin.py:104} INFO - [2023-03-28 23:04:23,110] {dag.py:1818} INFO - Sync 2 DAGs
[2023-03-28 23:04:23,158] {logging_mixin.py:104} INFO - [2023-03-28 23:04:23,158] {dag.py:2273} INFO - Setting next_dagrun for example_external_task_marker_child to None
[2023-03-28 23:04:23,161] {logging_mixin.py:104} INFO - [2023-03-28 23:04:23,161] {dag.py:2273} INFO - Setting next_dagrun for example_external_task_marker_parent to None
[2023-03-28 23:04:23,193] {scheduler_job.py:190} INFO - Processing /home/airflow/.local/lib/python3.6/site-packages/airflow/example_dags/example_external_task_marker_dag.py took 0.239 seconds
[2023-03-28 23:04:53,527] {scheduler_job.py:182} INFO - Started process (PID=829) to work on /home/airflow/.local/lib/python3.6/site-packages/airflow/example_dags/example_external_task_marker_dag.py
[2023-03-28 23:04:53,531] {scheduler_job.py:629} INFO - Processing file /home/airflow/.local/lib/python3.6/site-packages/airflow/example_dags/example_external_task_marker_dag.py for tasks to queue
[2023-03-28 23:04:53,534] {logging_mixin.py:104} INFO - [2023-03-28 23:04:53,533] {dagbag.py:448} INFO - Filling up the DagBag from /home/airflow/.local/lib/python3.6/site-packages/airflow/example_dags/example_external_task_marker_dag.py
[2023-03-28 23:04:53,567] {scheduler_job.py:639} INFO - DAG(s) dict_keys(['example_external_task_marker_parent', 'example_external_task_marker_child']) retrieved from /home/airflow/.local/lib/python3.6/site-packages/airflow/example_dags/example_external_task_marker_dag.py
[2023-03-28 23:04:53,632] {logging_mixin.py:104} INFO - [2023-03-28 23:04:53,632] {dag.py:1818} INFO - Sync 2 DAGs
[2023-03-28 23:04:53,673] {logging_mixin.py:104} INFO - [2023-03-28 23:04:53,673] {dag.py:2273} INFO - Setting next_dagrun for example_external_task_marker_child to None
[2023-03-28 23:04:53,676] {logging_mixin.py:104} INFO - [2023-03-28 23:04:53,676] {dag.py:2273} INFO - Setting next_dagrun for example_external_task_marker_parent to None
[2023-03-28 23:04:53,708] {scheduler_job.py:190} INFO - Processing /home/airflow/.local/lib/python3.6/site-packages/airflow/example_dags/example_external_task_marker_dag.py took 0.188 seconds
[2023-03-28 23:05:24,250] {scheduler_job.py:182} INFO - Started process (PID=883) to work on /home/airflow/.local/lib/python3.6/site-packages/airflow/example_dags/example_external_task_marker_dag.py
[2023-03-28 23:05:24,258] {scheduler_job.py:629} INFO - Processing file /home/airflow/.local/lib/python3.6/site-packages/airflow/example_dags/example_external_task_marker_dag.py for tasks to queue
[2023-03-28 23:05:24,263] {logging_mixin.py:104} INFO - [2023-03-28 23:05:24,262] {dagbag.py:448} INFO - Filling up the DagBag from /home/airflow/.local/lib/python3.6/site-packages/airflow/example_dags/example_external_task_marker_dag.py
[2023-03-28 23:05:24,308] {scheduler_job.py:639} INFO - DAG(s) dict_keys(['example_external_task_marker_parent', 'example_external_task_marker_child']) retrieved from /home/airflow/.local/lib/python3.6/site-packages/airflow/example_dags/example_external_task_marker_dag.py
[2023-03-28 23:05:24,387] {logging_mixin.py:104} INFO - [2023-03-28 23:05:24,386] {dag.py:1818} INFO - Sync 2 DAGs
[2023-03-28 23:05:24,451] {logging_mixin.py:104} INFO - [2023-03-28 23:05:24,450] {dag.py:2273} INFO - Setting next_dagrun for example_external_task_marker_child to None
[2023-03-28 23:05:24,463] {logging_mixin.py:104} INFO - [2023-03-28 23:05:24,463] {dag.py:2273} INFO - Setting next_dagrun for example_external_task_marker_parent to None
[2023-03-28 23:05:24,494] {scheduler_job.py:190} INFO - Processing /home/airflow/.local/lib/python3.6/site-packages/airflow/example_dags/example_external_task_marker_dag.py took 0.255 seconds
[2023-03-28 23:05:55,002] {scheduler_job.py:182} INFO - Started process (PID=937) to work on /home/airflow/.local/lib/python3.6/site-packages/airflow/example_dags/example_external_task_marker_dag.py
[2023-03-28 23:05:55,006] {scheduler_job.py:629} INFO - Processing file /home/airflow/.local/lib/python3.6/site-packages/airflow/example_dags/example_external_task_marker_dag.py for tasks to queue
[2023-03-28 23:05:55,008] {logging_mixin.py:104} INFO - [2023-03-28 23:05:55,007] {dagbag.py:448} INFO - Filling up the DagBag from /home/airflow/.local/lib/python3.6/site-packages/airflow/example_dags/example_external_task_marker_dag.py
[2023-03-28 23:05:55,040] {scheduler_job.py:639} INFO - DAG(s) dict_keys(['example_external_task_marker_parent', 'example_external_task_marker_child']) retrieved from /home/airflow/.local/lib/python3.6/site-packages/airflow/example_dags/example_external_task_marker_dag.py
[2023-03-28 23:05:55,104] {logging_mixin.py:104} INFO - [2023-03-28 23:05:55,103] {dag.py:1818} INFO - Sync 2 DAGs
[2023-03-28 23:05:55,149] {logging_mixin.py:104} INFO - [2023-03-28 23:05:55,148] {dag.py:2273} INFO - Setting next_dagrun for example_external_task_marker_child to None
[2023-03-28 23:05:55,151] {logging_mixin.py:104} INFO - [2023-03-28 23:05:55,151] {dag.py:2273} INFO - Setting next_dagrun for example_external_task_marker_parent to None
[2023-03-28 23:05:55,179] {scheduler_job.py:190} INFO - Processing /home/airflow/.local/lib/python3.6/site-packages/airflow/example_dags/example_external_task_marker_dag.py took 0.183 seconds
[2023-03-28 23:06:25,703] {scheduler_job.py:182} INFO - Started process (PID=991) to work on /home/airflow/.local/lib/python3.6/site-packages/airflow/example_dags/example_external_task_marker_dag.py
[2023-03-28 23:06:25,707] {scheduler_job.py:629} INFO - Processing file /home/airflow/.local/lib/python3.6/site-packages/airflow/example_dags/example_external_task_marker_dag.py for tasks to queue
[2023-03-28 23:06:25,709] {logging_mixin.py:104} INFO - [2023-03-28 23:06:25,709] {dagbag.py:448} INFO - Filling up the DagBag from /home/airflow/.local/lib/python3.6/site-packages/airflow/example_dags/example_external_task_marker_dag.py
[2023-03-28 23:06:25,742] {scheduler_job.py:639} INFO - DAG(s) dict_keys(['example_external_task_marker_parent', 'example_external_task_marker_child']) retrieved from /home/airflow/.local/lib/python3.6/site-packages/airflow/example_dags/example_external_task_marker_dag.py
[2023-03-28 23:06:25,805] {logging_mixin.py:104} INFO - [2023-03-28 23:06:25,805] {dag.py:1818} INFO - Sync 2 DAGs
[2023-03-28 23:06:25,845] {logging_mixin.py:104} INFO - [2023-03-28 23:06:25,845] {dag.py:2273} INFO - Setting next_dagrun for example_external_task_marker_child to None
[2023-03-28 23:06:25,848] {logging_mixin.py:104} INFO - [2023-03-28 23:06:25,848] {dag.py:2273} INFO - Setting next_dagrun for example_external_task_marker_parent to None
[2023-03-28 23:06:25,871] {scheduler_job.py:190} INFO - Processing /home/airflow/.local/lib/python3.6/site-packages/airflow/example_dags/example_external_task_marker_dag.py took 0.174 seconds
[2023-03-28 23:06:56,136] {scheduler_job.py:182} INFO - Started process (PID=1045) to work on /home/airflow/.local/lib/python3.6/site-packages/airflow/example_dags/example_external_task_marker_dag.py
[2023-03-28 23:06:56,140] {scheduler_job.py:629} INFO - Processing file /home/airflow/.local/lib/python3.6/site-packages/airflow/example_dags/example_external_task_marker_dag.py for tasks to queue
[2023-03-28 23:06:56,142] {logging_mixin.py:104} INFO - [2023-03-28 23:06:56,142] {dagbag.py:448} INFO - Filling up the DagBag from /home/airflow/.local/lib/python3.6/site-packages/airflow/example_dags/example_external_task_marker_dag.py
[2023-03-28 23:06:56,182] {scheduler_job.py:639} INFO - DAG(s) dict_keys(['example_external_task_marker_parent', 'example_external_task_marker_child']) retrieved from /home/airflow/.local/lib/python3.6/site-packages/airflow/example_dags/example_external_task_marker_dag.py
[2023-03-28 23:06:56,242] {logging_mixin.py:104} INFO - [2023-03-28 23:06:56,242] {dag.py:1818} INFO - Sync 2 DAGs
[2023-03-28 23:06:56,284] {logging_mixin.py:104} INFO - [2023-03-28 23:06:56,284] {dag.py:2273} INFO - Setting next_dagrun for example_external_task_marker_child to None
[2023-03-28 23:06:56,287] {logging_mixin.py:104} INFO - [2023-03-28 23:06:56,287] {dag.py:2273} INFO - Setting next_dagrun for example_external_task_marker_parent to None
[2023-03-28 23:06:56,313] {scheduler_job.py:190} INFO - Processing /home/airflow/.local/lib/python3.6/site-packages/airflow/example_dags/example_external_task_marker_dag.py took 0.185 seconds
[2023-03-28 23:07:27,371] {scheduler_job.py:182} INFO - Started process (PID=1099) to work on /home/airflow/.local/lib/python3.6/site-packages/airflow/example_dags/example_external_task_marker_dag.py
[2023-03-28 23:07:27,374] {scheduler_job.py:629} INFO - Processing file /home/airflow/.local/lib/python3.6/site-packages/airflow/example_dags/example_external_task_marker_dag.py for tasks to queue
[2023-03-28 23:07:27,377] {logging_mixin.py:104} INFO - [2023-03-28 23:07:27,376] {dagbag.py:448} INFO - Filling up the DagBag from /home/airflow/.local/lib/python3.6/site-packages/airflow/example_dags/example_external_task_marker_dag.py
[2023-03-28 23:07:27,414] {scheduler_job.py:639} INFO - DAG(s) dict_keys(['example_external_task_marker_parent', 'example_external_task_marker_child']) retrieved from /home/airflow/.local/lib/python3.6/site-packages/airflow/example_dags/example_external_task_marker_dag.py
[2023-03-28 23:07:27,500] {logging_mixin.py:104} INFO - [2023-03-28 23:07:27,500] {dag.py:1818} INFO - Sync 2 DAGs
[2023-03-28 23:07:27,548] {logging_mixin.py:104} INFO - [2023-03-28 23:07:27,548] {dag.py:2273} INFO - Setting next_dagrun for example_external_task_marker_child to None
[2023-03-28 23:07:27,552] {logging_mixin.py:104} INFO - [2023-03-28 23:07:27,551] {dag.py:2273} INFO - Setting next_dagrun for example_external_task_marker_parent to None
[2023-03-28 23:07:27,580] {scheduler_job.py:190} INFO - Processing /home/airflow/.local/lib/python3.6/site-packages/airflow/example_dags/example_external_task_marker_dag.py took 0.217 seconds
[2023-03-28 23:07:58,505] {scheduler_job.py:182} INFO - Started process (PID=1153) to work on /home/airflow/.local/lib/python3.6/site-packages/airflow/example_dags/example_external_task_marker_dag.py
[2023-03-28 23:07:58,509] {scheduler_job.py:629} INFO - Processing file /home/airflow/.local/lib/python3.6/site-packages/airflow/example_dags/example_external_task_marker_dag.py for tasks to queue
[2023-03-28 23:07:58,511] {logging_mixin.py:104} INFO - [2023-03-28 23:07:58,510] {dagbag.py:448} INFO - Filling up the DagBag from /home/airflow/.local/lib/python3.6/site-packages/airflow/example_dags/example_external_task_marker_dag.py
[2023-03-28 23:07:58,544] {scheduler_job.py:639} INFO - DAG(s) dict_keys(['example_external_task_marker_parent', 'example_external_task_marker_child']) retrieved from /home/airflow/.local/lib/python3.6/site-packages/airflow/example_dags/example_external_task_marker_dag.py
[2023-03-28 23:07:58,605] {logging_mixin.py:104} INFO - [2023-03-28 23:07:58,605] {dag.py:1818} INFO - Sync 2 DAGs
[2023-03-28 23:07:58,649] {logging_mixin.py:104} INFO - [2023-03-28 23:07:58,649] {dag.py:2273} INFO - Setting next_dagrun for example_external_task_marker_child to None
[2023-03-28 23:07:58,652] {logging_mixin.py:104} INFO - [2023-03-28 23:07:58,652] {dag.py:2273} INFO - Setting next_dagrun for example_external_task_marker_parent to None
[2023-03-28 23:07:58,673] {scheduler_job.py:190} INFO - Processing /home/airflow/.local/lib/python3.6/site-packages/airflow/example_dags/example_external_task_marker_dag.py took 0.174 seconds
[2023-03-28 23:08:29,026] {scheduler_job.py:182} INFO - Started process (PID=1205) to work on /home/airflow/.local/lib/python3.6/site-packages/airflow/example_dags/example_external_task_marker_dag.py
[2023-03-28 23:08:29,029] {scheduler_job.py:629} INFO - Processing file /home/airflow/.local/lib/python3.6/site-packages/airflow/example_dags/example_external_task_marker_dag.py for tasks to queue
[2023-03-28 23:08:29,031] {logging_mixin.py:104} INFO - [2023-03-28 23:08:29,031] {dagbag.py:448} INFO - Filling up the DagBag from /home/airflow/.local/lib/python3.6/site-packages/airflow/example_dags/example_external_task_marker_dag.py
[2023-03-28 23:08:29,064] {scheduler_job.py:639} INFO - DAG(s) dict_keys(['example_external_task_marker_parent', 'example_external_task_marker_child']) retrieved from /home/airflow/.local/lib/python3.6/site-packages/airflow/example_dags/example_external_task_marker_dag.py
[2023-03-28 23:08:29,121] {logging_mixin.py:104} INFO - [2023-03-28 23:08:29,120] {dag.py:1818} INFO - Sync 2 DAGs
[2023-03-28 23:08:29,166] {logging_mixin.py:104} INFO - [2023-03-28 23:08:29,166] {dag.py:2273} INFO - Setting next_dagrun for example_external_task_marker_child to None
[2023-03-28 23:08:29,170] {logging_mixin.py:104} INFO - [2023-03-28 23:08:29,169] {dag.py:2273} INFO - Setting next_dagrun for example_external_task_marker_parent to None
[2023-03-28 23:08:29,191] {scheduler_job.py:190} INFO - Processing /home/airflow/.local/lib/python3.6/site-packages/airflow/example_dags/example_external_task_marker_dag.py took 0.172 seconds
[2023-03-28 23:08:59,697] {scheduler_job.py:182} INFO - Started process (PID=1259) to work on /home/airflow/.local/lib/python3.6/site-packages/airflow/example_dags/example_external_task_marker_dag.py
[2023-03-28 23:08:59,700] {scheduler_job.py:629} INFO - Processing file /home/airflow/.local/lib/python3.6/site-packages/airflow/example_dags/example_external_task_marker_dag.py for tasks to queue
[2023-03-28 23:08:59,702] {logging_mixin.py:104} INFO - [2023-03-28 23:08:59,702] {dagbag.py:448} INFO - Filling up the DagBag from /home/airflow/.local/lib/python3.6/site-packages/airflow/example_dags/example_external_task_marker_dag.py
[2023-03-28 23:08:59,736] {scheduler_job.py:639} INFO - DAG(s) dict_keys(['example_external_task_marker_parent', 'example_external_task_marker_child']) retrieved from /home/airflow/.local/lib/python3.6/site-packages/airflow/example_dags/example_external_task_marker_dag.py
[2023-03-28 23:08:59,800] {logging_mixin.py:104} INFO - [2023-03-28 23:08:59,800] {dag.py:1818} INFO - Sync 2 DAGs
[2023-03-28 23:08:59,855] {logging_mixin.py:104} INFO - [2023-03-28 23:08:59,854] {dag.py:2273} INFO - Setting next_dagrun for example_external_task_marker_child to None
[2023-03-28 23:08:59,858] {logging_mixin.py:104} INFO - [2023-03-28 23:08:59,858] {dag.py:2273} INFO - Setting next_dagrun for example_external_task_marker_parent to None
[2023-03-28 23:08:59,882] {scheduler_job.py:190} INFO - Processing /home/airflow/.local/lib/python3.6/site-packages/airflow/example_dags/example_external_task_marker_dag.py took 0.192 seconds
[2023-03-28 23:09:31,123] {scheduler_job.py:182} INFO - Started process (PID=1315) to work on /home/airflow/.local/lib/python3.6/site-packages/airflow/example_dags/example_external_task_marker_dag.py
[2023-03-28 23:09:31,127] {scheduler_job.py:629} INFO - Processing file /home/airflow/.local/lib/python3.6/site-packages/airflow/example_dags/example_external_task_marker_dag.py for tasks to queue
[2023-03-28 23:09:31,130] {logging_mixin.py:104} INFO - [2023-03-28 23:09:31,129] {dagbag.py:448} INFO - Filling up the DagBag from /home/airflow/.local/lib/python3.6/site-packages/airflow/example_dags/example_external_task_marker_dag.py
[2023-03-28 23:09:31,168] {scheduler_job.py:639} INFO - DAG(s) dict_keys(['example_external_task_marker_parent', 'example_external_task_marker_child']) retrieved from /home/airflow/.local/lib/python3.6/site-packages/airflow/example_dags/example_external_task_marker_dag.py
[2023-03-28 23:09:31,251] {logging_mixin.py:104} INFO - [2023-03-28 23:09:31,250] {dag.py:1818} INFO - Sync 2 DAGs
[2023-03-28 23:09:31,296] {logging_mixin.py:104} INFO - [2023-03-28 23:09:31,296] {dag.py:2273} INFO - Setting next_dagrun for example_external_task_marker_child to None
[2023-03-28 23:09:31,299] {logging_mixin.py:104} INFO - [2023-03-28 23:09:31,299] {dag.py:2273} INFO - Setting next_dagrun for example_external_task_marker_parent to None
[2023-03-28 23:09:31,328] {scheduler_job.py:190} INFO - Processing /home/airflow/.local/lib/python3.6/site-packages/airflow/example_dags/example_external_task_marker_dag.py took 0.212 seconds
[2023-03-28 23:10:01,630] {scheduler_job.py:182} INFO - Started process (PID=1371) to work on /home/airflow/.local/lib/python3.6/site-packages/airflow/example_dags/example_external_task_marker_dag.py
[2023-03-28 23:10:01,636] {scheduler_job.py:629} INFO - Processing file /home/airflow/.local/lib/python3.6/site-packages/airflow/example_dags/example_external_task_marker_dag.py for tasks to queue
[2023-03-28 23:10:01,638] {logging_mixin.py:104} INFO - [2023-03-28 23:10:01,638] {dagbag.py:448} INFO - Filling up the DagBag from /home/airflow/.local/lib/python3.6/site-packages/airflow/example_dags/example_external_task_marker_dag.py
[2023-03-28 23:10:01,676] {scheduler_job.py:639} INFO - DAG(s) dict_keys(['example_external_task_marker_parent', 'example_external_task_marker_child']) retrieved from /home/airflow/.local/lib/python3.6/site-packages/airflow/example_dags/example_external_task_marker_dag.py
[2023-03-28 23:10:01,749] {logging_mixin.py:104} INFO - [2023-03-28 23:10:01,749] {dag.py:1818} INFO - Sync 2 DAGs
[2023-03-28 23:10:01,797] {logging_mixin.py:104} INFO - [2023-03-28 23:10:01,796] {dag.py:2273} INFO - Setting next_dagrun for example_external_task_marker_child to None
[2023-03-28 23:10:01,800] {logging_mixin.py:104} INFO - [2023-03-28 23:10:01,799] {dag.py:2273} INFO - Setting next_dagrun for example_external_task_marker_parent to None
[2023-03-28 23:10:01,825] {scheduler_job.py:190} INFO - Processing /home/airflow/.local/lib/python3.6/site-packages/airflow/example_dags/example_external_task_marker_dag.py took 0.201 seconds
[2023-03-28 23:10:31,939] {scheduler_job.py:182} INFO - Started process (PID=1425) to work on /home/airflow/.local/lib/python3.6/site-packages/airflow/example_dags/example_external_task_marker_dag.py
[2023-03-28 23:10:31,944] {scheduler_job.py:629} INFO - Processing file /home/airflow/.local/lib/python3.6/site-packages/airflow/example_dags/example_external_task_marker_dag.py for tasks to queue
[2023-03-28 23:10:31,946] {logging_mixin.py:104} INFO - [2023-03-28 23:10:31,946] {dagbag.py:448} INFO - Filling up the DagBag from /home/airflow/.local/lib/python3.6/site-packages/airflow/example_dags/example_external_task_marker_dag.py
[2023-03-28 23:10:31,982] {scheduler_job.py:639} INFO - DAG(s) dict_keys(['example_external_task_marker_parent', 'example_external_task_marker_child']) retrieved from /home/airflow/.local/lib/python3.6/site-packages/airflow/example_dags/example_external_task_marker_dag.py
[2023-03-28 23:10:32,070] {logging_mixin.py:104} INFO - [2023-03-28 23:10:32,069] {dag.py:1818} INFO - Sync 2 DAGs
[2023-03-28 23:10:32,118] {logging_mixin.py:104} INFO - [2023-03-28 23:10:32,118] {dag.py:2273} INFO - Setting next_dagrun for example_external_task_marker_child to None
[2023-03-28 23:10:32,121] {logging_mixin.py:104} INFO - [2023-03-28 23:10:32,121] {dag.py:2273} INFO - Setting next_dagrun for example_external_task_marker_parent to None
[2023-03-28 23:10:32,149] {scheduler_job.py:190} INFO - Processing /home/airflow/.local/lib/python3.6/site-packages/airflow/example_dags/example_external_task_marker_dag.py took 0.216 seconds
[2023-03-28 23:11:02,697] {scheduler_job.py:182} INFO - Started process (PID=1479) to work on /home/airflow/.local/lib/python3.6/site-packages/airflow/example_dags/example_external_task_marker_dag.py
[2023-03-28 23:11:02,703] {scheduler_job.py:629} INFO - Processing file /home/airflow/.local/lib/python3.6/site-packages/airflow/example_dags/example_external_task_marker_dag.py for tasks to queue
[2023-03-28 23:11:02,721] {logging_mixin.py:104} INFO - [2023-03-28 23:11:02,719] {dagbag.py:448} INFO - Filling up the DagBag from /home/airflow/.local/lib/python3.6/site-packages/airflow/example_dags/example_external_task_marker_dag.py
[2023-03-28 23:11:02,803] {scheduler_job.py:639} INFO - DAG(s) dict_keys(['example_external_task_marker_parent', 'example_external_task_marker_child']) retrieved from /home/airflow/.local/lib/python3.6/site-packages/airflow/example_dags/example_external_task_marker_dag.py
[2023-03-28 23:11:02,909] {logging_mixin.py:104} INFO - [2023-03-28 23:11:02,909] {dag.py:1818} INFO - Sync 2 DAGs
[2023-03-28 23:11:02,952] {logging_mixin.py:104} INFO - [2023-03-28 23:11:02,952] {dag.py:2273} INFO - Setting next_dagrun for example_external_task_marker_child to None
[2023-03-28 23:11:02,956] {logging_mixin.py:104} INFO - [2023-03-28 23:11:02,955] {dag.py:2273} INFO - Setting next_dagrun for example_external_task_marker_parent to None
[2023-03-28 23:11:02,983] {scheduler_job.py:190} INFO - Processing /home/airflow/.local/lib/python3.6/site-packages/airflow/example_dags/example_external_task_marker_dag.py took 0.299 seconds
[2023-03-28 23:11:33,248] {scheduler_job.py:182} INFO - Started process (PID=1533) to work on /home/airflow/.local/lib/python3.6/site-packages/airflow/example_dags/example_external_task_marker_dag.py
[2023-03-28 23:11:33,251] {scheduler_job.py:629} INFO - Processing file /home/airflow/.local/lib/python3.6/site-packages/airflow/example_dags/example_external_task_marker_dag.py for tasks to queue
[2023-03-28 23:11:33,253] {logging_mixin.py:104} INFO - [2023-03-28 23:11:33,253] {dagbag.py:448} INFO - Filling up the DagBag from /home/airflow/.local/lib/python3.6/site-packages/airflow/example_dags/example_external_task_marker_dag.py
[2023-03-28 23:11:33,285] {scheduler_job.py:639} INFO - DAG(s) dict_keys(['example_external_task_marker_parent', 'example_external_task_marker_child']) retrieved from /home/airflow/.local/lib/python3.6/site-packages/airflow/example_dags/example_external_task_marker_dag.py
[2023-03-28 23:11:33,345] {logging_mixin.py:104} INFO - [2023-03-28 23:11:33,344] {dag.py:1818} INFO - Sync 2 DAGs
[2023-03-28 23:11:33,387] {logging_mixin.py:104} INFO - [2023-03-28 23:11:33,386] {dag.py:2273} INFO - Setting next_dagrun for example_external_task_marker_child to None
[2023-03-28 23:11:33,391] {logging_mixin.py:104} INFO - [2023-03-28 23:11:33,390] {dag.py:2273} INFO - Setting next_dagrun for example_external_task_marker_parent to None
[2023-03-28 23:11:33,417] {scheduler_job.py:190} INFO - Processing /home/airflow/.local/lib/python3.6/site-packages/airflow/example_dags/example_external_task_marker_dag.py took 0.175 seconds
[2023-03-28 23:12:03,863] {scheduler_job.py:182} INFO - Started process (PID=1587) to work on /home/airflow/.local/lib/python3.6/site-packages/airflow/example_dags/example_external_task_marker_dag.py
[2023-03-28 23:12:03,866] {scheduler_job.py:629} INFO - Processing file /home/airflow/.local/lib/python3.6/site-packages/airflow/example_dags/example_external_task_marker_dag.py for tasks to queue
[2023-03-28 23:12:03,868] {logging_mixin.py:104} INFO - [2023-03-28 23:12:03,868] {dagbag.py:448} INFO - Filling up the DagBag from /home/airflow/.local/lib/python3.6/site-packages/airflow/example_dags/example_external_task_marker_dag.py
[2023-03-28 23:12:03,901] {scheduler_job.py:639} INFO - DAG(s) dict_keys(['example_external_task_marker_parent', 'example_external_task_marker_child']) retrieved from /home/airflow/.local/lib/python3.6/site-packages/airflow/example_dags/example_external_task_marker_dag.py
[2023-03-28 23:12:03,978] {logging_mixin.py:104} INFO - [2023-03-28 23:12:03,978] {dag.py:1818} INFO - Sync 2 DAGs
[2023-03-28 23:12:04,022] {logging_mixin.py:104} INFO - [2023-03-28 23:12:04,022] {dag.py:2273} INFO - Setting next_dagrun for example_external_task_marker_child to None
[2023-03-28 23:12:04,025] {logging_mixin.py:104} INFO - [2023-03-28 23:12:04,025] {dag.py:2273} INFO - Setting next_dagrun for example_external_task_marker_parent to None
[2023-03-28 23:12:04,052] {scheduler_job.py:190} INFO - Processing /home/airflow/.local/lib/python3.6/site-packages/airflow/example_dags/example_external_task_marker_dag.py took 0.196 seconds
[2023-03-28 23:12:34,307] {scheduler_job.py:182} INFO - Started process (PID=1641) to work on /home/airflow/.local/lib/python3.6/site-packages/airflow/example_dags/example_external_task_marker_dag.py
[2023-03-28 23:12:34,310] {scheduler_job.py:629} INFO - Processing file /home/airflow/.local/lib/python3.6/site-packages/airflow/example_dags/example_external_task_marker_dag.py for tasks to queue
[2023-03-28 23:12:34,312] {logging_mixin.py:104} INFO - [2023-03-28 23:12:34,312] {dagbag.py:448} INFO - Filling up the DagBag from /home/airflow/.local/lib/python3.6/site-packages/airflow/example_dags/example_external_task_marker_dag.py
[2023-03-28 23:12:34,346] {scheduler_job.py:639} INFO - DAG(s) dict_keys(['example_external_task_marker_parent', 'example_external_task_marker_child']) retrieved from /home/airflow/.local/lib/python3.6/site-packages/airflow/example_dags/example_external_task_marker_dag.py
[2023-03-28 23:12:34,407] {logging_mixin.py:104} INFO - [2023-03-28 23:12:34,407] {dag.py:1818} INFO - Sync 2 DAGs
[2023-03-28 23:12:34,446] {logging_mixin.py:104} INFO - [2023-03-28 23:12:34,446] {dag.py:2273} INFO - Setting next_dagrun for example_external_task_marker_child to None
[2023-03-28 23:12:34,449] {logging_mixin.py:104} INFO - [2023-03-28 23:12:34,449] {dag.py:2273} INFO - Setting next_dagrun for example_external_task_marker_parent to None
[2023-03-28 23:12:34,471] {scheduler_job.py:190} INFO - Processing /home/airflow/.local/lib/python3.6/site-packages/airflow/example_dags/example_external_task_marker_dag.py took 0.171 seconds
[2023-03-28 23:13:04,869] {scheduler_job.py:182} INFO - Started process (PID=1689) to work on /home/airflow/.local/lib/python3.6/site-packages/airflow/example_dags/example_external_task_marker_dag.py
[2023-03-28 23:13:04,873] {scheduler_job.py:629} INFO - Processing file /home/airflow/.local/lib/python3.6/site-packages/airflow/example_dags/example_external_task_marker_dag.py for tasks to queue
[2023-03-28 23:13:04,876] {logging_mixin.py:104} INFO - [2023-03-28 23:13:04,876] {dagbag.py:448} INFO - Filling up the DagBag from /home/airflow/.local/lib/python3.6/site-packages/airflow/example_dags/example_external_task_marker_dag.py
[2023-03-28 23:13:04,923] {scheduler_job.py:639} INFO - DAG(s) dict_keys(['example_external_task_marker_parent', 'example_external_task_marker_child']) retrieved from /home/airflow/.local/lib/python3.6/site-packages/airflow/example_dags/example_external_task_marker_dag.py
[2023-03-28 23:13:05,003] {logging_mixin.py:104} INFO - [2023-03-28 23:13:05,002] {dag.py:1818} INFO - Sync 2 DAGs
[2023-03-28 23:13:05,047] {logging_mixin.py:104} INFO - [2023-03-28 23:13:05,046] {dag.py:2273} INFO - Setting next_dagrun for example_external_task_marker_child to None
[2023-03-28 23:13:05,050] {logging_mixin.py:104} INFO - [2023-03-28 23:13:05,050] {dag.py:2273} INFO - Setting next_dagrun for example_external_task_marker_parent to None
[2023-03-28 23:13:05,079] {scheduler_job.py:190} INFO - Processing /home/airflow/.local/lib/python3.6/site-packages/airflow/example_dags/example_external_task_marker_dag.py took 0.218 seconds
