[2023-03-28 22:52:23,710] {scheduler_job.py:182} INFO - Started process (PID=48) to work on /home/airflow/.local/lib/python3.6/site-packages/airflow/example_dags/example_trigger_controller_dag.py
[2023-03-28 22:52:23,718] {scheduler_job.py:629} INFO - Processing file /home/airflow/.local/lib/python3.6/site-packages/airflow/example_dags/example_trigger_controller_dag.py for tasks to queue
[2023-03-28 22:52:23,725] {logging_mixin.py:104} INFO - [2023-03-28 22:52:23,725] {dagbag.py:448} INFO - Filling up the DagBag from /home/airflow/.local/lib/python3.6/site-packages/airflow/example_dags/example_trigger_controller_dag.py
[2023-03-28 22:52:23,797] {scheduler_job.py:639} INFO - DAG(s) dict_keys(['example_trigger_controller_dag']) retrieved from /home/airflow/.local/lib/python3.6/site-packages/airflow/example_dags/example_trigger_controller_dag.py
[2023-03-28 22:52:23,856] {logging_mixin.py:104} INFO - [2023-03-28 22:52:23,856] {dag.py:1818} INFO - Sync 1 DAGs
[2023-03-28 22:52:23,901] {logging_mixin.py:104} INFO - [2023-03-28 22:52:23,900] {dag.py:1837} INFO - Creating ORM DAG for example_trigger_controller_dag
[2023-03-28 22:52:23,957] {logging_mixin.py:104} INFO - [2023-03-28 22:52:23,956] {dag.py:2273} INFO - Setting next_dagrun for example_trigger_controller_dag to 2023-03-26 00:00:00+00:00
[2023-03-28 22:52:24,047] {scheduler_job.py:190} INFO - Processing /home/airflow/.local/lib/python3.6/site-packages/airflow/example_dags/example_trigger_controller_dag.py took 0.347 seconds
[2023-03-28 22:52:55,113] {scheduler_job.py:182} INFO - Started process (PID=102) to work on /home/airflow/.local/lib/python3.6/site-packages/airflow/example_dags/example_trigger_controller_dag.py
[2023-03-28 22:52:55,126] {scheduler_job.py:629} INFO - Processing file /home/airflow/.local/lib/python3.6/site-packages/airflow/example_dags/example_trigger_controller_dag.py for tasks to queue
[2023-03-28 22:52:55,136] {logging_mixin.py:104} INFO - [2023-03-28 22:52:55,136] {dagbag.py:448} INFO - Filling up the DagBag from /home/airflow/.local/lib/python3.6/site-packages/airflow/example_dags/example_trigger_controller_dag.py
[2023-03-28 22:52:55,208] {scheduler_job.py:639} INFO - DAG(s) dict_keys(['example_trigger_controller_dag']) retrieved from /home/airflow/.local/lib/python3.6/site-packages/airflow/example_dags/example_trigger_controller_dag.py
[2023-03-28 22:52:55,324] {logging_mixin.py:104} INFO - [2023-03-28 22:52:55,323] {dag.py:1818} INFO - Sync 1 DAGs
[2023-03-28 22:52:55,431] {logging_mixin.py:104} INFO - [2023-03-28 22:52:55,429] {dag.py:2273} INFO - Setting next_dagrun for example_trigger_controller_dag to 2023-03-26 00:00:00+00:00
[2023-03-28 22:52:55,477] {scheduler_job.py:190} INFO - Processing /home/airflow/.local/lib/python3.6/site-packages/airflow/example_dags/example_trigger_controller_dag.py took 0.381 seconds
[2023-03-28 22:53:26,272] {scheduler_job.py:182} INFO - Started process (PID=156) to work on /home/airflow/.local/lib/python3.6/site-packages/airflow/example_dags/example_trigger_controller_dag.py
[2023-03-28 22:53:26,287] {scheduler_job.py:629} INFO - Processing file /home/airflow/.local/lib/python3.6/site-packages/airflow/example_dags/example_trigger_controller_dag.py for tasks to queue
[2023-03-28 22:53:26,323] {logging_mixin.py:104} INFO - [2023-03-28 22:53:26,323] {dagbag.py:448} INFO - Filling up the DagBag from /home/airflow/.local/lib/python3.6/site-packages/airflow/example_dags/example_trigger_controller_dag.py
[2023-03-28 22:53:26,493] {scheduler_job.py:639} INFO - DAG(s) dict_keys(['example_trigger_controller_dag']) retrieved from /home/airflow/.local/lib/python3.6/site-packages/airflow/example_dags/example_trigger_controller_dag.py
[2023-03-28 22:53:26,791] {logging_mixin.py:104} INFO - [2023-03-28 22:53:26,791] {dag.py:1818} INFO - Sync 1 DAGs
[2023-03-28 22:53:27,006] {logging_mixin.py:104} INFO - [2023-03-28 22:53:27,005] {dag.py:2273} INFO - Setting next_dagrun for example_trigger_controller_dag to 2023-03-26 00:00:00+00:00
[2023-03-28 22:53:27,142] {scheduler_job.py:190} INFO - Processing /home/airflow/.local/lib/python3.6/site-packages/airflow/example_dags/example_trigger_controller_dag.py took 0.946 seconds
[2023-03-28 22:53:57,681] {scheduler_job.py:182} INFO - Started process (PID=210) to work on /home/airflow/.local/lib/python3.6/site-packages/airflow/example_dags/example_trigger_controller_dag.py
[2023-03-28 22:53:57,697] {scheduler_job.py:629} INFO - Processing file /home/airflow/.local/lib/python3.6/site-packages/airflow/example_dags/example_trigger_controller_dag.py for tasks to queue
[2023-03-28 22:53:57,702] {logging_mixin.py:104} INFO - [2023-03-28 22:53:57,701] {dagbag.py:448} INFO - Filling up the DagBag from /home/airflow/.local/lib/python3.6/site-packages/airflow/example_dags/example_trigger_controller_dag.py
[2023-03-28 22:53:57,815] {scheduler_job.py:639} INFO - DAG(s) dict_keys(['example_trigger_controller_dag']) retrieved from /home/airflow/.local/lib/python3.6/site-packages/airflow/example_dags/example_trigger_controller_dag.py
[2023-03-28 22:53:57,932] {logging_mixin.py:104} INFO - [2023-03-28 22:53:57,932] {dag.py:1818} INFO - Sync 1 DAGs
[2023-03-28 22:53:58,015] {logging_mixin.py:104} INFO - [2023-03-28 22:53:58,014] {dag.py:2273} INFO - Setting next_dagrun for example_trigger_controller_dag to 2023-03-26 00:00:00+00:00
[2023-03-28 22:53:58,047] {scheduler_job.py:190} INFO - Processing /home/airflow/.local/lib/python3.6/site-packages/airflow/example_dags/example_trigger_controller_dag.py took 0.397 seconds
[2023-03-28 22:54:28,862] {scheduler_job.py:182} INFO - Started process (PID=264) to work on /home/airflow/.local/lib/python3.6/site-packages/airflow/example_dags/example_trigger_controller_dag.py
[2023-03-28 22:54:28,866] {scheduler_job.py:629} INFO - Processing file /home/airflow/.local/lib/python3.6/site-packages/airflow/example_dags/example_trigger_controller_dag.py for tasks to queue
[2023-03-28 22:54:28,868] {logging_mixin.py:104} INFO - [2023-03-28 22:54:28,868] {dagbag.py:448} INFO - Filling up the DagBag from /home/airflow/.local/lib/python3.6/site-packages/airflow/example_dags/example_trigger_controller_dag.py
[2023-03-28 22:54:28,920] {scheduler_job.py:639} INFO - DAG(s) dict_keys(['example_trigger_controller_dag']) retrieved from /home/airflow/.local/lib/python3.6/site-packages/airflow/example_dags/example_trigger_controller_dag.py
[2023-03-28 22:54:28,994] {logging_mixin.py:104} INFO - [2023-03-28 22:54:28,993] {dag.py:1818} INFO - Sync 1 DAGs
[2023-03-28 22:54:29,060] {logging_mixin.py:104} INFO - [2023-03-28 22:54:29,058] {dag.py:2273} INFO - Setting next_dagrun for example_trigger_controller_dag to 2023-03-26 00:00:00+00:00
[2023-03-28 22:54:29,109] {scheduler_job.py:190} INFO - Processing /home/airflow/.local/lib/python3.6/site-packages/airflow/example_dags/example_trigger_controller_dag.py took 0.259 seconds
[2023-03-28 22:54:59,208] {scheduler_job.py:182} INFO - Started process (PID=318) to work on /home/airflow/.local/lib/python3.6/site-packages/airflow/example_dags/example_trigger_controller_dag.py
[2023-03-28 22:54:59,214] {scheduler_job.py:629} INFO - Processing file /home/airflow/.local/lib/python3.6/site-packages/airflow/example_dags/example_trigger_controller_dag.py for tasks to queue
[2023-03-28 22:54:59,217] {logging_mixin.py:104} INFO - [2023-03-28 22:54:59,217] {dagbag.py:448} INFO - Filling up the DagBag from /home/airflow/.local/lib/python3.6/site-packages/airflow/example_dags/example_trigger_controller_dag.py
[2023-03-28 22:54:59,295] {scheduler_job.py:639} INFO - DAG(s) dict_keys(['example_trigger_controller_dag']) retrieved from /home/airflow/.local/lib/python3.6/site-packages/airflow/example_dags/example_trigger_controller_dag.py
[2023-03-28 22:54:59,375] {logging_mixin.py:104} INFO - [2023-03-28 22:54:59,374] {dag.py:1818} INFO - Sync 1 DAGs
[2023-03-28 22:54:59,452] {logging_mixin.py:104} INFO - [2023-03-28 22:54:59,451] {dag.py:2273} INFO - Setting next_dagrun for example_trigger_controller_dag to 2023-03-26 00:00:00+00:00
[2023-03-28 22:54:59,480] {scheduler_job.py:190} INFO - Processing /home/airflow/.local/lib/python3.6/site-packages/airflow/example_dags/example_trigger_controller_dag.py took 0.280 seconds
[2023-03-28 22:55:29,710] {scheduler_job.py:182} INFO - Started process (PID=372) to work on /home/airflow/.local/lib/python3.6/site-packages/airflow/example_dags/example_trigger_controller_dag.py
[2023-03-28 22:55:29,717] {scheduler_job.py:629} INFO - Processing file /home/airflow/.local/lib/python3.6/site-packages/airflow/example_dags/example_trigger_controller_dag.py for tasks to queue
[2023-03-28 22:55:29,723] {logging_mixin.py:104} INFO - [2023-03-28 22:55:29,722] {dagbag.py:448} INFO - Filling up the DagBag from /home/airflow/.local/lib/python3.6/site-packages/airflow/example_dags/example_trigger_controller_dag.py
[2023-03-28 22:55:29,779] {scheduler_job.py:639} INFO - DAG(s) dict_keys(['example_trigger_controller_dag']) retrieved from /home/airflow/.local/lib/python3.6/site-packages/airflow/example_dags/example_trigger_controller_dag.py
[2023-03-28 22:55:29,876] {logging_mixin.py:104} INFO - [2023-03-28 22:55:29,875] {dag.py:1818} INFO - Sync 1 DAGs
[2023-03-28 22:55:29,939] {logging_mixin.py:104} INFO - [2023-03-28 22:55:29,938] {dag.py:2273} INFO - Setting next_dagrun for example_trigger_controller_dag to 2023-03-26 00:00:00+00:00
[2023-03-28 22:55:29,973] {scheduler_job.py:190} INFO - Processing /home/airflow/.local/lib/python3.6/site-packages/airflow/example_dags/example_trigger_controller_dag.py took 0.280 seconds
[2023-03-28 22:56:00,555] {scheduler_job.py:182} INFO - Started process (PID=426) to work on /home/airflow/.local/lib/python3.6/site-packages/airflow/example_dags/example_trigger_controller_dag.py
[2023-03-28 22:56:00,562] {scheduler_job.py:629} INFO - Processing file /home/airflow/.local/lib/python3.6/site-packages/airflow/example_dags/example_trigger_controller_dag.py for tasks to queue
[2023-03-28 22:56:00,568] {logging_mixin.py:104} INFO - [2023-03-28 22:56:00,567] {dagbag.py:448} INFO - Filling up the DagBag from /home/airflow/.local/lib/python3.6/site-packages/airflow/example_dags/example_trigger_controller_dag.py
[2023-03-28 22:56:00,680] {scheduler_job.py:639} INFO - DAG(s) dict_keys(['example_trigger_controller_dag']) retrieved from /home/airflow/.local/lib/python3.6/site-packages/airflow/example_dags/example_trigger_controller_dag.py
[2023-03-28 22:56:00,782] {logging_mixin.py:104} INFO - [2023-03-28 22:56:00,782] {dag.py:1818} INFO - Sync 1 DAGs
[2023-03-28 22:56:00,845] {logging_mixin.py:104} INFO - [2023-03-28 22:56:00,844] {dag.py:2273} INFO - Setting next_dagrun for example_trigger_controller_dag to 2023-03-26 00:00:00+00:00
[2023-03-28 22:56:00,874] {scheduler_job.py:190} INFO - Processing /home/airflow/.local/lib/python3.6/site-packages/airflow/example_dags/example_trigger_controller_dag.py took 0.339 seconds
[2023-03-28 22:56:31,236] {scheduler_job.py:182} INFO - Started process (PID=480) to work on /home/airflow/.local/lib/python3.6/site-packages/airflow/example_dags/example_trigger_controller_dag.py
[2023-03-28 22:56:31,241] {scheduler_job.py:629} INFO - Processing file /home/airflow/.local/lib/python3.6/site-packages/airflow/example_dags/example_trigger_controller_dag.py for tasks to queue
[2023-03-28 22:56:31,245] {logging_mixin.py:104} INFO - [2023-03-28 22:56:31,244] {dagbag.py:448} INFO - Filling up the DagBag from /home/airflow/.local/lib/python3.6/site-packages/airflow/example_dags/example_trigger_controller_dag.py
[2023-03-28 22:56:31,330] {scheduler_job.py:639} INFO - DAG(s) dict_keys(['example_trigger_controller_dag']) retrieved from /home/airflow/.local/lib/python3.6/site-packages/airflow/example_dags/example_trigger_controller_dag.py
[2023-03-28 22:56:31,422] {logging_mixin.py:104} INFO - [2023-03-28 22:56:31,421] {dag.py:1818} INFO - Sync 1 DAGs
[2023-03-28 22:56:31,487] {logging_mixin.py:104} INFO - [2023-03-28 22:56:31,486] {dag.py:2273} INFO - Setting next_dagrun for example_trigger_controller_dag to 2023-03-26 00:00:00+00:00
[2023-03-28 22:56:31,532] {scheduler_job.py:190} INFO - Processing /home/airflow/.local/lib/python3.6/site-packages/airflow/example_dags/example_trigger_controller_dag.py took 0.304 seconds
[2023-03-28 22:57:01,779] {scheduler_job.py:182} INFO - Started process (PID=534) to work on /home/airflow/.local/lib/python3.6/site-packages/airflow/example_dags/example_trigger_controller_dag.py
[2023-03-28 22:57:01,784] {scheduler_job.py:629} INFO - Processing file /home/airflow/.local/lib/python3.6/site-packages/airflow/example_dags/example_trigger_controller_dag.py for tasks to queue
[2023-03-28 22:57:01,787] {logging_mixin.py:104} INFO - [2023-03-28 22:57:01,787] {dagbag.py:448} INFO - Filling up the DagBag from /home/airflow/.local/lib/python3.6/site-packages/airflow/example_dags/example_trigger_controller_dag.py
[2023-03-28 22:57:01,859] {scheduler_job.py:639} INFO - DAG(s) dict_keys(['example_trigger_controller_dag']) retrieved from /home/airflow/.local/lib/python3.6/site-packages/airflow/example_dags/example_trigger_controller_dag.py
[2023-03-28 22:57:01,920] {logging_mixin.py:104} INFO - [2023-03-28 22:57:01,920] {dag.py:1818} INFO - Sync 1 DAGs
[2023-03-28 22:57:01,988] {logging_mixin.py:104} INFO - [2023-03-28 22:57:01,987] {dag.py:2273} INFO - Setting next_dagrun for example_trigger_controller_dag to 2023-03-26 00:00:00+00:00
[2023-03-28 22:57:02,016] {scheduler_job.py:190} INFO - Processing /home/airflow/.local/lib/python3.6/site-packages/airflow/example_dags/example_trigger_controller_dag.py took 0.252 seconds
[2023-03-28 22:57:46,857] {scheduler_job.py:182} INFO - Started process (PID=89) to work on /home/airflow/.local/lib/python3.6/site-packages/airflow/example_dags/example_trigger_controller_dag.py
[2023-03-28 22:57:46,861] {scheduler_job.py:629} INFO - Processing file /home/airflow/.local/lib/python3.6/site-packages/airflow/example_dags/example_trigger_controller_dag.py for tasks to queue
[2023-03-28 22:57:46,864] {logging_mixin.py:104} INFO - [2023-03-28 22:57:46,863] {dagbag.py:448} INFO - Filling up the DagBag from /home/airflow/.local/lib/python3.6/site-packages/airflow/example_dags/example_trigger_controller_dag.py
[2023-03-28 22:57:46,900] {scheduler_job.py:639} INFO - DAG(s) dict_keys(['example_trigger_controller_dag']) retrieved from /home/airflow/.local/lib/python3.6/site-packages/airflow/example_dags/example_trigger_controller_dag.py
[2023-03-28 22:57:46,973] {logging_mixin.py:104} INFO - [2023-03-28 22:57:46,972] {dag.py:1818} INFO - Sync 1 DAGs
[2023-03-28 22:57:47,039] {logging_mixin.py:104} INFO - [2023-03-28 22:57:47,038] {dag.py:2273} INFO - Setting next_dagrun for example_trigger_controller_dag to 2023-03-26 00:00:00+00:00
[2023-03-28 22:57:47,066] {scheduler_job.py:190} INFO - Processing /home/airflow/.local/lib/python3.6/site-packages/airflow/example_dags/example_trigger_controller_dag.py took 0.218 seconds
[2023-03-28 22:58:18,820] {scheduler_job.py:182} INFO - Started process (PID=147) to work on /home/airflow/.local/lib/python3.6/site-packages/airflow/example_dags/example_trigger_controller_dag.py
[2023-03-28 22:58:18,826] {scheduler_job.py:629} INFO - Processing file /home/airflow/.local/lib/python3.6/site-packages/airflow/example_dags/example_trigger_controller_dag.py for tasks to queue
[2023-03-28 22:58:18,830] {logging_mixin.py:104} INFO - [2023-03-28 22:58:18,830] {dagbag.py:448} INFO - Filling up the DagBag from /home/airflow/.local/lib/python3.6/site-packages/airflow/example_dags/example_trigger_controller_dag.py
[2023-03-28 22:58:18,888] {scheduler_job.py:639} INFO - DAG(s) dict_keys(['example_trigger_controller_dag']) retrieved from /home/airflow/.local/lib/python3.6/site-packages/airflow/example_dags/example_trigger_controller_dag.py
[2023-03-28 22:58:19,012] {logging_mixin.py:104} INFO - [2023-03-28 22:58:19,012] {dag.py:1818} INFO - Sync 1 DAGs
[2023-03-28 22:58:19,106] {logging_mixin.py:104} INFO - [2023-03-28 22:58:19,105] {dag.py:2273} INFO - Setting next_dagrun for example_trigger_controller_dag to 2023-03-26 00:00:00+00:00
[2023-03-28 22:58:19,148] {scheduler_job.py:190} INFO - Processing /home/airflow/.local/lib/python3.6/site-packages/airflow/example_dags/example_trigger_controller_dag.py took 0.342 seconds
[2023-03-28 22:58:49,548] {scheduler_job.py:182} INFO - Started process (PID=201) to work on /home/airflow/.local/lib/python3.6/site-packages/airflow/example_dags/example_trigger_controller_dag.py
[2023-03-28 22:58:49,562] {scheduler_job.py:629} INFO - Processing file /home/airflow/.local/lib/python3.6/site-packages/airflow/example_dags/example_trigger_controller_dag.py for tasks to queue
[2023-03-28 22:58:49,569] {logging_mixin.py:104} INFO - [2023-03-28 22:58:49,567] {dagbag.py:448} INFO - Filling up the DagBag from /home/airflow/.local/lib/python3.6/site-packages/airflow/example_dags/example_trigger_controller_dag.py
[2023-03-28 22:58:49,607] {scheduler_job.py:639} INFO - DAG(s) dict_keys(['example_trigger_controller_dag']) retrieved from /home/airflow/.local/lib/python3.6/site-packages/airflow/example_dags/example_trigger_controller_dag.py
[2023-03-28 22:58:49,666] {logging_mixin.py:104} INFO - [2023-03-28 22:58:49,666] {dag.py:1818} INFO - Sync 1 DAGs
[2023-03-28 22:58:49,749] {logging_mixin.py:104} INFO - [2023-03-28 22:58:49,749] {dag.py:2273} INFO - Setting next_dagrun for example_trigger_controller_dag to 2023-03-26 00:00:00+00:00
[2023-03-28 22:58:49,800] {scheduler_job.py:190} INFO - Processing /home/airflow/.local/lib/python3.6/site-packages/airflow/example_dags/example_trigger_controller_dag.py took 0.259 seconds
[2023-03-28 22:59:20,362] {scheduler_job.py:182} INFO - Started process (PID=257) to work on /home/airflow/.local/lib/python3.6/site-packages/airflow/example_dags/example_trigger_controller_dag.py
[2023-03-28 22:59:20,365] {scheduler_job.py:629} INFO - Processing file /home/airflow/.local/lib/python3.6/site-packages/airflow/example_dags/example_trigger_controller_dag.py for tasks to queue
[2023-03-28 22:59:20,368] {logging_mixin.py:104} INFO - [2023-03-28 22:59:20,367] {dagbag.py:448} INFO - Filling up the DagBag from /home/airflow/.local/lib/python3.6/site-packages/airflow/example_dags/example_trigger_controller_dag.py
[2023-03-28 22:59:20,398] {scheduler_job.py:639} INFO - DAG(s) dict_keys(['example_trigger_controller_dag']) retrieved from /home/airflow/.local/lib/python3.6/site-packages/airflow/example_dags/example_trigger_controller_dag.py
[2023-03-28 22:59:20,450] {logging_mixin.py:104} INFO - [2023-03-28 22:59:20,449] {dag.py:1818} INFO - Sync 1 DAGs
[2023-03-28 22:59:20,507] {logging_mixin.py:104} INFO - [2023-03-28 22:59:20,506] {dag.py:2273} INFO - Setting next_dagrun for example_trigger_controller_dag to 2023-03-26 00:00:00+00:00
[2023-03-28 22:59:20,533] {scheduler_job.py:190} INFO - Processing /home/airflow/.local/lib/python3.6/site-packages/airflow/example_dags/example_trigger_controller_dag.py took 0.179 seconds
[2023-03-28 22:59:50,757] {scheduler_job.py:182} INFO - Started process (PID=307) to work on /home/airflow/.local/lib/python3.6/site-packages/airflow/example_dags/example_trigger_controller_dag.py
[2023-03-28 22:59:50,760] {scheduler_job.py:629} INFO - Processing file /home/airflow/.local/lib/python3.6/site-packages/airflow/example_dags/example_trigger_controller_dag.py for tasks to queue
[2023-03-28 22:59:50,762] {logging_mixin.py:104} INFO - [2023-03-28 22:59:50,762] {dagbag.py:448} INFO - Filling up the DagBag from /home/airflow/.local/lib/python3.6/site-packages/airflow/example_dags/example_trigger_controller_dag.py
[2023-03-28 22:59:50,792] {scheduler_job.py:639} INFO - DAG(s) dict_keys(['example_trigger_controller_dag']) retrieved from /home/airflow/.local/lib/python3.6/site-packages/airflow/example_dags/example_trigger_controller_dag.py
[2023-03-28 22:59:50,843] {logging_mixin.py:104} INFO - [2023-03-28 22:59:50,843] {dag.py:1818} INFO - Sync 1 DAGs
[2023-03-28 22:59:50,900] {logging_mixin.py:104} INFO - [2023-03-28 22:59:50,899] {dag.py:2273} INFO - Setting next_dagrun for example_trigger_controller_dag to 2023-03-26 00:00:00+00:00
[2023-03-28 22:59:50,927] {scheduler_job.py:190} INFO - Processing /home/airflow/.local/lib/python3.6/site-packages/airflow/example_dags/example_trigger_controller_dag.py took 0.176 seconds
[2023-03-28 23:00:21,183] {scheduler_job.py:182} INFO - Started process (PID=361) to work on /home/airflow/.local/lib/python3.6/site-packages/airflow/example_dags/example_trigger_controller_dag.py
[2023-03-28 23:00:21,187] {scheduler_job.py:629} INFO - Processing file /home/airflow/.local/lib/python3.6/site-packages/airflow/example_dags/example_trigger_controller_dag.py for tasks to queue
[2023-03-28 23:00:21,191] {logging_mixin.py:104} INFO - [2023-03-28 23:00:21,190] {dagbag.py:448} INFO - Filling up the DagBag from /home/airflow/.local/lib/python3.6/site-packages/airflow/example_dags/example_trigger_controller_dag.py
[2023-03-28 23:00:21,222] {scheduler_job.py:639} INFO - DAG(s) dict_keys(['example_trigger_controller_dag']) retrieved from /home/airflow/.local/lib/python3.6/site-packages/airflow/example_dags/example_trigger_controller_dag.py
[2023-03-28 23:00:21,269] {logging_mixin.py:104} INFO - [2023-03-28 23:00:21,268] {dag.py:1818} INFO - Sync 1 DAGs
[2023-03-28 23:00:21,369] {logging_mixin.py:104} INFO - [2023-03-28 23:00:21,364] {dag.py:2273} INFO - Setting next_dagrun for example_trigger_controller_dag to 2023-03-26 00:00:00+00:00
[2023-03-28 23:00:21,467] {scheduler_job.py:190} INFO - Processing /home/airflow/.local/lib/python3.6/site-packages/airflow/example_dags/example_trigger_controller_dag.py took 0.291 seconds
[2023-03-28 23:00:51,732] {scheduler_job.py:182} INFO - Started process (PID=415) to work on /home/airflow/.local/lib/python3.6/site-packages/airflow/example_dags/example_trigger_controller_dag.py
[2023-03-28 23:00:51,737] {scheduler_job.py:629} INFO - Processing file /home/airflow/.local/lib/python3.6/site-packages/airflow/example_dags/example_trigger_controller_dag.py for tasks to queue
[2023-03-28 23:00:51,741] {logging_mixin.py:104} INFO - [2023-03-28 23:00:51,740] {dagbag.py:448} INFO - Filling up the DagBag from /home/airflow/.local/lib/python3.6/site-packages/airflow/example_dags/example_trigger_controller_dag.py
[2023-03-28 23:00:51,791] {scheduler_job.py:639} INFO - DAG(s) dict_keys(['example_trigger_controller_dag']) retrieved from /home/airflow/.local/lib/python3.6/site-packages/airflow/example_dags/example_trigger_controller_dag.py
[2023-03-28 23:00:51,844] {logging_mixin.py:104} INFO - [2023-03-28 23:00:51,844] {dag.py:1818} INFO - Sync 1 DAGs
[2023-03-28 23:00:51,891] {logging_mixin.py:104} INFO - [2023-03-28 23:00:51,890] {dag.py:2273} INFO - Setting next_dagrun for example_trigger_controller_dag to 2023-03-26 00:00:00+00:00
[2023-03-28 23:00:51,921] {scheduler_job.py:190} INFO - Processing /home/airflow/.local/lib/python3.6/site-packages/airflow/example_dags/example_trigger_controller_dag.py took 0.204 seconds
[2023-03-28 23:01:22,420] {scheduler_job.py:182} INFO - Started process (PID=469) to work on /home/airflow/.local/lib/python3.6/site-packages/airflow/example_dags/example_trigger_controller_dag.py
[2023-03-28 23:01:22,424] {scheduler_job.py:629} INFO - Processing file /home/airflow/.local/lib/python3.6/site-packages/airflow/example_dags/example_trigger_controller_dag.py for tasks to queue
[2023-03-28 23:01:22,427] {logging_mixin.py:104} INFO - [2023-03-28 23:01:22,426] {dagbag.py:448} INFO - Filling up the DagBag from /home/airflow/.local/lib/python3.6/site-packages/airflow/example_dags/example_trigger_controller_dag.py
[2023-03-28 23:01:22,457] {scheduler_job.py:639} INFO - DAG(s) dict_keys(['example_trigger_controller_dag']) retrieved from /home/airflow/.local/lib/python3.6/site-packages/airflow/example_dags/example_trigger_controller_dag.py
[2023-03-28 23:01:22,503] {logging_mixin.py:104} INFO - [2023-03-28 23:01:22,503] {dag.py:1818} INFO - Sync 1 DAGs
[2023-03-28 23:01:22,547] {logging_mixin.py:104} INFO - [2023-03-28 23:01:22,546] {dag.py:2273} INFO - Setting next_dagrun for example_trigger_controller_dag to 2023-03-26 00:00:00+00:00
[2023-03-28 23:01:22,569] {scheduler_job.py:190} INFO - Processing /home/airflow/.local/lib/python3.6/site-packages/airflow/example_dags/example_trigger_controller_dag.py took 0.158 seconds
[2023-03-28 23:01:52,729] {scheduler_job.py:182} INFO - Started process (PID=523) to work on /home/airflow/.local/lib/python3.6/site-packages/airflow/example_dags/example_trigger_controller_dag.py
[2023-03-28 23:01:52,733] {scheduler_job.py:629} INFO - Processing file /home/airflow/.local/lib/python3.6/site-packages/airflow/example_dags/example_trigger_controller_dag.py for tasks to queue
[2023-03-28 23:01:52,736] {logging_mixin.py:104} INFO - [2023-03-28 23:01:52,735] {dagbag.py:448} INFO - Filling up the DagBag from /home/airflow/.local/lib/python3.6/site-packages/airflow/example_dags/example_trigger_controller_dag.py
[2023-03-28 23:01:52,776] {scheduler_job.py:639} INFO - DAG(s) dict_keys(['example_trigger_controller_dag']) retrieved from /home/airflow/.local/lib/python3.6/site-packages/airflow/example_dags/example_trigger_controller_dag.py
[2023-03-28 23:01:52,826] {logging_mixin.py:104} INFO - [2023-03-28 23:01:52,825] {dag.py:1818} INFO - Sync 1 DAGs
[2023-03-28 23:01:52,871] {logging_mixin.py:104} INFO - [2023-03-28 23:01:52,871] {dag.py:2273} INFO - Setting next_dagrun for example_trigger_controller_dag to 2023-03-26 00:00:00+00:00
[2023-03-28 23:01:52,894] {scheduler_job.py:190} INFO - Processing /home/airflow/.local/lib/python3.6/site-packages/airflow/example_dags/example_trigger_controller_dag.py took 0.172 seconds
[2023-03-28 23:02:23,526] {scheduler_job.py:182} INFO - Started process (PID=581) to work on /home/airflow/.local/lib/python3.6/site-packages/airflow/example_dags/example_trigger_controller_dag.py
[2023-03-28 23:02:23,530] {scheduler_job.py:629} INFO - Processing file /home/airflow/.local/lib/python3.6/site-packages/airflow/example_dags/example_trigger_controller_dag.py for tasks to queue
[2023-03-28 23:02:23,533] {logging_mixin.py:104} INFO - [2023-03-28 23:02:23,532] {dagbag.py:448} INFO - Filling up the DagBag from /home/airflow/.local/lib/python3.6/site-packages/airflow/example_dags/example_trigger_controller_dag.py
[2023-03-28 23:02:23,566] {scheduler_job.py:639} INFO - DAG(s) dict_keys(['example_trigger_controller_dag']) retrieved from /home/airflow/.local/lib/python3.6/site-packages/airflow/example_dags/example_trigger_controller_dag.py
[2023-03-28 23:02:23,617] {logging_mixin.py:104} INFO - [2023-03-28 23:02:23,616] {dag.py:1818} INFO - Sync 1 DAGs
[2023-03-28 23:02:23,658] {logging_mixin.py:104} INFO - [2023-03-28 23:02:23,657] {dag.py:2273} INFO - Setting next_dagrun for example_trigger_controller_dag to 2023-03-26 00:00:00+00:00
[2023-03-28 23:02:23,682] {scheduler_job.py:190} INFO - Processing /home/airflow/.local/lib/python3.6/site-packages/airflow/example_dags/example_trigger_controller_dag.py took 0.163 seconds
[2023-03-28 23:02:54,517] {scheduler_job.py:182} INFO - Started process (PID=637) to work on /home/airflow/.local/lib/python3.6/site-packages/airflow/example_dags/example_trigger_controller_dag.py
[2023-03-28 23:02:54,520] {scheduler_job.py:629} INFO - Processing file /home/airflow/.local/lib/python3.6/site-packages/airflow/example_dags/example_trigger_controller_dag.py for tasks to queue
[2023-03-28 23:02:54,522] {logging_mixin.py:104} INFO - [2023-03-28 23:02:54,522] {dagbag.py:448} INFO - Filling up the DagBag from /home/airflow/.local/lib/python3.6/site-packages/airflow/example_dags/example_trigger_controller_dag.py
[2023-03-28 23:02:54,562] {scheduler_job.py:639} INFO - DAG(s) dict_keys(['example_trigger_controller_dag']) retrieved from /home/airflow/.local/lib/python3.6/site-packages/airflow/example_dags/example_trigger_controller_dag.py
[2023-03-28 23:02:54,655] {logging_mixin.py:104} INFO - [2023-03-28 23:02:54,655] {dag.py:1818} INFO - Sync 1 DAGs
[2023-03-28 23:02:54,708] {logging_mixin.py:104} INFO - [2023-03-28 23:02:54,708] {dag.py:2273} INFO - Setting next_dagrun for example_trigger_controller_dag to 2023-03-26 00:00:00+00:00
[2023-03-28 23:02:54,735] {scheduler_job.py:190} INFO - Processing /home/airflow/.local/lib/python3.6/site-packages/airflow/example_dags/example_trigger_controller_dag.py took 0.225 seconds
[2023-03-28 23:03:25,068] {scheduler_job.py:182} INFO - Started process (PID=691) to work on /home/airflow/.local/lib/python3.6/site-packages/airflow/example_dags/example_trigger_controller_dag.py
[2023-03-28 23:03:25,071] {scheduler_job.py:629} INFO - Processing file /home/airflow/.local/lib/python3.6/site-packages/airflow/example_dags/example_trigger_controller_dag.py for tasks to queue
[2023-03-28 23:03:25,074] {logging_mixin.py:104} INFO - [2023-03-28 23:03:25,073] {dagbag.py:448} INFO - Filling up the DagBag from /home/airflow/.local/lib/python3.6/site-packages/airflow/example_dags/example_trigger_controller_dag.py
[2023-03-28 23:03:25,105] {scheduler_job.py:639} INFO - DAG(s) dict_keys(['example_trigger_controller_dag']) retrieved from /home/airflow/.local/lib/python3.6/site-packages/airflow/example_dags/example_trigger_controller_dag.py
[2023-03-28 23:03:25,164] {logging_mixin.py:104} INFO - [2023-03-28 23:03:25,164] {dag.py:1818} INFO - Sync 1 DAGs
[2023-03-28 23:03:25,219] {logging_mixin.py:104} INFO - [2023-03-28 23:03:25,218] {dag.py:2273} INFO - Setting next_dagrun for example_trigger_controller_dag to 2023-03-26 00:00:00+00:00
[2023-03-28 23:03:25,244] {scheduler_job.py:190} INFO - Processing /home/airflow/.local/lib/python3.6/site-packages/airflow/example_dags/example_trigger_controller_dag.py took 0.183 seconds
[2023-03-28 23:03:55,719] {scheduler_job.py:182} INFO - Started process (PID=745) to work on /home/airflow/.local/lib/python3.6/site-packages/airflow/example_dags/example_trigger_controller_dag.py
[2023-03-28 23:03:55,722] {scheduler_job.py:629} INFO - Processing file /home/airflow/.local/lib/python3.6/site-packages/airflow/example_dags/example_trigger_controller_dag.py for tasks to queue
[2023-03-28 23:03:55,724] {logging_mixin.py:104} INFO - [2023-03-28 23:03:55,724] {dagbag.py:448} INFO - Filling up the DagBag from /home/airflow/.local/lib/python3.6/site-packages/airflow/example_dags/example_trigger_controller_dag.py
[2023-03-28 23:03:55,753] {scheduler_job.py:639} INFO - DAG(s) dict_keys(['example_trigger_controller_dag']) retrieved from /home/airflow/.local/lib/python3.6/site-packages/airflow/example_dags/example_trigger_controller_dag.py
[2023-03-28 23:03:55,798] {logging_mixin.py:104} INFO - [2023-03-28 23:03:55,798] {dag.py:1818} INFO - Sync 1 DAGs
[2023-03-28 23:03:55,839] {logging_mixin.py:104} INFO - [2023-03-28 23:03:55,839] {dag.py:2273} INFO - Setting next_dagrun for example_trigger_controller_dag to 2023-03-26 00:00:00+00:00
[2023-03-28 23:03:55,858] {scheduler_job.py:190} INFO - Processing /home/airflow/.local/lib/python3.6/site-packages/airflow/example_dags/example_trigger_controller_dag.py took 0.146 seconds
[2023-03-28 23:04:26,382] {scheduler_job.py:182} INFO - Started process (PID=799) to work on /home/airflow/.local/lib/python3.6/site-packages/airflow/example_dags/example_trigger_controller_dag.py
[2023-03-28 23:04:26,385] {scheduler_job.py:629} INFO - Processing file /home/airflow/.local/lib/python3.6/site-packages/airflow/example_dags/example_trigger_controller_dag.py for tasks to queue
[2023-03-28 23:04:26,387] {logging_mixin.py:104} INFO - [2023-03-28 23:04:26,387] {dagbag.py:448} INFO - Filling up the DagBag from /home/airflow/.local/lib/python3.6/site-packages/airflow/example_dags/example_trigger_controller_dag.py
[2023-03-28 23:04:26,416] {scheduler_job.py:639} INFO - DAG(s) dict_keys(['example_trigger_controller_dag']) retrieved from /home/airflow/.local/lib/python3.6/site-packages/airflow/example_dags/example_trigger_controller_dag.py
[2023-03-28 23:04:26,467] {logging_mixin.py:104} INFO - [2023-03-28 23:04:26,466] {dag.py:1818} INFO - Sync 1 DAGs
[2023-03-28 23:04:26,513] {logging_mixin.py:104} INFO - [2023-03-28 23:04:26,512] {dag.py:2273} INFO - Setting next_dagrun for example_trigger_controller_dag to 2023-03-26 00:00:00+00:00
[2023-03-28 23:04:26,533] {scheduler_job.py:190} INFO - Processing /home/airflow/.local/lib/python3.6/site-packages/airflow/example_dags/example_trigger_controller_dag.py took 0.157 seconds
[2023-03-28 23:04:57,028] {scheduler_job.py:182} INFO - Started process (PID=853) to work on /home/airflow/.local/lib/python3.6/site-packages/airflow/example_dags/example_trigger_controller_dag.py
[2023-03-28 23:04:57,033] {scheduler_job.py:629} INFO - Processing file /home/airflow/.local/lib/python3.6/site-packages/airflow/example_dags/example_trigger_controller_dag.py for tasks to queue
[2023-03-28 23:04:57,037] {logging_mixin.py:104} INFO - [2023-03-28 23:04:57,037] {dagbag.py:448} INFO - Filling up the DagBag from /home/airflow/.local/lib/python3.6/site-packages/airflow/example_dags/example_trigger_controller_dag.py
[2023-03-28 23:04:57,068] {scheduler_job.py:639} INFO - DAG(s) dict_keys(['example_trigger_controller_dag']) retrieved from /home/airflow/.local/lib/python3.6/site-packages/airflow/example_dags/example_trigger_controller_dag.py
[2023-03-28 23:04:57,119] {logging_mixin.py:104} INFO - [2023-03-28 23:04:57,119] {dag.py:1818} INFO - Sync 1 DAGs
[2023-03-28 23:04:57,159] {logging_mixin.py:104} INFO - [2023-03-28 23:04:57,159] {dag.py:2273} INFO - Setting next_dagrun for example_trigger_controller_dag to 2023-03-26 00:00:00+00:00
[2023-03-28 23:04:57,179] {scheduler_job.py:190} INFO - Processing /home/airflow/.local/lib/python3.6/site-packages/airflow/example_dags/example_trigger_controller_dag.py took 0.158 seconds
[2023-03-28 23:05:28,052] {scheduler_job.py:182} INFO - Started process (PID=907) to work on /home/airflow/.local/lib/python3.6/site-packages/airflow/example_dags/example_trigger_controller_dag.py
[2023-03-28 23:05:28,056] {scheduler_job.py:629} INFO - Processing file /home/airflow/.local/lib/python3.6/site-packages/airflow/example_dags/example_trigger_controller_dag.py for tasks to queue
[2023-03-28 23:05:28,058] {logging_mixin.py:104} INFO - [2023-03-28 23:05:28,058] {dagbag.py:448} INFO - Filling up the DagBag from /home/airflow/.local/lib/python3.6/site-packages/airflow/example_dags/example_trigger_controller_dag.py
[2023-03-28 23:05:28,095] {scheduler_job.py:639} INFO - DAG(s) dict_keys(['example_trigger_controller_dag']) retrieved from /home/airflow/.local/lib/python3.6/site-packages/airflow/example_dags/example_trigger_controller_dag.py
[2023-03-28 23:05:28,144] {logging_mixin.py:104} INFO - [2023-03-28 23:05:28,144] {dag.py:1818} INFO - Sync 1 DAGs
[2023-03-28 23:05:28,187] {logging_mixin.py:104} INFO - [2023-03-28 23:05:28,187] {dag.py:2273} INFO - Setting next_dagrun for example_trigger_controller_dag to 2023-03-26 00:00:00+00:00
[2023-03-28 23:05:28,212] {scheduler_job.py:190} INFO - Processing /home/airflow/.local/lib/python3.6/site-packages/airflow/example_dags/example_trigger_controller_dag.py took 0.167 seconds
[2023-03-28 23:05:58,429] {scheduler_job.py:182} INFO - Started process (PID=961) to work on /home/airflow/.local/lib/python3.6/site-packages/airflow/example_dags/example_trigger_controller_dag.py
[2023-03-28 23:05:58,437] {scheduler_job.py:629} INFO - Processing file /home/airflow/.local/lib/python3.6/site-packages/airflow/example_dags/example_trigger_controller_dag.py for tasks to queue
[2023-03-28 23:05:58,440] {logging_mixin.py:104} INFO - [2023-03-28 23:05:58,439] {dagbag.py:448} INFO - Filling up the DagBag from /home/airflow/.local/lib/python3.6/site-packages/airflow/example_dags/example_trigger_controller_dag.py
[2023-03-28 23:05:58,471] {scheduler_job.py:639} INFO - DAG(s) dict_keys(['example_trigger_controller_dag']) retrieved from /home/airflow/.local/lib/python3.6/site-packages/airflow/example_dags/example_trigger_controller_dag.py
[2023-03-28 23:05:58,526] {logging_mixin.py:104} INFO - [2023-03-28 23:05:58,526] {dag.py:1818} INFO - Sync 1 DAGs
[2023-03-28 23:05:58,574] {logging_mixin.py:104} INFO - [2023-03-28 23:05:58,574] {dag.py:2273} INFO - Setting next_dagrun for example_trigger_controller_dag to 2023-03-26 00:00:00+00:00
[2023-03-28 23:05:58,595] {scheduler_job.py:190} INFO - Processing /home/airflow/.local/lib/python3.6/site-packages/airflow/example_dags/example_trigger_controller_dag.py took 0.174 seconds
[2023-03-28 23:06:28,712] {scheduler_job.py:182} INFO - Started process (PID=1009) to work on /home/airflow/.local/lib/python3.6/site-packages/airflow/example_dags/example_trigger_controller_dag.py
[2023-03-28 23:06:28,715] {scheduler_job.py:629} INFO - Processing file /home/airflow/.local/lib/python3.6/site-packages/airflow/example_dags/example_trigger_controller_dag.py for tasks to queue
[2023-03-28 23:06:28,718] {logging_mixin.py:104} INFO - [2023-03-28 23:06:28,718] {dagbag.py:448} INFO - Filling up the DagBag from /home/airflow/.local/lib/python3.6/site-packages/airflow/example_dags/example_trigger_controller_dag.py
[2023-03-28 23:06:28,751] {scheduler_job.py:639} INFO - DAG(s) dict_keys(['example_trigger_controller_dag']) retrieved from /home/airflow/.local/lib/python3.6/site-packages/airflow/example_dags/example_trigger_controller_dag.py
[2023-03-28 23:06:28,796] {logging_mixin.py:104} INFO - [2023-03-28 23:06:28,796] {dag.py:1818} INFO - Sync 1 DAGs
[2023-03-28 23:06:28,841] {logging_mixin.py:104} INFO - [2023-03-28 23:06:28,841] {dag.py:2273} INFO - Setting next_dagrun for example_trigger_controller_dag to 2023-03-26 00:00:00+00:00
[2023-03-28 23:06:28,863] {scheduler_job.py:190} INFO - Processing /home/airflow/.local/lib/python3.6/site-packages/airflow/example_dags/example_trigger_controller_dag.py took 0.160 seconds
[2023-03-28 23:06:59,220] {scheduler_job.py:182} INFO - Started process (PID=1065) to work on /home/airflow/.local/lib/python3.6/site-packages/airflow/example_dags/example_trigger_controller_dag.py
[2023-03-28 23:06:59,223] {scheduler_job.py:629} INFO - Processing file /home/airflow/.local/lib/python3.6/site-packages/airflow/example_dags/example_trigger_controller_dag.py for tasks to queue
[2023-03-28 23:06:59,225] {logging_mixin.py:104} INFO - [2023-03-28 23:06:59,225] {dagbag.py:448} INFO - Filling up the DagBag from /home/airflow/.local/lib/python3.6/site-packages/airflow/example_dags/example_trigger_controller_dag.py
[2023-03-28 23:06:59,256] {scheduler_job.py:639} INFO - DAG(s) dict_keys(['example_trigger_controller_dag']) retrieved from /home/airflow/.local/lib/python3.6/site-packages/airflow/example_dags/example_trigger_controller_dag.py
[2023-03-28 23:06:59,302] {logging_mixin.py:104} INFO - [2023-03-28 23:06:59,301] {dag.py:1818} INFO - Sync 1 DAGs
[2023-03-28 23:06:59,342] {logging_mixin.py:104} INFO - [2023-03-28 23:06:59,342] {dag.py:2273} INFO - Setting next_dagrun for example_trigger_controller_dag to 2023-03-26 00:00:00+00:00
[2023-03-28 23:06:59,364] {scheduler_job.py:190} INFO - Processing /home/airflow/.local/lib/python3.6/site-packages/airflow/example_dags/example_trigger_controller_dag.py took 0.150 seconds
[2023-03-28 23:07:30,355] {scheduler_job.py:182} INFO - Started process (PID=1123) to work on /home/airflow/.local/lib/python3.6/site-packages/airflow/example_dags/example_trigger_controller_dag.py
[2023-03-28 23:07:30,359] {scheduler_job.py:629} INFO - Processing file /home/airflow/.local/lib/python3.6/site-packages/airflow/example_dags/example_trigger_controller_dag.py for tasks to queue
[2023-03-28 23:07:30,361] {logging_mixin.py:104} INFO - [2023-03-28 23:07:30,360] {dagbag.py:448} INFO - Filling up the DagBag from /home/airflow/.local/lib/python3.6/site-packages/airflow/example_dags/example_trigger_controller_dag.py
[2023-03-28 23:07:30,393] {scheduler_job.py:639} INFO - DAG(s) dict_keys(['example_trigger_controller_dag']) retrieved from /home/airflow/.local/lib/python3.6/site-packages/airflow/example_dags/example_trigger_controller_dag.py
[2023-03-28 23:07:30,442] {logging_mixin.py:104} INFO - [2023-03-28 23:07:30,441] {dag.py:1818} INFO - Sync 1 DAGs
[2023-03-28 23:07:30,485] {logging_mixin.py:104} INFO - [2023-03-28 23:07:30,484] {dag.py:2273} INFO - Setting next_dagrun for example_trigger_controller_dag to 2023-03-26 00:00:00+00:00
[2023-03-28 23:07:30,511] {scheduler_job.py:190} INFO - Processing /home/airflow/.local/lib/python3.6/site-packages/airflow/example_dags/example_trigger_controller_dag.py took 0.163 seconds
[2023-03-28 23:08:00,601] {scheduler_job.py:182} INFO - Started process (PID=1171) to work on /home/airflow/.local/lib/python3.6/site-packages/airflow/example_dags/example_trigger_controller_dag.py
[2023-03-28 23:08:00,605] {scheduler_job.py:629} INFO - Processing file /home/airflow/.local/lib/python3.6/site-packages/airflow/example_dags/example_trigger_controller_dag.py for tasks to queue
[2023-03-28 23:08:00,609] {logging_mixin.py:104} INFO - [2023-03-28 23:08:00,609] {dagbag.py:448} INFO - Filling up the DagBag from /home/airflow/.local/lib/python3.6/site-packages/airflow/example_dags/example_trigger_controller_dag.py
[2023-03-28 23:08:00,644] {scheduler_job.py:639} INFO - DAG(s) dict_keys(['example_trigger_controller_dag']) retrieved from /home/airflow/.local/lib/python3.6/site-packages/airflow/example_dags/example_trigger_controller_dag.py
[2023-03-28 23:08:00,693] {logging_mixin.py:104} INFO - [2023-03-28 23:08:00,693] {dag.py:1818} INFO - Sync 1 DAGs
[2023-03-28 23:08:00,738] {logging_mixin.py:104} INFO - [2023-03-28 23:08:00,738] {dag.py:2273} INFO - Setting next_dagrun for example_trigger_controller_dag to 2023-03-26 00:00:00+00:00
[2023-03-28 23:08:00,759] {scheduler_job.py:190} INFO - Processing /home/airflow/.local/lib/python3.6/site-packages/airflow/example_dags/example_trigger_controller_dag.py took 0.166 seconds
[2023-03-28 23:08:31,202] {scheduler_job.py:182} INFO - Started process (PID=1225) to work on /home/airflow/.local/lib/python3.6/site-packages/airflow/example_dags/example_trigger_controller_dag.py
[2023-03-28 23:08:31,206] {scheduler_job.py:629} INFO - Processing file /home/airflow/.local/lib/python3.6/site-packages/airflow/example_dags/example_trigger_controller_dag.py for tasks to queue
[2023-03-28 23:08:31,208] {logging_mixin.py:104} INFO - [2023-03-28 23:08:31,208] {dagbag.py:448} INFO - Filling up the DagBag from /home/airflow/.local/lib/python3.6/site-packages/airflow/example_dags/example_trigger_controller_dag.py
[2023-03-28 23:08:31,239] {scheduler_job.py:639} INFO - DAG(s) dict_keys(['example_trigger_controller_dag']) retrieved from /home/airflow/.local/lib/python3.6/site-packages/airflow/example_dags/example_trigger_controller_dag.py
[2023-03-28 23:08:31,287] {logging_mixin.py:104} INFO - [2023-03-28 23:08:31,286] {dag.py:1818} INFO - Sync 1 DAGs
[2023-03-28 23:08:31,331] {logging_mixin.py:104} INFO - [2023-03-28 23:08:31,331] {dag.py:2273} INFO - Setting next_dagrun for example_trigger_controller_dag to 2023-03-26 00:00:00+00:00
[2023-03-28 23:08:31,352] {scheduler_job.py:190} INFO - Processing /home/airflow/.local/lib/python3.6/site-packages/airflow/example_dags/example_trigger_controller_dag.py took 0.157 seconds
[2023-03-28 23:09:01,793] {scheduler_job.py:182} INFO - Started process (PID=1273) to work on /home/airflow/.local/lib/python3.6/site-packages/airflow/example_dags/example_trigger_controller_dag.py
[2023-03-28 23:09:01,797] {scheduler_job.py:629} INFO - Processing file /home/airflow/.local/lib/python3.6/site-packages/airflow/example_dags/example_trigger_controller_dag.py for tasks to queue
[2023-03-28 23:09:01,800] {logging_mixin.py:104} INFO - [2023-03-28 23:09:01,799] {dagbag.py:448} INFO - Filling up the DagBag from /home/airflow/.local/lib/python3.6/site-packages/airflow/example_dags/example_trigger_controller_dag.py
[2023-03-28 23:09:01,848] {scheduler_job.py:639} INFO - DAG(s) dict_keys(['example_trigger_controller_dag']) retrieved from /home/airflow/.local/lib/python3.6/site-packages/airflow/example_dags/example_trigger_controller_dag.py
[2023-03-28 23:09:01,915] {logging_mixin.py:104} INFO - [2023-03-28 23:09:01,914] {dag.py:1818} INFO - Sync 1 DAGs
[2023-03-28 23:09:01,974] {logging_mixin.py:104} INFO - [2023-03-28 23:09:01,974] {dag.py:2273} INFO - Setting next_dagrun for example_trigger_controller_dag to 2023-03-26 00:00:00+00:00
[2023-03-28 23:09:01,997] {scheduler_job.py:190} INFO - Processing /home/airflow/.local/lib/python3.6/site-packages/airflow/example_dags/example_trigger_controller_dag.py took 0.212 seconds
[2023-03-28 23:09:33,369] {scheduler_job.py:182} INFO - Started process (PID=1335) to work on /home/airflow/.local/lib/python3.6/site-packages/airflow/example_dags/example_trigger_controller_dag.py
[2023-03-28 23:09:33,373] {scheduler_job.py:629} INFO - Processing file /home/airflow/.local/lib/python3.6/site-packages/airflow/example_dags/example_trigger_controller_dag.py for tasks to queue
[2023-03-28 23:09:33,375] {logging_mixin.py:104} INFO - [2023-03-28 23:09:33,375] {dagbag.py:448} INFO - Filling up the DagBag from /home/airflow/.local/lib/python3.6/site-packages/airflow/example_dags/example_trigger_controller_dag.py
[2023-03-28 23:09:33,409] {scheduler_job.py:639} INFO - DAG(s) dict_keys(['example_trigger_controller_dag']) retrieved from /home/airflow/.local/lib/python3.6/site-packages/airflow/example_dags/example_trigger_controller_dag.py
[2023-03-28 23:09:33,464] {logging_mixin.py:104} INFO - [2023-03-28 23:09:33,463] {dag.py:1818} INFO - Sync 1 DAGs
[2023-03-28 23:09:33,508] {logging_mixin.py:104} INFO - [2023-03-28 23:09:33,508] {dag.py:2273} INFO - Setting next_dagrun for example_trigger_controller_dag to 2023-03-26 00:00:00+00:00
[2023-03-28 23:09:33,528] {scheduler_job.py:190} INFO - Processing /home/airflow/.local/lib/python3.6/site-packages/airflow/example_dags/example_trigger_controller_dag.py took 0.166 seconds
[2023-03-28 23:10:03,771] {scheduler_job.py:182} INFO - Started process (PID=1389) to work on /home/airflow/.local/lib/python3.6/site-packages/airflow/example_dags/example_trigger_controller_dag.py
[2023-03-28 23:10:03,775] {scheduler_job.py:629} INFO - Processing file /home/airflow/.local/lib/python3.6/site-packages/airflow/example_dags/example_trigger_controller_dag.py for tasks to queue
[2023-03-28 23:10:03,777] {logging_mixin.py:104} INFO - [2023-03-28 23:10:03,777] {dagbag.py:448} INFO - Filling up the DagBag from /home/airflow/.local/lib/python3.6/site-packages/airflow/example_dags/example_trigger_controller_dag.py
[2023-03-28 23:10:03,807] {scheduler_job.py:639} INFO - DAG(s) dict_keys(['example_trigger_controller_dag']) retrieved from /home/airflow/.local/lib/python3.6/site-packages/airflow/example_dags/example_trigger_controller_dag.py
[2023-03-28 23:10:03,862] {logging_mixin.py:104} INFO - [2023-03-28 23:10:03,861] {dag.py:1818} INFO - Sync 1 DAGs
[2023-03-28 23:10:03,905] {logging_mixin.py:104} INFO - [2023-03-28 23:10:03,904] {dag.py:2273} INFO - Setting next_dagrun for example_trigger_controller_dag to 2023-03-26 00:00:00+00:00
[2023-03-28 23:10:03,925] {scheduler_job.py:190} INFO - Processing /home/airflow/.local/lib/python3.6/site-packages/airflow/example_dags/example_trigger_controller_dag.py took 0.160 seconds
[2023-03-28 23:10:34,060] {scheduler_job.py:182} INFO - Started process (PID=1443) to work on /home/airflow/.local/lib/python3.6/site-packages/airflow/example_dags/example_trigger_controller_dag.py
[2023-03-28 23:10:34,063] {scheduler_job.py:629} INFO - Processing file /home/airflow/.local/lib/python3.6/site-packages/airflow/example_dags/example_trigger_controller_dag.py for tasks to queue
[2023-03-28 23:10:34,065] {logging_mixin.py:104} INFO - [2023-03-28 23:10:34,065] {dagbag.py:448} INFO - Filling up the DagBag from /home/airflow/.local/lib/python3.6/site-packages/airflow/example_dags/example_trigger_controller_dag.py
[2023-03-28 23:10:34,093] {scheduler_job.py:639} INFO - DAG(s) dict_keys(['example_trigger_controller_dag']) retrieved from /home/airflow/.local/lib/python3.6/site-packages/airflow/example_dags/example_trigger_controller_dag.py
[2023-03-28 23:10:34,143] {logging_mixin.py:104} INFO - [2023-03-28 23:10:34,142] {dag.py:1818} INFO - Sync 1 DAGs
[2023-03-28 23:10:34,186] {logging_mixin.py:104} INFO - [2023-03-28 23:10:34,185] {dag.py:2273} INFO - Setting next_dagrun for example_trigger_controller_dag to 2023-03-26 00:00:00+00:00
[2023-03-28 23:10:34,206] {scheduler_job.py:190} INFO - Processing /home/airflow/.local/lib/python3.6/site-packages/airflow/example_dags/example_trigger_controller_dag.py took 0.153 seconds
[2023-03-28 23:11:04,582] {scheduler_job.py:182} INFO - Started process (PID=1489) to work on /home/airflow/.local/lib/python3.6/site-packages/airflow/example_dags/example_trigger_controller_dag.py
[2023-03-28 23:11:04,587] {scheduler_job.py:629} INFO - Processing file /home/airflow/.local/lib/python3.6/site-packages/airflow/example_dags/example_trigger_controller_dag.py for tasks to queue
[2023-03-28 23:11:04,591] {logging_mixin.py:104} INFO - [2023-03-28 23:11:04,591] {dagbag.py:448} INFO - Filling up the DagBag from /home/airflow/.local/lib/python3.6/site-packages/airflow/example_dags/example_trigger_controller_dag.py
[2023-03-28 23:11:04,625] {scheduler_job.py:639} INFO - DAG(s) dict_keys(['example_trigger_controller_dag']) retrieved from /home/airflow/.local/lib/python3.6/site-packages/airflow/example_dags/example_trigger_controller_dag.py
[2023-03-28 23:11:04,675] {logging_mixin.py:104} INFO - [2023-03-28 23:11:04,675] {dag.py:1818} INFO - Sync 1 DAGs
[2023-03-28 23:11:04,719] {logging_mixin.py:104} INFO - [2023-03-28 23:11:04,719] {dag.py:2273} INFO - Setting next_dagrun for example_trigger_controller_dag to 2023-03-26 00:00:00+00:00
[2023-03-28 23:11:04,740] {scheduler_job.py:190} INFO - Processing /home/airflow/.local/lib/python3.6/site-packages/airflow/example_dags/example_trigger_controller_dag.py took 0.169 seconds
[2023-03-28 23:11:35,205] {scheduler_job.py:182} INFO - Started process (PID=1545) to work on /home/airflow/.local/lib/python3.6/site-packages/airflow/example_dags/example_trigger_controller_dag.py
[2023-03-28 23:11:35,208] {scheduler_job.py:629} INFO - Processing file /home/airflow/.local/lib/python3.6/site-packages/airflow/example_dags/example_trigger_controller_dag.py for tasks to queue
[2023-03-28 23:11:35,211] {logging_mixin.py:104} INFO - [2023-03-28 23:11:35,210] {dagbag.py:448} INFO - Filling up the DagBag from /home/airflow/.local/lib/python3.6/site-packages/airflow/example_dags/example_trigger_controller_dag.py
[2023-03-28 23:11:35,240] {scheduler_job.py:639} INFO - DAG(s) dict_keys(['example_trigger_controller_dag']) retrieved from /home/airflow/.local/lib/python3.6/site-packages/airflow/example_dags/example_trigger_controller_dag.py
[2023-03-28 23:11:35,290] {logging_mixin.py:104} INFO - [2023-03-28 23:11:35,290] {dag.py:1818} INFO - Sync 1 DAGs
[2023-03-28 23:11:35,332] {logging_mixin.py:104} INFO - [2023-03-28 23:11:35,331] {dag.py:2273} INFO - Setting next_dagrun for example_trigger_controller_dag to 2023-03-26 00:00:00+00:00
[2023-03-28 23:11:35,355] {scheduler_job.py:190} INFO - Processing /home/airflow/.local/lib/python3.6/site-packages/airflow/example_dags/example_trigger_controller_dag.py took 0.157 seconds
[2023-03-28 23:12:05,682] {scheduler_job.py:182} INFO - Started process (PID=1599) to work on /home/airflow/.local/lib/python3.6/site-packages/airflow/example_dags/example_trigger_controller_dag.py
[2023-03-28 23:12:05,686] {scheduler_job.py:629} INFO - Processing file /home/airflow/.local/lib/python3.6/site-packages/airflow/example_dags/example_trigger_controller_dag.py for tasks to queue
[2023-03-28 23:12:05,688] {logging_mixin.py:104} INFO - [2023-03-28 23:12:05,687] {dagbag.py:448} INFO - Filling up the DagBag from /home/airflow/.local/lib/python3.6/site-packages/airflow/example_dags/example_trigger_controller_dag.py
[2023-03-28 23:12:05,719] {scheduler_job.py:639} INFO - DAG(s) dict_keys(['example_trigger_controller_dag']) retrieved from /home/airflow/.local/lib/python3.6/site-packages/airflow/example_dags/example_trigger_controller_dag.py
[2023-03-28 23:12:05,769] {logging_mixin.py:104} INFO - [2023-03-28 23:12:05,768] {dag.py:1818} INFO - Sync 1 DAGs
[2023-03-28 23:12:05,810] {logging_mixin.py:104} INFO - [2023-03-28 23:12:05,810] {dag.py:2273} INFO - Setting next_dagrun for example_trigger_controller_dag to 2023-03-26 00:00:00+00:00
[2023-03-28 23:12:05,834] {scheduler_job.py:190} INFO - Processing /home/airflow/.local/lib/python3.6/site-packages/airflow/example_dags/example_trigger_controller_dag.py took 0.158 seconds
[2023-03-28 23:12:36,255] {scheduler_job.py:182} INFO - Started process (PID=1655) to work on /home/airflow/.local/lib/python3.6/site-packages/airflow/example_dags/example_trigger_controller_dag.py
[2023-03-28 23:12:36,260] {scheduler_job.py:629} INFO - Processing file /home/airflow/.local/lib/python3.6/site-packages/airflow/example_dags/example_trigger_controller_dag.py for tasks to queue
[2023-03-28 23:12:36,262] {logging_mixin.py:104} INFO - [2023-03-28 23:12:36,262] {dagbag.py:448} INFO - Filling up the DagBag from /home/airflow/.local/lib/python3.6/site-packages/airflow/example_dags/example_trigger_controller_dag.py
[2023-03-28 23:12:36,296] {scheduler_job.py:639} INFO - DAG(s) dict_keys(['example_trigger_controller_dag']) retrieved from /home/airflow/.local/lib/python3.6/site-packages/airflow/example_dags/example_trigger_controller_dag.py
[2023-03-28 23:12:36,344] {logging_mixin.py:104} INFO - [2023-03-28 23:12:36,343] {dag.py:1818} INFO - Sync 1 DAGs
[2023-03-28 23:12:36,383] {logging_mixin.py:104} INFO - [2023-03-28 23:12:36,383] {dag.py:2273} INFO - Setting next_dagrun for example_trigger_controller_dag to 2023-03-26 00:00:00+00:00
[2023-03-28 23:12:36,404] {scheduler_job.py:190} INFO - Processing /home/airflow/.local/lib/python3.6/site-packages/airflow/example_dags/example_trigger_controller_dag.py took 0.155 seconds
[2023-03-28 23:13:06,661] {scheduler_job.py:182} INFO - Started process (PID=1703) to work on /home/airflow/.local/lib/python3.6/site-packages/airflow/example_dags/example_trigger_controller_dag.py
[2023-03-28 23:13:06,665] {scheduler_job.py:629} INFO - Processing file /home/airflow/.local/lib/python3.6/site-packages/airflow/example_dags/example_trigger_controller_dag.py for tasks to queue
[2023-03-28 23:13:06,667] {logging_mixin.py:104} INFO - [2023-03-28 23:13:06,666] {dagbag.py:448} INFO - Filling up the DagBag from /home/airflow/.local/lib/python3.6/site-packages/airflow/example_dags/example_trigger_controller_dag.py
[2023-03-28 23:13:06,698] {scheduler_job.py:639} INFO - DAG(s) dict_keys(['example_trigger_controller_dag']) retrieved from /home/airflow/.local/lib/python3.6/site-packages/airflow/example_dags/example_trigger_controller_dag.py
[2023-03-28 23:13:06,750] {logging_mixin.py:104} INFO - [2023-03-28 23:13:06,750] {dag.py:1818} INFO - Sync 1 DAGs
[2023-03-28 23:13:06,794] {logging_mixin.py:104} INFO - [2023-03-28 23:13:06,793] {dag.py:2273} INFO - Setting next_dagrun for example_trigger_controller_dag to 2023-03-26 00:00:00+00:00
[2023-03-28 23:13:06,816] {scheduler_job.py:190} INFO - Processing /home/airflow/.local/lib/python3.6/site-packages/airflow/example_dags/example_trigger_controller_dag.py took 0.162 seconds
