[2023-03-28 22:52:25,559] {scheduler_job.py:182} INFO - Started process (PID=64) to work on /home/airflow/.local/lib/python3.6/site-packages/airflow/example_dags/example_branch_python_dop_operator_3.py
[2023-03-28 22:52:25,563] {scheduler_job.py:629} INFO - Processing file /home/airflow/.local/lib/python3.6/site-packages/airflow/example_dags/example_branch_python_dop_operator_3.py for tasks to queue
[2023-03-28 22:52:25,565] {logging_mixin.py:104} INFO - [2023-03-28 22:52:25,565] {dagbag.py:448} INFO - Filling up the DagBag from /home/airflow/.local/lib/python3.6/site-packages/airflow/example_dags/example_branch_python_dop_operator_3.py
[2023-03-28 22:52:25,642] {scheduler_job.py:639} INFO - DAG(s) dict_keys(['example_branch_dop_operator_v3']) retrieved from /home/airflow/.local/lib/python3.6/site-packages/airflow/example_dags/example_branch_python_dop_operator_3.py
[2023-03-28 22:52:25,755] {logging_mixin.py:104} INFO - [2023-03-28 22:52:25,755] {dag.py:1818} INFO - Sync 1 DAGs
[2023-03-28 22:52:25,813] {logging_mixin.py:104} INFO - [2023-03-28 22:52:25,812] {dag.py:1837} INFO - Creating ORM DAG for example_branch_dop_operator_v3
[2023-03-28 22:52:25,975] {logging_mixin.py:104} INFO - [2023-03-28 22:52:25,974] {dag.py:2273} INFO - Setting next_dagrun for example_branch_dop_operator_v3 to 2023-03-26 00:00:00+00:00
[2023-03-28 22:52:26,011] {scheduler_job.py:190} INFO - Processing /home/airflow/.local/lib/python3.6/site-packages/airflow/example_dags/example_branch_python_dop_operator_3.py took 0.459 seconds
[2023-03-28 22:52:57,644] {scheduler_job.py:182} INFO - Started process (PID=118) to work on /home/airflow/.local/lib/python3.6/site-packages/airflow/example_dags/example_branch_python_dop_operator_3.py
[2023-03-28 22:52:57,665] {scheduler_job.py:629} INFO - Processing file /home/airflow/.local/lib/python3.6/site-packages/airflow/example_dags/example_branch_python_dop_operator_3.py for tasks to queue
[2023-03-28 22:52:57,667] {logging_mixin.py:104} INFO - [2023-03-28 22:52:57,667] {dagbag.py:448} INFO - Filling up the DagBag from /home/airflow/.local/lib/python3.6/site-packages/airflow/example_dags/example_branch_python_dop_operator_3.py
[2023-03-28 22:52:57,781] {scheduler_job.py:639} INFO - DAG(s) dict_keys(['example_branch_dop_operator_v3']) retrieved from /home/airflow/.local/lib/python3.6/site-packages/airflow/example_dags/example_branch_python_dop_operator_3.py
[2023-03-28 22:52:57,909] {logging_mixin.py:104} INFO - [2023-03-28 22:52:57,909] {dag.py:1818} INFO - Sync 1 DAGs
[2023-03-28 22:52:58,201] {logging_mixin.py:104} INFO - [2023-03-28 22:52:58,200] {dag.py:2273} INFO - Setting next_dagrun for example_branch_dop_operator_v3 to 2023-03-26 00:00:00+00:00
[2023-03-28 22:52:58,243] {scheduler_job.py:190} INFO - Processing /home/airflow/.local/lib/python3.6/site-packages/airflow/example_dags/example_branch_python_dop_operator_3.py took 0.613 seconds
[2023-03-28 22:53:30,347] {scheduler_job.py:182} INFO - Started process (PID=176) to work on /home/airflow/.local/lib/python3.6/site-packages/airflow/example_dags/example_branch_python_dop_operator_3.py
[2023-03-28 22:53:30,352] {scheduler_job.py:629} INFO - Processing file /home/airflow/.local/lib/python3.6/site-packages/airflow/example_dags/example_branch_python_dop_operator_3.py for tasks to queue
[2023-03-28 22:53:30,360] {logging_mixin.py:104} INFO - [2023-03-28 22:53:30,360] {dagbag.py:448} INFO - Filling up the DagBag from /home/airflow/.local/lib/python3.6/site-packages/airflow/example_dags/example_branch_python_dop_operator_3.py
[2023-03-28 22:53:30,479] {scheduler_job.py:639} INFO - DAG(s) dict_keys(['example_branch_dop_operator_v3']) retrieved from /home/airflow/.local/lib/python3.6/site-packages/airflow/example_dags/example_branch_python_dop_operator_3.py
[2023-03-28 22:53:30,661] {logging_mixin.py:104} INFO - [2023-03-28 22:53:30,661] {dag.py:1818} INFO - Sync 1 DAGs
[2023-03-28 22:53:30,895] {logging_mixin.py:104} INFO - [2023-03-28 22:53:30,895] {dag.py:2273} INFO - Setting next_dagrun for example_branch_dop_operator_v3 to 2023-03-26 00:00:00+00:00
[2023-03-28 22:53:30,935] {scheduler_job.py:190} INFO - Processing /home/airflow/.local/lib/python3.6/site-packages/airflow/example_dags/example_branch_python_dop_operator_3.py took 0.611 seconds
[2023-03-28 22:54:01,073] {scheduler_job.py:182} INFO - Started process (PID=230) to work on /home/airflow/.local/lib/python3.6/site-packages/airflow/example_dags/example_branch_python_dop_operator_3.py
[2023-03-28 22:54:01,079] {scheduler_job.py:629} INFO - Processing file /home/airflow/.local/lib/python3.6/site-packages/airflow/example_dags/example_branch_python_dop_operator_3.py for tasks to queue
[2023-03-28 22:54:01,084] {logging_mixin.py:104} INFO - [2023-03-28 22:54:01,083] {dagbag.py:448} INFO - Filling up the DagBag from /home/airflow/.local/lib/python3.6/site-packages/airflow/example_dags/example_branch_python_dop_operator_3.py
[2023-03-28 22:54:01,191] {scheduler_job.py:639} INFO - DAG(s) dict_keys(['example_branch_dop_operator_v3']) retrieved from /home/airflow/.local/lib/python3.6/site-packages/airflow/example_dags/example_branch_python_dop_operator_3.py
[2023-03-28 22:54:01,270] {logging_mixin.py:104} INFO - [2023-03-28 22:54:01,270] {dag.py:1818} INFO - Sync 1 DAGs
[2023-03-28 22:54:01,540] {logging_mixin.py:104} INFO - [2023-03-28 22:54:01,540] {dag.py:2273} INFO - Setting next_dagrun for example_branch_dop_operator_v3 to 2023-03-26 00:00:00+00:00
[2023-03-28 22:54:01,562] {scheduler_job.py:190} INFO - Processing /home/airflow/.local/lib/python3.6/site-packages/airflow/example_dags/example_branch_python_dop_operator_3.py took 0.500 seconds
[2023-03-28 22:54:31,861] {scheduler_job.py:182} INFO - Started process (PID=286) to work on /home/airflow/.local/lib/python3.6/site-packages/airflow/example_dags/example_branch_python_dop_operator_3.py
[2023-03-28 22:54:31,864] {scheduler_job.py:629} INFO - Processing file /home/airflow/.local/lib/python3.6/site-packages/airflow/example_dags/example_branch_python_dop_operator_3.py for tasks to queue
[2023-03-28 22:54:31,866] {logging_mixin.py:104} INFO - [2023-03-28 22:54:31,866] {dagbag.py:448} INFO - Filling up the DagBag from /home/airflow/.local/lib/python3.6/site-packages/airflow/example_dags/example_branch_python_dop_operator_3.py
[2023-03-28 22:54:31,914] {scheduler_job.py:639} INFO - DAG(s) dict_keys(['example_branch_dop_operator_v3']) retrieved from /home/airflow/.local/lib/python3.6/site-packages/airflow/example_dags/example_branch_python_dop_operator_3.py
[2023-03-28 22:54:31,964] {logging_mixin.py:104} INFO - [2023-03-28 22:54:31,963] {dag.py:1818} INFO - Sync 1 DAGs
[2023-03-28 22:54:32,098] {logging_mixin.py:104} INFO - [2023-03-28 22:54:32,098] {dag.py:2273} INFO - Setting next_dagrun for example_branch_dop_operator_v3 to 2023-03-26 00:00:00+00:00
[2023-03-28 22:54:32,118] {scheduler_job.py:190} INFO - Processing /home/airflow/.local/lib/python3.6/site-packages/airflow/example_dags/example_branch_python_dop_operator_3.py took 0.264 seconds
[2023-03-28 22:55:02,564] {scheduler_job.py:182} INFO - Started process (PID=340) to work on /home/airflow/.local/lib/python3.6/site-packages/airflow/example_dags/example_branch_python_dop_operator_3.py
[2023-03-28 22:55:02,568] {scheduler_job.py:629} INFO - Processing file /home/airflow/.local/lib/python3.6/site-packages/airflow/example_dags/example_branch_python_dop_operator_3.py for tasks to queue
[2023-03-28 22:55:02,570] {logging_mixin.py:104} INFO - [2023-03-28 22:55:02,570] {dagbag.py:448} INFO - Filling up the DagBag from /home/airflow/.local/lib/python3.6/site-packages/airflow/example_dags/example_branch_python_dop_operator_3.py
[2023-03-28 22:55:02,617] {scheduler_job.py:639} INFO - DAG(s) dict_keys(['example_branch_dop_operator_v3']) retrieved from /home/airflow/.local/lib/python3.6/site-packages/airflow/example_dags/example_branch_python_dop_operator_3.py
[2023-03-28 22:55:02,667] {logging_mixin.py:104} INFO - [2023-03-28 22:55:02,666] {dag.py:1818} INFO - Sync 1 DAGs
[2023-03-28 22:55:02,804] {logging_mixin.py:104} INFO - [2023-03-28 22:55:02,804] {dag.py:2273} INFO - Setting next_dagrun for example_branch_dop_operator_v3 to 2023-03-26 00:00:00+00:00
[2023-03-28 22:55:02,828] {scheduler_job.py:190} INFO - Processing /home/airflow/.local/lib/python3.6/site-packages/airflow/example_dags/example_branch_python_dop_operator_3.py took 0.270 seconds
[2023-03-28 22:55:33,286] {scheduler_job.py:182} INFO - Started process (PID=394) to work on /home/airflow/.local/lib/python3.6/site-packages/airflow/example_dags/example_branch_python_dop_operator_3.py
[2023-03-28 22:55:33,289] {scheduler_job.py:629} INFO - Processing file /home/airflow/.local/lib/python3.6/site-packages/airflow/example_dags/example_branch_python_dop_operator_3.py for tasks to queue
[2023-03-28 22:55:33,291] {logging_mixin.py:104} INFO - [2023-03-28 22:55:33,291] {dagbag.py:448} INFO - Filling up the DagBag from /home/airflow/.local/lib/python3.6/site-packages/airflow/example_dags/example_branch_python_dop_operator_3.py
[2023-03-28 22:55:33,339] {scheduler_job.py:639} INFO - DAG(s) dict_keys(['example_branch_dop_operator_v3']) retrieved from /home/airflow/.local/lib/python3.6/site-packages/airflow/example_dags/example_branch_python_dop_operator_3.py
[2023-03-28 22:55:33,389] {logging_mixin.py:104} INFO - [2023-03-28 22:55:33,389] {dag.py:1818} INFO - Sync 1 DAGs
[2023-03-28 22:55:33,532] {logging_mixin.py:104} INFO - [2023-03-28 22:55:33,531] {dag.py:2273} INFO - Setting next_dagrun for example_branch_dop_operator_v3 to 2023-03-26 00:00:00+00:00
[2023-03-28 22:55:33,552] {scheduler_job.py:190} INFO - Processing /home/airflow/.local/lib/python3.6/site-packages/airflow/example_dags/example_branch_python_dop_operator_3.py took 0.273 seconds
[2023-03-28 22:56:04,011] {scheduler_job.py:182} INFO - Started process (PID=448) to work on /home/airflow/.local/lib/python3.6/site-packages/airflow/example_dags/example_branch_python_dop_operator_3.py
[2023-03-28 22:56:04,015] {scheduler_job.py:629} INFO - Processing file /home/airflow/.local/lib/python3.6/site-packages/airflow/example_dags/example_branch_python_dop_operator_3.py for tasks to queue
[2023-03-28 22:56:04,017] {logging_mixin.py:104} INFO - [2023-03-28 22:56:04,017] {dagbag.py:448} INFO - Filling up the DagBag from /home/airflow/.local/lib/python3.6/site-packages/airflow/example_dags/example_branch_python_dop_operator_3.py
[2023-03-28 22:56:04,066] {scheduler_job.py:639} INFO - DAG(s) dict_keys(['example_branch_dop_operator_v3']) retrieved from /home/airflow/.local/lib/python3.6/site-packages/airflow/example_dags/example_branch_python_dop_operator_3.py
[2023-03-28 22:56:04,118] {logging_mixin.py:104} INFO - [2023-03-28 22:56:04,117] {dag.py:1818} INFO - Sync 1 DAGs
[2023-03-28 22:56:04,252] {logging_mixin.py:104} INFO - [2023-03-28 22:56:04,252] {dag.py:2273} INFO - Setting next_dagrun for example_branch_dop_operator_v3 to 2023-03-26 00:00:00+00:00
[2023-03-28 22:56:04,273] {scheduler_job.py:190} INFO - Processing /home/airflow/.local/lib/python3.6/site-packages/airflow/example_dags/example_branch_python_dop_operator_3.py took 0.268 seconds
[2023-03-28 22:56:34,842] {scheduler_job.py:182} INFO - Started process (PID=506) to work on /home/airflow/.local/lib/python3.6/site-packages/airflow/example_dags/example_branch_python_dop_operator_3.py
[2023-03-28 22:56:34,846] {scheduler_job.py:629} INFO - Processing file /home/airflow/.local/lib/python3.6/site-packages/airflow/example_dags/example_branch_python_dop_operator_3.py for tasks to queue
[2023-03-28 22:56:34,849] {logging_mixin.py:104} INFO - [2023-03-28 22:56:34,848] {dagbag.py:448} INFO - Filling up the DagBag from /home/airflow/.local/lib/python3.6/site-packages/airflow/example_dags/example_branch_python_dop_operator_3.py
[2023-03-28 22:56:34,903] {scheduler_job.py:639} INFO - DAG(s) dict_keys(['example_branch_dop_operator_v3']) retrieved from /home/airflow/.local/lib/python3.6/site-packages/airflow/example_dags/example_branch_python_dop_operator_3.py
[2023-03-28 22:56:34,956] {logging_mixin.py:104} INFO - [2023-03-28 22:56:34,955] {dag.py:1818} INFO - Sync 1 DAGs
[2023-03-28 22:56:35,097] {logging_mixin.py:104} INFO - [2023-03-28 22:56:35,096] {dag.py:2273} INFO - Setting next_dagrun for example_branch_dop_operator_v3 to 2023-03-26 00:00:00+00:00
[2023-03-28 22:56:35,119] {scheduler_job.py:190} INFO - Processing /home/airflow/.local/lib/python3.6/site-packages/airflow/example_dags/example_branch_python_dop_operator_3.py took 0.284 seconds
[2023-03-28 22:57:42,714] {scheduler_job.py:182} INFO - Started process (PID=67) to work on /home/airflow/.local/lib/python3.6/site-packages/airflow/example_dags/example_branch_python_dop_operator_3.py
[2023-03-28 22:57:42,726] {scheduler_job.py:629} INFO - Processing file /home/airflow/.local/lib/python3.6/site-packages/airflow/example_dags/example_branch_python_dop_operator_3.py for tasks to queue
[2023-03-28 22:57:42,734] {logging_mixin.py:104} INFO - [2023-03-28 22:57:42,729] {dagbag.py:448} INFO - Filling up the DagBag from /home/airflow/.local/lib/python3.6/site-packages/airflow/example_dags/example_branch_python_dop_operator_3.py
[2023-03-28 22:57:42,907] {scheduler_job.py:639} INFO - DAG(s) dict_keys(['example_branch_dop_operator_v3']) retrieved from /home/airflow/.local/lib/python3.6/site-packages/airflow/example_dags/example_branch_python_dop_operator_3.py
[2023-03-28 22:57:43,068] {logging_mixin.py:104} INFO - [2023-03-28 22:57:43,067] {dag.py:1818} INFO - Sync 1 DAGs
[2023-03-28 22:57:43,820] {logging_mixin.py:104} INFO - [2023-03-28 22:57:43,815] {dag.py:2273} INFO - Setting next_dagrun for example_branch_dop_operator_v3 to 2023-03-26 00:00:00+00:00
[2023-03-28 22:57:43,961] {scheduler_job.py:190} INFO - Processing /home/airflow/.local/lib/python3.6/site-packages/airflow/example_dags/example_branch_python_dop_operator_3.py took 1.277 seconds
[2023-03-28 22:58:14,687] {scheduler_job.py:182} INFO - Started process (PID=121) to work on /home/airflow/.local/lib/python3.6/site-packages/airflow/example_dags/example_branch_python_dop_operator_3.py
[2023-03-28 22:58:14,703] {scheduler_job.py:629} INFO - Processing file /home/airflow/.local/lib/python3.6/site-packages/airflow/example_dags/example_branch_python_dop_operator_3.py for tasks to queue
[2023-03-28 22:58:14,713] {logging_mixin.py:104} INFO - [2023-03-28 22:58:14,712] {dagbag.py:448} INFO - Filling up the DagBag from /home/airflow/.local/lib/python3.6/site-packages/airflow/example_dags/example_branch_python_dop_operator_3.py
[2023-03-28 22:58:14,834] {scheduler_job.py:639} INFO - DAG(s) dict_keys(['example_branch_dop_operator_v3']) retrieved from /home/airflow/.local/lib/python3.6/site-packages/airflow/example_dags/example_branch_python_dop_operator_3.py
[2023-03-28 22:58:14,946] {logging_mixin.py:104} INFO - [2023-03-28 22:58:14,945] {dag.py:1818} INFO - Sync 1 DAGs
[2023-03-28 22:58:15,213] {logging_mixin.py:104} INFO - [2023-03-28 22:58:15,211] {dag.py:2273} INFO - Setting next_dagrun for example_branch_dop_operator_v3 to 2023-03-26 00:00:00+00:00
[2023-03-28 22:58:15,248] {scheduler_job.py:190} INFO - Processing /home/airflow/.local/lib/python3.6/site-packages/airflow/example_dags/example_branch_python_dop_operator_3.py took 0.625 seconds
[2023-03-28 22:58:45,731] {scheduler_job.py:182} INFO - Started process (PID=175) to work on /home/airflow/.local/lib/python3.6/site-packages/airflow/example_dags/example_branch_python_dop_operator_3.py
[2023-03-28 22:58:45,740] {scheduler_job.py:629} INFO - Processing file /home/airflow/.local/lib/python3.6/site-packages/airflow/example_dags/example_branch_python_dop_operator_3.py for tasks to queue
[2023-03-28 22:58:45,743] {logging_mixin.py:104} INFO - [2023-03-28 22:58:45,743] {dagbag.py:448} INFO - Filling up the DagBag from /home/airflow/.local/lib/python3.6/site-packages/airflow/example_dags/example_branch_python_dop_operator_3.py
[2023-03-28 22:58:45,819] {scheduler_job.py:639} INFO - DAG(s) dict_keys(['example_branch_dop_operator_v3']) retrieved from /home/airflow/.local/lib/python3.6/site-packages/airflow/example_dags/example_branch_python_dop_operator_3.py
[2023-03-28 22:58:45,896] {logging_mixin.py:104} INFO - [2023-03-28 22:58:45,896] {dag.py:1818} INFO - Sync 1 DAGs
[2023-03-28 22:58:46,057] {logging_mixin.py:104} INFO - [2023-03-28 22:58:46,056] {dag.py:2273} INFO - Setting next_dagrun for example_branch_dop_operator_v3 to 2023-03-26 00:00:00+00:00
[2023-03-28 22:58:46,082] {scheduler_job.py:190} INFO - Processing /home/airflow/.local/lib/python3.6/site-packages/airflow/example_dags/example_branch_python_dop_operator_3.py took 0.380 seconds
[2023-03-28 22:59:16,776] {scheduler_job.py:182} INFO - Started process (PID=231) to work on /home/airflow/.local/lib/python3.6/site-packages/airflow/example_dags/example_branch_python_dop_operator_3.py
[2023-03-28 22:59:16,783] {scheduler_job.py:629} INFO - Processing file /home/airflow/.local/lib/python3.6/site-packages/airflow/example_dags/example_branch_python_dop_operator_3.py for tasks to queue
[2023-03-28 22:59:16,787] {logging_mixin.py:104} INFO - [2023-03-28 22:59:16,786] {dagbag.py:448} INFO - Filling up the DagBag from /home/airflow/.local/lib/python3.6/site-packages/airflow/example_dags/example_branch_python_dop_operator_3.py
[2023-03-28 22:59:16,848] {scheduler_job.py:639} INFO - DAG(s) dict_keys(['example_branch_dop_operator_v3']) retrieved from /home/airflow/.local/lib/python3.6/site-packages/airflow/example_dags/example_branch_python_dop_operator_3.py
[2023-03-28 22:59:16,910] {logging_mixin.py:104} INFO - [2023-03-28 22:59:16,910] {dag.py:1818} INFO - Sync 1 DAGs
[2023-03-28 22:59:17,057] {logging_mixin.py:104} INFO - [2023-03-28 22:59:17,057] {dag.py:2273} INFO - Setting next_dagrun for example_branch_dop_operator_v3 to 2023-03-26 00:00:00+00:00
[2023-03-28 22:59:17,078] {scheduler_job.py:190} INFO - Processing /home/airflow/.local/lib/python3.6/site-packages/airflow/example_dags/example_branch_python_dop_operator_3.py took 0.315 seconds
[2023-03-28 22:59:47,149] {scheduler_job.py:182} INFO - Started process (PID=285) to work on /home/airflow/.local/lib/python3.6/site-packages/airflow/example_dags/example_branch_python_dop_operator_3.py
[2023-03-28 22:59:47,153] {scheduler_job.py:629} INFO - Processing file /home/airflow/.local/lib/python3.6/site-packages/airflow/example_dags/example_branch_python_dop_operator_3.py for tasks to queue
[2023-03-28 22:59:47,155] {logging_mixin.py:104} INFO - [2023-03-28 22:59:47,155] {dagbag.py:448} INFO - Filling up the DagBag from /home/airflow/.local/lib/python3.6/site-packages/airflow/example_dags/example_branch_python_dop_operator_3.py
[2023-03-28 22:59:47,206] {scheduler_job.py:639} INFO - DAG(s) dict_keys(['example_branch_dop_operator_v3']) retrieved from /home/airflow/.local/lib/python3.6/site-packages/airflow/example_dags/example_branch_python_dop_operator_3.py
[2023-03-28 22:59:47,254] {logging_mixin.py:104} INFO - [2023-03-28 22:59:47,254] {dag.py:1818} INFO - Sync 1 DAGs
[2023-03-28 22:59:47,387] {logging_mixin.py:104} INFO - [2023-03-28 22:59:47,387] {dag.py:2273} INFO - Setting next_dagrun for example_branch_dop_operator_v3 to 2023-03-26 00:00:00+00:00
[2023-03-28 22:59:47,407] {scheduler_job.py:190} INFO - Processing /home/airflow/.local/lib/python3.6/site-packages/airflow/example_dags/example_branch_python_dop_operator_3.py took 0.265 seconds
[2023-03-28 23:00:17,806] {scheduler_job.py:182} INFO - Started process (PID=337) to work on /home/airflow/.local/lib/python3.6/site-packages/airflow/example_dags/example_branch_python_dop_operator_3.py
[2023-03-28 23:00:17,812] {scheduler_job.py:629} INFO - Processing file /home/airflow/.local/lib/python3.6/site-packages/airflow/example_dags/example_branch_python_dop_operator_3.py for tasks to queue
[2023-03-28 23:00:17,814] {logging_mixin.py:104} INFO - [2023-03-28 23:00:17,814] {dagbag.py:448} INFO - Filling up the DagBag from /home/airflow/.local/lib/python3.6/site-packages/airflow/example_dags/example_branch_python_dop_operator_3.py
[2023-03-28 23:00:17,876] {scheduler_job.py:639} INFO - DAG(s) dict_keys(['example_branch_dop_operator_v3']) retrieved from /home/airflow/.local/lib/python3.6/site-packages/airflow/example_dags/example_branch_python_dop_operator_3.py
[2023-03-28 23:00:17,931] {logging_mixin.py:104} INFO - [2023-03-28 23:00:17,931] {dag.py:1818} INFO - Sync 1 DAGs
[2023-03-28 23:00:18,075] {logging_mixin.py:104} INFO - [2023-03-28 23:00:18,075] {dag.py:2273} INFO - Setting next_dagrun for example_branch_dop_operator_v3 to 2023-03-26 00:00:00+00:00
[2023-03-28 23:00:18,098] {scheduler_job.py:190} INFO - Processing /home/airflow/.local/lib/python3.6/site-packages/airflow/example_dags/example_branch_python_dop_operator_3.py took 0.304 seconds
[2023-03-28 23:00:48,720] {scheduler_job.py:182} INFO - Started process (PID=395) to work on /home/airflow/.local/lib/python3.6/site-packages/airflow/example_dags/example_branch_python_dop_operator_3.py
[2023-03-28 23:00:48,724] {scheduler_job.py:629} INFO - Processing file /home/airflow/.local/lib/python3.6/site-packages/airflow/example_dags/example_branch_python_dop_operator_3.py for tasks to queue
[2023-03-28 23:00:48,726] {logging_mixin.py:104} INFO - [2023-03-28 23:00:48,726] {dagbag.py:448} INFO - Filling up the DagBag from /home/airflow/.local/lib/python3.6/site-packages/airflow/example_dags/example_branch_python_dop_operator_3.py
[2023-03-28 23:00:48,776] {scheduler_job.py:639} INFO - DAG(s) dict_keys(['example_branch_dop_operator_v3']) retrieved from /home/airflow/.local/lib/python3.6/site-packages/airflow/example_dags/example_branch_python_dop_operator_3.py
[2023-03-28 23:00:48,825] {logging_mixin.py:104} INFO - [2023-03-28 23:00:48,825] {dag.py:1818} INFO - Sync 1 DAGs
[2023-03-28 23:00:48,969] {logging_mixin.py:104} INFO - [2023-03-28 23:00:48,969] {dag.py:2273} INFO - Setting next_dagrun for example_branch_dop_operator_v3 to 2023-03-26 00:00:00+00:00
[2023-03-28 23:00:48,993] {scheduler_job.py:190} INFO - Processing /home/airflow/.local/lib/python3.6/site-packages/airflow/example_dags/example_branch_python_dop_operator_3.py took 0.279 seconds
[2023-03-28 23:01:19,205] {scheduler_job.py:182} INFO - Started process (PID=449) to work on /home/airflow/.local/lib/python3.6/site-packages/airflow/example_dags/example_branch_python_dop_operator_3.py
[2023-03-28 23:01:19,209] {scheduler_job.py:629} INFO - Processing file /home/airflow/.local/lib/python3.6/site-packages/airflow/example_dags/example_branch_python_dop_operator_3.py for tasks to queue
[2023-03-28 23:01:19,211] {logging_mixin.py:104} INFO - [2023-03-28 23:01:19,210] {dagbag.py:448} INFO - Filling up the DagBag from /home/airflow/.local/lib/python3.6/site-packages/airflow/example_dags/example_branch_python_dop_operator_3.py
[2023-03-28 23:01:19,257] {scheduler_job.py:639} INFO - DAG(s) dict_keys(['example_branch_dop_operator_v3']) retrieved from /home/airflow/.local/lib/python3.6/site-packages/airflow/example_dags/example_branch_python_dop_operator_3.py
[2023-03-28 23:01:19,313] {logging_mixin.py:104} INFO - [2023-03-28 23:01:19,313] {dag.py:1818} INFO - Sync 1 DAGs
[2023-03-28 23:01:19,487] {logging_mixin.py:104} INFO - [2023-03-28 23:01:19,486] {dag.py:2273} INFO - Setting next_dagrun for example_branch_dop_operator_v3 to 2023-03-26 00:00:00+00:00
[2023-03-28 23:01:19,511] {scheduler_job.py:190} INFO - Processing /home/airflow/.local/lib/python3.6/site-packages/airflow/example_dags/example_branch_python_dop_operator_3.py took 0.313 seconds
[2023-03-28 23:01:49,792] {scheduler_job.py:182} INFO - Started process (PID=507) to work on /home/airflow/.local/lib/python3.6/site-packages/airflow/example_dags/example_branch_python_dop_operator_3.py
[2023-03-28 23:01:49,796] {scheduler_job.py:629} INFO - Processing file /home/airflow/.local/lib/python3.6/site-packages/airflow/example_dags/example_branch_python_dop_operator_3.py for tasks to queue
[2023-03-28 23:01:49,799] {logging_mixin.py:104} INFO - [2023-03-28 23:01:49,798] {dagbag.py:448} INFO - Filling up the DagBag from /home/airflow/.local/lib/python3.6/site-packages/airflow/example_dags/example_branch_python_dop_operator_3.py
[2023-03-28 23:01:49,846] {scheduler_job.py:639} INFO - DAG(s) dict_keys(['example_branch_dop_operator_v3']) retrieved from /home/airflow/.local/lib/python3.6/site-packages/airflow/example_dags/example_branch_python_dop_operator_3.py
[2023-03-28 23:01:49,894] {logging_mixin.py:104} INFO - [2023-03-28 23:01:49,894] {dag.py:1818} INFO - Sync 1 DAGs
[2023-03-28 23:01:50,030] {logging_mixin.py:104} INFO - [2023-03-28 23:01:50,030] {dag.py:2273} INFO - Setting next_dagrun for example_branch_dop_operator_v3 to 2023-03-26 00:00:00+00:00
[2023-03-28 23:01:50,051] {scheduler_job.py:190} INFO - Processing /home/airflow/.local/lib/python3.6/site-packages/airflow/example_dags/example_branch_python_dop_operator_3.py took 0.265 seconds
[2023-03-28 23:02:20,376] {scheduler_job.py:182} INFO - Started process (PID=561) to work on /home/airflow/.local/lib/python3.6/site-packages/airflow/example_dags/example_branch_python_dop_operator_3.py
[2023-03-28 23:02:20,381] {scheduler_job.py:629} INFO - Processing file /home/airflow/.local/lib/python3.6/site-packages/airflow/example_dags/example_branch_python_dop_operator_3.py for tasks to queue
[2023-03-28 23:02:20,383] {logging_mixin.py:104} INFO - [2023-03-28 23:02:20,383] {dagbag.py:448} INFO - Filling up the DagBag from /home/airflow/.local/lib/python3.6/site-packages/airflow/example_dags/example_branch_python_dop_operator_3.py
[2023-03-28 23:02:20,434] {scheduler_job.py:639} INFO - DAG(s) dict_keys(['example_branch_dop_operator_v3']) retrieved from /home/airflow/.local/lib/python3.6/site-packages/airflow/example_dags/example_branch_python_dop_operator_3.py
[2023-03-28 23:02:20,487] {logging_mixin.py:104} INFO - [2023-03-28 23:02:20,486] {dag.py:1818} INFO - Sync 1 DAGs
[2023-03-28 23:02:20,636] {logging_mixin.py:104} INFO - [2023-03-28 23:02:20,636] {dag.py:2273} INFO - Setting next_dagrun for example_branch_dop_operator_v3 to 2023-03-26 00:00:00+00:00
[2023-03-28 23:02:20,657] {scheduler_job.py:190} INFO - Processing /home/airflow/.local/lib/python3.6/site-packages/airflow/example_dags/example_branch_python_dop_operator_3.py took 0.287 seconds
[2023-03-28 23:02:51,094] {scheduler_job.py:182} INFO - Started process (PID=615) to work on /home/airflow/.local/lib/python3.6/site-packages/airflow/example_dags/example_branch_python_dop_operator_3.py
[2023-03-28 23:02:51,098] {scheduler_job.py:629} INFO - Processing file /home/airflow/.local/lib/python3.6/site-packages/airflow/example_dags/example_branch_python_dop_operator_3.py for tasks to queue
[2023-03-28 23:02:51,101] {logging_mixin.py:104} INFO - [2023-03-28 23:02:51,100] {dagbag.py:448} INFO - Filling up the DagBag from /home/airflow/.local/lib/python3.6/site-packages/airflow/example_dags/example_branch_python_dop_operator_3.py
[2023-03-28 23:02:51,151] {scheduler_job.py:639} INFO - DAG(s) dict_keys(['example_branch_dop_operator_v3']) retrieved from /home/airflow/.local/lib/python3.6/site-packages/airflow/example_dags/example_branch_python_dop_operator_3.py
[2023-03-28 23:02:51,205] {logging_mixin.py:104} INFO - [2023-03-28 23:02:51,204] {dag.py:1818} INFO - Sync 1 DAGs
[2023-03-28 23:02:51,352] {logging_mixin.py:104} INFO - [2023-03-28 23:02:51,351] {dag.py:2273} INFO - Setting next_dagrun for example_branch_dop_operator_v3 to 2023-03-26 00:00:00+00:00
[2023-03-28 23:02:51,374] {scheduler_job.py:190} INFO - Processing /home/airflow/.local/lib/python3.6/site-packages/airflow/example_dags/example_branch_python_dop_operator_3.py took 0.287 seconds
[2023-03-28 23:03:21,856] {scheduler_job.py:182} INFO - Started process (PID=669) to work on /home/airflow/.local/lib/python3.6/site-packages/airflow/example_dags/example_branch_python_dop_operator_3.py
[2023-03-28 23:03:21,864] {scheduler_job.py:629} INFO - Processing file /home/airflow/.local/lib/python3.6/site-packages/airflow/example_dags/example_branch_python_dop_operator_3.py for tasks to queue
[2023-03-28 23:03:21,871] {logging_mixin.py:104} INFO - [2023-03-28 23:03:21,870] {dagbag.py:448} INFO - Filling up the DagBag from /home/airflow/.local/lib/python3.6/site-packages/airflow/example_dags/example_branch_python_dop_operator_3.py
[2023-03-28 23:03:21,936] {scheduler_job.py:639} INFO - DAG(s) dict_keys(['example_branch_dop_operator_v3']) retrieved from /home/airflow/.local/lib/python3.6/site-packages/airflow/example_dags/example_branch_python_dop_operator_3.py
[2023-03-28 23:03:21,999] {logging_mixin.py:104} INFO - [2023-03-28 23:03:21,999] {dag.py:1818} INFO - Sync 1 DAGs
[2023-03-28 23:03:22,147] {logging_mixin.py:104} INFO - [2023-03-28 23:03:22,147] {dag.py:2273} INFO - Setting next_dagrun for example_branch_dop_operator_v3 to 2023-03-26 00:00:00+00:00
[2023-03-28 23:03:22,169] {scheduler_job.py:190} INFO - Processing /home/airflow/.local/lib/python3.6/site-packages/airflow/example_dags/example_branch_python_dop_operator_3.py took 0.337 seconds
[2023-03-28 23:03:52,489] {scheduler_job.py:182} INFO - Started process (PID=723) to work on /home/airflow/.local/lib/python3.6/site-packages/airflow/example_dags/example_branch_python_dop_operator_3.py
[2023-03-28 23:03:52,494] {scheduler_job.py:629} INFO - Processing file /home/airflow/.local/lib/python3.6/site-packages/airflow/example_dags/example_branch_python_dop_operator_3.py for tasks to queue
[2023-03-28 23:03:52,498] {logging_mixin.py:104} INFO - [2023-03-28 23:03:52,498] {dagbag.py:448} INFO - Filling up the DagBag from /home/airflow/.local/lib/python3.6/site-packages/airflow/example_dags/example_branch_python_dop_operator_3.py
[2023-03-28 23:03:52,556] {scheduler_job.py:639} INFO - DAG(s) dict_keys(['example_branch_dop_operator_v3']) retrieved from /home/airflow/.local/lib/python3.6/site-packages/airflow/example_dags/example_branch_python_dop_operator_3.py
[2023-03-28 23:03:52,615] {logging_mixin.py:104} INFO - [2023-03-28 23:03:52,615] {dag.py:1818} INFO - Sync 1 DAGs
[2023-03-28 23:03:52,771] {logging_mixin.py:104} INFO - [2023-03-28 23:03:52,771] {dag.py:2273} INFO - Setting next_dagrun for example_branch_dop_operator_v3 to 2023-03-26 00:00:00+00:00
[2023-03-28 23:03:52,793] {scheduler_job.py:190} INFO - Processing /home/airflow/.local/lib/python3.6/site-packages/airflow/example_dags/example_branch_python_dop_operator_3.py took 0.314 seconds
[2023-03-28 23:04:23,214] {scheduler_job.py:182} INFO - Started process (PID=777) to work on /home/airflow/.local/lib/python3.6/site-packages/airflow/example_dags/example_branch_python_dop_operator_3.py
[2023-03-28 23:04:23,218] {scheduler_job.py:629} INFO - Processing file /home/airflow/.local/lib/python3.6/site-packages/airflow/example_dags/example_branch_python_dop_operator_3.py for tasks to queue
[2023-03-28 23:04:23,221] {logging_mixin.py:104} INFO - [2023-03-28 23:04:23,220] {dagbag.py:448} INFO - Filling up the DagBag from /home/airflow/.local/lib/python3.6/site-packages/airflow/example_dags/example_branch_python_dop_operator_3.py
[2023-03-28 23:04:23,273] {scheduler_job.py:639} INFO - DAG(s) dict_keys(['example_branch_dop_operator_v3']) retrieved from /home/airflow/.local/lib/python3.6/site-packages/airflow/example_dags/example_branch_python_dop_operator_3.py
[2023-03-28 23:04:23,321] {logging_mixin.py:104} INFO - [2023-03-28 23:04:23,321] {dag.py:1818} INFO - Sync 1 DAGs
[2023-03-28 23:04:23,466] {logging_mixin.py:104} INFO - [2023-03-28 23:04:23,465] {dag.py:2273} INFO - Setting next_dagrun for example_branch_dop_operator_v3 to 2023-03-26 00:00:00+00:00
[2023-03-28 23:04:23,488] {scheduler_job.py:190} INFO - Processing /home/airflow/.local/lib/python3.6/site-packages/airflow/example_dags/example_branch_python_dop_operator_3.py took 0.281 seconds
[2023-03-28 23:04:53,744] {scheduler_job.py:182} INFO - Started process (PID=833) to work on /home/airflow/.local/lib/python3.6/site-packages/airflow/example_dags/example_branch_python_dop_operator_3.py
[2023-03-28 23:04:53,748] {scheduler_job.py:629} INFO - Processing file /home/airflow/.local/lib/python3.6/site-packages/airflow/example_dags/example_branch_python_dop_operator_3.py for tasks to queue
[2023-03-28 23:04:53,750] {logging_mixin.py:104} INFO - [2023-03-28 23:04:53,750] {dagbag.py:448} INFO - Filling up the DagBag from /home/airflow/.local/lib/python3.6/site-packages/airflow/example_dags/example_branch_python_dop_operator_3.py
[2023-03-28 23:04:53,797] {scheduler_job.py:639} INFO - DAG(s) dict_keys(['example_branch_dop_operator_v3']) retrieved from /home/airflow/.local/lib/python3.6/site-packages/airflow/example_dags/example_branch_python_dop_operator_3.py
[2023-03-28 23:04:53,845] {logging_mixin.py:104} INFO - [2023-03-28 23:04:53,844] {dag.py:1818} INFO - Sync 1 DAGs
[2023-03-28 23:04:53,982] {logging_mixin.py:104} INFO - [2023-03-28 23:04:53,981] {dag.py:2273} INFO - Setting next_dagrun for example_branch_dop_operator_v3 to 2023-03-26 00:00:00+00:00
[2023-03-28 23:04:54,007] {scheduler_job.py:190} INFO - Processing /home/airflow/.local/lib/python3.6/site-packages/airflow/example_dags/example_branch_python_dop_operator_3.py took 0.269 seconds
[2023-03-28 23:05:24,531] {scheduler_job.py:182} INFO - Started process (PID=887) to work on /home/airflow/.local/lib/python3.6/site-packages/airflow/example_dags/example_branch_python_dop_operator_3.py
[2023-03-28 23:05:24,536] {scheduler_job.py:629} INFO - Processing file /home/airflow/.local/lib/python3.6/site-packages/airflow/example_dags/example_branch_python_dop_operator_3.py for tasks to queue
[2023-03-28 23:05:24,541] {logging_mixin.py:104} INFO - [2023-03-28 23:05:24,540] {dagbag.py:448} INFO - Filling up the DagBag from /home/airflow/.local/lib/python3.6/site-packages/airflow/example_dags/example_branch_python_dop_operator_3.py
[2023-03-28 23:05:24,653] {scheduler_job.py:639} INFO - DAG(s) dict_keys(['example_branch_dop_operator_v3']) retrieved from /home/airflow/.local/lib/python3.6/site-packages/airflow/example_dags/example_branch_python_dop_operator_3.py
[2023-03-28 23:05:24,720] {logging_mixin.py:104} INFO - [2023-03-28 23:05:24,719] {dag.py:1818} INFO - Sync 1 DAGs
[2023-03-28 23:05:24,900] {logging_mixin.py:104} INFO - [2023-03-28 23:05:24,899] {dag.py:2273} INFO - Setting next_dagrun for example_branch_dop_operator_v3 to 2023-03-26 00:00:00+00:00
[2023-03-28 23:05:24,930] {scheduler_job.py:190} INFO - Processing /home/airflow/.local/lib/python3.6/site-packages/airflow/example_dags/example_branch_python_dop_operator_3.py took 0.406 seconds
[2023-03-28 23:05:55,195] {scheduler_job.py:182} INFO - Started process (PID=939) to work on /home/airflow/.local/lib/python3.6/site-packages/airflow/example_dags/example_branch_python_dop_operator_3.py
[2023-03-28 23:05:55,199] {scheduler_job.py:629} INFO - Processing file /home/airflow/.local/lib/python3.6/site-packages/airflow/example_dags/example_branch_python_dop_operator_3.py for tasks to queue
[2023-03-28 23:05:55,201] {logging_mixin.py:104} INFO - [2023-03-28 23:05:55,201] {dagbag.py:448} INFO - Filling up the DagBag from /home/airflow/.local/lib/python3.6/site-packages/airflow/example_dags/example_branch_python_dop_operator_3.py
[2023-03-28 23:05:55,251] {scheduler_job.py:639} INFO - DAG(s) dict_keys(['example_branch_dop_operator_v3']) retrieved from /home/airflow/.local/lib/python3.6/site-packages/airflow/example_dags/example_branch_python_dop_operator_3.py
[2023-03-28 23:05:55,303] {logging_mixin.py:104} INFO - [2023-03-28 23:05:55,302] {dag.py:1818} INFO - Sync 1 DAGs
[2023-03-28 23:05:55,440] {logging_mixin.py:104} INFO - [2023-03-28 23:05:55,439] {dag.py:2273} INFO - Setting next_dagrun for example_branch_dop_operator_v3 to 2023-03-26 00:00:00+00:00
[2023-03-28 23:05:55,460] {scheduler_job.py:190} INFO - Processing /home/airflow/.local/lib/python3.6/site-packages/airflow/example_dags/example_branch_python_dop_operator_3.py took 0.272 seconds
[2023-03-28 23:06:25,904] {scheduler_job.py:182} INFO - Started process (PID=993) to work on /home/airflow/.local/lib/python3.6/site-packages/airflow/example_dags/example_branch_python_dop_operator_3.py
[2023-03-28 23:06:25,907] {scheduler_job.py:629} INFO - Processing file /home/airflow/.local/lib/python3.6/site-packages/airflow/example_dags/example_branch_python_dop_operator_3.py for tasks to queue
[2023-03-28 23:06:25,910] {logging_mixin.py:104} INFO - [2023-03-28 23:06:25,909] {dagbag.py:448} INFO - Filling up the DagBag from /home/airflow/.local/lib/python3.6/site-packages/airflow/example_dags/example_branch_python_dop_operator_3.py
[2023-03-28 23:06:25,957] {scheduler_job.py:639} INFO - DAG(s) dict_keys(['example_branch_dop_operator_v3']) retrieved from /home/airflow/.local/lib/python3.6/site-packages/airflow/example_dags/example_branch_python_dop_operator_3.py
[2023-03-28 23:06:26,012] {logging_mixin.py:104} INFO - [2023-03-28 23:06:26,012] {dag.py:1818} INFO - Sync 1 DAGs
[2023-03-28 23:06:26,157] {logging_mixin.py:104} INFO - [2023-03-28 23:06:26,156] {dag.py:2273} INFO - Setting next_dagrun for example_branch_dop_operator_v3 to 2023-03-26 00:00:00+00:00
[2023-03-28 23:06:26,181] {scheduler_job.py:190} INFO - Processing /home/airflow/.local/lib/python3.6/site-packages/airflow/example_dags/example_branch_python_dop_operator_3.py took 0.283 seconds
[2023-03-28 23:06:56,325] {scheduler_job.py:182} INFO - Started process (PID=1047) to work on /home/airflow/.local/lib/python3.6/site-packages/airflow/example_dags/example_branch_python_dop_operator_3.py
[2023-03-28 23:06:56,329] {scheduler_job.py:629} INFO - Processing file /home/airflow/.local/lib/python3.6/site-packages/airflow/example_dags/example_branch_python_dop_operator_3.py for tasks to queue
[2023-03-28 23:06:56,331] {logging_mixin.py:104} INFO - [2023-03-28 23:06:56,331] {dagbag.py:448} INFO - Filling up the DagBag from /home/airflow/.local/lib/python3.6/site-packages/airflow/example_dags/example_branch_python_dop_operator_3.py
[2023-03-28 23:06:56,382] {scheduler_job.py:639} INFO - DAG(s) dict_keys(['example_branch_dop_operator_v3']) retrieved from /home/airflow/.local/lib/python3.6/site-packages/airflow/example_dags/example_branch_python_dop_operator_3.py
[2023-03-28 23:06:56,429] {logging_mixin.py:104} INFO - [2023-03-28 23:06:56,429] {dag.py:1818} INFO - Sync 1 DAGs
[2023-03-28 23:06:56,578] {logging_mixin.py:104} INFO - [2023-03-28 23:06:56,578] {dag.py:2273} INFO - Setting next_dagrun for example_branch_dop_operator_v3 to 2023-03-26 00:00:00+00:00
[2023-03-28 23:06:56,599] {scheduler_job.py:190} INFO - Processing /home/airflow/.local/lib/python3.6/site-packages/airflow/example_dags/example_branch_python_dop_operator_3.py took 0.281 seconds
[2023-03-28 23:07:27,125] {scheduler_job.py:182} INFO - Started process (PID=1097) to work on /home/airflow/.local/lib/python3.6/site-packages/airflow/example_dags/example_branch_python_dop_operator_3.py
[2023-03-28 23:07:27,128] {scheduler_job.py:629} INFO - Processing file /home/airflow/.local/lib/python3.6/site-packages/airflow/example_dags/example_branch_python_dop_operator_3.py for tasks to queue
[2023-03-28 23:07:27,130] {logging_mixin.py:104} INFO - [2023-03-28 23:07:27,130] {dagbag.py:448} INFO - Filling up the DagBag from /home/airflow/.local/lib/python3.6/site-packages/airflow/example_dags/example_branch_python_dop_operator_3.py
[2023-03-28 23:07:27,182] {scheduler_job.py:639} INFO - DAG(s) dict_keys(['example_branch_dop_operator_v3']) retrieved from /home/airflow/.local/lib/python3.6/site-packages/airflow/example_dags/example_branch_python_dop_operator_3.py
[2023-03-28 23:07:27,242] {logging_mixin.py:104} INFO - [2023-03-28 23:07:27,242] {dag.py:1818} INFO - Sync 1 DAGs
[2023-03-28 23:07:27,401] {logging_mixin.py:104} INFO - [2023-03-28 23:07:27,401] {dag.py:2273} INFO - Setting next_dagrun for example_branch_dop_operator_v3 to 2023-03-26 00:00:00+00:00
[2023-03-28 23:07:27,426] {scheduler_job.py:190} INFO - Processing /home/airflow/.local/lib/python3.6/site-packages/airflow/example_dags/example_branch_python_dop_operator_3.py took 0.308 seconds
[2023-03-28 23:07:58,293] {scheduler_job.py:182} INFO - Started process (PID=1151) to work on /home/airflow/.local/lib/python3.6/site-packages/airflow/example_dags/example_branch_python_dop_operator_3.py
[2023-03-28 23:07:58,297] {scheduler_job.py:629} INFO - Processing file /home/airflow/.local/lib/python3.6/site-packages/airflow/example_dags/example_branch_python_dop_operator_3.py for tasks to queue
[2023-03-28 23:07:58,299] {logging_mixin.py:104} INFO - [2023-03-28 23:07:58,298] {dagbag.py:448} INFO - Filling up the DagBag from /home/airflow/.local/lib/python3.6/site-packages/airflow/example_dags/example_branch_python_dop_operator_3.py
[2023-03-28 23:07:58,346] {scheduler_job.py:639} INFO - DAG(s) dict_keys(['example_branch_dop_operator_v3']) retrieved from /home/airflow/.local/lib/python3.6/site-packages/airflow/example_dags/example_branch_python_dop_operator_3.py
[2023-03-28 23:07:58,394] {logging_mixin.py:104} INFO - [2023-03-28 23:07:58,394] {dag.py:1818} INFO - Sync 1 DAGs
[2023-03-28 23:07:58,531] {logging_mixin.py:104} INFO - [2023-03-28 23:07:58,531] {dag.py:2273} INFO - Setting next_dagrun for example_branch_dop_operator_v3 to 2023-03-26 00:00:00+00:00
[2023-03-28 23:07:58,552] {scheduler_job.py:190} INFO - Processing /home/airflow/.local/lib/python3.6/site-packages/airflow/example_dags/example_branch_python_dop_operator_3.py took 0.265 seconds
[2023-03-28 23:08:28,972] {scheduler_job.py:182} INFO - Started process (PID=1203) to work on /home/airflow/.local/lib/python3.6/site-packages/airflow/example_dags/example_branch_python_dop_operator_3.py
[2023-03-28 23:08:28,976] {scheduler_job.py:629} INFO - Processing file /home/airflow/.local/lib/python3.6/site-packages/airflow/example_dags/example_branch_python_dop_operator_3.py for tasks to queue
[2023-03-28 23:08:28,978] {logging_mixin.py:104} INFO - [2023-03-28 23:08:28,977] {dagbag.py:448} INFO - Filling up the DagBag from /home/airflow/.local/lib/python3.6/site-packages/airflow/example_dags/example_branch_python_dop_operator_3.py
[2023-03-28 23:08:29,028] {scheduler_job.py:639} INFO - DAG(s) dict_keys(['example_branch_dop_operator_v3']) retrieved from /home/airflow/.local/lib/python3.6/site-packages/airflow/example_dags/example_branch_python_dop_operator_3.py
[2023-03-28 23:08:29,076] {logging_mixin.py:104} INFO - [2023-03-28 23:08:29,075] {dag.py:1818} INFO - Sync 1 DAGs
[2023-03-28 23:08:29,218] {logging_mixin.py:104} INFO - [2023-03-28 23:08:29,218] {dag.py:2273} INFO - Setting next_dagrun for example_branch_dop_operator_v3 to 2023-03-26 00:00:00+00:00
[2023-03-28 23:08:29,244] {scheduler_job.py:190} INFO - Processing /home/airflow/.local/lib/python3.6/site-packages/airflow/example_dags/example_branch_python_dop_operator_3.py took 0.279 seconds
[2023-03-28 23:08:59,637] {scheduler_job.py:182} INFO - Started process (PID=1257) to work on /home/airflow/.local/lib/python3.6/site-packages/airflow/example_dags/example_branch_python_dop_operator_3.py
[2023-03-28 23:08:59,641] {scheduler_job.py:629} INFO - Processing file /home/airflow/.local/lib/python3.6/site-packages/airflow/example_dags/example_branch_python_dop_operator_3.py for tasks to queue
[2023-03-28 23:08:59,644] {logging_mixin.py:104} INFO - [2023-03-28 23:08:59,643] {dagbag.py:448} INFO - Filling up the DagBag from /home/airflow/.local/lib/python3.6/site-packages/airflow/example_dags/example_branch_python_dop_operator_3.py
[2023-03-28 23:08:59,696] {scheduler_job.py:639} INFO - DAG(s) dict_keys(['example_branch_dop_operator_v3']) retrieved from /home/airflow/.local/lib/python3.6/site-packages/airflow/example_dags/example_branch_python_dop_operator_3.py
[2023-03-28 23:08:59,749] {logging_mixin.py:104} INFO - [2023-03-28 23:08:59,749] {dag.py:1818} INFO - Sync 1 DAGs
[2023-03-28 23:08:59,902] {logging_mixin.py:104} INFO - [2023-03-28 23:08:59,901] {dag.py:2273} INFO - Setting next_dagrun for example_branch_dop_operator_v3 to 2023-03-26 00:00:00+00:00
[2023-03-28 23:08:59,932] {scheduler_job.py:190} INFO - Processing /home/airflow/.local/lib/python3.6/site-packages/airflow/example_dags/example_branch_python_dop_operator_3.py took 0.302 seconds
[2023-03-28 23:09:30,907] {scheduler_job.py:182} INFO - Started process (PID=1313) to work on /home/airflow/.local/lib/python3.6/site-packages/airflow/example_dags/example_branch_python_dop_operator_3.py
[2023-03-28 23:09:30,910] {scheduler_job.py:629} INFO - Processing file /home/airflow/.local/lib/python3.6/site-packages/airflow/example_dags/example_branch_python_dop_operator_3.py for tasks to queue
[2023-03-28 23:09:30,912] {logging_mixin.py:104} INFO - [2023-03-28 23:09:30,912] {dagbag.py:448} INFO - Filling up the DagBag from /home/airflow/.local/lib/python3.6/site-packages/airflow/example_dags/example_branch_python_dop_operator_3.py
[2023-03-28 23:09:30,959] {scheduler_job.py:639} INFO - DAG(s) dict_keys(['example_branch_dop_operator_v3']) retrieved from /home/airflow/.local/lib/python3.6/site-packages/airflow/example_dags/example_branch_python_dop_operator_3.py
[2023-03-28 23:09:31,012] {logging_mixin.py:104} INFO - [2023-03-28 23:09:31,012] {dag.py:1818} INFO - Sync 1 DAGs
[2023-03-28 23:09:31,153] {logging_mixin.py:104} INFO - [2023-03-28 23:09:31,152] {dag.py:2273} INFO - Setting next_dagrun for example_branch_dop_operator_v3 to 2023-03-26 00:00:00+00:00
[2023-03-28 23:09:31,179] {scheduler_job.py:190} INFO - Processing /home/airflow/.local/lib/python3.6/site-packages/airflow/example_dags/example_branch_python_dop_operator_3.py took 0.278 seconds
[2023-03-28 23:10:01,289] {scheduler_job.py:182} INFO - Started process (PID=1367) to work on /home/airflow/.local/lib/python3.6/site-packages/airflow/example_dags/example_branch_python_dop_operator_3.py
[2023-03-28 23:10:01,294] {scheduler_job.py:629} INFO - Processing file /home/airflow/.local/lib/python3.6/site-packages/airflow/example_dags/example_branch_python_dop_operator_3.py for tasks to queue
[2023-03-28 23:10:01,296] {logging_mixin.py:104} INFO - [2023-03-28 23:10:01,296] {dagbag.py:448} INFO - Filling up the DagBag from /home/airflow/.local/lib/python3.6/site-packages/airflow/example_dags/example_branch_python_dop_operator_3.py
[2023-03-28 23:10:01,351] {scheduler_job.py:639} INFO - DAG(s) dict_keys(['example_branch_dop_operator_v3']) retrieved from /home/airflow/.local/lib/python3.6/site-packages/airflow/example_dags/example_branch_python_dop_operator_3.py
[2023-03-28 23:10:01,421] {logging_mixin.py:104} INFO - [2023-03-28 23:10:01,421] {dag.py:1818} INFO - Sync 1 DAGs
[2023-03-28 23:10:01,570] {logging_mixin.py:104} INFO - [2023-03-28 23:10:01,569] {dag.py:2273} INFO - Setting next_dagrun for example_branch_dop_operator_v3 to 2023-03-26 00:00:00+00:00
[2023-03-28 23:10:01,595] {scheduler_job.py:190} INFO - Processing /home/airflow/.local/lib/python3.6/site-packages/airflow/example_dags/example_branch_python_dop_operator_3.py took 0.313 seconds
[2023-03-28 23:10:31,636] {scheduler_job.py:182} INFO - Started process (PID=1421) to work on /home/airflow/.local/lib/python3.6/site-packages/airflow/example_dags/example_branch_python_dop_operator_3.py
[2023-03-28 23:10:31,641] {scheduler_job.py:629} INFO - Processing file /home/airflow/.local/lib/python3.6/site-packages/airflow/example_dags/example_branch_python_dop_operator_3.py for tasks to queue
[2023-03-28 23:10:31,643] {logging_mixin.py:104} INFO - [2023-03-28 23:10:31,643] {dagbag.py:448} INFO - Filling up the DagBag from /home/airflow/.local/lib/python3.6/site-packages/airflow/example_dags/example_branch_python_dop_operator_3.py
[2023-03-28 23:10:31,697] {scheduler_job.py:639} INFO - DAG(s) dict_keys(['example_branch_dop_operator_v3']) retrieved from /home/airflow/.local/lib/python3.6/site-packages/airflow/example_dags/example_branch_python_dop_operator_3.py
[2023-03-28 23:10:31,748] {logging_mixin.py:104} INFO - [2023-03-28 23:10:31,748] {dag.py:1818} INFO - Sync 1 DAGs
[2023-03-28 23:10:31,885] {logging_mixin.py:104} INFO - [2023-03-28 23:10:31,885] {dag.py:2273} INFO - Setting next_dagrun for example_branch_dop_operator_v3 to 2023-03-26 00:00:00+00:00
[2023-03-28 23:10:31,906] {scheduler_job.py:190} INFO - Processing /home/airflow/.local/lib/python3.6/site-packages/airflow/example_dags/example_branch_python_dop_operator_3.py took 0.278 seconds
[2023-03-28 23:11:02,515] {scheduler_job.py:182} INFO - Started process (PID=1477) to work on /home/airflow/.local/lib/python3.6/site-packages/airflow/example_dags/example_branch_python_dop_operator_3.py
[2023-03-28 23:11:02,530] {scheduler_job.py:629} INFO - Processing file /home/airflow/.local/lib/python3.6/site-packages/airflow/example_dags/example_branch_python_dop_operator_3.py for tasks to queue
[2023-03-28 23:11:02,547] {logging_mixin.py:104} INFO - [2023-03-28 23:11:02,547] {dagbag.py:448} INFO - Filling up the DagBag from /home/airflow/.local/lib/python3.6/site-packages/airflow/example_dags/example_branch_python_dop_operator_3.py
[2023-03-28 23:11:02,699] {scheduler_job.py:639} INFO - DAG(s) dict_keys(['example_branch_dop_operator_v3']) retrieved from /home/airflow/.local/lib/python3.6/site-packages/airflow/example_dags/example_branch_python_dop_operator_3.py
[2023-03-28 23:11:02,827] {logging_mixin.py:104} INFO - [2023-03-28 23:11:02,826] {dag.py:1818} INFO - Sync 1 DAGs
[2023-03-28 23:11:02,982] {logging_mixin.py:104} INFO - [2023-03-28 23:11:02,981] {dag.py:2273} INFO - Setting next_dagrun for example_branch_dop_operator_v3 to 2023-03-26 00:00:00+00:00
[2023-03-28 23:11:03,008] {scheduler_job.py:190} INFO - Processing /home/airflow/.local/lib/python3.6/site-packages/airflow/example_dags/example_branch_python_dop_operator_3.py took 0.510 seconds
[2023-03-28 23:11:33,227] {scheduler_job.py:182} INFO - Started process (PID=1531) to work on /home/airflow/.local/lib/python3.6/site-packages/airflow/example_dags/example_branch_python_dop_operator_3.py
[2023-03-28 23:11:33,231] {scheduler_job.py:629} INFO - Processing file /home/airflow/.local/lib/python3.6/site-packages/airflow/example_dags/example_branch_python_dop_operator_3.py for tasks to queue
[2023-03-28 23:11:33,233] {logging_mixin.py:104} INFO - [2023-03-28 23:11:33,233] {dagbag.py:448} INFO - Filling up the DagBag from /home/airflow/.local/lib/python3.6/site-packages/airflow/example_dags/example_branch_python_dop_operator_3.py
[2023-03-28 23:11:33,280] {scheduler_job.py:639} INFO - DAG(s) dict_keys(['example_branch_dop_operator_v3']) retrieved from /home/airflow/.local/lib/python3.6/site-packages/airflow/example_dags/example_branch_python_dop_operator_3.py
[2023-03-28 23:11:33,332] {logging_mixin.py:104} INFO - [2023-03-28 23:11:33,332] {dag.py:1818} INFO - Sync 1 DAGs
[2023-03-28 23:11:33,583] {logging_mixin.py:104} INFO - [2023-03-28 23:11:33,582] {dag.py:2273} INFO - Setting next_dagrun for example_branch_dop_operator_v3 to 2023-03-26 00:00:00+00:00
[2023-03-28 23:11:33,606] {scheduler_job.py:190} INFO - Processing /home/airflow/.local/lib/python3.6/site-packages/airflow/example_dags/example_branch_python_dop_operator_3.py took 0.385 seconds
