[2023-03-28 22:52:27,439] {scheduler_job.py:182} INFO - Started process (PID=84) to work on /home/airflow/.local/lib/python3.6/site-packages/airflow/example_dags/example_xcom.py
[2023-03-28 22:52:27,443] {scheduler_job.py:629} INFO - Processing file /home/airflow/.local/lib/python3.6/site-packages/airflow/example_dags/example_xcom.py for tasks to queue
[2023-03-28 22:52:27,450] {logging_mixin.py:104} INFO - [2023-03-28 22:52:27,449] {dagbag.py:448} INFO - Filling up the DagBag from /home/airflow/.local/lib/python3.6/site-packages/airflow/example_dags/example_xcom.py
[2023-03-28 22:52:27,490] {scheduler_job.py:639} INFO - DAG(s) dict_keys(['example_xcom']) retrieved from /home/airflow/.local/lib/python3.6/site-packages/airflow/example_dags/example_xcom.py
[2023-03-28 22:52:27,550] {logging_mixin.py:104} INFO - [2023-03-28 22:52:27,549] {dag.py:1818} INFO - Sync 1 DAGs
[2023-03-28 22:52:27,580] {logging_mixin.py:104} INFO - [2023-03-28 22:52:27,580] {dag.py:1837} INFO - Creating ORM DAG for example_xcom
[2023-03-28 22:52:27,602] {logging_mixin.py:104} INFO - [2023-03-28 22:52:27,601] {dag.py:2273} INFO - Setting next_dagrun for example_xcom to 2023-03-26 00:00:00+00:00
[2023-03-28 22:52:27,652] {scheduler_job.py:190} INFO - Processing /home/airflow/.local/lib/python3.6/site-packages/airflow/example_dags/example_xcom.py took 0.220 seconds
[2023-03-28 22:52:59,515] {scheduler_job.py:182} INFO - Started process (PID=132) to work on /home/airflow/.local/lib/python3.6/site-packages/airflow/example_dags/example_xcom.py
[2023-03-28 22:52:59,532] {scheduler_job.py:629} INFO - Processing file /home/airflow/.local/lib/python3.6/site-packages/airflow/example_dags/example_xcom.py for tasks to queue
[2023-03-28 22:52:59,535] {logging_mixin.py:104} INFO - [2023-03-28 22:52:59,535] {dagbag.py:448} INFO - Filling up the DagBag from /home/airflow/.local/lib/python3.6/site-packages/airflow/example_dags/example_xcom.py
[2023-03-28 22:52:59,676] {scheduler_job.py:639} INFO - DAG(s) dict_keys(['example_xcom']) retrieved from /home/airflow/.local/lib/python3.6/site-packages/airflow/example_dags/example_xcom.py
[2023-03-28 22:52:59,794] {logging_mixin.py:104} INFO - [2023-03-28 22:52:59,794] {dag.py:1818} INFO - Sync 1 DAGs
[2023-03-28 22:52:59,880] {logging_mixin.py:104} INFO - [2023-03-28 22:52:59,876] {dag.py:2273} INFO - Setting next_dagrun for example_xcom to 2023-03-26 00:00:00+00:00
[2023-03-28 22:52:59,921] {scheduler_job.py:190} INFO - Processing /home/airflow/.local/lib/python3.6/site-packages/airflow/example_dags/example_xcom.py took 0.413 seconds
[2023-03-28 22:53:32,227] {scheduler_job.py:182} INFO - Started process (PID=192) to work on /home/airflow/.local/lib/python3.6/site-packages/airflow/example_dags/example_xcom.py
[2023-03-28 22:53:32,233] {scheduler_job.py:629} INFO - Processing file /home/airflow/.local/lib/python3.6/site-packages/airflow/example_dags/example_xcom.py for tasks to queue
[2023-03-28 22:53:32,237] {logging_mixin.py:104} INFO - [2023-03-28 22:53:32,236] {dagbag.py:448} INFO - Filling up the DagBag from /home/airflow/.local/lib/python3.6/site-packages/airflow/example_dags/example_xcom.py
[2023-03-28 22:53:32,291] {scheduler_job.py:639} INFO - DAG(s) dict_keys(['example_xcom']) retrieved from /home/airflow/.local/lib/python3.6/site-packages/airflow/example_dags/example_xcom.py
[2023-03-28 22:53:32,375] {logging_mixin.py:104} INFO - [2023-03-28 22:53:32,375] {dag.py:1818} INFO - Sync 1 DAGs
[2023-03-28 22:53:32,476] {logging_mixin.py:104} INFO - [2023-03-28 22:53:32,475] {dag.py:2273} INFO - Setting next_dagrun for example_xcom to 2023-03-26 00:00:00+00:00
[2023-03-28 22:53:32,508] {scheduler_job.py:190} INFO - Processing /home/airflow/.local/lib/python3.6/site-packages/airflow/example_dags/example_xcom.py took 0.293 seconds
[2023-03-28 22:54:03,006] {scheduler_job.py:182} INFO - Started process (PID=244) to work on /home/airflow/.local/lib/python3.6/site-packages/airflow/example_dags/example_xcom.py
[2023-03-28 22:54:03,011] {scheduler_job.py:629} INFO - Processing file /home/airflow/.local/lib/python3.6/site-packages/airflow/example_dags/example_xcom.py for tasks to queue
[2023-03-28 22:54:03,014] {logging_mixin.py:104} INFO - [2023-03-28 22:54:03,014] {dagbag.py:448} INFO - Filling up the DagBag from /home/airflow/.local/lib/python3.6/site-packages/airflow/example_dags/example_xcom.py
[2023-03-28 22:54:03,052] {scheduler_job.py:639} INFO - DAG(s) dict_keys(['example_xcom']) retrieved from /home/airflow/.local/lib/python3.6/site-packages/airflow/example_dags/example_xcom.py
[2023-03-28 22:54:03,101] {logging_mixin.py:104} INFO - [2023-03-28 22:54:03,100] {dag.py:1818} INFO - Sync 1 DAGs
[2023-03-28 22:54:03,159] {logging_mixin.py:104} INFO - [2023-03-28 22:54:03,158] {dag.py:2273} INFO - Setting next_dagrun for example_xcom to 2023-03-26 00:00:00+00:00
[2023-03-28 22:54:03,189] {scheduler_job.py:190} INFO - Processing /home/airflow/.local/lib/python3.6/site-packages/airflow/example_dags/example_xcom.py took 0.194 seconds
[2023-03-28 22:54:33,462] {scheduler_job.py:182} INFO - Started process (PID=298) to work on /home/airflow/.local/lib/python3.6/site-packages/airflow/example_dags/example_xcom.py
[2023-03-28 22:54:33,469] {scheduler_job.py:629} INFO - Processing file /home/airflow/.local/lib/python3.6/site-packages/airflow/example_dags/example_xcom.py for tasks to queue
[2023-03-28 22:54:33,472] {logging_mixin.py:104} INFO - [2023-03-28 22:54:33,471] {dagbag.py:448} INFO - Filling up the DagBag from /home/airflow/.local/lib/python3.6/site-packages/airflow/example_dags/example_xcom.py
[2023-03-28 22:54:33,510] {scheduler_job.py:639} INFO - DAG(s) dict_keys(['example_xcom']) retrieved from /home/airflow/.local/lib/python3.6/site-packages/airflow/example_dags/example_xcom.py
[2023-03-28 22:54:33,566] {logging_mixin.py:104} INFO - [2023-03-28 22:54:33,565] {dag.py:1818} INFO - Sync 1 DAGs
[2023-03-28 22:54:33,617] {logging_mixin.py:104} INFO - [2023-03-28 22:54:33,616] {dag.py:2273} INFO - Setting next_dagrun for example_xcom to 2023-03-26 00:00:00+00:00
[2023-03-28 22:54:33,641] {scheduler_job.py:190} INFO - Processing /home/airflow/.local/lib/python3.6/site-packages/airflow/example_dags/example_xcom.py took 0.187 seconds
[2023-03-28 22:55:04,476] {scheduler_job.py:182} INFO - Started process (PID=356) to work on /home/airflow/.local/lib/python3.6/site-packages/airflow/example_dags/example_xcom.py
[2023-03-28 22:55:04,481] {scheduler_job.py:629} INFO - Processing file /home/airflow/.local/lib/python3.6/site-packages/airflow/example_dags/example_xcom.py for tasks to queue
[2023-03-28 22:55:04,483] {logging_mixin.py:104} INFO - [2023-03-28 22:55:04,482] {dagbag.py:448} INFO - Filling up the DagBag from /home/airflow/.local/lib/python3.6/site-packages/airflow/example_dags/example_xcom.py
[2023-03-28 22:55:04,516] {scheduler_job.py:639} INFO - DAG(s) dict_keys(['example_xcom']) retrieved from /home/airflow/.local/lib/python3.6/site-packages/airflow/example_dags/example_xcom.py
[2023-03-28 22:55:04,567] {logging_mixin.py:104} INFO - [2023-03-28 22:55:04,567] {dag.py:1818} INFO - Sync 1 DAGs
[2023-03-28 22:55:04,617] {logging_mixin.py:104} INFO - [2023-03-28 22:55:04,617] {dag.py:2273} INFO - Setting next_dagrun for example_xcom to 2023-03-26 00:00:00+00:00
[2023-03-28 22:55:04,640] {scheduler_job.py:190} INFO - Processing /home/airflow/.local/lib/python3.6/site-packages/airflow/example_dags/example_xcom.py took 0.170 seconds
[2023-03-28 22:55:35,442] {scheduler_job.py:182} INFO - Started process (PID=412) to work on /home/airflow/.local/lib/python3.6/site-packages/airflow/example_dags/example_xcom.py
[2023-03-28 22:55:35,446] {scheduler_job.py:629} INFO - Processing file /home/airflow/.local/lib/python3.6/site-packages/airflow/example_dags/example_xcom.py for tasks to queue
[2023-03-28 22:55:35,448] {logging_mixin.py:104} INFO - [2023-03-28 22:55:35,447] {dagbag.py:448} INFO - Filling up the DagBag from /home/airflow/.local/lib/python3.6/site-packages/airflow/example_dags/example_xcom.py
[2023-03-28 22:55:35,481] {scheduler_job.py:639} INFO - DAG(s) dict_keys(['example_xcom']) retrieved from /home/airflow/.local/lib/python3.6/site-packages/airflow/example_dags/example_xcom.py
[2023-03-28 22:55:35,532] {logging_mixin.py:104} INFO - [2023-03-28 22:55:35,532] {dag.py:1818} INFO - Sync 1 DAGs
[2023-03-28 22:55:35,577] {logging_mixin.py:104} INFO - [2023-03-28 22:55:35,576] {dag.py:2273} INFO - Setting next_dagrun for example_xcom to 2023-03-26 00:00:00+00:00
[2023-03-28 22:55:35,599] {scheduler_job.py:190} INFO - Processing /home/airflow/.local/lib/python3.6/site-packages/airflow/example_dags/example_xcom.py took 0.163 seconds
[2023-03-28 22:56:06,123] {scheduler_job.py:182} INFO - Started process (PID=466) to work on /home/airflow/.local/lib/python3.6/site-packages/airflow/example_dags/example_xcom.py
[2023-03-28 22:56:06,127] {scheduler_job.py:629} INFO - Processing file /home/airflow/.local/lib/python3.6/site-packages/airflow/example_dags/example_xcom.py for tasks to queue
[2023-03-28 22:56:06,129] {logging_mixin.py:104} INFO - [2023-03-28 22:56:06,128] {dagbag.py:448} INFO - Filling up the DagBag from /home/airflow/.local/lib/python3.6/site-packages/airflow/example_dags/example_xcom.py
[2023-03-28 22:56:06,161] {scheduler_job.py:639} INFO - DAG(s) dict_keys(['example_xcom']) retrieved from /home/airflow/.local/lib/python3.6/site-packages/airflow/example_dags/example_xcom.py
[2023-03-28 22:56:06,213] {logging_mixin.py:104} INFO - [2023-03-28 22:56:06,213] {dag.py:1818} INFO - Sync 1 DAGs
[2023-03-28 22:56:06,256] {logging_mixin.py:104} INFO - [2023-03-28 22:56:06,256] {dag.py:2273} INFO - Setting next_dagrun for example_xcom to 2023-03-26 00:00:00+00:00
[2023-03-28 22:56:06,278] {scheduler_job.py:190} INFO - Processing /home/airflow/.local/lib/python3.6/site-packages/airflow/example_dags/example_xcom.py took 0.161 seconds
[2023-03-28 22:56:36,776] {scheduler_job.py:182} INFO - Started process (PID=520) to work on /home/airflow/.local/lib/python3.6/site-packages/airflow/example_dags/example_xcom.py
[2023-03-28 22:56:36,780] {scheduler_job.py:629} INFO - Processing file /home/airflow/.local/lib/python3.6/site-packages/airflow/example_dags/example_xcom.py for tasks to queue
[2023-03-28 22:56:36,782] {logging_mixin.py:104} INFO - [2023-03-28 22:56:36,781] {dagbag.py:448} INFO - Filling up the DagBag from /home/airflow/.local/lib/python3.6/site-packages/airflow/example_dags/example_xcom.py
[2023-03-28 22:56:36,816] {scheduler_job.py:639} INFO - DAG(s) dict_keys(['example_xcom']) retrieved from /home/airflow/.local/lib/python3.6/site-packages/airflow/example_dags/example_xcom.py
[2023-03-28 22:56:36,866] {logging_mixin.py:104} INFO - [2023-03-28 22:56:36,865] {dag.py:1818} INFO - Sync 1 DAGs
[2023-03-28 22:56:36,910] {logging_mixin.py:104} INFO - [2023-03-28 22:56:36,909] {dag.py:2273} INFO - Setting next_dagrun for example_xcom to 2023-03-26 00:00:00+00:00
[2023-03-28 22:56:36,932] {scheduler_job.py:190} INFO - Processing /home/airflow/.local/lib/python3.6/site-packages/airflow/example_dags/example_xcom.py took 0.162 seconds
[2023-03-28 22:57:39,270] {scheduler_job.py:182} INFO - Started process (PID=55) to work on /home/airflow/.local/lib/python3.6/site-packages/airflow/example_dags/example_xcom.py
[2023-03-28 22:57:39,280] {scheduler_job.py:629} INFO - Processing file /home/airflow/.local/lib/python3.6/site-packages/airflow/example_dags/example_xcom.py for tasks to queue
[2023-03-28 22:57:39,299] {logging_mixin.py:104} INFO - [2023-03-28 22:57:39,299] {dagbag.py:448} INFO - Filling up the DagBag from /home/airflow/.local/lib/python3.6/site-packages/airflow/example_dags/example_xcom.py
[2023-03-28 22:57:39,420] {scheduler_job.py:639} INFO - DAG(s) dict_keys(['example_xcom']) retrieved from /home/airflow/.local/lib/python3.6/site-packages/airflow/example_dags/example_xcom.py
[2023-03-28 22:57:39,563] {logging_mixin.py:104} INFO - [2023-03-28 22:57:39,562] {dag.py:1818} INFO - Sync 1 DAGs
[2023-03-28 22:57:39,668] {logging_mixin.py:104} INFO - [2023-03-28 22:57:39,667] {dag.py:2273} INFO - Setting next_dagrun for example_xcom to 2023-03-26 00:00:00+00:00
[2023-03-28 22:57:39,748] {scheduler_job.py:190} INFO - Processing /home/airflow/.local/lib/python3.6/site-packages/airflow/example_dags/example_xcom.py took 0.497 seconds
[2023-03-28 22:58:09,808] {scheduler_job.py:182} INFO - Started process (PID=109) to work on /home/airflow/.local/lib/python3.6/site-packages/airflow/example_dags/example_xcom.py
[2023-03-28 22:58:09,811] {scheduler_job.py:629} INFO - Processing file /home/airflow/.local/lib/python3.6/site-packages/airflow/example_dags/example_xcom.py for tasks to queue
[2023-03-28 22:58:09,814] {logging_mixin.py:104} INFO - [2023-03-28 22:58:09,813] {dagbag.py:448} INFO - Filling up the DagBag from /home/airflow/.local/lib/python3.6/site-packages/airflow/example_dags/example_xcom.py
[2023-03-28 22:58:09,852] {scheduler_job.py:639} INFO - DAG(s) dict_keys(['example_xcom']) retrieved from /home/airflow/.local/lib/python3.6/site-packages/airflow/example_dags/example_xcom.py
[2023-03-28 22:58:09,906] {logging_mixin.py:104} INFO - [2023-03-28 22:58:09,906] {dag.py:1818} INFO - Sync 1 DAGs
[2023-03-28 22:58:09,954] {logging_mixin.py:104} INFO - [2023-03-28 22:58:09,953] {dag.py:2273} INFO - Setting next_dagrun for example_xcom to 2023-03-26 00:00:00+00:00
[2023-03-28 22:58:09,977] {scheduler_job.py:190} INFO - Processing /home/airflow/.local/lib/python3.6/site-packages/airflow/example_dags/example_xcom.py took 0.177 seconds
[2023-03-28 22:58:40,205] {scheduler_job.py:182} INFO - Started process (PID=159) to work on /home/airflow/.local/lib/python3.6/site-packages/airflow/example_dags/example_xcom.py
[2023-03-28 22:58:40,210] {scheduler_job.py:629} INFO - Processing file /home/airflow/.local/lib/python3.6/site-packages/airflow/example_dags/example_xcom.py for tasks to queue
[2023-03-28 22:58:40,214] {logging_mixin.py:104} INFO - [2023-03-28 22:58:40,214] {dagbag.py:448} INFO - Filling up the DagBag from /home/airflow/.local/lib/python3.6/site-packages/airflow/example_dags/example_xcom.py
[2023-03-28 22:58:40,299] {scheduler_job.py:639} INFO - DAG(s) dict_keys(['example_xcom']) retrieved from /home/airflow/.local/lib/python3.6/site-packages/airflow/example_dags/example_xcom.py
[2023-03-28 22:58:40,394] {logging_mixin.py:104} INFO - [2023-03-28 22:58:40,393] {dag.py:1818} INFO - Sync 1 DAGs
[2023-03-28 22:58:40,514] {logging_mixin.py:104} INFO - [2023-03-28 22:58:40,507] {dag.py:2273} INFO - Setting next_dagrun for example_xcom to 2023-03-26 00:00:00+00:00
[2023-03-28 22:58:40,570] {scheduler_job.py:190} INFO - Processing /home/airflow/.local/lib/python3.6/site-packages/airflow/example_dags/example_xcom.py took 0.377 seconds
[2023-03-28 22:59:10,736] {scheduler_job.py:182} INFO - Started process (PID=213) to work on /home/airflow/.local/lib/python3.6/site-packages/airflow/example_dags/example_xcom.py
[2023-03-28 22:59:10,741] {scheduler_job.py:629} INFO - Processing file /home/airflow/.local/lib/python3.6/site-packages/airflow/example_dags/example_xcom.py for tasks to queue
[2023-03-28 22:59:10,744] {logging_mixin.py:104} INFO - [2023-03-28 22:59:10,744] {dagbag.py:448} INFO - Filling up the DagBag from /home/airflow/.local/lib/python3.6/site-packages/airflow/example_dags/example_xcom.py
[2023-03-28 22:59:10,782] {scheduler_job.py:639} INFO - DAG(s) dict_keys(['example_xcom']) retrieved from /home/airflow/.local/lib/python3.6/site-packages/airflow/example_dags/example_xcom.py
[2023-03-28 22:59:10,838] {logging_mixin.py:104} INFO - [2023-03-28 22:59:10,837] {dag.py:1818} INFO - Sync 1 DAGs
[2023-03-28 22:59:10,893] {logging_mixin.py:104} INFO - [2023-03-28 22:59:10,893] {dag.py:2273} INFO - Setting next_dagrun for example_xcom to 2023-03-26 00:00:00+00:00
[2023-03-28 22:59:10,919] {scheduler_job.py:190} INFO - Processing /home/airflow/.local/lib/python3.6/site-packages/airflow/example_dags/example_xcom.py took 0.191 seconds
[2023-03-28 22:59:41,163] {scheduler_job.py:182} INFO - Started process (PID=267) to work on /home/airflow/.local/lib/python3.6/site-packages/airflow/example_dags/example_xcom.py
[2023-03-28 22:59:41,166] {scheduler_job.py:629} INFO - Processing file /home/airflow/.local/lib/python3.6/site-packages/airflow/example_dags/example_xcom.py for tasks to queue
[2023-03-28 22:59:41,168] {logging_mixin.py:104} INFO - [2023-03-28 22:59:41,168] {dagbag.py:448} INFO - Filling up the DagBag from /home/airflow/.local/lib/python3.6/site-packages/airflow/example_dags/example_xcom.py
[2023-03-28 22:59:41,202] {scheduler_job.py:639} INFO - DAG(s) dict_keys(['example_xcom']) retrieved from /home/airflow/.local/lib/python3.6/site-packages/airflow/example_dags/example_xcom.py
[2023-03-28 22:59:41,248] {logging_mixin.py:104} INFO - [2023-03-28 22:59:41,248] {dag.py:1818} INFO - Sync 1 DAGs
[2023-03-28 22:59:41,296] {logging_mixin.py:104} INFO - [2023-03-28 22:59:41,295] {dag.py:2273} INFO - Setting next_dagrun for example_xcom to 2023-03-26 00:00:00+00:00
[2023-03-28 22:59:41,319] {scheduler_job.py:190} INFO - Processing /home/airflow/.local/lib/python3.6/site-packages/airflow/example_dags/example_xcom.py took 0.163 seconds
[2023-03-28 23:00:11,584] {scheduler_job.py:182} INFO - Started process (PID=317) to work on /home/airflow/.local/lib/python3.6/site-packages/airflow/example_dags/example_xcom.py
[2023-03-28 23:00:11,589] {scheduler_job.py:629} INFO - Processing file /home/airflow/.local/lib/python3.6/site-packages/airflow/example_dags/example_xcom.py for tasks to queue
[2023-03-28 23:00:11,592] {logging_mixin.py:104} INFO - [2023-03-28 23:00:11,592] {dagbag.py:448} INFO - Filling up the DagBag from /home/airflow/.local/lib/python3.6/site-packages/airflow/example_dags/example_xcom.py
[2023-03-28 23:00:11,650] {scheduler_job.py:639} INFO - DAG(s) dict_keys(['example_xcom']) retrieved from /home/airflow/.local/lib/python3.6/site-packages/airflow/example_dags/example_xcom.py
[2023-03-28 23:00:11,724] {logging_mixin.py:104} INFO - [2023-03-28 23:00:11,723] {dag.py:1818} INFO - Sync 1 DAGs
[2023-03-28 23:00:11,779] {logging_mixin.py:104} INFO - [2023-03-28 23:00:11,778] {dag.py:2273} INFO - Setting next_dagrun for example_xcom to 2023-03-26 00:00:00+00:00
[2023-03-28 23:00:11,803] {scheduler_job.py:190} INFO - Processing /home/airflow/.local/lib/python3.6/site-packages/airflow/example_dags/example_xcom.py took 0.230 seconds
[2023-03-28 23:00:42,325] {scheduler_job.py:182} INFO - Started process (PID=373) to work on /home/airflow/.local/lib/python3.6/site-packages/airflow/example_dags/example_xcom.py
[2023-03-28 23:00:42,328] {scheduler_job.py:629} INFO - Processing file /home/airflow/.local/lib/python3.6/site-packages/airflow/example_dags/example_xcom.py for tasks to queue
[2023-03-28 23:00:42,331] {logging_mixin.py:104} INFO - [2023-03-28 23:00:42,330] {dagbag.py:448} INFO - Filling up the DagBag from /home/airflow/.local/lib/python3.6/site-packages/airflow/example_dags/example_xcom.py
[2023-03-28 23:00:42,375] {scheduler_job.py:639} INFO - DAG(s) dict_keys(['example_xcom']) retrieved from /home/airflow/.local/lib/python3.6/site-packages/airflow/example_dags/example_xcom.py
[2023-03-28 23:00:42,466] {logging_mixin.py:104} INFO - [2023-03-28 23:00:42,466] {dag.py:1818} INFO - Sync 1 DAGs
[2023-03-28 23:00:42,522] {logging_mixin.py:104} INFO - [2023-03-28 23:00:42,522] {dag.py:2273} INFO - Setting next_dagrun for example_xcom to 2023-03-26 00:00:00+00:00
[2023-03-28 23:00:42,544] {scheduler_job.py:190} INFO - Processing /home/airflow/.local/lib/python3.6/site-packages/airflow/example_dags/example_xcom.py took 0.226 seconds
[2023-03-28 23:01:12,711] {scheduler_job.py:182} INFO - Started process (PID=427) to work on /home/airflow/.local/lib/python3.6/site-packages/airflow/example_dags/example_xcom.py
[2023-03-28 23:01:12,722] {scheduler_job.py:629} INFO - Processing file /home/airflow/.local/lib/python3.6/site-packages/airflow/example_dags/example_xcom.py for tasks to queue
[2023-03-28 23:01:12,734] {logging_mixin.py:104} INFO - [2023-03-28 23:01:12,734] {dagbag.py:448} INFO - Filling up the DagBag from /home/airflow/.local/lib/python3.6/site-packages/airflow/example_dags/example_xcom.py
[2023-03-28 23:01:12,784] {scheduler_job.py:639} INFO - DAG(s) dict_keys(['example_xcom']) retrieved from /home/airflow/.local/lib/python3.6/site-packages/airflow/example_dags/example_xcom.py
[2023-03-28 23:01:12,864] {logging_mixin.py:104} INFO - [2023-03-28 23:01:12,864] {dag.py:1818} INFO - Sync 1 DAGs
[2023-03-28 23:01:12,921] {logging_mixin.py:104} INFO - [2023-03-28 23:01:12,920] {dag.py:2273} INFO - Setting next_dagrun for example_xcom to 2023-03-26 00:00:00+00:00
[2023-03-28 23:01:12,945] {scheduler_job.py:190} INFO - Processing /home/airflow/.local/lib/python3.6/site-packages/airflow/example_dags/example_xcom.py took 0.255 seconds
[2023-03-28 23:01:43,191] {scheduler_job.py:182} INFO - Started process (PID=481) to work on /home/airflow/.local/lib/python3.6/site-packages/airflow/example_dags/example_xcom.py
[2023-03-28 23:01:43,195] {scheduler_job.py:629} INFO - Processing file /home/airflow/.local/lib/python3.6/site-packages/airflow/example_dags/example_xcom.py for tasks to queue
[2023-03-28 23:01:43,198] {logging_mixin.py:104} INFO - [2023-03-28 23:01:43,197] {dagbag.py:448} INFO - Filling up the DagBag from /home/airflow/.local/lib/python3.6/site-packages/airflow/example_dags/example_xcom.py
[2023-03-28 23:01:43,246] {scheduler_job.py:639} INFO - DAG(s) dict_keys(['example_xcom']) retrieved from /home/airflow/.local/lib/python3.6/site-packages/airflow/example_dags/example_xcom.py
[2023-03-28 23:01:43,334] {logging_mixin.py:104} INFO - [2023-03-28 23:01:43,334] {dag.py:1818} INFO - Sync 1 DAGs
[2023-03-28 23:01:43,405] {logging_mixin.py:104} INFO - [2023-03-28 23:01:43,404] {dag.py:2273} INFO - Setting next_dagrun for example_xcom to 2023-03-26 00:00:00+00:00
[2023-03-28 23:01:43,430] {scheduler_job.py:190} INFO - Processing /home/airflow/.local/lib/python3.6/site-packages/airflow/example_dags/example_xcom.py took 0.246 seconds
[2023-03-28 23:02:13,492] {scheduler_job.py:182} INFO - Started process (PID=535) to work on /home/airflow/.local/lib/python3.6/site-packages/airflow/example_dags/example_xcom.py
[2023-03-28 23:02:13,496] {scheduler_job.py:629} INFO - Processing file /home/airflow/.local/lib/python3.6/site-packages/airflow/example_dags/example_xcom.py for tasks to queue
[2023-03-28 23:02:13,500] {logging_mixin.py:104} INFO - [2023-03-28 23:02:13,499] {dagbag.py:448} INFO - Filling up the DagBag from /home/airflow/.local/lib/python3.6/site-packages/airflow/example_dags/example_xcom.py
[2023-03-28 23:02:13,544] {scheduler_job.py:639} INFO - DAG(s) dict_keys(['example_xcom']) retrieved from /home/airflow/.local/lib/python3.6/site-packages/airflow/example_dags/example_xcom.py
[2023-03-28 23:02:13,605] {logging_mixin.py:104} INFO - [2023-03-28 23:02:13,605] {dag.py:1818} INFO - Sync 1 DAGs
[2023-03-28 23:02:13,655] {logging_mixin.py:104} INFO - [2023-03-28 23:02:13,654] {dag.py:2273} INFO - Setting next_dagrun for example_xcom to 2023-03-26 00:00:00+00:00
[2023-03-28 23:02:13,680] {scheduler_job.py:190} INFO - Processing /home/airflow/.local/lib/python3.6/site-packages/airflow/example_dags/example_xcom.py took 0.196 seconds
[2023-03-28 23:02:44,221] {scheduler_job.py:182} INFO - Started process (PID=587) to work on /home/airflow/.local/lib/python3.6/site-packages/airflow/example_dags/example_xcom.py
[2023-03-28 23:02:44,226] {scheduler_job.py:629} INFO - Processing file /home/airflow/.local/lib/python3.6/site-packages/airflow/example_dags/example_xcom.py for tasks to queue
[2023-03-28 23:02:44,228] {logging_mixin.py:104} INFO - [2023-03-28 23:02:44,228] {dagbag.py:448} INFO - Filling up the DagBag from /home/airflow/.local/lib/python3.6/site-packages/airflow/example_dags/example_xcom.py
[2023-03-28 23:02:44,285] {scheduler_job.py:639} INFO - DAG(s) dict_keys(['example_xcom']) retrieved from /home/airflow/.local/lib/python3.6/site-packages/airflow/example_dags/example_xcom.py
[2023-03-28 23:02:44,352] {logging_mixin.py:104} INFO - [2023-03-28 23:02:44,352] {dag.py:1818} INFO - Sync 1 DAGs
[2023-03-28 23:02:44,407] {logging_mixin.py:104} INFO - [2023-03-28 23:02:44,407] {dag.py:2273} INFO - Setting next_dagrun for example_xcom to 2023-03-26 00:00:00+00:00
[2023-03-28 23:02:44,434] {scheduler_job.py:190} INFO - Processing /home/airflow/.local/lib/python3.6/site-packages/airflow/example_dags/example_xcom.py took 0.221 seconds
[2023-03-28 23:03:15,515] {scheduler_job.py:182} INFO - Started process (PID=647) to work on /home/airflow/.local/lib/python3.6/site-packages/airflow/example_dags/example_xcom.py
[2023-03-28 23:03:15,520] {scheduler_job.py:629} INFO - Processing file /home/airflow/.local/lib/python3.6/site-packages/airflow/example_dags/example_xcom.py for tasks to queue
[2023-03-28 23:03:15,522] {logging_mixin.py:104} INFO - [2023-03-28 23:03:15,522] {dagbag.py:448} INFO - Filling up the DagBag from /home/airflow/.local/lib/python3.6/site-packages/airflow/example_dags/example_xcom.py
[2023-03-28 23:03:15,554] {scheduler_job.py:639} INFO - DAG(s) dict_keys(['example_xcom']) retrieved from /home/airflow/.local/lib/python3.6/site-packages/airflow/example_dags/example_xcom.py
[2023-03-28 23:03:15,619] {logging_mixin.py:104} INFO - [2023-03-28 23:03:15,618] {dag.py:1818} INFO - Sync 1 DAGs
[2023-03-28 23:03:15,662] {logging_mixin.py:104} INFO - [2023-03-28 23:03:15,662] {dag.py:2273} INFO - Setting next_dagrun for example_xcom to 2023-03-26 00:00:00+00:00
[2023-03-28 23:03:15,685] {scheduler_job.py:190} INFO - Processing /home/airflow/.local/lib/python3.6/site-packages/airflow/example_dags/example_xcom.py took 0.178 seconds
[2023-03-28 23:03:46,177] {scheduler_job.py:182} INFO - Started process (PID=701) to work on /home/airflow/.local/lib/python3.6/site-packages/airflow/example_dags/example_xcom.py
[2023-03-28 23:03:46,180] {scheduler_job.py:629} INFO - Processing file /home/airflow/.local/lib/python3.6/site-packages/airflow/example_dags/example_xcom.py for tasks to queue
[2023-03-28 23:03:46,182] {logging_mixin.py:104} INFO - [2023-03-28 23:03:46,182] {dagbag.py:448} INFO - Filling up the DagBag from /home/airflow/.local/lib/python3.6/site-packages/airflow/example_dags/example_xcom.py
[2023-03-28 23:03:46,214] {scheduler_job.py:639} INFO - DAG(s) dict_keys(['example_xcom']) retrieved from /home/airflow/.local/lib/python3.6/site-packages/airflow/example_dags/example_xcom.py
[2023-03-28 23:03:46,263] {logging_mixin.py:104} INFO - [2023-03-28 23:03:46,263] {dag.py:1818} INFO - Sync 1 DAGs
[2023-03-28 23:03:46,308] {logging_mixin.py:104} INFO - [2023-03-28 23:03:46,308] {dag.py:2273} INFO - Setting next_dagrun for example_xcom to 2023-03-26 00:00:00+00:00
[2023-03-28 23:03:46,330] {scheduler_job.py:190} INFO - Processing /home/airflow/.local/lib/python3.6/site-packages/airflow/example_dags/example_xcom.py took 0.159 seconds
[2023-03-28 23:04:16,858] {scheduler_job.py:182} INFO - Started process (PID=755) to work on /home/airflow/.local/lib/python3.6/site-packages/airflow/example_dags/example_xcom.py
[2023-03-28 23:04:16,862] {scheduler_job.py:629} INFO - Processing file /home/airflow/.local/lib/python3.6/site-packages/airflow/example_dags/example_xcom.py for tasks to queue
[2023-03-28 23:04:16,865] {logging_mixin.py:104} INFO - [2023-03-28 23:04:16,864] {dagbag.py:448} INFO - Filling up the DagBag from /home/airflow/.local/lib/python3.6/site-packages/airflow/example_dags/example_xcom.py
[2023-03-28 23:04:16,902] {scheduler_job.py:639} INFO - DAG(s) dict_keys(['example_xcom']) retrieved from /home/airflow/.local/lib/python3.6/site-packages/airflow/example_dags/example_xcom.py
[2023-03-28 23:04:16,951] {logging_mixin.py:104} INFO - [2023-03-28 23:04:16,951] {dag.py:1818} INFO - Sync 1 DAGs
[2023-03-28 23:04:16,992] {logging_mixin.py:104} INFO - [2023-03-28 23:04:16,992] {dag.py:2273} INFO - Setting next_dagrun for example_xcom to 2023-03-26 00:00:00+00:00
[2023-03-28 23:04:17,012] {scheduler_job.py:190} INFO - Processing /home/airflow/.local/lib/python3.6/site-packages/airflow/example_dags/example_xcom.py took 0.162 seconds
[2023-03-28 23:04:47,486] {scheduler_job.py:182} INFO - Started process (PID=809) to work on /home/airflow/.local/lib/python3.6/site-packages/airflow/example_dags/example_xcom.py
[2023-03-28 23:04:47,492] {scheduler_job.py:629} INFO - Processing file /home/airflow/.local/lib/python3.6/site-packages/airflow/example_dags/example_xcom.py for tasks to queue
[2023-03-28 23:04:47,495] {logging_mixin.py:104} INFO - [2023-03-28 23:04:47,495] {dagbag.py:448} INFO - Filling up the DagBag from /home/airflow/.local/lib/python3.6/site-packages/airflow/example_dags/example_xcom.py
[2023-03-28 23:04:47,529] {scheduler_job.py:639} INFO - DAG(s) dict_keys(['example_xcom']) retrieved from /home/airflow/.local/lib/python3.6/site-packages/airflow/example_dags/example_xcom.py
[2023-03-28 23:04:47,577] {logging_mixin.py:104} INFO - [2023-03-28 23:04:47,576] {dag.py:1818} INFO - Sync 1 DAGs
[2023-03-28 23:04:47,619] {logging_mixin.py:104} INFO - [2023-03-28 23:04:47,618] {dag.py:2273} INFO - Setting next_dagrun for example_xcom to 2023-03-26 00:00:00+00:00
[2023-03-28 23:04:47,639] {scheduler_job.py:190} INFO - Processing /home/airflow/.local/lib/python3.6/site-packages/airflow/example_dags/example_xcom.py took 0.161 seconds
[2023-03-28 23:05:18,297] {scheduler_job.py:182} INFO - Started process (PID=863) to work on /home/airflow/.local/lib/python3.6/site-packages/airflow/example_dags/example_xcom.py
[2023-03-28 23:05:18,303] {scheduler_job.py:629} INFO - Processing file /home/airflow/.local/lib/python3.6/site-packages/airflow/example_dags/example_xcom.py for tasks to queue
[2023-03-28 23:05:18,306] {logging_mixin.py:104} INFO - [2023-03-28 23:05:18,306] {dagbag.py:448} INFO - Filling up the DagBag from /home/airflow/.local/lib/python3.6/site-packages/airflow/example_dags/example_xcom.py
[2023-03-28 23:05:18,346] {scheduler_job.py:639} INFO - DAG(s) dict_keys(['example_xcom']) retrieved from /home/airflow/.local/lib/python3.6/site-packages/airflow/example_dags/example_xcom.py
[2023-03-28 23:05:18,396] {logging_mixin.py:104} INFO - [2023-03-28 23:05:18,396] {dag.py:1818} INFO - Sync 1 DAGs
[2023-03-28 23:05:18,437] {logging_mixin.py:104} INFO - [2023-03-28 23:05:18,437] {dag.py:2273} INFO - Setting next_dagrun for example_xcom to 2023-03-26 00:00:00+00:00
[2023-03-28 23:05:18,462] {scheduler_job.py:190} INFO - Processing /home/airflow/.local/lib/python3.6/site-packages/airflow/example_dags/example_xcom.py took 0.178 seconds
[2023-03-28 23:05:48,949] {scheduler_job.py:182} INFO - Started process (PID=917) to work on /home/airflow/.local/lib/python3.6/site-packages/airflow/example_dags/example_xcom.py
[2023-03-28 23:05:48,954] {scheduler_job.py:629} INFO - Processing file /home/airflow/.local/lib/python3.6/site-packages/airflow/example_dags/example_xcom.py for tasks to queue
[2023-03-28 23:05:48,956] {logging_mixin.py:104} INFO - [2023-03-28 23:05:48,956] {dagbag.py:448} INFO - Filling up the DagBag from /home/airflow/.local/lib/python3.6/site-packages/airflow/example_dags/example_xcom.py
[2023-03-28 23:05:48,992] {scheduler_job.py:639} INFO - DAG(s) dict_keys(['example_xcom']) retrieved from /home/airflow/.local/lib/python3.6/site-packages/airflow/example_dags/example_xcom.py
[2023-03-28 23:05:49,043] {logging_mixin.py:104} INFO - [2023-03-28 23:05:49,043] {dag.py:1818} INFO - Sync 1 DAGs
[2023-03-28 23:05:49,083] {logging_mixin.py:104} INFO - [2023-03-28 23:05:49,082] {dag.py:2273} INFO - Setting next_dagrun for example_xcom to 2023-03-26 00:00:00+00:00
[2023-03-28 23:05:49,105] {scheduler_job.py:190} INFO - Processing /home/airflow/.local/lib/python3.6/site-packages/airflow/example_dags/example_xcom.py took 0.164 seconds
[2023-03-28 23:06:19,577] {scheduler_job.py:182} INFO - Started process (PID=971) to work on /home/airflow/.local/lib/python3.6/site-packages/airflow/example_dags/example_xcom.py
[2023-03-28 23:06:19,581] {scheduler_job.py:629} INFO - Processing file /home/airflow/.local/lib/python3.6/site-packages/airflow/example_dags/example_xcom.py for tasks to queue
[2023-03-28 23:06:19,583] {logging_mixin.py:104} INFO - [2023-03-28 23:06:19,583] {dagbag.py:448} INFO - Filling up the DagBag from /home/airflow/.local/lib/python3.6/site-packages/airflow/example_dags/example_xcom.py
[2023-03-28 23:06:19,616] {scheduler_job.py:639} INFO - DAG(s) dict_keys(['example_xcom']) retrieved from /home/airflow/.local/lib/python3.6/site-packages/airflow/example_dags/example_xcom.py
[2023-03-28 23:06:19,664] {logging_mixin.py:104} INFO - [2023-03-28 23:06:19,663] {dag.py:1818} INFO - Sync 1 DAGs
[2023-03-28 23:06:19,706] {logging_mixin.py:104} INFO - [2023-03-28 23:06:19,706] {dag.py:2273} INFO - Setting next_dagrun for example_xcom to 2023-03-26 00:00:00+00:00
[2023-03-28 23:06:19,730] {scheduler_job.py:190} INFO - Processing /home/airflow/.local/lib/python3.6/site-packages/airflow/example_dags/example_xcom.py took 0.161 seconds
[2023-03-28 23:06:49,971] {scheduler_job.py:182} INFO - Started process (PID=1025) to work on /home/airflow/.local/lib/python3.6/site-packages/airflow/example_dags/example_xcom.py
[2023-03-28 23:06:49,975] {scheduler_job.py:629} INFO - Processing file /home/airflow/.local/lib/python3.6/site-packages/airflow/example_dags/example_xcom.py for tasks to queue
[2023-03-28 23:06:49,977] {logging_mixin.py:104} INFO - [2023-03-28 23:06:49,976] {dagbag.py:448} INFO - Filling up the DagBag from /home/airflow/.local/lib/python3.6/site-packages/airflow/example_dags/example_xcom.py
[2023-03-28 23:06:50,009] {scheduler_job.py:639} INFO - DAG(s) dict_keys(['example_xcom']) retrieved from /home/airflow/.local/lib/python3.6/site-packages/airflow/example_dags/example_xcom.py
[2023-03-28 23:06:50,055] {logging_mixin.py:104} INFO - [2023-03-28 23:06:50,054] {dag.py:1818} INFO - Sync 1 DAGs
[2023-03-28 23:06:50,093] {logging_mixin.py:104} INFO - [2023-03-28 23:06:50,093] {dag.py:2273} INFO - Setting next_dagrun for example_xcom to 2023-03-26 00:00:00+00:00
[2023-03-28 23:06:50,116] {scheduler_job.py:190} INFO - Processing /home/airflow/.local/lib/python3.6/site-packages/airflow/example_dags/example_xcom.py took 0.151 seconds
[2023-03-28 23:07:20,687] {scheduler_job.py:182} INFO - Started process (PID=1073) to work on /home/airflow/.local/lib/python3.6/site-packages/airflow/example_dags/example_xcom.py
[2023-03-28 23:07:20,692] {scheduler_job.py:629} INFO - Processing file /home/airflow/.local/lib/python3.6/site-packages/airflow/example_dags/example_xcom.py for tasks to queue
[2023-03-28 23:07:20,695] {logging_mixin.py:104} INFO - [2023-03-28 23:07:20,695] {dagbag.py:448} INFO - Filling up the DagBag from /home/airflow/.local/lib/python3.6/site-packages/airflow/example_dags/example_xcom.py
[2023-03-28 23:07:20,739] {scheduler_job.py:639} INFO - DAG(s) dict_keys(['example_xcom']) retrieved from /home/airflow/.local/lib/python3.6/site-packages/airflow/example_dags/example_xcom.py
[2023-03-28 23:07:20,794] {logging_mixin.py:104} INFO - [2023-03-28 23:07:20,794] {dag.py:1818} INFO - Sync 1 DAGs
[2023-03-28 23:07:20,841] {logging_mixin.py:104} INFO - [2023-03-28 23:07:20,840] {dag.py:2273} INFO - Setting next_dagrun for example_xcom to 2023-03-26 00:00:00+00:00
[2023-03-28 23:07:20,862] {scheduler_job.py:190} INFO - Processing /home/airflow/.local/lib/python3.6/site-packages/airflow/example_dags/example_xcom.py took 0.186 seconds
[2023-03-28 23:07:50,977] {scheduler_job.py:182} INFO - Started process (PID=1129) to work on /home/airflow/.local/lib/python3.6/site-packages/airflow/example_dags/example_xcom.py
[2023-03-28 23:07:50,980] {scheduler_job.py:629} INFO - Processing file /home/airflow/.local/lib/python3.6/site-packages/airflow/example_dags/example_xcom.py for tasks to queue
[2023-03-28 23:07:50,982] {logging_mixin.py:104} INFO - [2023-03-28 23:07:50,982] {dagbag.py:448} INFO - Filling up the DagBag from /home/airflow/.local/lib/python3.6/site-packages/airflow/example_dags/example_xcom.py
[2023-03-28 23:07:51,027] {scheduler_job.py:639} INFO - DAG(s) dict_keys(['example_xcom']) retrieved from /home/airflow/.local/lib/python3.6/site-packages/airflow/example_dags/example_xcom.py
[2023-03-28 23:07:51,100] {logging_mixin.py:104} INFO - [2023-03-28 23:07:51,099] {dag.py:1818} INFO - Sync 1 DAGs
[2023-03-28 23:07:51,164] {logging_mixin.py:104} INFO - [2023-03-28 23:07:51,163] {dag.py:2273} INFO - Setting next_dagrun for example_xcom to 2023-03-26 00:00:00+00:00
[2023-03-28 23:07:51,188] {scheduler_job.py:190} INFO - Processing /home/airflow/.local/lib/python3.6/site-packages/airflow/example_dags/example_xcom.py took 0.217 seconds
[2023-03-28 23:08:21,469] {scheduler_job.py:182} INFO - Started process (PID=1183) to work on /home/airflow/.local/lib/python3.6/site-packages/airflow/example_dags/example_xcom.py
[2023-03-28 23:08:21,474] {scheduler_job.py:629} INFO - Processing file /home/airflow/.local/lib/python3.6/site-packages/airflow/example_dags/example_xcom.py for tasks to queue
[2023-03-28 23:08:21,479] {logging_mixin.py:104} INFO - [2023-03-28 23:08:21,479] {dagbag.py:448} INFO - Filling up the DagBag from /home/airflow/.local/lib/python3.6/site-packages/airflow/example_dags/example_xcom.py
[2023-03-28 23:08:21,525] {scheduler_job.py:639} INFO - DAG(s) dict_keys(['example_xcom']) retrieved from /home/airflow/.local/lib/python3.6/site-packages/airflow/example_dags/example_xcom.py
[2023-03-28 23:08:21,616] {logging_mixin.py:104} INFO - [2023-03-28 23:08:21,615] {dag.py:1818} INFO - Sync 1 DAGs
[2023-03-28 23:08:21,671] {logging_mixin.py:104} INFO - [2023-03-28 23:08:21,670] {dag.py:2273} INFO - Setting next_dagrun for example_xcom to 2023-03-26 00:00:00+00:00
[2023-03-28 23:08:21,694] {scheduler_job.py:190} INFO - Processing /home/airflow/.local/lib/python3.6/site-packages/airflow/example_dags/example_xcom.py took 0.236 seconds
[2023-03-28 23:08:52,061] {scheduler_job.py:182} INFO - Started process (PID=1237) to work on /home/airflow/.local/lib/python3.6/site-packages/airflow/example_dags/example_xcom.py
[2023-03-28 23:08:52,065] {scheduler_job.py:629} INFO - Processing file /home/airflow/.local/lib/python3.6/site-packages/airflow/example_dags/example_xcom.py for tasks to queue
[2023-03-28 23:08:52,067] {logging_mixin.py:104} INFO - [2023-03-28 23:08:52,067] {dagbag.py:448} INFO - Filling up the DagBag from /home/airflow/.local/lib/python3.6/site-packages/airflow/example_dags/example_xcom.py
[2023-03-28 23:08:52,120] {scheduler_job.py:639} INFO - DAG(s) dict_keys(['example_xcom']) retrieved from /home/airflow/.local/lib/python3.6/site-packages/airflow/example_dags/example_xcom.py
[2023-03-28 23:08:52,185] {logging_mixin.py:104} INFO - [2023-03-28 23:08:52,184] {dag.py:1818} INFO - Sync 1 DAGs
[2023-03-28 23:08:52,239] {logging_mixin.py:104} INFO - [2023-03-28 23:08:52,239] {dag.py:2273} INFO - Setting next_dagrun for example_xcom to 2023-03-26 00:00:00+00:00
[2023-03-28 23:08:52,271] {scheduler_job.py:190} INFO - Processing /home/airflow/.local/lib/python3.6/site-packages/airflow/example_dags/example_xcom.py took 0.216 seconds
[2023-03-28 23:09:22,953] {scheduler_job.py:182} INFO - Started process (PID=1289) to work on /home/airflow/.local/lib/python3.6/site-packages/airflow/example_dags/example_xcom.py
[2023-03-28 23:09:22,958] {scheduler_job.py:629} INFO - Processing file /home/airflow/.local/lib/python3.6/site-packages/airflow/example_dags/example_xcom.py for tasks to queue
[2023-03-28 23:09:22,961] {logging_mixin.py:104} INFO - [2023-03-28 23:09:22,961] {dagbag.py:448} INFO - Filling up the DagBag from /home/airflow/.local/lib/python3.6/site-packages/airflow/example_dags/example_xcom.py
[2023-03-28 23:09:23,013] {scheduler_job.py:639} INFO - DAG(s) dict_keys(['example_xcom']) retrieved from /home/airflow/.local/lib/python3.6/site-packages/airflow/example_dags/example_xcom.py
[2023-03-28 23:09:23,108] {logging_mixin.py:104} INFO - [2023-03-28 23:09:23,107] {dag.py:1818} INFO - Sync 1 DAGs
[2023-03-28 23:09:23,169] {logging_mixin.py:104} INFO - [2023-03-28 23:09:23,168] {dag.py:2273} INFO - Setting next_dagrun for example_xcom to 2023-03-26 00:00:00+00:00
[2023-03-28 23:09:23,200] {scheduler_job.py:190} INFO - Processing /home/airflow/.local/lib/python3.6/site-packages/airflow/example_dags/example_xcom.py took 0.261 seconds
[2023-03-28 23:09:54,164] {scheduler_job.py:182} INFO - Started process (PID=1343) to work on /home/airflow/.local/lib/python3.6/site-packages/airflow/example_dags/example_xcom.py
[2023-03-28 23:09:54,172] {scheduler_job.py:629} INFO - Processing file /home/airflow/.local/lib/python3.6/site-packages/airflow/example_dags/example_xcom.py for tasks to queue
[2023-03-28 23:09:54,175] {logging_mixin.py:104} INFO - [2023-03-28 23:09:54,175] {dagbag.py:448} INFO - Filling up the DagBag from /home/airflow/.local/lib/python3.6/site-packages/airflow/example_dags/example_xcom.py
[2023-03-28 23:09:54,226] {scheduler_job.py:639} INFO - DAG(s) dict_keys(['example_xcom']) retrieved from /home/airflow/.local/lib/python3.6/site-packages/airflow/example_dags/example_xcom.py
[2023-03-28 23:09:54,316] {logging_mixin.py:104} INFO - [2023-03-28 23:09:54,315] {dag.py:1818} INFO - Sync 1 DAGs
[2023-03-28 23:09:54,371] {logging_mixin.py:104} INFO - [2023-03-28 23:09:54,370] {dag.py:2273} INFO - Setting next_dagrun for example_xcom to 2023-03-26 00:00:00+00:00
[2023-03-28 23:09:54,400] {scheduler_job.py:190} INFO - Processing /home/airflow/.local/lib/python3.6/site-packages/airflow/example_dags/example_xcom.py took 0.248 seconds
[2023-03-28 23:10:24,504] {scheduler_job.py:182} INFO - Started process (PID=1399) to work on /home/airflow/.local/lib/python3.6/site-packages/airflow/example_dags/example_xcom.py
[2023-03-28 23:10:24,508] {scheduler_job.py:629} INFO - Processing file /home/airflow/.local/lib/python3.6/site-packages/airflow/example_dags/example_xcom.py for tasks to queue
[2023-03-28 23:10:24,511] {logging_mixin.py:104} INFO - [2023-03-28 23:10:24,510] {dagbag.py:448} INFO - Filling up the DagBag from /home/airflow/.local/lib/python3.6/site-packages/airflow/example_dags/example_xcom.py
[2023-03-28 23:10:24,565] {scheduler_job.py:639} INFO - DAG(s) dict_keys(['example_xcom']) retrieved from /home/airflow/.local/lib/python3.6/site-packages/airflow/example_dags/example_xcom.py
[2023-03-28 23:10:24,634] {logging_mixin.py:104} INFO - [2023-03-28 23:10:24,634] {dag.py:1818} INFO - Sync 1 DAGs
[2023-03-28 23:10:24,684] {logging_mixin.py:104} INFO - [2023-03-28 23:10:24,684] {dag.py:2273} INFO - Setting next_dagrun for example_xcom to 2023-03-26 00:00:00+00:00
[2023-03-28 23:10:24,707] {scheduler_job.py:190} INFO - Processing /home/airflow/.local/lib/python3.6/site-packages/airflow/example_dags/example_xcom.py took 0.211 seconds
[2023-03-28 23:10:54,794] {scheduler_job.py:182} INFO - Started process (PID=1453) to work on /home/airflow/.local/lib/python3.6/site-packages/airflow/example_dags/example_xcom.py
[2023-03-28 23:10:54,798] {scheduler_job.py:629} INFO - Processing file /home/airflow/.local/lib/python3.6/site-packages/airflow/example_dags/example_xcom.py for tasks to queue
[2023-03-28 23:10:54,800] {logging_mixin.py:104} INFO - [2023-03-28 23:10:54,800] {dagbag.py:448} INFO - Filling up the DagBag from /home/airflow/.local/lib/python3.6/site-packages/airflow/example_dags/example_xcom.py
[2023-03-28 23:10:54,851] {scheduler_job.py:639} INFO - DAG(s) dict_keys(['example_xcom']) retrieved from /home/airflow/.local/lib/python3.6/site-packages/airflow/example_dags/example_xcom.py
[2023-03-28 23:10:54,927] {logging_mixin.py:104} INFO - [2023-03-28 23:10:54,927] {dag.py:1818} INFO - Sync 1 DAGs
[2023-03-28 23:10:54,997] {logging_mixin.py:104} INFO - [2023-03-28 23:10:54,996] {dag.py:2273} INFO - Setting next_dagrun for example_xcom to 2023-03-26 00:00:00+00:00
[2023-03-28 23:10:55,025] {scheduler_job.py:190} INFO - Processing /home/airflow/.local/lib/python3.6/site-packages/airflow/example_dags/example_xcom.py took 0.240 seconds
[2023-03-28 23:11:25,670] {scheduler_job.py:182} INFO - Started process (PID=1507) to work on /home/airflow/.local/lib/python3.6/site-packages/airflow/example_dags/example_xcom.py
[2023-03-28 23:11:25,674] {scheduler_job.py:629} INFO - Processing file /home/airflow/.local/lib/python3.6/site-packages/airflow/example_dags/example_xcom.py for tasks to queue
[2023-03-28 23:11:25,676] {logging_mixin.py:104} INFO - [2023-03-28 23:11:25,676] {dagbag.py:448} INFO - Filling up the DagBag from /home/airflow/.local/lib/python3.6/site-packages/airflow/example_dags/example_xcom.py
[2023-03-28 23:11:25,721] {scheduler_job.py:639} INFO - DAG(s) dict_keys(['example_xcom']) retrieved from /home/airflow/.local/lib/python3.6/site-packages/airflow/example_dags/example_xcom.py
[2023-03-28 23:11:25,791] {logging_mixin.py:104} INFO - [2023-03-28 23:11:25,790] {dag.py:1818} INFO - Sync 1 DAGs
[2023-03-28 23:11:25,838] {logging_mixin.py:104} INFO - [2023-03-28 23:11:25,837] {dag.py:2273} INFO - Setting next_dagrun for example_xcom to 2023-03-26 00:00:00+00:00
[2023-03-28 23:11:25,863] {scheduler_job.py:190} INFO - Processing /home/airflow/.local/lib/python3.6/site-packages/airflow/example_dags/example_xcom.py took 0.202 seconds
