[2023-03-28 22:52:24,540] {scheduler_job.py:182} INFO - Started process (PID=56) to work on /home/airflow/.local/lib/python3.6/site-packages/airflow/example_dags/example_short_circuit_operator.py
[2023-03-28 22:52:24,544] {scheduler_job.py:629} INFO - Processing file /home/airflow/.local/lib/python3.6/site-packages/airflow/example_dags/example_short_circuit_operator.py for tasks to queue
[2023-03-28 22:52:24,564] {logging_mixin.py:104} INFO - [2023-03-28 22:52:24,562] {dagbag.py:448} INFO - Filling up the DagBag from /home/airflow/.local/lib/python3.6/site-packages/airflow/example_dags/example_short_circuit_operator.py
[2023-03-28 22:52:24,705] {scheduler_job.py:639} INFO - DAG(s) dict_keys(['example_short_circuit_operator']) retrieved from /home/airflow/.local/lib/python3.6/site-packages/airflow/example_dags/example_short_circuit_operator.py
[2023-03-28 22:52:25,018] {logging_mixin.py:104} INFO - [2023-03-28 22:52:25,016] {dag.py:1818} INFO - Sync 1 DAGs
[2023-03-28 22:52:25,105] {logging_mixin.py:104} INFO - [2023-03-28 22:52:25,105] {dag.py:1837} INFO - Creating ORM DAG for example_short_circuit_operator
[2023-03-28 22:52:25,170] {logging_mixin.py:104} INFO - [2023-03-28 22:52:25,170] {dag.py:2273} INFO - Setting next_dagrun for example_short_circuit_operator to 2023-03-26 00:00:00+00:00
[2023-03-28 22:52:25,224] {scheduler_job.py:190} INFO - Processing /home/airflow/.local/lib/python3.6/site-packages/airflow/example_dags/example_short_circuit_operator.py took 0.691 seconds
[2023-03-28 22:52:56,452] {scheduler_job.py:182} INFO - Started process (PID=110) to work on /home/airflow/.local/lib/python3.6/site-packages/airflow/example_dags/example_short_circuit_operator.py
[2023-03-28 22:52:56,458] {scheduler_job.py:629} INFO - Processing file /home/airflow/.local/lib/python3.6/site-packages/airflow/example_dags/example_short_circuit_operator.py for tasks to queue
[2023-03-28 22:52:56,468] {logging_mixin.py:104} INFO - [2023-03-28 22:52:56,466] {dagbag.py:448} INFO - Filling up the DagBag from /home/airflow/.local/lib/python3.6/site-packages/airflow/example_dags/example_short_circuit_operator.py
[2023-03-28 22:52:56,618] {scheduler_job.py:639} INFO - DAG(s) dict_keys(['example_short_circuit_operator']) retrieved from /home/airflow/.local/lib/python3.6/site-packages/airflow/example_dags/example_short_circuit_operator.py
[2023-03-28 22:52:56,819] {logging_mixin.py:104} INFO - [2023-03-28 22:52:56,818] {dag.py:1818} INFO - Sync 1 DAGs
[2023-03-28 22:52:56,943] {logging_mixin.py:104} INFO - [2023-03-28 22:52:56,942] {dag.py:2273} INFO - Setting next_dagrun for example_short_circuit_operator to 2023-03-26 00:00:00+00:00
[2023-03-28 22:52:57,004] {scheduler_job.py:190} INFO - Processing /home/airflow/.local/lib/python3.6/site-packages/airflow/example_dags/example_short_circuit_operator.py took 0.566 seconds
[2023-03-28 22:53:28,462] {scheduler_job.py:182} INFO - Started process (PID=162) to work on /home/airflow/.local/lib/python3.6/site-packages/airflow/example_dags/example_short_circuit_operator.py
[2023-03-28 22:53:28,472] {scheduler_job.py:629} INFO - Processing file /home/airflow/.local/lib/python3.6/site-packages/airflow/example_dags/example_short_circuit_operator.py for tasks to queue
[2023-03-28 22:53:28,481] {logging_mixin.py:104} INFO - [2023-03-28 22:53:28,480] {dagbag.py:448} INFO - Filling up the DagBag from /home/airflow/.local/lib/python3.6/site-packages/airflow/example_dags/example_short_circuit_operator.py
[2023-03-28 22:53:28,615] {scheduler_job.py:639} INFO - DAG(s) dict_keys(['example_short_circuit_operator']) retrieved from /home/airflow/.local/lib/python3.6/site-packages/airflow/example_dags/example_short_circuit_operator.py
[2023-03-28 22:53:28,803] {logging_mixin.py:104} INFO - [2023-03-28 22:53:28,802] {dag.py:1818} INFO - Sync 1 DAGs
[2023-03-28 22:53:28,925] {logging_mixin.py:104} INFO - [2023-03-28 22:53:28,925] {dag.py:2273} INFO - Setting next_dagrun for example_short_circuit_operator to 2023-03-26 00:00:00+00:00
[2023-03-28 22:53:28,985] {scheduler_job.py:190} INFO - Processing /home/airflow/.local/lib/python3.6/site-packages/airflow/example_dags/example_short_circuit_operator.py took 0.552 seconds
[2023-03-28 22:53:59,133] {scheduler_job.py:182} INFO - Started process (PID=214) to work on /home/airflow/.local/lib/python3.6/site-packages/airflow/example_dags/example_short_circuit_operator.py
[2023-03-28 22:53:59,137] {scheduler_job.py:629} INFO - Processing file /home/airflow/.local/lib/python3.6/site-packages/airflow/example_dags/example_short_circuit_operator.py for tasks to queue
[2023-03-28 22:53:59,139] {logging_mixin.py:104} INFO - [2023-03-28 22:53:59,139] {dagbag.py:448} INFO - Filling up the DagBag from /home/airflow/.local/lib/python3.6/site-packages/airflow/example_dags/example_short_circuit_operator.py
[2023-03-28 22:53:59,182] {scheduler_job.py:639} INFO - DAG(s) dict_keys(['example_short_circuit_operator']) retrieved from /home/airflow/.local/lib/python3.6/site-packages/airflow/example_dags/example_short_circuit_operator.py
[2023-03-28 22:53:59,238] {logging_mixin.py:104} INFO - [2023-03-28 22:53:59,237] {dag.py:1818} INFO - Sync 1 DAGs
[2023-03-28 22:53:59,283] {logging_mixin.py:104} INFO - [2023-03-28 22:53:59,283] {dag.py:2273} INFO - Setting next_dagrun for example_short_circuit_operator to 2023-03-26 00:00:00+00:00
[2023-03-28 22:53:59,311] {scheduler_job.py:190} INFO - Processing /home/airflow/.local/lib/python3.6/site-packages/airflow/example_dags/example_short_circuit_operator.py took 0.187 seconds
[2023-03-28 22:54:30,097] {scheduler_job.py:182} INFO - Started process (PID=270) to work on /home/airflow/.local/lib/python3.6/site-packages/airflow/example_dags/example_short_circuit_operator.py
[2023-03-28 22:54:30,101] {scheduler_job.py:629} INFO - Processing file /home/airflow/.local/lib/python3.6/site-packages/airflow/example_dags/example_short_circuit_operator.py for tasks to queue
[2023-03-28 22:54:30,103] {logging_mixin.py:104} INFO - [2023-03-28 22:54:30,102] {dagbag.py:448} INFO - Filling up the DagBag from /home/airflow/.local/lib/python3.6/site-packages/airflow/example_dags/example_short_circuit_operator.py
[2023-03-28 22:54:30,144] {scheduler_job.py:639} INFO - DAG(s) dict_keys(['example_short_circuit_operator']) retrieved from /home/airflow/.local/lib/python3.6/site-packages/airflow/example_dags/example_short_circuit_operator.py
[2023-03-28 22:54:30,201] {logging_mixin.py:104} INFO - [2023-03-28 22:54:30,201] {dag.py:1818} INFO - Sync 1 DAGs
[2023-03-28 22:54:30,252] {logging_mixin.py:104} INFO - [2023-03-28 22:54:30,251] {dag.py:2273} INFO - Setting next_dagrun for example_short_circuit_operator to 2023-03-26 00:00:00+00:00
[2023-03-28 22:54:30,275] {scheduler_job.py:190} INFO - Processing /home/airflow/.local/lib/python3.6/site-packages/airflow/example_dags/example_short_circuit_operator.py took 0.184 seconds
[2023-03-28 22:55:00,783] {scheduler_job.py:182} INFO - Started process (PID=324) to work on /home/airflow/.local/lib/python3.6/site-packages/airflow/example_dags/example_short_circuit_operator.py
[2023-03-28 22:55:00,787] {scheduler_job.py:629} INFO - Processing file /home/airflow/.local/lib/python3.6/site-packages/airflow/example_dags/example_short_circuit_operator.py for tasks to queue
[2023-03-28 22:55:00,789] {logging_mixin.py:104} INFO - [2023-03-28 22:55:00,789] {dagbag.py:448} INFO - Filling up the DagBag from /home/airflow/.local/lib/python3.6/site-packages/airflow/example_dags/example_short_circuit_operator.py
[2023-03-28 22:55:00,830] {scheduler_job.py:639} INFO - DAG(s) dict_keys(['example_short_circuit_operator']) retrieved from /home/airflow/.local/lib/python3.6/site-packages/airflow/example_dags/example_short_circuit_operator.py
[2023-03-28 22:55:00,882] {logging_mixin.py:104} INFO - [2023-03-28 22:55:00,882] {dag.py:1818} INFO - Sync 1 DAGs
[2023-03-28 22:55:00,925] {logging_mixin.py:104} INFO - [2023-03-28 22:55:00,925] {dag.py:2273} INFO - Setting next_dagrun for example_short_circuit_operator to 2023-03-26 00:00:00+00:00
[2023-03-28 22:55:00,946] {scheduler_job.py:190} INFO - Processing /home/airflow/.local/lib/python3.6/site-packages/airflow/example_dags/example_short_circuit_operator.py took 0.170 seconds
[2023-03-28 22:55:31,260] {scheduler_job.py:182} INFO - Started process (PID=378) to work on /home/airflow/.local/lib/python3.6/site-packages/airflow/example_dags/example_short_circuit_operator.py
[2023-03-28 22:55:31,269] {scheduler_job.py:629} INFO - Processing file /home/airflow/.local/lib/python3.6/site-packages/airflow/example_dags/example_short_circuit_operator.py for tasks to queue
[2023-03-28 22:55:31,276] {logging_mixin.py:104} INFO - [2023-03-28 22:55:31,275] {dagbag.py:448} INFO - Filling up the DagBag from /home/airflow/.local/lib/python3.6/site-packages/airflow/example_dags/example_short_circuit_operator.py
[2023-03-28 22:55:31,320] {scheduler_job.py:639} INFO - DAG(s) dict_keys(['example_short_circuit_operator']) retrieved from /home/airflow/.local/lib/python3.6/site-packages/airflow/example_dags/example_short_circuit_operator.py
[2023-03-28 22:55:31,376] {logging_mixin.py:104} INFO - [2023-03-28 22:55:31,375] {dag.py:1818} INFO - Sync 1 DAGs
[2023-03-28 22:55:31,438] {logging_mixin.py:104} INFO - [2023-03-28 22:55:31,437] {dag.py:2273} INFO - Setting next_dagrun for example_short_circuit_operator to 2023-03-26 00:00:00+00:00
[2023-03-28 22:55:31,587] {scheduler_job.py:190} INFO - Processing /home/airflow/.local/lib/python3.6/site-packages/airflow/example_dags/example_short_circuit_operator.py took 0.340 seconds
[2023-03-28 22:56:02,138] {scheduler_job.py:182} INFO - Started process (PID=434) to work on /home/airflow/.local/lib/python3.6/site-packages/airflow/example_dags/example_short_circuit_operator.py
[2023-03-28 22:56:02,142] {scheduler_job.py:629} INFO - Processing file /home/airflow/.local/lib/python3.6/site-packages/airflow/example_dags/example_short_circuit_operator.py for tasks to queue
[2023-03-28 22:56:02,145] {logging_mixin.py:104} INFO - [2023-03-28 22:56:02,144] {dagbag.py:448} INFO - Filling up the DagBag from /home/airflow/.local/lib/python3.6/site-packages/airflow/example_dags/example_short_circuit_operator.py
[2023-03-28 22:56:02,201] {scheduler_job.py:639} INFO - DAG(s) dict_keys(['example_short_circuit_operator']) retrieved from /home/airflow/.local/lib/python3.6/site-packages/airflow/example_dags/example_short_circuit_operator.py
[2023-03-28 22:56:02,266] {logging_mixin.py:104} INFO - [2023-03-28 22:56:02,265] {dag.py:1818} INFO - Sync 1 DAGs
[2023-03-28 22:56:02,318] {logging_mixin.py:104} INFO - [2023-03-28 22:56:02,317] {dag.py:2273} INFO - Setting next_dagrun for example_short_circuit_operator to 2023-03-26 00:00:00+00:00
[2023-03-28 22:56:02,349] {scheduler_job.py:190} INFO - Processing /home/airflow/.local/lib/python3.6/site-packages/airflow/example_dags/example_short_circuit_operator.py took 0.219 seconds
[2023-03-28 22:56:32,861] {scheduler_job.py:182} INFO - Started process (PID=488) to work on /home/airflow/.local/lib/python3.6/site-packages/airflow/example_dags/example_short_circuit_operator.py
[2023-03-28 22:56:32,865] {scheduler_job.py:629} INFO - Processing file /home/airflow/.local/lib/python3.6/site-packages/airflow/example_dags/example_short_circuit_operator.py for tasks to queue
[2023-03-28 22:56:32,868] {logging_mixin.py:104} INFO - [2023-03-28 22:56:32,867] {dagbag.py:448} INFO - Filling up the DagBag from /home/airflow/.local/lib/python3.6/site-packages/airflow/example_dags/example_short_circuit_operator.py
[2023-03-28 22:56:32,905] {scheduler_job.py:639} INFO - DAG(s) dict_keys(['example_short_circuit_operator']) retrieved from /home/airflow/.local/lib/python3.6/site-packages/airflow/example_dags/example_short_circuit_operator.py
[2023-03-28 22:56:32,959] {logging_mixin.py:104} INFO - [2023-03-28 22:56:32,958] {dag.py:1818} INFO - Sync 1 DAGs
[2023-03-28 22:56:33,006] {logging_mixin.py:104} INFO - [2023-03-28 22:56:33,005] {dag.py:2273} INFO - Setting next_dagrun for example_short_circuit_operator to 2023-03-26 00:00:00+00:00
[2023-03-28 22:56:33,031] {scheduler_job.py:190} INFO - Processing /home/airflow/.local/lib/python3.6/site-packages/airflow/example_dags/example_short_circuit_operator.py took 0.177 seconds
[2023-03-28 22:57:04,224] {scheduler_job.py:182} INFO - Started process (PID=544) to work on /home/airflow/.local/lib/python3.6/site-packages/airflow/example_dags/example_short_circuit_operator.py
[2023-03-28 22:57:04,241] {scheduler_job.py:629} INFO - Processing file /home/airflow/.local/lib/python3.6/site-packages/airflow/example_dags/example_short_circuit_operator.py for tasks to queue
[2023-03-28 22:57:04,246] {logging_mixin.py:104} INFO - [2023-03-28 22:57:04,245] {dagbag.py:448} INFO - Filling up the DagBag from /home/airflow/.local/lib/python3.6/site-packages/airflow/example_dags/example_short_circuit_operator.py
[2023-03-28 22:57:04,367] {scheduler_job.py:639} INFO - DAG(s) dict_keys(['example_short_circuit_operator']) retrieved from /home/airflow/.local/lib/python3.6/site-packages/airflow/example_dags/example_short_circuit_operator.py
[2023-03-28 22:57:04,554] {logging_mixin.py:104} INFO - [2023-03-28 22:57:04,550] {dag.py:1818} INFO - Sync 1 DAGs
[2023-03-28 22:57:08,492] {logging_mixin.py:104} INFO - [2023-03-28 22:57:08,491] {process_utils.py:206} INFO - Waiting up to 5 seconds for processes to exit...
[2023-03-28 22:57:47,120] {scheduler_job.py:182} INFO - Started process (PID=93) to work on /home/airflow/.local/lib/python3.6/site-packages/airflow/example_dags/example_short_circuit_operator.py
[2023-03-28 22:57:47,126] {scheduler_job.py:629} INFO - Processing file /home/airflow/.local/lib/python3.6/site-packages/airflow/example_dags/example_short_circuit_operator.py for tasks to queue
[2023-03-28 22:57:47,130] {logging_mixin.py:104} INFO - [2023-03-28 22:57:47,129] {dagbag.py:448} INFO - Filling up the DagBag from /home/airflow/.local/lib/python3.6/site-packages/airflow/example_dags/example_short_circuit_operator.py
[2023-03-28 22:57:47,179] {scheduler_job.py:639} INFO - DAG(s) dict_keys(['example_short_circuit_operator']) retrieved from /home/airflow/.local/lib/python3.6/site-packages/airflow/example_dags/example_short_circuit_operator.py
[2023-03-28 22:57:47,244] {logging_mixin.py:104} INFO - [2023-03-28 22:57:47,244] {dag.py:1818} INFO - Sync 1 DAGs
[2023-03-28 22:57:47,322] {logging_mixin.py:104} INFO - [2023-03-28 22:57:47,322] {dag.py:2273} INFO - Setting next_dagrun for example_short_circuit_operator to 2023-03-26 00:00:00+00:00
[2023-03-28 22:57:47,349] {scheduler_job.py:190} INFO - Processing /home/airflow/.local/lib/python3.6/site-packages/airflow/example_dags/example_short_circuit_operator.py took 0.237 seconds
[2023-03-28 22:58:18,328] {scheduler_job.py:182} INFO - Started process (PID=143) to work on /home/airflow/.local/lib/python3.6/site-packages/airflow/example_dags/example_short_circuit_operator.py
[2023-03-28 22:58:18,338] {scheduler_job.py:629} INFO - Processing file /home/airflow/.local/lib/python3.6/site-packages/airflow/example_dags/example_short_circuit_operator.py for tasks to queue
[2023-03-28 22:58:18,348] {logging_mixin.py:104} INFO - [2023-03-28 22:58:18,347] {dagbag.py:448} INFO - Filling up the DagBag from /home/airflow/.local/lib/python3.6/site-packages/airflow/example_dags/example_short_circuit_operator.py
[2023-03-28 22:58:18,443] {scheduler_job.py:639} INFO - DAG(s) dict_keys(['example_short_circuit_operator']) retrieved from /home/airflow/.local/lib/python3.6/site-packages/airflow/example_dags/example_short_circuit_operator.py
[2023-03-28 22:58:18,579] {logging_mixin.py:104} INFO - [2023-03-28 22:58:18,579] {dag.py:1818} INFO - Sync 1 DAGs
[2023-03-28 22:58:18,667] {logging_mixin.py:104} INFO - [2023-03-28 22:58:18,666] {dag.py:2273} INFO - Setting next_dagrun for example_short_circuit_operator to 2023-03-26 00:00:00+00:00
[2023-03-28 22:58:18,724] {scheduler_job.py:190} INFO - Processing /home/airflow/.local/lib/python3.6/site-packages/airflow/example_dags/example_short_circuit_operator.py took 0.414 seconds
[2023-03-28 22:58:49,210] {scheduler_job.py:182} INFO - Started process (PID=197) to work on /home/airflow/.local/lib/python3.6/site-packages/airflow/example_dags/example_short_circuit_operator.py
[2023-03-28 22:58:49,214] {scheduler_job.py:629} INFO - Processing file /home/airflow/.local/lib/python3.6/site-packages/airflow/example_dags/example_short_circuit_operator.py for tasks to queue
[2023-03-28 22:58:49,218] {logging_mixin.py:104} INFO - [2023-03-28 22:58:49,217] {dagbag.py:448} INFO - Filling up the DagBag from /home/airflow/.local/lib/python3.6/site-packages/airflow/example_dags/example_short_circuit_operator.py
[2023-03-28 22:58:49,295] {scheduler_job.py:639} INFO - DAG(s) dict_keys(['example_short_circuit_operator']) retrieved from /home/airflow/.local/lib/python3.6/site-packages/airflow/example_dags/example_short_circuit_operator.py
[2023-03-28 22:58:49,393] {logging_mixin.py:104} INFO - [2023-03-28 22:58:49,392] {dag.py:1818} INFO - Sync 1 DAGs
[2023-03-28 22:58:49,477] {logging_mixin.py:104} INFO - [2023-03-28 22:58:49,477] {dag.py:2273} INFO - Setting next_dagrun for example_short_circuit_operator to 2023-03-26 00:00:00+00:00
[2023-03-28 22:58:49,502] {scheduler_job.py:190} INFO - Processing /home/airflow/.local/lib/python3.6/site-packages/airflow/example_dags/example_short_circuit_operator.py took 0.312 seconds
[2023-03-28 22:59:19,656] {scheduler_job.py:182} INFO - Started process (PID=245) to work on /home/airflow/.local/lib/python3.6/site-packages/airflow/example_dags/example_short_circuit_operator.py
[2023-03-28 22:59:19,659] {scheduler_job.py:629} INFO - Processing file /home/airflow/.local/lib/python3.6/site-packages/airflow/example_dags/example_short_circuit_operator.py for tasks to queue
[2023-03-28 22:59:19,662] {logging_mixin.py:104} INFO - [2023-03-28 22:59:19,661] {dagbag.py:448} INFO - Filling up the DagBag from /home/airflow/.local/lib/python3.6/site-packages/airflow/example_dags/example_short_circuit_operator.py
[2023-03-28 22:59:19,708] {scheduler_job.py:639} INFO - DAG(s) dict_keys(['example_short_circuit_operator']) retrieved from /home/airflow/.local/lib/python3.6/site-packages/airflow/example_dags/example_short_circuit_operator.py
[2023-03-28 22:59:19,761] {logging_mixin.py:104} INFO - [2023-03-28 22:59:19,761] {dag.py:1818} INFO - Sync 1 DAGs
[2023-03-28 22:59:19,806] {logging_mixin.py:104} INFO - [2023-03-28 22:59:19,805] {dag.py:2273} INFO - Setting next_dagrun for example_short_circuit_operator to 2023-03-26 00:00:00+00:00
[2023-03-28 22:59:19,831] {scheduler_job.py:190} INFO - Processing /home/airflow/.local/lib/python3.6/site-packages/airflow/example_dags/example_short_circuit_operator.py took 0.182 seconds
[2023-03-28 22:59:50,009] {scheduler_job.py:182} INFO - Started process (PID=299) to work on /home/airflow/.local/lib/python3.6/site-packages/airflow/example_dags/example_short_circuit_operator.py
[2023-03-28 22:59:50,014] {scheduler_job.py:629} INFO - Processing file /home/airflow/.local/lib/python3.6/site-packages/airflow/example_dags/example_short_circuit_operator.py for tasks to queue
[2023-03-28 22:59:50,017] {logging_mixin.py:104} INFO - [2023-03-28 22:59:50,016] {dagbag.py:448} INFO - Filling up the DagBag from /home/airflow/.local/lib/python3.6/site-packages/airflow/example_dags/example_short_circuit_operator.py
[2023-03-28 22:59:50,075] {scheduler_job.py:639} INFO - DAG(s) dict_keys(['example_short_circuit_operator']) retrieved from /home/airflow/.local/lib/python3.6/site-packages/airflow/example_dags/example_short_circuit_operator.py
[2023-03-28 22:59:50,150] {logging_mixin.py:104} INFO - [2023-03-28 22:59:50,149] {dag.py:1818} INFO - Sync 1 DAGs
[2023-03-28 22:59:50,200] {logging_mixin.py:104} INFO - [2023-03-28 22:59:50,200] {dag.py:2273} INFO - Setting next_dagrun for example_short_circuit_operator to 2023-03-26 00:00:00+00:00
[2023-03-28 22:59:50,226] {scheduler_job.py:190} INFO - Processing /home/airflow/.local/lib/python3.6/site-packages/airflow/example_dags/example_short_circuit_operator.py took 0.228 seconds
[2023-03-28 23:00:20,909] {scheduler_job.py:182} INFO - Started process (PID=355) to work on /home/airflow/.local/lib/python3.6/site-packages/airflow/example_dags/example_short_circuit_operator.py
[2023-03-28 23:00:20,914] {scheduler_job.py:629} INFO - Processing file /home/airflow/.local/lib/python3.6/site-packages/airflow/example_dags/example_short_circuit_operator.py for tasks to queue
[2023-03-28 23:00:20,917] {logging_mixin.py:104} INFO - [2023-03-28 23:00:20,916] {dagbag.py:448} INFO - Filling up the DagBag from /home/airflow/.local/lib/python3.6/site-packages/airflow/example_dags/example_short_circuit_operator.py
[2023-03-28 23:00:20,955] {scheduler_job.py:639} INFO - DAG(s) dict_keys(['example_short_circuit_operator']) retrieved from /home/airflow/.local/lib/python3.6/site-packages/airflow/example_dags/example_short_circuit_operator.py
[2023-03-28 23:00:21,007] {logging_mixin.py:104} INFO - [2023-03-28 23:00:21,006] {dag.py:1818} INFO - Sync 1 DAGs
[2023-03-28 23:00:21,049] {logging_mixin.py:104} INFO - [2023-03-28 23:00:21,048] {dag.py:2273} INFO - Setting next_dagrun for example_short_circuit_operator to 2023-03-26 00:00:00+00:00
[2023-03-28 23:00:21,070] {scheduler_job.py:190} INFO - Processing /home/airflow/.local/lib/python3.6/site-packages/airflow/example_dags/example_short_circuit_operator.py took 0.167 seconds
[2023-03-28 23:00:51,245] {scheduler_job.py:182} INFO - Started process (PID=407) to work on /home/airflow/.local/lib/python3.6/site-packages/airflow/example_dags/example_short_circuit_operator.py
[2023-03-28 23:00:51,249] {scheduler_job.py:629} INFO - Processing file /home/airflow/.local/lib/python3.6/site-packages/airflow/example_dags/example_short_circuit_operator.py for tasks to queue
[2023-03-28 23:00:51,251] {logging_mixin.py:104} INFO - [2023-03-28 23:00:51,251] {dagbag.py:448} INFO - Filling up the DagBag from /home/airflow/.local/lib/python3.6/site-packages/airflow/example_dags/example_short_circuit_operator.py
[2023-03-28 23:00:51,289] {scheduler_job.py:639} INFO - DAG(s) dict_keys(['example_short_circuit_operator']) retrieved from /home/airflow/.local/lib/python3.6/site-packages/airflow/example_dags/example_short_circuit_operator.py
[2023-03-28 23:00:51,340] {logging_mixin.py:104} INFO - [2023-03-28 23:00:51,340] {dag.py:1818} INFO - Sync 1 DAGs
[2023-03-28 23:00:51,381] {logging_mixin.py:104} INFO - [2023-03-28 23:00:51,380] {dag.py:2273} INFO - Setting next_dagrun for example_short_circuit_operator to 2023-03-26 00:00:00+00:00
[2023-03-28 23:00:51,402] {scheduler_job.py:190} INFO - Processing /home/airflow/.local/lib/python3.6/site-packages/airflow/example_dags/example_short_circuit_operator.py took 0.166 seconds
[2023-03-28 23:01:21,909] {scheduler_job.py:182} INFO - Started process (PID=461) to work on /home/airflow/.local/lib/python3.6/site-packages/airflow/example_dags/example_short_circuit_operator.py
[2023-03-28 23:01:21,912] {scheduler_job.py:629} INFO - Processing file /home/airflow/.local/lib/python3.6/site-packages/airflow/example_dags/example_short_circuit_operator.py for tasks to queue
[2023-03-28 23:01:21,914] {logging_mixin.py:104} INFO - [2023-03-28 23:01:21,914] {dagbag.py:448} INFO - Filling up the DagBag from /home/airflow/.local/lib/python3.6/site-packages/airflow/example_dags/example_short_circuit_operator.py
[2023-03-28 23:01:21,953] {scheduler_job.py:639} INFO - DAG(s) dict_keys(['example_short_circuit_operator']) retrieved from /home/airflow/.local/lib/python3.6/site-packages/airflow/example_dags/example_short_circuit_operator.py
[2023-03-28 23:01:22,008] {logging_mixin.py:104} INFO - [2023-03-28 23:01:22,007] {dag.py:1818} INFO - Sync 1 DAGs
[2023-03-28 23:01:22,049] {logging_mixin.py:104} INFO - [2023-03-28 23:01:22,049] {dag.py:2273} INFO - Setting next_dagrun for example_short_circuit_operator to 2023-03-26 00:00:00+00:00
[2023-03-28 23:01:22,074] {scheduler_job.py:190} INFO - Processing /home/airflow/.local/lib/python3.6/site-packages/airflow/example_dags/example_short_circuit_operator.py took 0.171 seconds
[2023-03-28 23:01:52,241] {scheduler_job.py:182} INFO - Started process (PID=515) to work on /home/airflow/.local/lib/python3.6/site-packages/airflow/example_dags/example_short_circuit_operator.py
[2023-03-28 23:01:52,246] {scheduler_job.py:629} INFO - Processing file /home/airflow/.local/lib/python3.6/site-packages/airflow/example_dags/example_short_circuit_operator.py for tasks to queue
[2023-03-28 23:01:52,250] {logging_mixin.py:104} INFO - [2023-03-28 23:01:52,249] {dagbag.py:448} INFO - Filling up the DagBag from /home/airflow/.local/lib/python3.6/site-packages/airflow/example_dags/example_short_circuit_operator.py
[2023-03-28 23:01:52,292] {scheduler_job.py:639} INFO - DAG(s) dict_keys(['example_short_circuit_operator']) retrieved from /home/airflow/.local/lib/python3.6/site-packages/airflow/example_dags/example_short_circuit_operator.py
[2023-03-28 23:01:52,342] {logging_mixin.py:104} INFO - [2023-03-28 23:01:52,341] {dag.py:1818} INFO - Sync 1 DAGs
[2023-03-28 23:01:52,382] {logging_mixin.py:104} INFO - [2023-03-28 23:01:52,382] {dag.py:2273} INFO - Setting next_dagrun for example_short_circuit_operator to 2023-03-26 00:00:00+00:00
[2023-03-28 23:01:52,403] {scheduler_job.py:190} INFO - Processing /home/airflow/.local/lib/python3.6/site-packages/airflow/example_dags/example_short_circuit_operator.py took 0.175 seconds
[2023-03-28 23:02:22,808] {scheduler_job.py:182} INFO - Started process (PID=569) to work on /home/airflow/.local/lib/python3.6/site-packages/airflow/example_dags/example_short_circuit_operator.py
[2023-03-28 23:02:22,812] {scheduler_job.py:629} INFO - Processing file /home/airflow/.local/lib/python3.6/site-packages/airflow/example_dags/example_short_circuit_operator.py for tasks to queue
[2023-03-28 23:02:22,814] {logging_mixin.py:104} INFO - [2023-03-28 23:02:22,814] {dagbag.py:448} INFO - Filling up the DagBag from /home/airflow/.local/lib/python3.6/site-packages/airflow/example_dags/example_short_circuit_operator.py
[2023-03-28 23:02:22,855] {scheduler_job.py:639} INFO - DAG(s) dict_keys(['example_short_circuit_operator']) retrieved from /home/airflow/.local/lib/python3.6/site-packages/airflow/example_dags/example_short_circuit_operator.py
[2023-03-28 23:02:22,908] {logging_mixin.py:104} INFO - [2023-03-28 23:02:22,908] {dag.py:1818} INFO - Sync 1 DAGs
[2023-03-28 23:02:22,950] {logging_mixin.py:104} INFO - [2023-03-28 23:02:22,949] {dag.py:2273} INFO - Setting next_dagrun for example_short_circuit_operator to 2023-03-26 00:00:00+00:00
[2023-03-28 23:02:22,974] {scheduler_job.py:190} INFO - Processing /home/airflow/.local/lib/python3.6/site-packages/airflow/example_dags/example_short_circuit_operator.py took 0.173 seconds
[2023-03-28 23:02:53,521] {scheduler_job.py:182} INFO - Started process (PID=623) to work on /home/airflow/.local/lib/python3.6/site-packages/airflow/example_dags/example_short_circuit_operator.py
[2023-03-28 23:02:53,525] {scheduler_job.py:629} INFO - Processing file /home/airflow/.local/lib/python3.6/site-packages/airflow/example_dags/example_short_circuit_operator.py for tasks to queue
[2023-03-28 23:02:53,527] {logging_mixin.py:104} INFO - [2023-03-28 23:02:53,527] {dagbag.py:448} INFO - Filling up the DagBag from /home/airflow/.local/lib/python3.6/site-packages/airflow/example_dags/example_short_circuit_operator.py
[2023-03-28 23:02:53,575] {scheduler_job.py:639} INFO - DAG(s) dict_keys(['example_short_circuit_operator']) retrieved from /home/airflow/.local/lib/python3.6/site-packages/airflow/example_dags/example_short_circuit_operator.py
[2023-03-28 23:02:53,646] {logging_mixin.py:104} INFO - [2023-03-28 23:02:53,646] {dag.py:1818} INFO - Sync 1 DAGs
[2023-03-28 23:02:53,698] {logging_mixin.py:104} INFO - [2023-03-28 23:02:53,698] {dag.py:2273} INFO - Setting next_dagrun for example_short_circuit_operator to 2023-03-26 00:00:00+00:00
[2023-03-28 23:02:53,724] {scheduler_job.py:190} INFO - Processing /home/airflow/.local/lib/python3.6/site-packages/airflow/example_dags/example_short_circuit_operator.py took 0.211 seconds
[2023-03-28 23:03:24,485] {scheduler_job.py:182} INFO - Started process (PID=679) to work on /home/airflow/.local/lib/python3.6/site-packages/airflow/example_dags/example_short_circuit_operator.py
[2023-03-28 23:03:24,493] {scheduler_job.py:629} INFO - Processing file /home/airflow/.local/lib/python3.6/site-packages/airflow/example_dags/example_short_circuit_operator.py for tasks to queue
[2023-03-28 23:03:24,495] {logging_mixin.py:104} INFO - [2023-03-28 23:03:24,495] {dagbag.py:448} INFO - Filling up the DagBag from /home/airflow/.local/lib/python3.6/site-packages/airflow/example_dags/example_short_circuit_operator.py
[2023-03-28 23:03:24,533] {scheduler_job.py:639} INFO - DAG(s) dict_keys(['example_short_circuit_operator']) retrieved from /home/airflow/.local/lib/python3.6/site-packages/airflow/example_dags/example_short_circuit_operator.py
[2023-03-28 23:03:24,596] {logging_mixin.py:104} INFO - [2023-03-28 23:03:24,595] {dag.py:1818} INFO - Sync 1 DAGs
[2023-03-28 23:03:24,639] {logging_mixin.py:104} INFO - [2023-03-28 23:03:24,639] {dag.py:2273} INFO - Setting next_dagrun for example_short_circuit_operator to 2023-03-26 00:00:00+00:00
[2023-03-28 23:03:24,663] {scheduler_job.py:190} INFO - Processing /home/airflow/.local/lib/python3.6/site-packages/airflow/example_dags/example_short_circuit_operator.py took 0.186 seconds
[2023-03-28 23:03:54,925] {scheduler_job.py:182} INFO - Started process (PID=731) to work on /home/airflow/.local/lib/python3.6/site-packages/airflow/example_dags/example_short_circuit_operator.py
[2023-03-28 23:03:54,929] {scheduler_job.py:629} INFO - Processing file /home/airflow/.local/lib/python3.6/site-packages/airflow/example_dags/example_short_circuit_operator.py for tasks to queue
[2023-03-28 23:03:54,931] {logging_mixin.py:104} INFO - [2023-03-28 23:03:54,930] {dagbag.py:448} INFO - Filling up the DagBag from /home/airflow/.local/lib/python3.6/site-packages/airflow/example_dags/example_short_circuit_operator.py
[2023-03-28 23:03:54,972] {scheduler_job.py:639} INFO - DAG(s) dict_keys(['example_short_circuit_operator']) retrieved from /home/airflow/.local/lib/python3.6/site-packages/airflow/example_dags/example_short_circuit_operator.py
[2023-03-28 23:03:55,024] {logging_mixin.py:104} INFO - [2023-03-28 23:03:55,024] {dag.py:1818} INFO - Sync 1 DAGs
[2023-03-28 23:03:55,066] {logging_mixin.py:104} INFO - [2023-03-28 23:03:55,066] {dag.py:2273} INFO - Setting next_dagrun for example_short_circuit_operator to 2023-03-26 00:00:00+00:00
[2023-03-28 23:03:55,089] {scheduler_job.py:190} INFO - Processing /home/airflow/.local/lib/python3.6/site-packages/airflow/example_dags/example_short_circuit_operator.py took 0.170 seconds
[2023-03-28 23:04:25,626] {scheduler_job.py:182} INFO - Started process (PID=785) to work on /home/airflow/.local/lib/python3.6/site-packages/airflow/example_dags/example_short_circuit_operator.py
[2023-03-28 23:04:25,630] {scheduler_job.py:629} INFO - Processing file /home/airflow/.local/lib/python3.6/site-packages/airflow/example_dags/example_short_circuit_operator.py for tasks to queue
[2023-03-28 23:04:25,632] {logging_mixin.py:104} INFO - [2023-03-28 23:04:25,632] {dagbag.py:448} INFO - Filling up the DagBag from /home/airflow/.local/lib/python3.6/site-packages/airflow/example_dags/example_short_circuit_operator.py
[2023-03-28 23:04:25,684] {scheduler_job.py:639} INFO - DAG(s) dict_keys(['example_short_circuit_operator']) retrieved from /home/airflow/.local/lib/python3.6/site-packages/airflow/example_dags/example_short_circuit_operator.py
[2023-03-28 23:04:25,741] {logging_mixin.py:104} INFO - [2023-03-28 23:04:25,741] {dag.py:1818} INFO - Sync 1 DAGs
[2023-03-28 23:04:25,782] {logging_mixin.py:104} INFO - [2023-03-28 23:04:25,782] {dag.py:2273} INFO - Setting next_dagrun for example_short_circuit_operator to 2023-03-26 00:00:00+00:00
[2023-03-28 23:04:25,806] {scheduler_job.py:190} INFO - Processing /home/airflow/.local/lib/python3.6/site-packages/airflow/example_dags/example_short_circuit_operator.py took 0.187 seconds
[2023-03-28 23:04:56,286] {scheduler_job.py:182} INFO - Started process (PID=841) to work on /home/airflow/.local/lib/python3.6/site-packages/airflow/example_dags/example_short_circuit_operator.py
[2023-03-28 23:04:56,290] {scheduler_job.py:629} INFO - Processing file /home/airflow/.local/lib/python3.6/site-packages/airflow/example_dags/example_short_circuit_operator.py for tasks to queue
[2023-03-28 23:04:56,292] {logging_mixin.py:104} INFO - [2023-03-28 23:04:56,292] {dagbag.py:448} INFO - Filling up the DagBag from /home/airflow/.local/lib/python3.6/site-packages/airflow/example_dags/example_short_circuit_operator.py
[2023-03-28 23:04:56,330] {scheduler_job.py:639} INFO - DAG(s) dict_keys(['example_short_circuit_operator']) retrieved from /home/airflow/.local/lib/python3.6/site-packages/airflow/example_dags/example_short_circuit_operator.py
[2023-03-28 23:04:56,380] {logging_mixin.py:104} INFO - [2023-03-28 23:04:56,380] {dag.py:1818} INFO - Sync 1 DAGs
[2023-03-28 23:04:56,419] {logging_mixin.py:104} INFO - [2023-03-28 23:04:56,418] {dag.py:2273} INFO - Setting next_dagrun for example_short_circuit_operator to 2023-03-26 00:00:00+00:00
[2023-03-28 23:04:56,446] {scheduler_job.py:190} INFO - Processing /home/airflow/.local/lib/python3.6/site-packages/airflow/example_dags/example_short_circuit_operator.py took 0.167 seconds
[2023-03-28 23:05:27,098] {scheduler_job.py:182} INFO - Started process (PID=893) to work on /home/airflow/.local/lib/python3.6/site-packages/airflow/example_dags/example_short_circuit_operator.py
[2023-03-28 23:05:27,102] {scheduler_job.py:629} INFO - Processing file /home/airflow/.local/lib/python3.6/site-packages/airflow/example_dags/example_short_circuit_operator.py for tasks to queue
[2023-03-28 23:05:27,104] {logging_mixin.py:104} INFO - [2023-03-28 23:05:27,104] {dagbag.py:448} INFO - Filling up the DagBag from /home/airflow/.local/lib/python3.6/site-packages/airflow/example_dags/example_short_circuit_operator.py
[2023-03-28 23:05:27,154] {scheduler_job.py:639} INFO - DAG(s) dict_keys(['example_short_circuit_operator']) retrieved from /home/airflow/.local/lib/python3.6/site-packages/airflow/example_dags/example_short_circuit_operator.py
[2023-03-28 23:05:27,211] {logging_mixin.py:104} INFO - [2023-03-28 23:05:27,211] {dag.py:1818} INFO - Sync 1 DAGs
[2023-03-28 23:05:27,258] {logging_mixin.py:104} INFO - [2023-03-28 23:05:27,257] {dag.py:2273} INFO - Setting next_dagrun for example_short_circuit_operator to 2023-03-26 00:00:00+00:00
[2023-03-28 23:05:27,291] {scheduler_job.py:190} INFO - Processing /home/airflow/.local/lib/python3.6/site-packages/airflow/example_dags/example_short_circuit_operator.py took 0.200 seconds
[2023-03-28 23:05:57,825] {scheduler_job.py:182} INFO - Started process (PID=949) to work on /home/airflow/.local/lib/python3.6/site-packages/airflow/example_dags/example_short_circuit_operator.py
[2023-03-28 23:05:57,828] {scheduler_job.py:629} INFO - Processing file /home/airflow/.local/lib/python3.6/site-packages/airflow/example_dags/example_short_circuit_operator.py for tasks to queue
[2023-03-28 23:05:57,831] {logging_mixin.py:104} INFO - [2023-03-28 23:05:57,831] {dagbag.py:448} INFO - Filling up the DagBag from /home/airflow/.local/lib/python3.6/site-packages/airflow/example_dags/example_short_circuit_operator.py
[2023-03-28 23:05:57,874] {scheduler_job.py:639} INFO - DAG(s) dict_keys(['example_short_circuit_operator']) retrieved from /home/airflow/.local/lib/python3.6/site-packages/airflow/example_dags/example_short_circuit_operator.py
[2023-03-28 23:05:57,926] {logging_mixin.py:104} INFO - [2023-03-28 23:05:57,925] {dag.py:1818} INFO - Sync 1 DAGs
[2023-03-28 23:05:57,969] {logging_mixin.py:104} INFO - [2023-03-28 23:05:57,969] {dag.py:2273} INFO - Setting next_dagrun for example_short_circuit_operator to 2023-03-26 00:00:00+00:00
[2023-03-28 23:05:57,993] {scheduler_job.py:190} INFO - Processing /home/airflow/.local/lib/python3.6/site-packages/airflow/example_dags/example_short_circuit_operator.py took 0.175 seconds
[2023-03-28 23:06:28,475] {scheduler_job.py:182} INFO - Started process (PID=1003) to work on /home/airflow/.local/lib/python3.6/site-packages/airflow/example_dags/example_short_circuit_operator.py
[2023-03-28 23:06:28,478] {scheduler_job.py:629} INFO - Processing file /home/airflow/.local/lib/python3.6/site-packages/airflow/example_dags/example_short_circuit_operator.py for tasks to queue
[2023-03-28 23:06:28,481] {logging_mixin.py:104} INFO - [2023-03-28 23:06:28,480] {dagbag.py:448} INFO - Filling up the DagBag from /home/airflow/.local/lib/python3.6/site-packages/airflow/example_dags/example_short_circuit_operator.py
[2023-03-28 23:06:28,524] {scheduler_job.py:639} INFO - DAG(s) dict_keys(['example_short_circuit_operator']) retrieved from /home/airflow/.local/lib/python3.6/site-packages/airflow/example_dags/example_short_circuit_operator.py
[2023-03-28 23:06:28,575] {logging_mixin.py:104} INFO - [2023-03-28 23:06:28,575] {dag.py:1818} INFO - Sync 1 DAGs
[2023-03-28 23:06:28,620] {logging_mixin.py:104} INFO - [2023-03-28 23:06:28,619] {dag.py:2273} INFO - Setting next_dagrun for example_short_circuit_operator to 2023-03-26 00:00:00+00:00
[2023-03-28 23:06:28,640] {scheduler_job.py:190} INFO - Processing /home/airflow/.local/lib/python3.6/site-packages/airflow/example_dags/example_short_circuit_operator.py took 0.172 seconds
[2023-03-28 23:06:58,882] {scheduler_job.py:182} INFO - Started process (PID=1059) to work on /home/airflow/.local/lib/python3.6/site-packages/airflow/example_dags/example_short_circuit_operator.py
[2023-03-28 23:06:58,885] {scheduler_job.py:629} INFO - Processing file /home/airflow/.local/lib/python3.6/site-packages/airflow/example_dags/example_short_circuit_operator.py for tasks to queue
[2023-03-28 23:06:58,887] {logging_mixin.py:104} INFO - [2023-03-28 23:06:58,887] {dagbag.py:448} INFO - Filling up the DagBag from /home/airflow/.local/lib/python3.6/site-packages/airflow/example_dags/example_short_circuit_operator.py
[2023-03-28 23:06:58,925] {scheduler_job.py:639} INFO - DAG(s) dict_keys(['example_short_circuit_operator']) retrieved from /home/airflow/.local/lib/python3.6/site-packages/airflow/example_dags/example_short_circuit_operator.py
[2023-03-28 23:06:58,980] {logging_mixin.py:104} INFO - [2023-03-28 23:06:58,979] {dag.py:1818} INFO - Sync 1 DAGs
[2023-03-28 23:06:59,027] {logging_mixin.py:104} INFO - [2023-03-28 23:06:59,026] {dag.py:2273} INFO - Setting next_dagrun for example_short_circuit_operator to 2023-03-26 00:00:00+00:00
[2023-03-28 23:06:59,049] {scheduler_job.py:190} INFO - Processing /home/airflow/.local/lib/python3.6/site-packages/airflow/example_dags/example_short_circuit_operator.py took 0.174 seconds
[2023-03-28 23:07:29,892] {scheduler_job.py:182} INFO - Started process (PID=1117) to work on /home/airflow/.local/lib/python3.6/site-packages/airflow/example_dags/example_short_circuit_operator.py
[2023-03-28 23:07:29,896] {scheduler_job.py:629} INFO - Processing file /home/airflow/.local/lib/python3.6/site-packages/airflow/example_dags/example_short_circuit_operator.py for tasks to queue
[2023-03-28 23:07:29,898] {logging_mixin.py:104} INFO - [2023-03-28 23:07:29,897] {dagbag.py:448} INFO - Filling up the DagBag from /home/airflow/.local/lib/python3.6/site-packages/airflow/example_dags/example_short_circuit_operator.py
[2023-03-28 23:07:29,938] {scheduler_job.py:639} INFO - DAG(s) dict_keys(['example_short_circuit_operator']) retrieved from /home/airflow/.local/lib/python3.6/site-packages/airflow/example_dags/example_short_circuit_operator.py
[2023-03-28 23:07:29,994] {logging_mixin.py:104} INFO - [2023-03-28 23:07:29,994] {dag.py:1818} INFO - Sync 1 DAGs
[2023-03-28 23:07:30,041] {logging_mixin.py:104} INFO - [2023-03-28 23:07:30,041] {dag.py:2273} INFO - Setting next_dagrun for example_short_circuit_operator to 2023-03-26 00:00:00+00:00
[2023-03-28 23:07:30,063] {scheduler_job.py:190} INFO - Processing /home/airflow/.local/lib/python3.6/site-packages/airflow/example_dags/example_short_circuit_operator.py took 0.178 seconds
[2023-03-28 23:08:00,608] {scheduler_job.py:182} INFO - Started process (PID=1173) to work on /home/airflow/.local/lib/python3.6/site-packages/airflow/example_dags/example_short_circuit_operator.py
[2023-03-28 23:08:00,612] {scheduler_job.py:629} INFO - Processing file /home/airflow/.local/lib/python3.6/site-packages/airflow/example_dags/example_short_circuit_operator.py for tasks to queue
[2023-03-28 23:08:00,615] {logging_mixin.py:104} INFO - [2023-03-28 23:08:00,615] {dagbag.py:448} INFO - Filling up the DagBag from /home/airflow/.local/lib/python3.6/site-packages/airflow/example_dags/example_short_circuit_operator.py
[2023-03-28 23:08:00,658] {scheduler_job.py:639} INFO - DAG(s) dict_keys(['example_short_circuit_operator']) retrieved from /home/airflow/.local/lib/python3.6/site-packages/airflow/example_dags/example_short_circuit_operator.py
[2023-03-28 23:08:00,711] {logging_mixin.py:104} INFO - [2023-03-28 23:08:00,711] {dag.py:1818} INFO - Sync 1 DAGs
[2023-03-28 23:08:00,755] {logging_mixin.py:104} INFO - [2023-03-28 23:08:00,755] {dag.py:2273} INFO - Setting next_dagrun for example_short_circuit_operator to 2023-03-26 00:00:00+00:00
[2023-03-28 23:08:00,783] {scheduler_job.py:190} INFO - Processing /home/airflow/.local/lib/python3.6/site-packages/airflow/example_dags/example_short_circuit_operator.py took 0.184 seconds
[2023-03-28 23:08:31,382] {scheduler_job.py:182} INFO - Started process (PID=1227) to work on /home/airflow/.local/lib/python3.6/site-packages/airflow/example_dags/example_short_circuit_operator.py
[2023-03-28 23:08:31,385] {scheduler_job.py:629} INFO - Processing file /home/airflow/.local/lib/python3.6/site-packages/airflow/example_dags/example_short_circuit_operator.py for tasks to queue
[2023-03-28 23:08:31,388] {logging_mixin.py:104} INFO - [2023-03-28 23:08:31,387] {dagbag.py:448} INFO - Filling up the DagBag from /home/airflow/.local/lib/python3.6/site-packages/airflow/example_dags/example_short_circuit_operator.py
[2023-03-28 23:08:31,436] {scheduler_job.py:639} INFO - DAG(s) dict_keys(['example_short_circuit_operator']) retrieved from /home/airflow/.local/lib/python3.6/site-packages/airflow/example_dags/example_short_circuit_operator.py
[2023-03-28 23:08:31,521] {logging_mixin.py:104} INFO - [2023-03-28 23:08:31,520] {dag.py:1818} INFO - Sync 1 DAGs
[2023-03-28 23:08:31,577] {logging_mixin.py:104} INFO - [2023-03-28 23:08:31,577] {dag.py:2273} INFO - Setting next_dagrun for example_short_circuit_operator to 2023-03-26 00:00:00+00:00
[2023-03-28 23:08:31,609] {scheduler_job.py:190} INFO - Processing /home/airflow/.local/lib/python3.6/site-packages/airflow/example_dags/example_short_circuit_operator.py took 0.234 seconds
[2023-03-28 23:09:02,513] {scheduler_job.py:182} INFO - Started process (PID=1285) to work on /home/airflow/.local/lib/python3.6/site-packages/airflow/example_dags/example_short_circuit_operator.py
[2023-03-28 23:09:02,517] {scheduler_job.py:629} INFO - Processing file /home/airflow/.local/lib/python3.6/site-packages/airflow/example_dags/example_short_circuit_operator.py for tasks to queue
[2023-03-28 23:09:02,519] {logging_mixin.py:104} INFO - [2023-03-28 23:09:02,518] {dagbag.py:448} INFO - Filling up the DagBag from /home/airflow/.local/lib/python3.6/site-packages/airflow/example_dags/example_short_circuit_operator.py
[2023-03-28 23:09:02,554] {scheduler_job.py:639} INFO - DAG(s) dict_keys(['example_short_circuit_operator']) retrieved from /home/airflow/.local/lib/python3.6/site-packages/airflow/example_dags/example_short_circuit_operator.py
[2023-03-28 23:09:02,602] {logging_mixin.py:104} INFO - [2023-03-28 23:09:02,601] {dag.py:1818} INFO - Sync 1 DAGs
[2023-03-28 23:09:02,648] {logging_mixin.py:104} INFO - [2023-03-28 23:09:02,648] {dag.py:2273} INFO - Setting next_dagrun for example_short_circuit_operator to 2023-03-26 00:00:00+00:00
[2023-03-28 23:09:02,669] {scheduler_job.py:190} INFO - Processing /home/airflow/.local/lib/python3.6/site-packages/airflow/example_dags/example_short_circuit_operator.py took 0.162 seconds
[2023-03-28 23:09:33,135] {scheduler_job.py:182} INFO - Started process (PID=1331) to work on /home/airflow/.local/lib/python3.6/site-packages/airflow/example_dags/example_short_circuit_operator.py
[2023-03-28 23:09:33,140] {scheduler_job.py:629} INFO - Processing file /home/airflow/.local/lib/python3.6/site-packages/airflow/example_dags/example_short_circuit_operator.py for tasks to queue
[2023-03-28 23:09:33,142] {logging_mixin.py:104} INFO - [2023-03-28 23:09:33,142] {dagbag.py:448} INFO - Filling up the DagBag from /home/airflow/.local/lib/python3.6/site-packages/airflow/example_dags/example_short_circuit_operator.py
[2023-03-28 23:09:33,184] {scheduler_job.py:639} INFO - DAG(s) dict_keys(['example_short_circuit_operator']) retrieved from /home/airflow/.local/lib/python3.6/site-packages/airflow/example_dags/example_short_circuit_operator.py
[2023-03-28 23:09:33,261] {logging_mixin.py:104} INFO - [2023-03-28 23:09:33,261] {dag.py:1818} INFO - Sync 1 DAGs
[2023-03-28 23:09:33,313] {logging_mixin.py:104} INFO - [2023-03-28 23:09:33,312] {dag.py:2273} INFO - Setting next_dagrun for example_short_circuit_operator to 2023-03-26 00:00:00+00:00
[2023-03-28 23:09:33,335] {scheduler_job.py:190} INFO - Processing /home/airflow/.local/lib/python3.6/site-packages/airflow/example_dags/example_short_circuit_operator.py took 0.206 seconds
[2023-03-28 23:10:03,555] {scheduler_job.py:182} INFO - Started process (PID=1385) to work on /home/airflow/.local/lib/python3.6/site-packages/airflow/example_dags/example_short_circuit_operator.py
[2023-03-28 23:10:03,559] {scheduler_job.py:629} INFO - Processing file /home/airflow/.local/lib/python3.6/site-packages/airflow/example_dags/example_short_circuit_operator.py for tasks to queue
[2023-03-28 23:10:03,561] {logging_mixin.py:104} INFO - [2023-03-28 23:10:03,561] {dagbag.py:448} INFO - Filling up the DagBag from /home/airflow/.local/lib/python3.6/site-packages/airflow/example_dags/example_short_circuit_operator.py
[2023-03-28 23:10:03,603] {scheduler_job.py:639} INFO - DAG(s) dict_keys(['example_short_circuit_operator']) retrieved from /home/airflow/.local/lib/python3.6/site-packages/airflow/example_dags/example_short_circuit_operator.py
[2023-03-28 23:10:03,670] {logging_mixin.py:104} INFO - [2023-03-28 23:10:03,669] {dag.py:1818} INFO - Sync 1 DAGs
[2023-03-28 23:10:03,718] {logging_mixin.py:104} INFO - [2023-03-28 23:10:03,718] {dag.py:2273} INFO - Setting next_dagrun for example_short_circuit_operator to 2023-03-26 00:00:00+00:00
[2023-03-28 23:10:03,739] {scheduler_job.py:190} INFO - Processing /home/airflow/.local/lib/python3.6/site-packages/airflow/example_dags/example_short_circuit_operator.py took 0.191 seconds
[2023-03-28 23:10:33,854] {scheduler_job.py:182} INFO - Started process (PID=1439) to work on /home/airflow/.local/lib/python3.6/site-packages/airflow/example_dags/example_short_circuit_operator.py
[2023-03-28 23:10:33,858] {scheduler_job.py:629} INFO - Processing file /home/airflow/.local/lib/python3.6/site-packages/airflow/example_dags/example_short_circuit_operator.py for tasks to queue
[2023-03-28 23:10:33,860] {logging_mixin.py:104} INFO - [2023-03-28 23:10:33,860] {dagbag.py:448} INFO - Filling up the DagBag from /home/airflow/.local/lib/python3.6/site-packages/airflow/example_dags/example_short_circuit_operator.py
[2023-03-28 23:10:33,898] {scheduler_job.py:639} INFO - DAG(s) dict_keys(['example_short_circuit_operator']) retrieved from /home/airflow/.local/lib/python3.6/site-packages/airflow/example_dags/example_short_circuit_operator.py
[2023-03-28 23:10:33,959] {logging_mixin.py:104} INFO - [2023-03-28 23:10:33,959] {dag.py:1818} INFO - Sync 1 DAGs
[2023-03-28 23:10:34,002] {logging_mixin.py:104} INFO - [2023-03-28 23:10:34,002] {dag.py:2273} INFO - Setting next_dagrun for example_short_circuit_operator to 2023-03-26 00:00:00+00:00
[2023-03-28 23:10:34,024] {scheduler_job.py:190} INFO - Processing /home/airflow/.local/lib/python3.6/site-packages/airflow/example_dags/example_short_circuit_operator.py took 0.176 seconds
[2023-03-28 23:11:04,342] {scheduler_job.py:182} INFO - Started process (PID=1487) to work on /home/airflow/.local/lib/python3.6/site-packages/airflow/example_dags/example_short_circuit_operator.py
[2023-03-28 23:11:04,347] {scheduler_job.py:629} INFO - Processing file /home/airflow/.local/lib/python3.6/site-packages/airflow/example_dags/example_short_circuit_operator.py for tasks to queue
[2023-03-28 23:11:04,350] {logging_mixin.py:104} INFO - [2023-03-28 23:11:04,350] {dagbag.py:448} INFO - Filling up the DagBag from /home/airflow/.local/lib/python3.6/site-packages/airflow/example_dags/example_short_circuit_operator.py
[2023-03-28 23:11:04,403] {scheduler_job.py:639} INFO - DAG(s) dict_keys(['example_short_circuit_operator']) retrieved from /home/airflow/.local/lib/python3.6/site-packages/airflow/example_dags/example_short_circuit_operator.py
[2023-03-28 23:11:04,465] {logging_mixin.py:104} INFO - [2023-03-28 23:11:04,465] {dag.py:1818} INFO - Sync 1 DAGs
[2023-03-28 23:11:04,509] {logging_mixin.py:104} INFO - [2023-03-28 23:11:04,509] {dag.py:2273} INFO - Setting next_dagrun for example_short_circuit_operator to 2023-03-26 00:00:00+00:00
[2023-03-28 23:11:04,532] {scheduler_job.py:190} INFO - Processing /home/airflow/.local/lib/python3.6/site-packages/airflow/example_dags/example_short_circuit_operator.py took 0.200 seconds
[2023-03-28 23:11:35,173] {scheduler_job.py:182} INFO - Started process (PID=1543) to work on /home/airflow/.local/lib/python3.6/site-packages/airflow/example_dags/example_short_circuit_operator.py
[2023-03-28 23:11:35,177] {scheduler_job.py:629} INFO - Processing file /home/airflow/.local/lib/python3.6/site-packages/airflow/example_dags/example_short_circuit_operator.py for tasks to queue
[2023-03-28 23:11:35,180] {logging_mixin.py:104} INFO - [2023-03-28 23:11:35,179] {dagbag.py:448} INFO - Filling up the DagBag from /home/airflow/.local/lib/python3.6/site-packages/airflow/example_dags/example_short_circuit_operator.py
[2023-03-28 23:11:35,224] {scheduler_job.py:639} INFO - DAG(s) dict_keys(['example_short_circuit_operator']) retrieved from /home/airflow/.local/lib/python3.6/site-packages/airflow/example_dags/example_short_circuit_operator.py
[2023-03-28 23:11:35,276] {logging_mixin.py:104} INFO - [2023-03-28 23:11:35,275] {dag.py:1818} INFO - Sync 1 DAGs
[2023-03-28 23:11:35,318] {logging_mixin.py:104} INFO - [2023-03-28 23:11:35,317] {dag.py:2273} INFO - Setting next_dagrun for example_short_circuit_operator to 2023-03-26 00:00:00+00:00
[2023-03-28 23:11:35,339] {scheduler_job.py:190} INFO - Processing /home/airflow/.local/lib/python3.6/site-packages/airflow/example_dags/example_short_circuit_operator.py took 0.172 seconds
