[2023-03-28 22:52:26,610] {scheduler_job.py:182} INFO - Started process (PID=74) to work on /home/airflow/.local/lib/python3.6/site-packages/airflow/example_dags/example_skip_dag.py
[2023-03-28 22:52:26,619] {scheduler_job.py:629} INFO - Processing file /home/airflow/.local/lib/python3.6/site-packages/airflow/example_dags/example_skip_dag.py for tasks to queue
[2023-03-28 22:52:26,622] {logging_mixin.py:104} INFO - [2023-03-28 22:52:26,622] {dagbag.py:448} INFO - Filling up the DagBag from /home/airflow/.local/lib/python3.6/site-packages/airflow/example_dags/example_skip_dag.py
[2023-03-28 22:52:26,672] {scheduler_job.py:639} INFO - DAG(s) dict_keys(['example_skip_dag']) retrieved from /home/airflow/.local/lib/python3.6/site-packages/airflow/example_dags/example_skip_dag.py
[2023-03-28 22:52:26,756] {logging_mixin.py:104} INFO - [2023-03-28 22:52:26,755] {dag.py:1818} INFO - Sync 1 DAGs
[2023-03-28 22:52:26,793] {logging_mixin.py:104} INFO - [2023-03-28 22:52:26,792] {dag.py:1837} INFO - Creating ORM DAG for example_skip_dag
[2023-03-28 22:52:26,811] {logging_mixin.py:104} INFO - [2023-03-28 22:52:26,810] {dag.py:2273} INFO - Setting next_dagrun for example_skip_dag to 2023-03-26 00:00:00+00:00
[2023-03-28 22:52:26,941] {scheduler_job.py:190} INFO - Processing /home/airflow/.local/lib/python3.6/site-packages/airflow/example_dags/example_skip_dag.py took 0.372 seconds
[2023-03-28 22:53:01,375] {scheduler_job.py:182} INFO - Started process (PID=146) to work on /home/airflow/.local/lib/python3.6/site-packages/airflow/example_dags/example_skip_dag.py
[2023-03-28 22:53:01,384] {scheduler_job.py:629} INFO - Processing file /home/airflow/.local/lib/python3.6/site-packages/airflow/example_dags/example_skip_dag.py for tasks to queue
[2023-03-28 22:53:01,389] {logging_mixin.py:104} INFO - [2023-03-28 22:53:01,387] {dagbag.py:448} INFO - Filling up the DagBag from /home/airflow/.local/lib/python3.6/site-packages/airflow/example_dags/example_skip_dag.py
[2023-03-28 22:53:01,476] {scheduler_job.py:639} INFO - DAG(s) dict_keys(['example_skip_dag']) retrieved from /home/airflow/.local/lib/python3.6/site-packages/airflow/example_dags/example_skip_dag.py
[2023-03-28 22:53:01,577] {logging_mixin.py:104} INFO - [2023-03-28 22:53:01,576] {dag.py:1818} INFO - Sync 1 DAGs
[2023-03-28 22:53:01,657] {logging_mixin.py:104} INFO - [2023-03-28 22:53:01,656] {dag.py:2273} INFO - Setting next_dagrun for example_skip_dag to 2023-03-26 00:00:00+00:00
[2023-03-28 22:53:01,820] {scheduler_job.py:190} INFO - Processing /home/airflow/.local/lib/python3.6/site-packages/airflow/example_dags/example_skip_dag.py took 0.456 seconds
[2023-03-28 22:53:34,263] {scheduler_job.py:182} INFO - Started process (PID=206) to work on /home/airflow/.local/lib/python3.6/site-packages/airflow/example_dags/example_skip_dag.py
[2023-03-28 22:53:34,267] {scheduler_job.py:629} INFO - Processing file /home/airflow/.local/lib/python3.6/site-packages/airflow/example_dags/example_skip_dag.py for tasks to queue
[2023-03-28 22:53:34,273] {logging_mixin.py:104} INFO - [2023-03-28 22:53:34,272] {dagbag.py:448} INFO - Filling up the DagBag from /home/airflow/.local/lib/python3.6/site-packages/airflow/example_dags/example_skip_dag.py
[2023-03-28 22:53:34,343] {scheduler_job.py:639} INFO - DAG(s) dict_keys(['example_skip_dag']) retrieved from /home/airflow/.local/lib/python3.6/site-packages/airflow/example_dags/example_skip_dag.py
[2023-03-28 22:53:34,425] {logging_mixin.py:104} INFO - [2023-03-28 22:53:34,425] {dag.py:1818} INFO - Sync 1 DAGs
[2023-03-28 22:53:34,478] {logging_mixin.py:104} INFO - [2023-03-28 22:53:34,477] {dag.py:2273} INFO - Setting next_dagrun for example_skip_dag to 2023-03-26 00:00:00+00:00
[2023-03-28 22:53:34,504] {scheduler_job.py:190} INFO - Processing /home/airflow/.local/lib/python3.6/site-packages/airflow/example_dags/example_skip_dag.py took 0.251 seconds
[2023-03-28 22:54:05,303] {scheduler_job.py:182} INFO - Started process (PID=260) to work on /home/airflow/.local/lib/python3.6/site-packages/airflow/example_dags/example_skip_dag.py
[2023-03-28 22:54:05,306] {scheduler_job.py:629} INFO - Processing file /home/airflow/.local/lib/python3.6/site-packages/airflow/example_dags/example_skip_dag.py for tasks to queue
[2023-03-28 22:54:05,309] {logging_mixin.py:104} INFO - [2023-03-28 22:54:05,308] {dagbag.py:448} INFO - Filling up the DagBag from /home/airflow/.local/lib/python3.6/site-packages/airflow/example_dags/example_skip_dag.py
[2023-03-28 22:54:05,343] {scheduler_job.py:639} INFO - DAG(s) dict_keys(['example_skip_dag']) retrieved from /home/airflow/.local/lib/python3.6/site-packages/airflow/example_dags/example_skip_dag.py
[2023-03-28 22:54:05,392] {logging_mixin.py:104} INFO - [2023-03-28 22:54:05,391] {dag.py:1818} INFO - Sync 1 DAGs
[2023-03-28 22:54:05,433] {logging_mixin.py:104} INFO - [2023-03-28 22:54:05,433] {dag.py:2273} INFO - Setting next_dagrun for example_skip_dag to 2023-03-26 00:00:00+00:00
[2023-03-28 22:54:05,454] {scheduler_job.py:190} INFO - Processing /home/airflow/.local/lib/python3.6/site-packages/airflow/example_dags/example_skip_dag.py took 0.158 seconds
[2023-03-28 22:54:35,714] {scheduler_job.py:182} INFO - Started process (PID=314) to work on /home/airflow/.local/lib/python3.6/site-packages/airflow/example_dags/example_skip_dag.py
[2023-03-28 22:54:35,718] {scheduler_job.py:629} INFO - Processing file /home/airflow/.local/lib/python3.6/site-packages/airflow/example_dags/example_skip_dag.py for tasks to queue
[2023-03-28 22:54:35,722] {logging_mixin.py:104} INFO - [2023-03-28 22:54:35,722] {dagbag.py:448} INFO - Filling up the DagBag from /home/airflow/.local/lib/python3.6/site-packages/airflow/example_dags/example_skip_dag.py
[2023-03-28 22:54:35,757] {scheduler_job.py:639} INFO - DAG(s) dict_keys(['example_skip_dag']) retrieved from /home/airflow/.local/lib/python3.6/site-packages/airflow/example_dags/example_skip_dag.py
[2023-03-28 22:54:35,806] {logging_mixin.py:104} INFO - [2023-03-28 22:54:35,805] {dag.py:1818} INFO - Sync 1 DAGs
[2023-03-28 22:54:35,846] {logging_mixin.py:104} INFO - [2023-03-28 22:54:35,846] {dag.py:2273} INFO - Setting next_dagrun for example_skip_dag to 2023-03-26 00:00:00+00:00
[2023-03-28 22:54:35,867] {scheduler_job.py:190} INFO - Processing /home/airflow/.local/lib/python3.6/site-packages/airflow/example_dags/example_skip_dag.py took 0.162 seconds
[2023-03-28 22:55:06,117] {scheduler_job.py:182} INFO - Started process (PID=368) to work on /home/airflow/.local/lib/python3.6/site-packages/airflow/example_dags/example_skip_dag.py
[2023-03-28 22:55:06,121] {scheduler_job.py:629} INFO - Processing file /home/airflow/.local/lib/python3.6/site-packages/airflow/example_dags/example_skip_dag.py for tasks to queue
[2023-03-28 22:55:06,125] {logging_mixin.py:104} INFO - [2023-03-28 22:55:06,125] {dagbag.py:448} INFO - Filling up the DagBag from /home/airflow/.local/lib/python3.6/site-packages/airflow/example_dags/example_skip_dag.py
[2023-03-28 22:55:06,161] {scheduler_job.py:639} INFO - DAG(s) dict_keys(['example_skip_dag']) retrieved from /home/airflow/.local/lib/python3.6/site-packages/airflow/example_dags/example_skip_dag.py
[2023-03-28 22:55:06,213] {logging_mixin.py:104} INFO - [2023-03-28 22:55:06,212] {dag.py:1818} INFO - Sync 1 DAGs
[2023-03-28 22:55:06,257] {logging_mixin.py:104} INFO - [2023-03-28 22:55:06,257] {dag.py:2273} INFO - Setting next_dagrun for example_skip_dag to 2023-03-26 00:00:00+00:00
[2023-03-28 22:55:06,279] {scheduler_job.py:190} INFO - Processing /home/airflow/.local/lib/python3.6/site-packages/airflow/example_dags/example_skip_dag.py took 0.168 seconds
[2023-03-28 22:55:36,982] {scheduler_job.py:182} INFO - Started process (PID=422) to work on /home/airflow/.local/lib/python3.6/site-packages/airflow/example_dags/example_skip_dag.py
[2023-03-28 22:55:36,986] {scheduler_job.py:629} INFO - Processing file /home/airflow/.local/lib/python3.6/site-packages/airflow/example_dags/example_skip_dag.py for tasks to queue
[2023-03-28 22:55:36,989] {logging_mixin.py:104} INFO - [2023-03-28 22:55:36,988] {dagbag.py:448} INFO - Filling up the DagBag from /home/airflow/.local/lib/python3.6/site-packages/airflow/example_dags/example_skip_dag.py
[2023-03-28 22:55:37,041] {scheduler_job.py:639} INFO - DAG(s) dict_keys(['example_skip_dag']) retrieved from /home/airflow/.local/lib/python3.6/site-packages/airflow/example_dags/example_skip_dag.py
[2023-03-28 22:55:37,136] {logging_mixin.py:104} INFO - [2023-03-28 22:55:37,135] {dag.py:1818} INFO - Sync 1 DAGs
[2023-03-28 22:55:37,194] {logging_mixin.py:104} INFO - [2023-03-28 22:55:37,194] {dag.py:2273} INFO - Setting next_dagrun for example_skip_dag to 2023-03-26 00:00:00+00:00
[2023-03-28 22:55:37,219] {scheduler_job.py:190} INFO - Processing /home/airflow/.local/lib/python3.6/site-packages/airflow/example_dags/example_skip_dag.py took 0.244 seconds
[2023-03-28 22:56:07,657] {scheduler_job.py:182} INFO - Started process (PID=476) to work on /home/airflow/.local/lib/python3.6/site-packages/airflow/example_dags/example_skip_dag.py
[2023-03-28 22:56:07,664] {scheduler_job.py:629} INFO - Processing file /home/airflow/.local/lib/python3.6/site-packages/airflow/example_dags/example_skip_dag.py for tasks to queue
[2023-03-28 22:56:07,667] {logging_mixin.py:104} INFO - [2023-03-28 22:56:07,667] {dagbag.py:448} INFO - Filling up the DagBag from /home/airflow/.local/lib/python3.6/site-packages/airflow/example_dags/example_skip_dag.py
[2023-03-28 22:56:07,719] {scheduler_job.py:639} INFO - DAG(s) dict_keys(['example_skip_dag']) retrieved from /home/airflow/.local/lib/python3.6/site-packages/airflow/example_dags/example_skip_dag.py
[2023-03-28 22:56:07,773] {logging_mixin.py:104} INFO - [2023-03-28 22:56:07,772] {dag.py:1818} INFO - Sync 1 DAGs
[2023-03-28 22:56:07,819] {logging_mixin.py:104} INFO - [2023-03-28 22:56:07,819] {dag.py:2273} INFO - Setting next_dagrun for example_skip_dag to 2023-03-26 00:00:00+00:00
[2023-03-28 22:56:07,841] {scheduler_job.py:190} INFO - Processing /home/airflow/.local/lib/python3.6/site-packages/airflow/example_dags/example_skip_dag.py took 0.196 seconds
[2023-03-28 22:56:38,310] {scheduler_job.py:182} INFO - Started process (PID=530) to work on /home/airflow/.local/lib/python3.6/site-packages/airflow/example_dags/example_skip_dag.py
[2023-03-28 22:56:38,316] {scheduler_job.py:629} INFO - Processing file /home/airflow/.local/lib/python3.6/site-packages/airflow/example_dags/example_skip_dag.py for tasks to queue
[2023-03-28 22:56:38,319] {logging_mixin.py:104} INFO - [2023-03-28 22:56:38,318] {dagbag.py:448} INFO - Filling up the DagBag from /home/airflow/.local/lib/python3.6/site-packages/airflow/example_dags/example_skip_dag.py
[2023-03-28 22:56:38,358] {scheduler_job.py:639} INFO - DAG(s) dict_keys(['example_skip_dag']) retrieved from /home/airflow/.local/lib/python3.6/site-packages/airflow/example_dags/example_skip_dag.py
[2023-03-28 22:56:38,421] {logging_mixin.py:104} INFO - [2023-03-28 22:56:38,420] {dag.py:1818} INFO - Sync 1 DAGs
[2023-03-28 22:56:38,476] {logging_mixin.py:104} INFO - [2023-03-28 22:56:38,475] {dag.py:2273} INFO - Setting next_dagrun for example_skip_dag to 2023-03-26 00:00:00+00:00
[2023-03-28 22:56:38,497] {scheduler_job.py:190} INFO - Processing /home/airflow/.local/lib/python3.6/site-packages/airflow/example_dags/example_skip_dag.py took 0.197 seconds
[2023-03-28 22:57:38,547] {scheduler_job.py:182} INFO - Started process (PID=51) to work on /home/airflow/.local/lib/python3.6/site-packages/airflow/example_dags/example_skip_dag.py
[2023-03-28 22:57:38,565] {scheduler_job.py:629} INFO - Processing file /home/airflow/.local/lib/python3.6/site-packages/airflow/example_dags/example_skip_dag.py for tasks to queue
[2023-03-28 22:57:38,590] {logging_mixin.py:104} INFO - [2023-03-28 22:57:38,590] {dagbag.py:448} INFO - Filling up the DagBag from /home/airflow/.local/lib/python3.6/site-packages/airflow/example_dags/example_skip_dag.py
[2023-03-28 22:57:38,712] {scheduler_job.py:639} INFO - DAG(s) dict_keys(['example_skip_dag']) retrieved from /home/airflow/.local/lib/python3.6/site-packages/airflow/example_dags/example_skip_dag.py
[2023-03-28 22:57:38,963] {logging_mixin.py:104} INFO - [2023-03-28 22:57:38,962] {dag.py:1818} INFO - Sync 1 DAGs
[2023-03-28 22:57:39,063] {logging_mixin.py:104} INFO - [2023-03-28 22:57:39,062] {dag.py:2273} INFO - Setting next_dagrun for example_skip_dag to 2023-03-26 00:00:00+00:00
[2023-03-28 22:57:39,149] {scheduler_job.py:190} INFO - Processing /home/airflow/.local/lib/python3.6/site-packages/airflow/example_dags/example_skip_dag.py took 0.632 seconds
[2023-03-28 22:58:09,542] {scheduler_job.py:182} INFO - Started process (PID=107) to work on /home/airflow/.local/lib/python3.6/site-packages/airflow/example_dags/example_skip_dag.py
[2023-03-28 22:58:09,546] {scheduler_job.py:629} INFO - Processing file /home/airflow/.local/lib/python3.6/site-packages/airflow/example_dags/example_skip_dag.py for tasks to queue
[2023-03-28 22:58:09,555] {logging_mixin.py:104} INFO - [2023-03-28 22:58:09,554] {dagbag.py:448} INFO - Filling up the DagBag from /home/airflow/.local/lib/python3.6/site-packages/airflow/example_dags/example_skip_dag.py
[2023-03-28 22:58:09,648] {scheduler_job.py:639} INFO - DAG(s) dict_keys(['example_skip_dag']) retrieved from /home/airflow/.local/lib/python3.6/site-packages/airflow/example_dags/example_skip_dag.py
[2023-03-28 22:58:09,704] {logging_mixin.py:104} INFO - [2023-03-28 22:58:09,703] {dag.py:1818} INFO - Sync 1 DAGs
[2023-03-28 22:58:09,750] {logging_mixin.py:104} INFO - [2023-03-28 22:58:09,750] {dag.py:2273} INFO - Setting next_dagrun for example_skip_dag to 2023-03-26 00:00:00+00:00
[2023-03-28 22:58:09,773] {scheduler_job.py:190} INFO - Processing /home/airflow/.local/lib/python3.6/site-packages/airflow/example_dags/example_skip_dag.py took 0.238 seconds
[2023-03-28 22:58:40,634] {scheduler_job.py:182} INFO - Started process (PID=163) to work on /home/airflow/.local/lib/python3.6/site-packages/airflow/example_dags/example_skip_dag.py
[2023-03-28 22:58:40,641] {scheduler_job.py:629} INFO - Processing file /home/airflow/.local/lib/python3.6/site-packages/airflow/example_dags/example_skip_dag.py for tasks to queue
[2023-03-28 22:58:40,649] {logging_mixin.py:104} INFO - [2023-03-28 22:58:40,648] {dagbag.py:448} INFO - Filling up the DagBag from /home/airflow/.local/lib/python3.6/site-packages/airflow/example_dags/example_skip_dag.py
[2023-03-28 22:58:40,725] {scheduler_job.py:639} INFO - DAG(s) dict_keys(['example_skip_dag']) retrieved from /home/airflow/.local/lib/python3.6/site-packages/airflow/example_dags/example_skip_dag.py
[2023-03-28 22:58:40,806] {logging_mixin.py:104} INFO - [2023-03-28 22:58:40,805] {dag.py:1818} INFO - Sync 1 DAGs
[2023-03-28 22:58:41,035] {logging_mixin.py:104} INFO - [2023-03-28 22:58:41,033] {dag.py:2273} INFO - Setting next_dagrun for example_skip_dag to 2023-03-26 00:00:00+00:00
[2023-03-28 22:58:41,075] {scheduler_job.py:190} INFO - Processing /home/airflow/.local/lib/python3.6/site-packages/airflow/example_dags/example_skip_dag.py took 0.454 seconds
[2023-03-28 22:59:11,994] {scheduler_job.py:182} INFO - Started process (PID=217) to work on /home/airflow/.local/lib/python3.6/site-packages/airflow/example_dags/example_skip_dag.py
[2023-03-28 22:59:12,000] {scheduler_job.py:629} INFO - Processing file /home/airflow/.local/lib/python3.6/site-packages/airflow/example_dags/example_skip_dag.py for tasks to queue
[2023-03-28 22:59:12,003] {logging_mixin.py:104} INFO - [2023-03-28 22:59:12,003] {dagbag.py:448} INFO - Filling up the DagBag from /home/airflow/.local/lib/python3.6/site-packages/airflow/example_dags/example_skip_dag.py
[2023-03-28 22:59:12,047] {scheduler_job.py:639} INFO - DAG(s) dict_keys(['example_skip_dag']) retrieved from /home/airflow/.local/lib/python3.6/site-packages/airflow/example_dags/example_skip_dag.py
[2023-03-28 22:59:12,097] {logging_mixin.py:104} INFO - [2023-03-28 22:59:12,097] {dag.py:1818} INFO - Sync 1 DAGs
[2023-03-28 22:59:12,137] {logging_mixin.py:104} INFO - [2023-03-28 22:59:12,137] {dag.py:2273} INFO - Setting next_dagrun for example_skip_dag to 2023-03-26 00:00:00+00:00
[2023-03-28 22:59:12,157] {scheduler_job.py:190} INFO - Processing /home/airflow/.local/lib/python3.6/site-packages/airflow/example_dags/example_skip_dag.py took 0.177 seconds
[2023-03-28 22:59:42,389] {scheduler_job.py:182} INFO - Started process (PID=271) to work on /home/airflow/.local/lib/python3.6/site-packages/airflow/example_dags/example_skip_dag.py
[2023-03-28 22:59:42,396] {scheduler_job.py:629} INFO - Processing file /home/airflow/.local/lib/python3.6/site-packages/airflow/example_dags/example_skip_dag.py for tasks to queue
[2023-03-28 22:59:42,400] {logging_mixin.py:104} INFO - [2023-03-28 22:59:42,399] {dagbag.py:448} INFO - Filling up the DagBag from /home/airflow/.local/lib/python3.6/site-packages/airflow/example_dags/example_skip_dag.py
[2023-03-28 22:59:42,469] {scheduler_job.py:639} INFO - DAG(s) dict_keys(['example_skip_dag']) retrieved from /home/airflow/.local/lib/python3.6/site-packages/airflow/example_dags/example_skip_dag.py
[2023-03-28 22:59:42,525] {logging_mixin.py:104} INFO - [2023-03-28 22:59:42,525] {dag.py:1818} INFO - Sync 1 DAGs
[2023-03-28 22:59:42,577] {logging_mixin.py:104} INFO - [2023-03-28 22:59:42,575] {dag.py:2273} INFO - Setting next_dagrun for example_skip_dag to 2023-03-26 00:00:00+00:00
[2023-03-28 22:59:42,599] {scheduler_job.py:190} INFO - Processing /home/airflow/.local/lib/python3.6/site-packages/airflow/example_dags/example_skip_dag.py took 0.225 seconds
[2023-03-28 23:00:13,156] {scheduler_job.py:182} INFO - Started process (PID=325) to work on /home/airflow/.local/lib/python3.6/site-packages/airflow/example_dags/example_skip_dag.py
[2023-03-28 23:00:13,163] {scheduler_job.py:629} INFO - Processing file /home/airflow/.local/lib/python3.6/site-packages/airflow/example_dags/example_skip_dag.py for tasks to queue
[2023-03-28 23:00:13,166] {logging_mixin.py:104} INFO - [2023-03-28 23:00:13,166] {dagbag.py:448} INFO - Filling up the DagBag from /home/airflow/.local/lib/python3.6/site-packages/airflow/example_dags/example_skip_dag.py
[2023-03-28 23:00:13,201] {scheduler_job.py:639} INFO - DAG(s) dict_keys(['example_skip_dag']) retrieved from /home/airflow/.local/lib/python3.6/site-packages/airflow/example_dags/example_skip_dag.py
[2023-03-28 23:00:13,251] {logging_mixin.py:104} INFO - [2023-03-28 23:00:13,251] {dag.py:1818} INFO - Sync 1 DAGs
[2023-03-28 23:00:13,291] {logging_mixin.py:104} INFO - [2023-03-28 23:00:13,291] {dag.py:2273} INFO - Setting next_dagrun for example_skip_dag to 2023-03-26 00:00:00+00:00
[2023-03-28 23:00:13,311] {scheduler_job.py:190} INFO - Processing /home/airflow/.local/lib/python3.6/site-packages/airflow/example_dags/example_skip_dag.py took 0.168 seconds
[2023-03-28 23:00:43,749] {scheduler_job.py:182} INFO - Started process (PID=379) to work on /home/airflow/.local/lib/python3.6/site-packages/airflow/example_dags/example_skip_dag.py
[2023-03-28 23:00:43,753] {scheduler_job.py:629} INFO - Processing file /home/airflow/.local/lib/python3.6/site-packages/airflow/example_dags/example_skip_dag.py for tasks to queue
[2023-03-28 23:00:43,755] {logging_mixin.py:104} INFO - [2023-03-28 23:00:43,755] {dagbag.py:448} INFO - Filling up the DagBag from /home/airflow/.local/lib/python3.6/site-packages/airflow/example_dags/example_skip_dag.py
[2023-03-28 23:00:43,787] {scheduler_job.py:639} INFO - DAG(s) dict_keys(['example_skip_dag']) retrieved from /home/airflow/.local/lib/python3.6/site-packages/airflow/example_dags/example_skip_dag.py
[2023-03-28 23:00:43,841] {logging_mixin.py:104} INFO - [2023-03-28 23:00:43,841] {dag.py:1818} INFO - Sync 1 DAGs
[2023-03-28 23:00:43,881] {logging_mixin.py:104} INFO - [2023-03-28 23:00:43,881] {dag.py:2273} INFO - Setting next_dagrun for example_skip_dag to 2023-03-26 00:00:00+00:00
[2023-03-28 23:00:43,901] {scheduler_job.py:190} INFO - Processing /home/airflow/.local/lib/python3.6/site-packages/airflow/example_dags/example_skip_dag.py took 0.162 seconds
[2023-03-28 23:01:14,190] {scheduler_job.py:182} INFO - Started process (PID=433) to work on /home/airflow/.local/lib/python3.6/site-packages/airflow/example_dags/example_skip_dag.py
[2023-03-28 23:01:14,195] {scheduler_job.py:629} INFO - Processing file /home/airflow/.local/lib/python3.6/site-packages/airflow/example_dags/example_skip_dag.py for tasks to queue
[2023-03-28 23:01:14,199] {logging_mixin.py:104} INFO - [2023-03-28 23:01:14,199] {dagbag.py:448} INFO - Filling up the DagBag from /home/airflow/.local/lib/python3.6/site-packages/airflow/example_dags/example_skip_dag.py
[2023-03-28 23:01:14,249] {scheduler_job.py:639} INFO - DAG(s) dict_keys(['example_skip_dag']) retrieved from /home/airflow/.local/lib/python3.6/site-packages/airflow/example_dags/example_skip_dag.py
[2023-03-28 23:01:14,317] {logging_mixin.py:104} INFO - [2023-03-28 23:01:14,316] {dag.py:1818} INFO - Sync 1 DAGs
[2023-03-28 23:01:14,380] {logging_mixin.py:104} INFO - [2023-03-28 23:01:14,379] {dag.py:2273} INFO - Setting next_dagrun for example_skip_dag to 2023-03-26 00:00:00+00:00
[2023-03-28 23:01:14,425] {scheduler_job.py:190} INFO - Processing /home/airflow/.local/lib/python3.6/site-packages/airflow/example_dags/example_skip_dag.py took 0.243 seconds
[2023-03-28 23:01:44,672] {scheduler_job.py:182} INFO - Started process (PID=487) to work on /home/airflow/.local/lib/python3.6/site-packages/airflow/example_dags/example_skip_dag.py
[2023-03-28 23:01:44,677] {scheduler_job.py:629} INFO - Processing file /home/airflow/.local/lib/python3.6/site-packages/airflow/example_dags/example_skip_dag.py for tasks to queue
[2023-03-28 23:01:44,679] {logging_mixin.py:104} INFO - [2023-03-28 23:01:44,678] {dagbag.py:448} INFO - Filling up the DagBag from /home/airflow/.local/lib/python3.6/site-packages/airflow/example_dags/example_skip_dag.py
[2023-03-28 23:01:44,709] {scheduler_job.py:639} INFO - DAG(s) dict_keys(['example_skip_dag']) retrieved from /home/airflow/.local/lib/python3.6/site-packages/airflow/example_dags/example_skip_dag.py
[2023-03-28 23:01:44,758] {logging_mixin.py:104} INFO - [2023-03-28 23:01:44,758] {dag.py:1818} INFO - Sync 1 DAGs
[2023-03-28 23:01:44,798] {logging_mixin.py:104} INFO - [2023-03-28 23:01:44,798] {dag.py:2273} INFO - Setting next_dagrun for example_skip_dag to 2023-03-26 00:00:00+00:00
[2023-03-28 23:01:44,818] {scheduler_job.py:190} INFO - Processing /home/airflow/.local/lib/python3.6/site-packages/airflow/example_dags/example_skip_dag.py took 0.153 seconds
[2023-03-28 23:02:15,019] {scheduler_job.py:182} INFO - Started process (PID=541) to work on /home/airflow/.local/lib/python3.6/site-packages/airflow/example_dags/example_skip_dag.py
[2023-03-28 23:02:15,023] {scheduler_job.py:629} INFO - Processing file /home/airflow/.local/lib/python3.6/site-packages/airflow/example_dags/example_skip_dag.py for tasks to queue
[2023-03-28 23:02:15,026] {logging_mixin.py:104} INFO - [2023-03-28 23:02:15,026] {dagbag.py:448} INFO - Filling up the DagBag from /home/airflow/.local/lib/python3.6/site-packages/airflow/example_dags/example_skip_dag.py
[2023-03-28 23:02:15,061] {scheduler_job.py:639} INFO - DAG(s) dict_keys(['example_skip_dag']) retrieved from /home/airflow/.local/lib/python3.6/site-packages/airflow/example_dags/example_skip_dag.py
[2023-03-28 23:02:15,113] {logging_mixin.py:104} INFO - [2023-03-28 23:02:15,113] {dag.py:1818} INFO - Sync 1 DAGs
[2023-03-28 23:02:15,153] {logging_mixin.py:104} INFO - [2023-03-28 23:02:15,153] {dag.py:2273} INFO - Setting next_dagrun for example_skip_dag to 2023-03-26 00:00:00+00:00
[2023-03-28 23:02:15,174] {scheduler_job.py:190} INFO - Processing /home/airflow/.local/lib/python3.6/site-packages/airflow/example_dags/example_skip_dag.py took 0.162 seconds
[2023-03-28 23:02:45,749] {scheduler_job.py:182} INFO - Started process (PID=595) to work on /home/airflow/.local/lib/python3.6/site-packages/airflow/example_dags/example_skip_dag.py
[2023-03-28 23:02:45,753] {scheduler_job.py:629} INFO - Processing file /home/airflow/.local/lib/python3.6/site-packages/airflow/example_dags/example_skip_dag.py for tasks to queue
[2023-03-28 23:02:45,755] {logging_mixin.py:104} INFO - [2023-03-28 23:02:45,755] {dagbag.py:448} INFO - Filling up the DagBag from /home/airflow/.local/lib/python3.6/site-packages/airflow/example_dags/example_skip_dag.py
[2023-03-28 23:02:45,787] {scheduler_job.py:639} INFO - DAG(s) dict_keys(['example_skip_dag']) retrieved from /home/airflow/.local/lib/python3.6/site-packages/airflow/example_dags/example_skip_dag.py
[2023-03-28 23:02:45,839] {logging_mixin.py:104} INFO - [2023-03-28 23:02:45,838] {dag.py:1818} INFO - Sync 1 DAGs
[2023-03-28 23:02:45,879] {logging_mixin.py:104} INFO - [2023-03-28 23:02:45,878] {dag.py:2273} INFO - Setting next_dagrun for example_skip_dag to 2023-03-26 00:00:00+00:00
[2023-03-28 23:02:45,900] {scheduler_job.py:190} INFO - Processing /home/airflow/.local/lib/python3.6/site-packages/airflow/example_dags/example_skip_dag.py took 0.157 seconds
[2023-03-28 23:03:16,606] {scheduler_job.py:182} INFO - Started process (PID=649) to work on /home/airflow/.local/lib/python3.6/site-packages/airflow/example_dags/example_skip_dag.py
[2023-03-28 23:03:16,611] {scheduler_job.py:629} INFO - Processing file /home/airflow/.local/lib/python3.6/site-packages/airflow/example_dags/example_skip_dag.py for tasks to queue
[2023-03-28 23:03:16,614] {logging_mixin.py:104} INFO - [2023-03-28 23:03:16,614] {dagbag.py:448} INFO - Filling up the DagBag from /home/airflow/.local/lib/python3.6/site-packages/airflow/example_dags/example_skip_dag.py
[2023-03-28 23:03:16,659] {scheduler_job.py:639} INFO - DAG(s) dict_keys(['example_skip_dag']) retrieved from /home/airflow/.local/lib/python3.6/site-packages/airflow/example_dags/example_skip_dag.py
[2023-03-28 23:03:16,727] {logging_mixin.py:104} INFO - [2023-03-28 23:03:16,726] {dag.py:1818} INFO - Sync 1 DAGs
[2023-03-28 23:03:16,772] {logging_mixin.py:104} INFO - [2023-03-28 23:03:16,771] {dag.py:2273} INFO - Setting next_dagrun for example_skip_dag to 2023-03-26 00:00:00+00:00
[2023-03-28 23:03:16,808] {scheduler_job.py:190} INFO - Processing /home/airflow/.local/lib/python3.6/site-packages/airflow/example_dags/example_skip_dag.py took 0.213 seconds
[2023-03-28 23:03:47,232] {scheduler_job.py:182} INFO - Started process (PID=703) to work on /home/airflow/.local/lib/python3.6/site-packages/airflow/example_dags/example_skip_dag.py
[2023-03-28 23:03:47,240] {scheduler_job.py:629} INFO - Processing file /home/airflow/.local/lib/python3.6/site-packages/airflow/example_dags/example_skip_dag.py for tasks to queue
[2023-03-28 23:03:47,244] {logging_mixin.py:104} INFO - [2023-03-28 23:03:47,243] {dagbag.py:448} INFO - Filling up the DagBag from /home/airflow/.local/lib/python3.6/site-packages/airflow/example_dags/example_skip_dag.py
[2023-03-28 23:03:47,280] {scheduler_job.py:639} INFO - DAG(s) dict_keys(['example_skip_dag']) retrieved from /home/airflow/.local/lib/python3.6/site-packages/airflow/example_dags/example_skip_dag.py
[2023-03-28 23:03:47,329] {logging_mixin.py:104} INFO - [2023-03-28 23:03:47,329] {dag.py:1818} INFO - Sync 1 DAGs
[2023-03-28 23:03:47,368] {logging_mixin.py:104} INFO - [2023-03-28 23:03:47,368] {dag.py:2273} INFO - Setting next_dagrun for example_skip_dag to 2023-03-26 00:00:00+00:00
[2023-03-28 23:03:47,388] {scheduler_job.py:190} INFO - Processing /home/airflow/.local/lib/python3.6/site-packages/airflow/example_dags/example_skip_dag.py took 0.168 seconds
[2023-03-28 23:04:17,921] {scheduler_job.py:182} INFO - Started process (PID=757) to work on /home/airflow/.local/lib/python3.6/site-packages/airflow/example_dags/example_skip_dag.py
[2023-03-28 23:04:17,925] {scheduler_job.py:629} INFO - Processing file /home/airflow/.local/lib/python3.6/site-packages/airflow/example_dags/example_skip_dag.py for tasks to queue
[2023-03-28 23:04:17,928] {logging_mixin.py:104} INFO - [2023-03-28 23:04:17,927] {dagbag.py:448} INFO - Filling up the DagBag from /home/airflow/.local/lib/python3.6/site-packages/airflow/example_dags/example_skip_dag.py
[2023-03-28 23:04:17,969] {scheduler_job.py:639} INFO - DAG(s) dict_keys(['example_skip_dag']) retrieved from /home/airflow/.local/lib/python3.6/site-packages/airflow/example_dags/example_skip_dag.py
[2023-03-28 23:04:18,021] {logging_mixin.py:104} INFO - [2023-03-28 23:04:18,021] {dag.py:1818} INFO - Sync 1 DAGs
[2023-03-28 23:04:18,069] {logging_mixin.py:104} INFO - [2023-03-28 23:04:18,068] {dag.py:2273} INFO - Setting next_dagrun for example_skip_dag to 2023-03-26 00:00:00+00:00
[2023-03-28 23:04:18,090] {scheduler_job.py:190} INFO - Processing /home/airflow/.local/lib/python3.6/site-packages/airflow/example_dags/example_skip_dag.py took 0.178 seconds
[2023-03-28 23:04:48,548] {scheduler_job.py:182} INFO - Started process (PID=811) to work on /home/airflow/.local/lib/python3.6/site-packages/airflow/example_dags/example_skip_dag.py
[2023-03-28 23:04:48,556] {scheduler_job.py:629} INFO - Processing file /home/airflow/.local/lib/python3.6/site-packages/airflow/example_dags/example_skip_dag.py for tasks to queue
[2023-03-28 23:04:48,559] {logging_mixin.py:104} INFO - [2023-03-28 23:04:48,558] {dagbag.py:448} INFO - Filling up the DagBag from /home/airflow/.local/lib/python3.6/site-packages/airflow/example_dags/example_skip_dag.py
[2023-03-28 23:04:48,593] {scheduler_job.py:639} INFO - DAG(s) dict_keys(['example_skip_dag']) retrieved from /home/airflow/.local/lib/python3.6/site-packages/airflow/example_dags/example_skip_dag.py
[2023-03-28 23:04:48,643] {logging_mixin.py:104} INFO - [2023-03-28 23:04:48,643] {dag.py:1818} INFO - Sync 1 DAGs
[2023-03-28 23:04:48,682] {logging_mixin.py:104} INFO - [2023-03-28 23:04:48,682] {dag.py:2273} INFO - Setting next_dagrun for example_skip_dag to 2023-03-26 00:00:00+00:00
[2023-03-28 23:04:48,702] {scheduler_job.py:190} INFO - Processing /home/airflow/.local/lib/python3.6/site-packages/airflow/example_dags/example_skip_dag.py took 0.166 seconds
[2023-03-28 23:05:19,362] {scheduler_job.py:182} INFO - Started process (PID=865) to work on /home/airflow/.local/lib/python3.6/site-packages/airflow/example_dags/example_skip_dag.py
[2023-03-28 23:05:19,369] {scheduler_job.py:629} INFO - Processing file /home/airflow/.local/lib/python3.6/site-packages/airflow/example_dags/example_skip_dag.py for tasks to queue
[2023-03-28 23:05:19,372] {logging_mixin.py:104} INFO - [2023-03-28 23:05:19,371] {dagbag.py:448} INFO - Filling up the DagBag from /home/airflow/.local/lib/python3.6/site-packages/airflow/example_dags/example_skip_dag.py
[2023-03-28 23:05:19,407] {scheduler_job.py:639} INFO - DAG(s) dict_keys(['example_skip_dag']) retrieved from /home/airflow/.local/lib/python3.6/site-packages/airflow/example_dags/example_skip_dag.py
[2023-03-28 23:05:19,456] {logging_mixin.py:104} INFO - [2023-03-28 23:05:19,455] {dag.py:1818} INFO - Sync 1 DAGs
[2023-03-28 23:05:19,499] {logging_mixin.py:104} INFO - [2023-03-28 23:05:19,498] {dag.py:2273} INFO - Setting next_dagrun for example_skip_dag to 2023-03-26 00:00:00+00:00
[2023-03-28 23:05:19,520] {scheduler_job.py:190} INFO - Processing /home/airflow/.local/lib/python3.6/site-packages/airflow/example_dags/example_skip_dag.py took 0.170 seconds
[2023-03-28 23:05:50,004] {scheduler_job.py:182} INFO - Started process (PID=919) to work on /home/airflow/.local/lib/python3.6/site-packages/airflow/example_dags/example_skip_dag.py
[2023-03-28 23:05:50,011] {scheduler_job.py:629} INFO - Processing file /home/airflow/.local/lib/python3.6/site-packages/airflow/example_dags/example_skip_dag.py for tasks to queue
[2023-03-28 23:05:50,014] {logging_mixin.py:104} INFO - [2023-03-28 23:05:50,014] {dagbag.py:448} INFO - Filling up the DagBag from /home/airflow/.local/lib/python3.6/site-packages/airflow/example_dags/example_skip_dag.py
[2023-03-28 23:05:50,052] {scheduler_job.py:639} INFO - DAG(s) dict_keys(['example_skip_dag']) retrieved from /home/airflow/.local/lib/python3.6/site-packages/airflow/example_dags/example_skip_dag.py
[2023-03-28 23:05:50,105] {logging_mixin.py:104} INFO - [2023-03-28 23:05:50,104] {dag.py:1818} INFO - Sync 1 DAGs
[2023-03-28 23:05:50,146] {logging_mixin.py:104} INFO - [2023-03-28 23:05:50,146] {dag.py:2273} INFO - Setting next_dagrun for example_skip_dag to 2023-03-26 00:00:00+00:00
[2023-03-28 23:05:50,167] {scheduler_job.py:190} INFO - Processing /home/airflow/.local/lib/python3.6/site-packages/airflow/example_dags/example_skip_dag.py took 0.176 seconds
[2023-03-28 23:06:20,594] {scheduler_job.py:182} INFO - Started process (PID=973) to work on /home/airflow/.local/lib/python3.6/site-packages/airflow/example_dags/example_skip_dag.py
[2023-03-28 23:06:20,600] {scheduler_job.py:629} INFO - Processing file /home/airflow/.local/lib/python3.6/site-packages/airflow/example_dags/example_skip_dag.py for tasks to queue
[2023-03-28 23:06:20,602] {logging_mixin.py:104} INFO - [2023-03-28 23:06:20,602] {dagbag.py:448} INFO - Filling up the DagBag from /home/airflow/.local/lib/python3.6/site-packages/airflow/example_dags/example_skip_dag.py
[2023-03-28 23:06:20,632] {scheduler_job.py:639} INFO - DAG(s) dict_keys(['example_skip_dag']) retrieved from /home/airflow/.local/lib/python3.6/site-packages/airflow/example_dags/example_skip_dag.py
[2023-03-28 23:06:20,681] {logging_mixin.py:104} INFO - [2023-03-28 23:06:20,681] {dag.py:1818} INFO - Sync 1 DAGs
[2023-03-28 23:06:20,720] {logging_mixin.py:104} INFO - [2023-03-28 23:06:20,719] {dag.py:2273} INFO - Setting next_dagrun for example_skip_dag to 2023-03-26 00:00:00+00:00
[2023-03-28 23:06:20,740] {scheduler_job.py:190} INFO - Processing /home/airflow/.local/lib/python3.6/site-packages/airflow/example_dags/example_skip_dag.py took 0.153 seconds
[2023-03-28 23:06:51,046] {scheduler_job.py:182} INFO - Started process (PID=1027) to work on /home/airflow/.local/lib/python3.6/site-packages/airflow/example_dags/example_skip_dag.py
[2023-03-28 23:06:51,051] {scheduler_job.py:629} INFO - Processing file /home/airflow/.local/lib/python3.6/site-packages/airflow/example_dags/example_skip_dag.py for tasks to queue
[2023-03-28 23:06:51,054] {logging_mixin.py:104} INFO - [2023-03-28 23:06:51,054] {dagbag.py:448} INFO - Filling up the DagBag from /home/airflow/.local/lib/python3.6/site-packages/airflow/example_dags/example_skip_dag.py
[2023-03-28 23:06:51,091] {scheduler_job.py:639} INFO - DAG(s) dict_keys(['example_skip_dag']) retrieved from /home/airflow/.local/lib/python3.6/site-packages/airflow/example_dags/example_skip_dag.py
[2023-03-28 23:06:51,143] {logging_mixin.py:104} INFO - [2023-03-28 23:06:51,142] {dag.py:1818} INFO - Sync 1 DAGs
[2023-03-28 23:06:51,185] {logging_mixin.py:104} INFO - [2023-03-28 23:06:51,184] {dag.py:2273} INFO - Setting next_dagrun for example_skip_dag to 2023-03-26 00:00:00+00:00
[2023-03-28 23:06:51,206] {scheduler_job.py:190} INFO - Processing /home/airflow/.local/lib/python3.6/site-packages/airflow/example_dags/example_skip_dag.py took 0.172 seconds
[2023-03-28 23:07:22,130] {scheduler_job.py:182} INFO - Started process (PID=1081) to work on /home/airflow/.local/lib/python3.6/site-packages/airflow/example_dags/example_skip_dag.py
[2023-03-28 23:07:22,137] {scheduler_job.py:629} INFO - Processing file /home/airflow/.local/lib/python3.6/site-packages/airflow/example_dags/example_skip_dag.py for tasks to queue
[2023-03-28 23:07:22,140] {logging_mixin.py:104} INFO - [2023-03-28 23:07:22,139] {dagbag.py:448} INFO - Filling up the DagBag from /home/airflow/.local/lib/python3.6/site-packages/airflow/example_dags/example_skip_dag.py
[2023-03-28 23:07:22,177] {scheduler_job.py:639} INFO - DAG(s) dict_keys(['example_skip_dag']) retrieved from /home/airflow/.local/lib/python3.6/site-packages/airflow/example_dags/example_skip_dag.py
[2023-03-28 23:07:22,229] {logging_mixin.py:104} INFO - [2023-03-28 23:07:22,229] {dag.py:1818} INFO - Sync 1 DAGs
[2023-03-28 23:07:22,270] {logging_mixin.py:104} INFO - [2023-03-28 23:07:22,269] {dag.py:2273} INFO - Setting next_dagrun for example_skip_dag to 2023-03-26 00:00:00+00:00
[2023-03-28 23:07:22,294] {scheduler_job.py:190} INFO - Processing /home/airflow/.local/lib/python3.6/site-packages/airflow/example_dags/example_skip_dag.py took 0.178 seconds
[2023-03-28 23:07:52,514] {scheduler_job.py:182} INFO - Started process (PID=1135) to work on /home/airflow/.local/lib/python3.6/site-packages/airflow/example_dags/example_skip_dag.py
[2023-03-28 23:07:52,517] {scheduler_job.py:629} INFO - Processing file /home/airflow/.local/lib/python3.6/site-packages/airflow/example_dags/example_skip_dag.py for tasks to queue
[2023-03-28 23:07:52,519] {logging_mixin.py:104} INFO - [2023-03-28 23:07:52,519] {dagbag.py:448} INFO - Filling up the DagBag from /home/airflow/.local/lib/python3.6/site-packages/airflow/example_dags/example_skip_dag.py
[2023-03-28 23:07:52,552] {scheduler_job.py:639} INFO - DAG(s) dict_keys(['example_skip_dag']) retrieved from /home/airflow/.local/lib/python3.6/site-packages/airflow/example_dags/example_skip_dag.py
[2023-03-28 23:07:52,602] {logging_mixin.py:104} INFO - [2023-03-28 23:07:52,601] {dag.py:1818} INFO - Sync 1 DAGs
[2023-03-28 23:07:52,648] {logging_mixin.py:104} INFO - [2023-03-28 23:07:52,648] {dag.py:2273} INFO - Setting next_dagrun for example_skip_dag to 2023-03-26 00:00:00+00:00
[2023-03-28 23:07:52,672] {scheduler_job.py:190} INFO - Processing /home/airflow/.local/lib/python3.6/site-packages/airflow/example_dags/example_skip_dag.py took 0.165 seconds
[2023-03-28 23:08:23,060] {scheduler_job.py:182} INFO - Started process (PID=1189) to work on /home/airflow/.local/lib/python3.6/site-packages/airflow/example_dags/example_skip_dag.py
[2023-03-28 23:08:23,065] {scheduler_job.py:629} INFO - Processing file /home/airflow/.local/lib/python3.6/site-packages/airflow/example_dags/example_skip_dag.py for tasks to queue
[2023-03-28 23:08:23,068] {logging_mixin.py:104} INFO - [2023-03-28 23:08:23,068] {dagbag.py:448} INFO - Filling up the DagBag from /home/airflow/.local/lib/python3.6/site-packages/airflow/example_dags/example_skip_dag.py
[2023-03-28 23:08:23,105] {scheduler_job.py:639} INFO - DAG(s) dict_keys(['example_skip_dag']) retrieved from /home/airflow/.local/lib/python3.6/site-packages/airflow/example_dags/example_skip_dag.py
[2023-03-28 23:08:23,155] {logging_mixin.py:104} INFO - [2023-03-28 23:08:23,154] {dag.py:1818} INFO - Sync 1 DAGs
[2023-03-28 23:08:23,197] {logging_mixin.py:104} INFO - [2023-03-28 23:08:23,196] {dag.py:2273} INFO - Setting next_dagrun for example_skip_dag to 2023-03-26 00:00:00+00:00
[2023-03-28 23:08:23,217] {scheduler_job.py:190} INFO - Processing /home/airflow/.local/lib/python3.6/site-packages/airflow/example_dags/example_skip_dag.py took 0.165 seconds
[2023-03-28 23:08:53,650] {scheduler_job.py:182} INFO - Started process (PID=1243) to work on /home/airflow/.local/lib/python3.6/site-packages/airflow/example_dags/example_skip_dag.py
[2023-03-28 23:08:53,657] {scheduler_job.py:629} INFO - Processing file /home/airflow/.local/lib/python3.6/site-packages/airflow/example_dags/example_skip_dag.py for tasks to queue
[2023-03-28 23:08:53,660] {logging_mixin.py:104} INFO - [2023-03-28 23:08:53,659] {dagbag.py:448} INFO - Filling up the DagBag from /home/airflow/.local/lib/python3.6/site-packages/airflow/example_dags/example_skip_dag.py
[2023-03-28 23:08:53,713] {scheduler_job.py:639} INFO - DAG(s) dict_keys(['example_skip_dag']) retrieved from /home/airflow/.local/lib/python3.6/site-packages/airflow/example_dags/example_skip_dag.py
[2023-03-28 23:08:53,774] {logging_mixin.py:104} INFO - [2023-03-28 23:08:53,773] {dag.py:1818} INFO - Sync 1 DAGs
[2023-03-28 23:08:53,817] {logging_mixin.py:104} INFO - [2023-03-28 23:08:53,817] {dag.py:2273} INFO - Setting next_dagrun for example_skip_dag to 2023-03-26 00:00:00+00:00
[2023-03-28 23:08:53,842] {scheduler_job.py:190} INFO - Processing /home/airflow/.local/lib/python3.6/site-packages/airflow/example_dags/example_skip_dag.py took 0.206 seconds
[2023-03-28 23:09:24,607] {scheduler_job.py:182} INFO - Started process (PID=1297) to work on /home/airflow/.local/lib/python3.6/site-packages/airflow/example_dags/example_skip_dag.py
[2023-03-28 23:09:24,612] {scheduler_job.py:629} INFO - Processing file /home/airflow/.local/lib/python3.6/site-packages/airflow/example_dags/example_skip_dag.py for tasks to queue
[2023-03-28 23:09:24,615] {logging_mixin.py:104} INFO - [2023-03-28 23:09:24,615] {dagbag.py:448} INFO - Filling up the DagBag from /home/airflow/.local/lib/python3.6/site-packages/airflow/example_dags/example_skip_dag.py
[2023-03-28 23:09:24,656] {scheduler_job.py:639} INFO - DAG(s) dict_keys(['example_skip_dag']) retrieved from /home/airflow/.local/lib/python3.6/site-packages/airflow/example_dags/example_skip_dag.py
[2023-03-28 23:09:24,708] {logging_mixin.py:104} INFO - [2023-03-28 23:09:24,708] {dag.py:1818} INFO - Sync 1 DAGs
[2023-03-28 23:09:24,755] {logging_mixin.py:104} INFO - [2023-03-28 23:09:24,754] {dag.py:2273} INFO - Setting next_dagrun for example_skip_dag to 2023-03-26 00:00:00+00:00
[2023-03-28 23:09:24,783] {scheduler_job.py:190} INFO - Processing /home/airflow/.local/lib/python3.6/site-packages/airflow/example_dags/example_skip_dag.py took 0.188 seconds
[2023-03-28 23:09:54,991] {scheduler_job.py:182} INFO - Started process (PID=1351) to work on /home/airflow/.local/lib/python3.6/site-packages/airflow/example_dags/example_skip_dag.py
[2023-03-28 23:09:54,996] {scheduler_job.py:629} INFO - Processing file /home/airflow/.local/lib/python3.6/site-packages/airflow/example_dags/example_skip_dag.py for tasks to queue
[2023-03-28 23:09:54,998] {logging_mixin.py:104} INFO - [2023-03-28 23:09:54,997] {dagbag.py:448} INFO - Filling up the DagBag from /home/airflow/.local/lib/python3.6/site-packages/airflow/example_dags/example_skip_dag.py
[2023-03-28 23:09:55,026] {scheduler_job.py:639} INFO - DAG(s) dict_keys(['example_skip_dag']) retrieved from /home/airflow/.local/lib/python3.6/site-packages/airflow/example_dags/example_skip_dag.py
[2023-03-28 23:09:55,074] {logging_mixin.py:104} INFO - [2023-03-28 23:09:55,074] {dag.py:1818} INFO - Sync 1 DAGs
[2023-03-28 23:09:55,116] {logging_mixin.py:104} INFO - [2023-03-28 23:09:55,116] {dag.py:2273} INFO - Setting next_dagrun for example_skip_dag to 2023-03-26 00:00:00+00:00
[2023-03-28 23:09:55,139] {scheduler_job.py:190} INFO - Processing /home/airflow/.local/lib/python3.6/site-packages/airflow/example_dags/example_skip_dag.py took 0.154 seconds
[2023-03-28 23:10:25,712] {scheduler_job.py:182} INFO - Started process (PID=1405) to work on /home/airflow/.local/lib/python3.6/site-packages/airflow/example_dags/example_skip_dag.py
[2023-03-28 23:10:25,716] {scheduler_job.py:629} INFO - Processing file /home/airflow/.local/lib/python3.6/site-packages/airflow/example_dags/example_skip_dag.py for tasks to queue
[2023-03-28 23:10:25,718] {logging_mixin.py:104} INFO - [2023-03-28 23:10:25,718] {dagbag.py:448} INFO - Filling up the DagBag from /home/airflow/.local/lib/python3.6/site-packages/airflow/example_dags/example_skip_dag.py
[2023-03-28 23:10:25,748] {scheduler_job.py:639} INFO - DAG(s) dict_keys(['example_skip_dag']) retrieved from /home/airflow/.local/lib/python3.6/site-packages/airflow/example_dags/example_skip_dag.py
[2023-03-28 23:10:25,802] {logging_mixin.py:104} INFO - [2023-03-28 23:10:25,802] {dag.py:1818} INFO - Sync 1 DAGs
[2023-03-28 23:10:25,842] {logging_mixin.py:104} INFO - [2023-03-28 23:10:25,842] {dag.py:2273} INFO - Setting next_dagrun for example_skip_dag to 2023-03-26 00:00:00+00:00
[2023-03-28 23:10:25,861] {scheduler_job.py:190} INFO - Processing /home/airflow/.local/lib/python3.6/site-packages/airflow/example_dags/example_skip_dag.py took 0.155 seconds
[2023-03-28 23:10:56,191] {scheduler_job.py:182} INFO - Started process (PID=1459) to work on /home/airflow/.local/lib/python3.6/site-packages/airflow/example_dags/example_skip_dag.py
[2023-03-28 23:10:56,195] {scheduler_job.py:629} INFO - Processing file /home/airflow/.local/lib/python3.6/site-packages/airflow/example_dags/example_skip_dag.py for tasks to queue
[2023-03-28 23:10:56,198] {logging_mixin.py:104} INFO - [2023-03-28 23:10:56,198] {dagbag.py:448} INFO - Filling up the DagBag from /home/airflow/.local/lib/python3.6/site-packages/airflow/example_dags/example_skip_dag.py
[2023-03-28 23:10:56,242] {scheduler_job.py:639} INFO - DAG(s) dict_keys(['example_skip_dag']) retrieved from /home/airflow/.local/lib/python3.6/site-packages/airflow/example_dags/example_skip_dag.py
[2023-03-28 23:10:56,323] {logging_mixin.py:104} INFO - [2023-03-28 23:10:56,322] {dag.py:1818} INFO - Sync 1 DAGs
[2023-03-28 23:10:56,367] {logging_mixin.py:104} INFO - [2023-03-28 23:10:56,367] {dag.py:2273} INFO - Setting next_dagrun for example_skip_dag to 2023-03-26 00:00:00+00:00
[2023-03-28 23:10:56,387] {scheduler_job.py:190} INFO - Processing /home/airflow/.local/lib/python3.6/site-packages/airflow/example_dags/example_skip_dag.py took 0.210 seconds
[2023-03-28 23:11:26,963] {scheduler_job.py:182} INFO - Started process (PID=1513) to work on /home/airflow/.local/lib/python3.6/site-packages/airflow/example_dags/example_skip_dag.py
[2023-03-28 23:11:26,967] {scheduler_job.py:629} INFO - Processing file /home/airflow/.local/lib/python3.6/site-packages/airflow/example_dags/example_skip_dag.py for tasks to queue
[2023-03-28 23:11:26,970] {logging_mixin.py:104} INFO - [2023-03-28 23:11:26,970] {dagbag.py:448} INFO - Filling up the DagBag from /home/airflow/.local/lib/python3.6/site-packages/airflow/example_dags/example_skip_dag.py
[2023-03-28 23:11:27,009] {scheduler_job.py:639} INFO - DAG(s) dict_keys(['example_skip_dag']) retrieved from /home/airflow/.local/lib/python3.6/site-packages/airflow/example_dags/example_skip_dag.py
[2023-03-28 23:11:27,075] {logging_mixin.py:104} INFO - [2023-03-28 23:11:27,075] {dag.py:1818} INFO - Sync 1 DAGs
[2023-03-28 23:11:27,124] {logging_mixin.py:104} INFO - [2023-03-28 23:11:27,123] {dag.py:2273} INFO - Setting next_dagrun for example_skip_dag to 2023-03-26 00:00:00+00:00
[2023-03-28 23:11:27,145] {scheduler_job.py:190} INFO - Processing /home/airflow/.local/lib/python3.6/site-packages/airflow/example_dags/example_skip_dag.py took 0.189 seconds
[2023-03-28 23:11:57,801] {scheduler_job.py:182} INFO - Started process (PID=1567) to work on /home/airflow/.local/lib/python3.6/site-packages/airflow/example_dags/example_skip_dag.py
[2023-03-28 23:11:57,805] {scheduler_job.py:629} INFO - Processing file /home/airflow/.local/lib/python3.6/site-packages/airflow/example_dags/example_skip_dag.py for tasks to queue
[2023-03-28 23:11:57,807] {logging_mixin.py:104} INFO - [2023-03-28 23:11:57,807] {dagbag.py:448} INFO - Filling up the DagBag from /home/airflow/.local/lib/python3.6/site-packages/airflow/example_dags/example_skip_dag.py
[2023-03-28 23:11:57,839] {scheduler_job.py:639} INFO - DAG(s) dict_keys(['example_skip_dag']) retrieved from /home/airflow/.local/lib/python3.6/site-packages/airflow/example_dags/example_skip_dag.py
[2023-03-28 23:11:57,895] {logging_mixin.py:104} INFO - [2023-03-28 23:11:57,894] {dag.py:1818} INFO - Sync 1 DAGs
[2023-03-28 23:11:57,934] {logging_mixin.py:104} INFO - [2023-03-28 23:11:57,933] {dag.py:2273} INFO - Setting next_dagrun for example_skip_dag to 2023-03-26 00:00:00+00:00
[2023-03-28 23:11:57,954] {scheduler_job.py:190} INFO - Processing /home/airflow/.local/lib/python3.6/site-packages/airflow/example_dags/example_skip_dag.py took 0.159 seconds
[2023-03-28 23:12:28,038] {scheduler_job.py:182} INFO - Started process (PID=1621) to work on /home/airflow/.local/lib/python3.6/site-packages/airflow/example_dags/example_skip_dag.py
[2023-03-28 23:12:28,042] {scheduler_job.py:629} INFO - Processing file /home/airflow/.local/lib/python3.6/site-packages/airflow/example_dags/example_skip_dag.py for tasks to queue
[2023-03-28 23:12:28,044] {logging_mixin.py:104} INFO - [2023-03-28 23:12:28,043] {dagbag.py:448} INFO - Filling up the DagBag from /home/airflow/.local/lib/python3.6/site-packages/airflow/example_dags/example_skip_dag.py
[2023-03-28 23:12:28,074] {scheduler_job.py:639} INFO - DAG(s) dict_keys(['example_skip_dag']) retrieved from /home/airflow/.local/lib/python3.6/site-packages/airflow/example_dags/example_skip_dag.py
[2023-03-28 23:12:28,131] {logging_mixin.py:104} INFO - [2023-03-28 23:12:28,130] {dag.py:1818} INFO - Sync 1 DAGs
[2023-03-28 23:12:28,173] {logging_mixin.py:104} INFO - [2023-03-28 23:12:28,173] {dag.py:2273} INFO - Setting next_dagrun for example_skip_dag to 2023-03-26 00:00:00+00:00
[2023-03-28 23:12:28,196] {scheduler_job.py:190} INFO - Processing /home/airflow/.local/lib/python3.6/site-packages/airflow/example_dags/example_skip_dag.py took 0.164 seconds
[2023-03-28 23:12:58,872] {scheduler_job.py:182} INFO - Started process (PID=1675) to work on /home/airflow/.local/lib/python3.6/site-packages/airflow/example_dags/example_skip_dag.py
[2023-03-28 23:12:58,876] {scheduler_job.py:629} INFO - Processing file /home/airflow/.local/lib/python3.6/site-packages/airflow/example_dags/example_skip_dag.py for tasks to queue
[2023-03-28 23:12:58,878] {logging_mixin.py:104} INFO - [2023-03-28 23:12:58,878] {dagbag.py:448} INFO - Filling up the DagBag from /home/airflow/.local/lib/python3.6/site-packages/airflow/example_dags/example_skip_dag.py
[2023-03-28 23:12:58,912] {scheduler_job.py:639} INFO - DAG(s) dict_keys(['example_skip_dag']) retrieved from /home/airflow/.local/lib/python3.6/site-packages/airflow/example_dags/example_skip_dag.py
[2023-03-28 23:12:58,970] {logging_mixin.py:104} INFO - [2023-03-28 23:12:58,970] {dag.py:1818} INFO - Sync 1 DAGs
[2023-03-28 23:12:59,019] {logging_mixin.py:104} INFO - [2023-03-28 23:12:59,019] {dag.py:2273} INFO - Setting next_dagrun for example_skip_dag to 2023-03-26 00:00:00+00:00
[2023-03-28 23:12:59,039] {scheduler_job.py:190} INFO - Processing /home/airflow/.local/lib/python3.6/site-packages/airflow/example_dags/example_skip_dag.py took 0.173 seconds
