[2023-03-28 22:52:26,723] {scheduler_job.py:182} INFO - Started process (PID=76) to work on /home/airflow/.local/lib/python3.6/site-packages/airflow/example_dags/example_trigger_target_dag.py
[2023-03-28 22:52:26,726] {scheduler_job.py:629} INFO - Processing file /home/airflow/.local/lib/python3.6/site-packages/airflow/example_dags/example_trigger_target_dag.py for tasks to queue
[2023-03-28 22:52:26,729] {logging_mixin.py:104} INFO - [2023-03-28 22:52:26,729] {dagbag.py:448} INFO - Filling up the DagBag from /home/airflow/.local/lib/python3.6/site-packages/airflow/example_dags/example_trigger_target_dag.py
[2023-03-28 22:52:26,773] {scheduler_job.py:639} INFO - DAG(s) dict_keys(['example_trigger_target_dag']) retrieved from /home/airflow/.local/lib/python3.6/site-packages/airflow/example_dags/example_trigger_target_dag.py
[2023-03-28 22:52:26,842] {logging_mixin.py:104} INFO - [2023-03-28 22:52:26,842] {dag.py:1818} INFO - Sync 1 DAGs
[2023-03-28 22:52:26,899] {logging_mixin.py:104} INFO - [2023-03-28 22:52:26,898] {dag.py:1837} INFO - Creating ORM DAG for example_trigger_target_dag
[2023-03-28 22:52:26,937] {logging_mixin.py:104} INFO - [2023-03-28 22:52:26,936] {dag.py:2273} INFO - Setting next_dagrun for example_trigger_target_dag to None
[2023-03-28 22:52:27,010] {scheduler_job.py:190} INFO - Processing /home/airflow/.local/lib/python3.6/site-packages/airflow/example_dags/example_trigger_target_dag.py took 0.295 seconds
[2023-03-28 22:52:58,390] {scheduler_job.py:182} INFO - Started process (PID=124) to work on /home/airflow/.local/lib/python3.6/site-packages/airflow/example_dags/example_trigger_target_dag.py
[2023-03-28 22:52:58,395] {scheduler_job.py:629} INFO - Processing file /home/airflow/.local/lib/python3.6/site-packages/airflow/example_dags/example_trigger_target_dag.py for tasks to queue
[2023-03-28 22:52:58,398] {logging_mixin.py:104} INFO - [2023-03-28 22:52:58,397] {dagbag.py:448} INFO - Filling up the DagBag from /home/airflow/.local/lib/python3.6/site-packages/airflow/example_dags/example_trigger_target_dag.py
[2023-03-28 22:52:58,481] {scheduler_job.py:639} INFO - DAG(s) dict_keys(['example_trigger_target_dag']) retrieved from /home/airflow/.local/lib/python3.6/site-packages/airflow/example_dags/example_trigger_target_dag.py
[2023-03-28 22:52:58,572] {logging_mixin.py:104} INFO - [2023-03-28 22:52:58,571] {dag.py:1818} INFO - Sync 1 DAGs
[2023-03-28 22:52:58,647] {logging_mixin.py:104} INFO - [2023-03-28 22:52:58,646] {dag.py:2273} INFO - Setting next_dagrun for example_trigger_target_dag to None
[2023-03-28 22:52:58,691] {scheduler_job.py:190} INFO - Processing /home/airflow/.local/lib/python3.6/site-packages/airflow/example_dags/example_trigger_target_dag.py took 0.316 seconds
[2023-03-28 22:53:29,116] {scheduler_job.py:182} INFO - Started process (PID=166) to work on /home/airflow/.local/lib/python3.6/site-packages/airflow/example_dags/example_trigger_target_dag.py
[2023-03-28 22:53:29,122] {scheduler_job.py:629} INFO - Processing file /home/airflow/.local/lib/python3.6/site-packages/airflow/example_dags/example_trigger_target_dag.py for tasks to queue
[2023-03-28 22:53:29,127] {logging_mixin.py:104} INFO - [2023-03-28 22:53:29,126] {dagbag.py:448} INFO - Filling up the DagBag from /home/airflow/.local/lib/python3.6/site-packages/airflow/example_dags/example_trigger_target_dag.py
[2023-03-28 22:53:29,216] {scheduler_job.py:639} INFO - DAG(s) dict_keys(['example_trigger_target_dag']) retrieved from /home/airflow/.local/lib/python3.6/site-packages/airflow/example_dags/example_trigger_target_dag.py
[2023-03-28 22:53:29,309] {logging_mixin.py:104} INFO - [2023-03-28 22:53:29,309] {dag.py:1818} INFO - Sync 1 DAGs
[2023-03-28 22:53:29,396] {logging_mixin.py:104} INFO - [2023-03-28 22:53:29,395] {dag.py:2273} INFO - Setting next_dagrun for example_trigger_target_dag to None
[2023-03-28 22:53:29,463] {scheduler_job.py:190} INFO - Processing /home/airflow/.local/lib/python3.6/site-packages/airflow/example_dags/example_trigger_target_dag.py took 0.379 seconds
[2023-03-28 22:53:59,609] {scheduler_job.py:182} INFO - Started process (PID=220) to work on /home/airflow/.local/lib/python3.6/site-packages/airflow/example_dags/example_trigger_target_dag.py
[2023-03-28 22:53:59,614] {scheduler_job.py:629} INFO - Processing file /home/airflow/.local/lib/python3.6/site-packages/airflow/example_dags/example_trigger_target_dag.py for tasks to queue
[2023-03-28 22:53:59,617] {logging_mixin.py:104} INFO - [2023-03-28 22:53:59,617] {dagbag.py:448} INFO - Filling up the DagBag from /home/airflow/.local/lib/python3.6/site-packages/airflow/example_dags/example_trigger_target_dag.py
[2023-03-28 22:53:59,655] {scheduler_job.py:639} INFO - DAG(s) dict_keys(['example_trigger_target_dag']) retrieved from /home/airflow/.local/lib/python3.6/site-packages/airflow/example_dags/example_trigger_target_dag.py
[2023-03-28 22:53:59,711] {logging_mixin.py:104} INFO - [2023-03-28 22:53:59,710] {dag.py:1818} INFO - Sync 1 DAGs
[2023-03-28 22:53:59,751] {logging_mixin.py:104} INFO - [2023-03-28 22:53:59,751] {dag.py:2273} INFO - Setting next_dagrun for example_trigger_target_dag to None
[2023-03-28 22:53:59,773] {scheduler_job.py:190} INFO - Processing /home/airflow/.local/lib/python3.6/site-packages/airflow/example_dags/example_trigger_target_dag.py took 0.173 seconds
[2023-03-28 22:54:29,903] {scheduler_job.py:182} INFO - Started process (PID=266) to work on /home/airflow/.local/lib/python3.6/site-packages/airflow/example_dags/example_trigger_target_dag.py
[2023-03-28 22:54:29,909] {scheduler_job.py:629} INFO - Processing file /home/airflow/.local/lib/python3.6/site-packages/airflow/example_dags/example_trigger_target_dag.py for tasks to queue
[2023-03-28 22:54:29,912] {logging_mixin.py:104} INFO - [2023-03-28 22:54:29,912] {dagbag.py:448} INFO - Filling up the DagBag from /home/airflow/.local/lib/python3.6/site-packages/airflow/example_dags/example_trigger_target_dag.py
[2023-03-28 22:54:29,953] {scheduler_job.py:639} INFO - DAG(s) dict_keys(['example_trigger_target_dag']) retrieved from /home/airflow/.local/lib/python3.6/site-packages/airflow/example_dags/example_trigger_target_dag.py
[2023-03-28 22:54:30,002] {logging_mixin.py:104} INFO - [2023-03-28 22:54:30,002] {dag.py:1818} INFO - Sync 1 DAGs
[2023-03-28 22:54:30,043] {logging_mixin.py:104} INFO - [2023-03-28 22:54:30,043] {dag.py:2273} INFO - Setting next_dagrun for example_trigger_target_dag to None
[2023-03-28 22:54:30,065] {scheduler_job.py:190} INFO - Processing /home/airflow/.local/lib/python3.6/site-packages/airflow/example_dags/example_trigger_target_dag.py took 0.173 seconds
[2023-03-28 22:55:00,559] {scheduler_job.py:182} INFO - Started process (PID=320) to work on /home/airflow/.local/lib/python3.6/site-packages/airflow/example_dags/example_trigger_target_dag.py
[2023-03-28 22:55:00,566] {scheduler_job.py:629} INFO - Processing file /home/airflow/.local/lib/python3.6/site-packages/airflow/example_dags/example_trigger_target_dag.py for tasks to queue
[2023-03-28 22:55:00,569] {logging_mixin.py:104} INFO - [2023-03-28 22:55:00,568] {dagbag.py:448} INFO - Filling up the DagBag from /home/airflow/.local/lib/python3.6/site-packages/airflow/example_dags/example_trigger_target_dag.py
[2023-03-28 22:55:00,610] {scheduler_job.py:639} INFO - DAG(s) dict_keys(['example_trigger_target_dag']) retrieved from /home/airflow/.local/lib/python3.6/site-packages/airflow/example_dags/example_trigger_target_dag.py
[2023-03-28 22:55:00,678] {logging_mixin.py:104} INFO - [2023-03-28 22:55:00,678] {dag.py:1818} INFO - Sync 1 DAGs
[2023-03-28 22:55:00,721] {logging_mixin.py:104} INFO - [2023-03-28 22:55:00,721] {dag.py:2273} INFO - Setting next_dagrun for example_trigger_target_dag to None
[2023-03-28 22:55:00,749] {scheduler_job.py:190} INFO - Processing /home/airflow/.local/lib/python3.6/site-packages/airflow/example_dags/example_trigger_target_dag.py took 0.201 seconds
[2023-03-28 22:55:31,029] {scheduler_job.py:182} INFO - Started process (PID=374) to work on /home/airflow/.local/lib/python3.6/site-packages/airflow/example_dags/example_trigger_target_dag.py
[2023-03-28 22:55:31,033] {scheduler_job.py:629} INFO - Processing file /home/airflow/.local/lib/python3.6/site-packages/airflow/example_dags/example_trigger_target_dag.py for tasks to queue
[2023-03-28 22:55:31,036] {logging_mixin.py:104} INFO - [2023-03-28 22:55:31,036] {dagbag.py:448} INFO - Filling up the DagBag from /home/airflow/.local/lib/python3.6/site-packages/airflow/example_dags/example_trigger_target_dag.py
[2023-03-28 22:55:31,078] {scheduler_job.py:639} INFO - DAG(s) dict_keys(['example_trigger_target_dag']) retrieved from /home/airflow/.local/lib/python3.6/site-packages/airflow/example_dags/example_trigger_target_dag.py
[2023-03-28 22:55:31,135] {logging_mixin.py:104} INFO - [2023-03-28 22:55:31,134] {dag.py:1818} INFO - Sync 1 DAGs
[2023-03-28 22:55:31,178] {logging_mixin.py:104} INFO - [2023-03-28 22:55:31,178] {dag.py:2273} INFO - Setting next_dagrun for example_trigger_target_dag to None
[2023-03-28 22:55:31,212] {scheduler_job.py:190} INFO - Processing /home/airflow/.local/lib/python3.6/site-packages/airflow/example_dags/example_trigger_target_dag.py took 0.191 seconds
[2023-03-28 22:56:01,653] {scheduler_job.py:182} INFO - Started process (PID=428) to work on /home/airflow/.local/lib/python3.6/site-packages/airflow/example_dags/example_trigger_target_dag.py
[2023-03-28 22:56:01,685] {scheduler_job.py:629} INFO - Processing file /home/airflow/.local/lib/python3.6/site-packages/airflow/example_dags/example_trigger_target_dag.py for tasks to queue
[2023-03-28 22:56:01,695] {logging_mixin.py:104} INFO - [2023-03-28 22:56:01,692] {dagbag.py:448} INFO - Filling up the DagBag from /home/airflow/.local/lib/python3.6/site-packages/airflow/example_dags/example_trigger_target_dag.py
[2023-03-28 22:56:01,758] {scheduler_job.py:639} INFO - DAG(s) dict_keys(['example_trigger_target_dag']) retrieved from /home/airflow/.local/lib/python3.6/site-packages/airflow/example_dags/example_trigger_target_dag.py
[2023-03-28 22:56:01,838] {logging_mixin.py:104} INFO - [2023-03-28 22:56:01,838] {dag.py:1818} INFO - Sync 1 DAGs
[2023-03-28 22:56:01,922] {logging_mixin.py:104} INFO - [2023-03-28 22:56:01,922] {dag.py:2273} INFO - Setting next_dagrun for example_trigger_target_dag to None
[2023-03-28 22:56:01,974] {scheduler_job.py:190} INFO - Processing /home/airflow/.local/lib/python3.6/site-packages/airflow/example_dags/example_trigger_target_dag.py took 0.367 seconds
[2023-03-28 22:56:32,571] {scheduler_job.py:182} INFO - Started process (PID=482) to work on /home/airflow/.local/lib/python3.6/site-packages/airflow/example_dags/example_trigger_target_dag.py
[2023-03-28 22:56:32,576] {scheduler_job.py:629} INFO - Processing file /home/airflow/.local/lib/python3.6/site-packages/airflow/example_dags/example_trigger_target_dag.py for tasks to queue
[2023-03-28 22:56:32,579] {logging_mixin.py:104} INFO - [2023-03-28 22:56:32,578] {dagbag.py:448} INFO - Filling up the DagBag from /home/airflow/.local/lib/python3.6/site-packages/airflow/example_dags/example_trigger_target_dag.py
[2023-03-28 22:56:32,620] {scheduler_job.py:639} INFO - DAG(s) dict_keys(['example_trigger_target_dag']) retrieved from /home/airflow/.local/lib/python3.6/site-packages/airflow/example_dags/example_trigger_target_dag.py
[2023-03-28 22:56:32,680] {logging_mixin.py:104} INFO - [2023-03-28 22:56:32,679] {dag.py:1818} INFO - Sync 1 DAGs
[2023-03-28 22:56:32,730] {logging_mixin.py:104} INFO - [2023-03-28 22:56:32,730] {dag.py:2273} INFO - Setting next_dagrun for example_trigger_target_dag to None
[2023-03-28 22:56:32,756] {scheduler_job.py:190} INFO - Processing /home/airflow/.local/lib/python3.6/site-packages/airflow/example_dags/example_trigger_target_dag.py took 0.193 seconds
[2023-03-28 22:57:03,101] {scheduler_job.py:182} INFO - Started process (PID=536) to work on /home/airflow/.local/lib/python3.6/site-packages/airflow/example_dags/example_trigger_target_dag.py
[2023-03-28 22:57:03,108] {scheduler_job.py:629} INFO - Processing file /home/airflow/.local/lib/python3.6/site-packages/airflow/example_dags/example_trigger_target_dag.py for tasks to queue
[2023-03-28 22:57:03,111] {logging_mixin.py:104} INFO - [2023-03-28 22:57:03,111] {dagbag.py:448} INFO - Filling up the DagBag from /home/airflow/.local/lib/python3.6/site-packages/airflow/example_dags/example_trigger_target_dag.py
[2023-03-28 22:57:03,152] {scheduler_job.py:639} INFO - DAG(s) dict_keys(['example_trigger_target_dag']) retrieved from /home/airflow/.local/lib/python3.6/site-packages/airflow/example_dags/example_trigger_target_dag.py
[2023-03-28 22:57:03,330] {logging_mixin.py:104} INFO - [2023-03-28 22:57:03,329] {dag.py:1818} INFO - Sync 1 DAGs
[2023-03-28 22:57:03,392] {logging_mixin.py:104} INFO - [2023-03-28 22:57:03,391] {dag.py:2273} INFO - Setting next_dagrun for example_trigger_target_dag to None
[2023-03-28 22:57:03,421] {scheduler_job.py:190} INFO - Processing /home/airflow/.local/lib/python3.6/site-packages/airflow/example_dags/example_trigger_target_dag.py took 0.333 seconds
[2023-03-28 22:57:46,523] {scheduler_job.py:182} INFO - Started process (PID=83) to work on /home/airflow/.local/lib/python3.6/site-packages/airflow/example_dags/example_trigger_target_dag.py
[2023-03-28 22:57:46,528] {scheduler_job.py:629} INFO - Processing file /home/airflow/.local/lib/python3.6/site-packages/airflow/example_dags/example_trigger_target_dag.py for tasks to queue
[2023-03-28 22:57:46,535] {logging_mixin.py:104} INFO - [2023-03-28 22:57:46,533] {dagbag.py:448} INFO - Filling up the DagBag from /home/airflow/.local/lib/python3.6/site-packages/airflow/example_dags/example_trigger_target_dag.py
[2023-03-28 22:57:46,602] {scheduler_job.py:639} INFO - DAG(s) dict_keys(['example_trigger_target_dag']) retrieved from /home/airflow/.local/lib/python3.6/site-packages/airflow/example_dags/example_trigger_target_dag.py
[2023-03-28 22:57:46,717] {logging_mixin.py:104} INFO - [2023-03-28 22:57:46,716] {dag.py:1818} INFO - Sync 1 DAGs
[2023-03-28 22:57:46,779] {logging_mixin.py:104} INFO - [2023-03-28 22:57:46,779] {dag.py:2273} INFO - Setting next_dagrun for example_trigger_target_dag to None
[2023-03-28 22:57:46,809] {scheduler_job.py:190} INFO - Processing /home/airflow/.local/lib/python3.6/site-packages/airflow/example_dags/example_trigger_target_dag.py took 0.295 seconds
[2023-03-28 22:58:16,936] {scheduler_job.py:182} INFO - Started process (PID=133) to work on /home/airflow/.local/lib/python3.6/site-packages/airflow/example_dags/example_trigger_target_dag.py
[2023-03-28 22:58:16,940] {scheduler_job.py:629} INFO - Processing file /home/airflow/.local/lib/python3.6/site-packages/airflow/example_dags/example_trigger_target_dag.py for tasks to queue
[2023-03-28 22:58:16,946] {logging_mixin.py:104} INFO - [2023-03-28 22:58:16,946] {dagbag.py:448} INFO - Filling up the DagBag from /home/airflow/.local/lib/python3.6/site-packages/airflow/example_dags/example_trigger_target_dag.py
[2023-03-28 22:58:17,025] {scheduler_job.py:639} INFO - DAG(s) dict_keys(['example_trigger_target_dag']) retrieved from /home/airflow/.local/lib/python3.6/site-packages/airflow/example_dags/example_trigger_target_dag.py
[2023-03-28 22:58:17,255] {logging_mixin.py:104} INFO - [2023-03-28 22:58:17,254] {dag.py:1818} INFO - Sync 1 DAGs
[2023-03-28 22:58:17,430] {logging_mixin.py:104} INFO - [2023-03-28 22:58:17,430] {dag.py:2273} INFO - Setting next_dagrun for example_trigger_target_dag to None
[2023-03-28 22:58:17,518] {scheduler_job.py:190} INFO - Processing /home/airflow/.local/lib/python3.6/site-packages/airflow/example_dags/example_trigger_target_dag.py took 0.602 seconds
[2023-03-28 22:58:48,374] {scheduler_job.py:182} INFO - Started process (PID=191) to work on /home/airflow/.local/lib/python3.6/site-packages/airflow/example_dags/example_trigger_target_dag.py
[2023-03-28 22:58:48,380] {scheduler_job.py:629} INFO - Processing file /home/airflow/.local/lib/python3.6/site-packages/airflow/example_dags/example_trigger_target_dag.py for tasks to queue
[2023-03-28 22:58:48,386] {logging_mixin.py:104} INFO - [2023-03-28 22:58:48,385] {dagbag.py:448} INFO - Filling up the DagBag from /home/airflow/.local/lib/python3.6/site-packages/airflow/example_dags/example_trigger_target_dag.py
[2023-03-28 22:58:48,447] {scheduler_job.py:639} INFO - DAG(s) dict_keys(['example_trigger_target_dag']) retrieved from /home/airflow/.local/lib/python3.6/site-packages/airflow/example_dags/example_trigger_target_dag.py
[2023-03-28 22:58:48,517] {logging_mixin.py:104} INFO - [2023-03-28 22:58:48,516] {dag.py:1818} INFO - Sync 1 DAGs
[2023-03-28 22:58:48,574] {logging_mixin.py:104} INFO - [2023-03-28 22:58:48,574] {dag.py:2273} INFO - Setting next_dagrun for example_trigger_target_dag to None
[2023-03-28 22:58:48,611] {scheduler_job.py:190} INFO - Processing /home/airflow/.local/lib/python3.6/site-packages/airflow/example_dags/example_trigger_target_dag.py took 0.251 seconds
[2023-03-28 22:59:20,086] {scheduler_job.py:182} INFO - Started process (PID=251) to work on /home/airflow/.local/lib/python3.6/site-packages/airflow/example_dags/example_trigger_target_dag.py
[2023-03-28 22:59:20,089] {scheduler_job.py:629} INFO - Processing file /home/airflow/.local/lib/python3.6/site-packages/airflow/example_dags/example_trigger_target_dag.py for tasks to queue
[2023-03-28 22:59:20,091] {logging_mixin.py:104} INFO - [2023-03-28 22:59:20,091] {dagbag.py:448} INFO - Filling up the DagBag from /home/airflow/.local/lib/python3.6/site-packages/airflow/example_dags/example_trigger_target_dag.py
[2023-03-28 22:59:20,129] {scheduler_job.py:639} INFO - DAG(s) dict_keys(['example_trigger_target_dag']) retrieved from /home/airflow/.local/lib/python3.6/site-packages/airflow/example_dags/example_trigger_target_dag.py
[2023-03-28 22:59:20,182] {logging_mixin.py:104} INFO - [2023-03-28 22:59:20,182] {dag.py:1818} INFO - Sync 1 DAGs
[2023-03-28 22:59:20,224] {logging_mixin.py:104} INFO - [2023-03-28 22:59:20,223] {dag.py:2273} INFO - Setting next_dagrun for example_trigger_target_dag to None
[2023-03-28 22:59:20,254] {scheduler_job.py:190} INFO - Processing /home/airflow/.local/lib/python3.6/site-packages/airflow/example_dags/example_trigger_target_dag.py took 0.174 seconds
[2023-03-28 22:59:51,181] {scheduler_job.py:182} INFO - Started process (PID=313) to work on /home/airflow/.local/lib/python3.6/site-packages/airflow/example_dags/example_trigger_target_dag.py
[2023-03-28 22:59:51,185] {scheduler_job.py:629} INFO - Processing file /home/airflow/.local/lib/python3.6/site-packages/airflow/example_dags/example_trigger_target_dag.py for tasks to queue
[2023-03-28 22:59:51,187] {logging_mixin.py:104} INFO - [2023-03-28 22:59:51,187] {dagbag.py:448} INFO - Filling up the DagBag from /home/airflow/.local/lib/python3.6/site-packages/airflow/example_dags/example_trigger_target_dag.py
[2023-03-28 22:59:51,222] {scheduler_job.py:639} INFO - DAG(s) dict_keys(['example_trigger_target_dag']) retrieved from /home/airflow/.local/lib/python3.6/site-packages/airflow/example_dags/example_trigger_target_dag.py
[2023-03-28 22:59:51,272] {logging_mixin.py:104} INFO - [2023-03-28 22:59:51,272] {dag.py:1818} INFO - Sync 1 DAGs
[2023-03-28 22:59:51,316] {logging_mixin.py:104} INFO - [2023-03-28 22:59:51,316] {dag.py:2273} INFO - Setting next_dagrun for example_trigger_target_dag to None
[2023-03-28 22:59:51,345] {scheduler_job.py:190} INFO - Processing /home/airflow/.local/lib/python3.6/site-packages/airflow/example_dags/example_trigger_target_dag.py took 0.171 seconds
[2023-03-28 23:00:21,733] {scheduler_job.py:182} INFO - Started process (PID=367) to work on /home/airflow/.local/lib/python3.6/site-packages/airflow/example_dags/example_trigger_target_dag.py
[2023-03-28 23:00:21,738] {scheduler_job.py:629} INFO - Processing file /home/airflow/.local/lib/python3.6/site-packages/airflow/example_dags/example_trigger_target_dag.py for tasks to queue
[2023-03-28 23:00:21,741] {logging_mixin.py:104} INFO - [2023-03-28 23:00:21,741] {dagbag.py:448} INFO - Filling up the DagBag from /home/airflow/.local/lib/python3.6/site-packages/airflow/example_dags/example_trigger_target_dag.py
[2023-03-28 23:00:21,780] {scheduler_job.py:639} INFO - DAG(s) dict_keys(['example_trigger_target_dag']) retrieved from /home/airflow/.local/lib/python3.6/site-packages/airflow/example_dags/example_trigger_target_dag.py
[2023-03-28 23:00:21,841] {logging_mixin.py:104} INFO - [2023-03-28 23:00:21,840] {dag.py:1818} INFO - Sync 1 DAGs
[2023-03-28 23:00:21,889] {logging_mixin.py:104} INFO - [2023-03-28 23:00:21,888] {dag.py:2273} INFO - Setting next_dagrun for example_trigger_target_dag to None
[2023-03-28 23:00:21,913] {scheduler_job.py:190} INFO - Processing /home/airflow/.local/lib/python3.6/site-packages/airflow/example_dags/example_trigger_target_dag.py took 0.188 seconds
[2023-03-28 23:00:52,129] {scheduler_job.py:182} INFO - Started process (PID=421) to work on /home/airflow/.local/lib/python3.6/site-packages/airflow/example_dags/example_trigger_target_dag.py
[2023-03-28 23:00:52,132] {scheduler_job.py:629} INFO - Processing file /home/airflow/.local/lib/python3.6/site-packages/airflow/example_dags/example_trigger_target_dag.py for tasks to queue
[2023-03-28 23:00:52,134] {logging_mixin.py:104} INFO - [2023-03-28 23:00:52,133] {dagbag.py:448} INFO - Filling up the DagBag from /home/airflow/.local/lib/python3.6/site-packages/airflow/example_dags/example_trigger_target_dag.py
[2023-03-28 23:00:52,164] {scheduler_job.py:639} INFO - DAG(s) dict_keys(['example_trigger_target_dag']) retrieved from /home/airflow/.local/lib/python3.6/site-packages/airflow/example_dags/example_trigger_target_dag.py
[2023-03-28 23:00:52,211] {logging_mixin.py:104} INFO - [2023-03-28 23:00:52,210] {dag.py:1818} INFO - Sync 1 DAGs
[2023-03-28 23:00:52,252] {logging_mixin.py:104} INFO - [2023-03-28 23:00:52,252] {dag.py:2273} INFO - Setting next_dagrun for example_trigger_target_dag to None
[2023-03-28 23:00:52,274] {scheduler_job.py:190} INFO - Processing /home/airflow/.local/lib/python3.6/site-packages/airflow/example_dags/example_trigger_target_dag.py took 0.151 seconds
[2023-03-28 23:01:22,764] {scheduler_job.py:182} INFO - Started process (PID=475) to work on /home/airflow/.local/lib/python3.6/site-packages/airflow/example_dags/example_trigger_target_dag.py
[2023-03-28 23:01:22,767] {scheduler_job.py:629} INFO - Processing file /home/airflow/.local/lib/python3.6/site-packages/airflow/example_dags/example_trigger_target_dag.py for tasks to queue
[2023-03-28 23:01:22,769] {logging_mixin.py:104} INFO - [2023-03-28 23:01:22,769] {dagbag.py:448} INFO - Filling up the DagBag from /home/airflow/.local/lib/python3.6/site-packages/airflow/example_dags/example_trigger_target_dag.py
[2023-03-28 23:01:22,824] {scheduler_job.py:639} INFO - DAG(s) dict_keys(['example_trigger_target_dag']) retrieved from /home/airflow/.local/lib/python3.6/site-packages/airflow/example_dags/example_trigger_target_dag.py
[2023-03-28 23:01:22,876] {logging_mixin.py:104} INFO - [2023-03-28 23:01:22,875] {dag.py:1818} INFO - Sync 1 DAGs
[2023-03-28 23:01:22,919] {logging_mixin.py:104} INFO - [2023-03-28 23:01:22,919] {dag.py:2273} INFO - Setting next_dagrun for example_trigger_target_dag to None
[2023-03-28 23:01:22,940] {scheduler_job.py:190} INFO - Processing /home/airflow/.local/lib/python3.6/site-packages/airflow/example_dags/example_trigger_target_dag.py took 0.182 seconds
[2023-03-28 23:01:53,096] {scheduler_job.py:182} INFO - Started process (PID=529) to work on /home/airflow/.local/lib/python3.6/site-packages/airflow/example_dags/example_trigger_target_dag.py
[2023-03-28 23:01:53,100] {scheduler_job.py:629} INFO - Processing file /home/airflow/.local/lib/python3.6/site-packages/airflow/example_dags/example_trigger_target_dag.py for tasks to queue
[2023-03-28 23:01:53,101] {logging_mixin.py:104} INFO - [2023-03-28 23:01:53,101] {dagbag.py:448} INFO - Filling up the DagBag from /home/airflow/.local/lib/python3.6/site-packages/airflow/example_dags/example_trigger_target_dag.py
[2023-03-28 23:01:53,135] {scheduler_job.py:639} INFO - DAG(s) dict_keys(['example_trigger_target_dag']) retrieved from /home/airflow/.local/lib/python3.6/site-packages/airflow/example_dags/example_trigger_target_dag.py
[2023-03-28 23:01:53,188] {logging_mixin.py:104} INFO - [2023-03-28 23:01:53,187] {dag.py:1818} INFO - Sync 1 DAGs
[2023-03-28 23:01:53,233] {logging_mixin.py:104} INFO - [2023-03-28 23:01:53,232] {dag.py:2273} INFO - Setting next_dagrun for example_trigger_target_dag to None
[2023-03-28 23:01:53,254] {scheduler_job.py:190} INFO - Processing /home/airflow/.local/lib/python3.6/site-packages/airflow/example_dags/example_trigger_target_dag.py took 0.164 seconds
[2023-03-28 23:02:23,619] {scheduler_job.py:182} INFO - Started process (PID=583) to work on /home/airflow/.local/lib/python3.6/site-packages/airflow/example_dags/example_trigger_target_dag.py
[2023-03-28 23:02:23,622] {scheduler_job.py:629} INFO - Processing file /home/airflow/.local/lib/python3.6/site-packages/airflow/example_dags/example_trigger_target_dag.py for tasks to queue
[2023-03-28 23:02:23,624] {logging_mixin.py:104} INFO - [2023-03-28 23:02:23,624] {dagbag.py:448} INFO - Filling up the DagBag from /home/airflow/.local/lib/python3.6/site-packages/airflow/example_dags/example_trigger_target_dag.py
[2023-03-28 23:02:23,657] {scheduler_job.py:639} INFO - DAG(s) dict_keys(['example_trigger_target_dag']) retrieved from /home/airflow/.local/lib/python3.6/site-packages/airflow/example_dags/example_trigger_target_dag.py
[2023-03-28 23:02:23,722] {logging_mixin.py:104} INFO - [2023-03-28 23:02:23,721] {dag.py:1818} INFO - Sync 1 DAGs
[2023-03-28 23:02:23,760] {logging_mixin.py:104} INFO - [2023-03-28 23:02:23,760] {dag.py:2273} INFO - Setting next_dagrun for example_trigger_target_dag to None
[2023-03-28 23:02:23,779] {scheduler_job.py:190} INFO - Processing /home/airflow/.local/lib/python3.6/site-packages/airflow/example_dags/example_trigger_target_dag.py took 0.167 seconds
[2023-03-28 23:02:54,405] {scheduler_job.py:182} INFO - Started process (PID=635) to work on /home/airflow/.local/lib/python3.6/site-packages/airflow/example_dags/example_trigger_target_dag.py
[2023-03-28 23:02:54,409] {scheduler_job.py:629} INFO - Processing file /home/airflow/.local/lib/python3.6/site-packages/airflow/example_dags/example_trigger_target_dag.py for tasks to queue
[2023-03-28 23:02:54,411] {logging_mixin.py:104} INFO - [2023-03-28 23:02:54,411] {dagbag.py:448} INFO - Filling up the DagBag from /home/airflow/.local/lib/python3.6/site-packages/airflow/example_dags/example_trigger_target_dag.py
[2023-03-28 23:02:54,448] {scheduler_job.py:639} INFO - DAG(s) dict_keys(['example_trigger_target_dag']) retrieved from /home/airflow/.local/lib/python3.6/site-packages/airflow/example_dags/example_trigger_target_dag.py
[2023-03-28 23:02:54,499] {logging_mixin.py:104} INFO - [2023-03-28 23:02:54,499] {dag.py:1818} INFO - Sync 1 DAGs
[2023-03-28 23:02:54,545] {logging_mixin.py:104} INFO - [2023-03-28 23:02:54,544] {dag.py:2273} INFO - Setting next_dagrun for example_trigger_target_dag to None
[2023-03-28 23:02:54,591] {scheduler_job.py:190} INFO - Processing /home/airflow/.local/lib/python3.6/site-packages/airflow/example_dags/example_trigger_target_dag.py took 0.193 seconds
[2023-03-28 23:03:24,700] {scheduler_job.py:182} INFO - Started process (PID=683) to work on /home/airflow/.local/lib/python3.6/site-packages/airflow/example_dags/example_trigger_target_dag.py
[2023-03-28 23:03:24,704] {scheduler_job.py:629} INFO - Processing file /home/airflow/.local/lib/python3.6/site-packages/airflow/example_dags/example_trigger_target_dag.py for tasks to queue
[2023-03-28 23:03:24,706] {logging_mixin.py:104} INFO - [2023-03-28 23:03:24,706] {dagbag.py:448} INFO - Filling up the DagBag from /home/airflow/.local/lib/python3.6/site-packages/airflow/example_dags/example_trigger_target_dag.py
[2023-03-28 23:03:24,741] {scheduler_job.py:639} INFO - DAG(s) dict_keys(['example_trigger_target_dag']) retrieved from /home/airflow/.local/lib/python3.6/site-packages/airflow/example_dags/example_trigger_target_dag.py
[2023-03-28 23:03:24,798] {logging_mixin.py:104} INFO - [2023-03-28 23:03:24,797] {dag.py:1818} INFO - Sync 1 DAGs
[2023-03-28 23:03:24,840] {logging_mixin.py:104} INFO - [2023-03-28 23:03:24,839] {dag.py:2273} INFO - Setting next_dagrun for example_trigger_target_dag to None
[2023-03-28 23:03:24,862] {scheduler_job.py:190} INFO - Processing /home/airflow/.local/lib/python3.6/site-packages/airflow/example_dags/example_trigger_target_dag.py took 0.168 seconds
[2023-03-28 23:03:55,334] {scheduler_job.py:182} INFO - Started process (PID=737) to work on /home/airflow/.local/lib/python3.6/site-packages/airflow/example_dags/example_trigger_target_dag.py
[2023-03-28 23:03:55,338] {scheduler_job.py:629} INFO - Processing file /home/airflow/.local/lib/python3.6/site-packages/airflow/example_dags/example_trigger_target_dag.py for tasks to queue
[2023-03-28 23:03:55,342] {logging_mixin.py:104} INFO - [2023-03-28 23:03:55,341] {dagbag.py:448} INFO - Filling up the DagBag from /home/airflow/.local/lib/python3.6/site-packages/airflow/example_dags/example_trigger_target_dag.py
[2023-03-28 23:03:55,388] {scheduler_job.py:639} INFO - DAG(s) dict_keys(['example_trigger_target_dag']) retrieved from /home/airflow/.local/lib/python3.6/site-packages/airflow/example_dags/example_trigger_target_dag.py
[2023-03-28 23:03:55,439] {logging_mixin.py:104} INFO - [2023-03-28 23:03:55,439] {dag.py:1818} INFO - Sync 1 DAGs
[2023-03-28 23:03:55,482] {logging_mixin.py:104} INFO - [2023-03-28 23:03:55,481] {dag.py:2273} INFO - Setting next_dagrun for example_trigger_target_dag to None
[2023-03-28 23:03:55,502] {scheduler_job.py:190} INFO - Processing /home/airflow/.local/lib/python3.6/site-packages/airflow/example_dags/example_trigger_target_dag.py took 0.175 seconds
[2023-03-28 23:04:26,029] {scheduler_job.py:182} INFO - Started process (PID=791) to work on /home/airflow/.local/lib/python3.6/site-packages/airflow/example_dags/example_trigger_target_dag.py
[2023-03-28 23:04:26,033] {scheduler_job.py:629} INFO - Processing file /home/airflow/.local/lib/python3.6/site-packages/airflow/example_dags/example_trigger_target_dag.py for tasks to queue
[2023-03-28 23:04:26,035] {logging_mixin.py:104} INFO - [2023-03-28 23:04:26,034] {dagbag.py:448} INFO - Filling up the DagBag from /home/airflow/.local/lib/python3.6/site-packages/airflow/example_dags/example_trigger_target_dag.py
[2023-03-28 23:04:26,070] {scheduler_job.py:639} INFO - DAG(s) dict_keys(['example_trigger_target_dag']) retrieved from /home/airflow/.local/lib/python3.6/site-packages/airflow/example_dags/example_trigger_target_dag.py
[2023-03-28 23:04:26,119] {logging_mixin.py:104} INFO - [2023-03-28 23:04:26,119] {dag.py:1818} INFO - Sync 1 DAGs
[2023-03-28 23:04:26,160] {logging_mixin.py:104} INFO - [2023-03-28 23:04:26,160] {dag.py:2273} INFO - Setting next_dagrun for example_trigger_target_dag to None
[2023-03-28 23:04:26,181] {scheduler_job.py:190} INFO - Processing /home/airflow/.local/lib/python3.6/site-packages/airflow/example_dags/example_trigger_target_dag.py took 0.158 seconds
[2023-03-28 23:04:56,654] {scheduler_job.py:182} INFO - Started process (PID=847) to work on /home/airflow/.local/lib/python3.6/site-packages/airflow/example_dags/example_trigger_target_dag.py
[2023-03-28 23:04:56,658] {scheduler_job.py:629} INFO - Processing file /home/airflow/.local/lib/python3.6/site-packages/airflow/example_dags/example_trigger_target_dag.py for tasks to queue
[2023-03-28 23:04:56,660] {logging_mixin.py:104} INFO - [2023-03-28 23:04:56,660] {dagbag.py:448} INFO - Filling up the DagBag from /home/airflow/.local/lib/python3.6/site-packages/airflow/example_dags/example_trigger_target_dag.py
[2023-03-28 23:04:56,695] {scheduler_job.py:639} INFO - DAG(s) dict_keys(['example_trigger_target_dag']) retrieved from /home/airflow/.local/lib/python3.6/site-packages/airflow/example_dags/example_trigger_target_dag.py
[2023-03-28 23:04:56,743] {logging_mixin.py:104} INFO - [2023-03-28 23:04:56,743] {dag.py:1818} INFO - Sync 1 DAGs
[2023-03-28 23:04:56,794] {logging_mixin.py:104} INFO - [2023-03-28 23:04:56,794] {dag.py:2273} INFO - Setting next_dagrun for example_trigger_target_dag to None
[2023-03-28 23:04:56,828] {scheduler_job.py:190} INFO - Processing /home/airflow/.local/lib/python3.6/site-packages/airflow/example_dags/example_trigger_target_dag.py took 0.181 seconds
[2023-03-28 23:05:27,806] {scheduler_job.py:182} INFO - Started process (PID=903) to work on /home/airflow/.local/lib/python3.6/site-packages/airflow/example_dags/example_trigger_target_dag.py
[2023-03-28 23:05:27,810] {scheduler_job.py:629} INFO - Processing file /home/airflow/.local/lib/python3.6/site-packages/airflow/example_dags/example_trigger_target_dag.py for tasks to queue
[2023-03-28 23:05:27,813] {logging_mixin.py:104} INFO - [2023-03-28 23:05:27,812] {dagbag.py:448} INFO - Filling up the DagBag from /home/airflow/.local/lib/python3.6/site-packages/airflow/example_dags/example_trigger_target_dag.py
[2023-03-28 23:05:27,875] {scheduler_job.py:639} INFO - DAG(s) dict_keys(['example_trigger_target_dag']) retrieved from /home/airflow/.local/lib/python3.6/site-packages/airflow/example_dags/example_trigger_target_dag.py
[2023-03-28 23:05:27,933] {logging_mixin.py:104} INFO - [2023-03-28 23:05:27,932] {dag.py:1818} INFO - Sync 1 DAGs
[2023-03-28 23:05:27,983] {logging_mixin.py:104} INFO - [2023-03-28 23:05:27,982] {dag.py:2273} INFO - Setting next_dagrun for example_trigger_target_dag to None
[2023-03-28 23:05:28,014] {scheduler_job.py:190} INFO - Processing /home/airflow/.local/lib/python3.6/site-packages/airflow/example_dags/example_trigger_target_dag.py took 0.216 seconds
[2023-03-28 23:05:58,326] {scheduler_job.py:182} INFO - Started process (PID=959) to work on /home/airflow/.local/lib/python3.6/site-packages/airflow/example_dags/example_trigger_target_dag.py
[2023-03-28 23:05:58,332] {scheduler_job.py:629} INFO - Processing file /home/airflow/.local/lib/python3.6/site-packages/airflow/example_dags/example_trigger_target_dag.py for tasks to queue
[2023-03-28 23:05:58,337] {logging_mixin.py:104} INFO - [2023-03-28 23:05:58,336] {dagbag.py:448} INFO - Filling up the DagBag from /home/airflow/.local/lib/python3.6/site-packages/airflow/example_dags/example_trigger_target_dag.py
[2023-03-28 23:05:58,376] {scheduler_job.py:639} INFO - DAG(s) dict_keys(['example_trigger_target_dag']) retrieved from /home/airflow/.local/lib/python3.6/site-packages/airflow/example_dags/example_trigger_target_dag.py
[2023-03-28 23:05:58,433] {logging_mixin.py:104} INFO - [2023-03-28 23:05:58,433] {dag.py:1818} INFO - Sync 1 DAGs
[2023-03-28 23:05:58,479] {logging_mixin.py:104} INFO - [2023-03-28 23:05:58,478] {dag.py:2273} INFO - Setting next_dagrun for example_trigger_target_dag to None
[2023-03-28 23:05:58,508] {scheduler_job.py:190} INFO - Processing /home/airflow/.local/lib/python3.6/site-packages/airflow/example_dags/example_trigger_target_dag.py took 0.194 seconds
[2023-03-28 23:06:28,856] {scheduler_job.py:182} INFO - Started process (PID=1011) to work on /home/airflow/.local/lib/python3.6/site-packages/airflow/example_dags/example_trigger_target_dag.py
[2023-03-28 23:06:28,860] {scheduler_job.py:629} INFO - Processing file /home/airflow/.local/lib/python3.6/site-packages/airflow/example_dags/example_trigger_target_dag.py for tasks to queue
[2023-03-28 23:06:28,863] {logging_mixin.py:104} INFO - [2023-03-28 23:06:28,863] {dagbag.py:448} INFO - Filling up the DagBag from /home/airflow/.local/lib/python3.6/site-packages/airflow/example_dags/example_trigger_target_dag.py
[2023-03-28 23:06:28,899] {scheduler_job.py:639} INFO - DAG(s) dict_keys(['example_trigger_target_dag']) retrieved from /home/airflow/.local/lib/python3.6/site-packages/airflow/example_dags/example_trigger_target_dag.py
[2023-03-28 23:06:28,946] {logging_mixin.py:104} INFO - [2023-03-28 23:06:28,945] {dag.py:1818} INFO - Sync 1 DAGs
[2023-03-28 23:06:28,986] {logging_mixin.py:104} INFO - [2023-03-28 23:06:28,986] {dag.py:2273} INFO - Setting next_dagrun for example_trigger_target_dag to None
[2023-03-28 23:06:29,010] {scheduler_job.py:190} INFO - Processing /home/airflow/.local/lib/python3.6/site-packages/airflow/example_dags/example_trigger_target_dag.py took 0.160 seconds
[2023-03-28 23:06:59,082] {scheduler_job.py:182} INFO - Started process (PID=1063) to work on /home/airflow/.local/lib/python3.6/site-packages/airflow/example_dags/example_trigger_target_dag.py
[2023-03-28 23:06:59,085] {scheduler_job.py:629} INFO - Processing file /home/airflow/.local/lib/python3.6/site-packages/airflow/example_dags/example_trigger_target_dag.py for tasks to queue
[2023-03-28 23:06:59,088] {logging_mixin.py:104} INFO - [2023-03-28 23:06:59,088] {dagbag.py:448} INFO - Filling up the DagBag from /home/airflow/.local/lib/python3.6/site-packages/airflow/example_dags/example_trigger_target_dag.py
[2023-03-28 23:06:59,121] {scheduler_job.py:639} INFO - DAG(s) dict_keys(['example_trigger_target_dag']) retrieved from /home/airflow/.local/lib/python3.6/site-packages/airflow/example_dags/example_trigger_target_dag.py
[2023-03-28 23:06:59,168] {logging_mixin.py:104} INFO - [2023-03-28 23:06:59,167] {dag.py:1818} INFO - Sync 1 DAGs
[2023-03-28 23:06:59,214] {logging_mixin.py:104} INFO - [2023-03-28 23:06:59,214] {dag.py:2273} INFO - Setting next_dagrun for example_trigger_target_dag to None
[2023-03-28 23:06:59,234] {scheduler_job.py:190} INFO - Processing /home/airflow/.local/lib/python3.6/site-packages/airflow/example_dags/example_trigger_target_dag.py took 0.159 seconds
[2023-03-28 23:07:29,667] {scheduler_job.py:182} INFO - Started process (PID=1115) to work on /home/airflow/.local/lib/python3.6/site-packages/airflow/example_dags/example_trigger_target_dag.py
[2023-03-28 23:07:29,671] {scheduler_job.py:629} INFO - Processing file /home/airflow/.local/lib/python3.6/site-packages/airflow/example_dags/example_trigger_target_dag.py for tasks to queue
[2023-03-28 23:07:29,674] {logging_mixin.py:104} INFO - [2023-03-28 23:07:29,674] {dagbag.py:448} INFO - Filling up the DagBag from /home/airflow/.local/lib/python3.6/site-packages/airflow/example_dags/example_trigger_target_dag.py
[2023-03-28 23:07:29,713] {scheduler_job.py:639} INFO - DAG(s) dict_keys(['example_trigger_target_dag']) retrieved from /home/airflow/.local/lib/python3.6/site-packages/airflow/example_dags/example_trigger_target_dag.py
[2023-03-28 23:07:29,787] {logging_mixin.py:104} INFO - [2023-03-28 23:07:29,786] {dag.py:1818} INFO - Sync 1 DAGs
[2023-03-28 23:07:29,836] {logging_mixin.py:104} INFO - [2023-03-28 23:07:29,835] {dag.py:2273} INFO - Setting next_dagrun for example_trigger_target_dag to None
[2023-03-28 23:07:29,857] {scheduler_job.py:190} INFO - Processing /home/airflow/.local/lib/python3.6/site-packages/airflow/example_dags/example_trigger_target_dag.py took 0.198 seconds
[2023-03-28 23:08:00,427] {scheduler_job.py:182} INFO - Started process (PID=1169) to work on /home/airflow/.local/lib/python3.6/site-packages/airflow/example_dags/example_trigger_target_dag.py
[2023-03-28 23:08:00,430] {scheduler_job.py:629} INFO - Processing file /home/airflow/.local/lib/python3.6/site-packages/airflow/example_dags/example_trigger_target_dag.py for tasks to queue
[2023-03-28 23:08:00,432] {logging_mixin.py:104} INFO - [2023-03-28 23:08:00,432] {dagbag.py:448} INFO - Filling up the DagBag from /home/airflow/.local/lib/python3.6/site-packages/airflow/example_dags/example_trigger_target_dag.py
[2023-03-28 23:08:00,463] {scheduler_job.py:639} INFO - DAG(s) dict_keys(['example_trigger_target_dag']) retrieved from /home/airflow/.local/lib/python3.6/site-packages/airflow/example_dags/example_trigger_target_dag.py
[2023-03-28 23:08:00,508] {logging_mixin.py:104} INFO - [2023-03-28 23:08:00,507] {dag.py:1818} INFO - Sync 1 DAGs
[2023-03-28 23:08:00,548] {logging_mixin.py:104} INFO - [2023-03-28 23:08:00,548] {dag.py:2273} INFO - Setting next_dagrun for example_trigger_target_dag to None
[2023-03-28 23:08:00,567] {scheduler_job.py:190} INFO - Processing /home/airflow/.local/lib/python3.6/site-packages/airflow/example_dags/example_trigger_target_dag.py took 0.147 seconds
[2023-03-28 23:08:31,188] {scheduler_job.py:182} INFO - Started process (PID=1223) to work on /home/airflow/.local/lib/python3.6/site-packages/airflow/example_dags/example_trigger_target_dag.py
[2023-03-28 23:08:31,192] {scheduler_job.py:629} INFO - Processing file /home/airflow/.local/lib/python3.6/site-packages/airflow/example_dags/example_trigger_target_dag.py for tasks to queue
[2023-03-28 23:08:31,194] {logging_mixin.py:104} INFO - [2023-03-28 23:08:31,194] {dagbag.py:448} INFO - Filling up the DagBag from /home/airflow/.local/lib/python3.6/site-packages/airflow/example_dags/example_trigger_target_dag.py
[2023-03-28 23:08:31,229] {scheduler_job.py:639} INFO - DAG(s) dict_keys(['example_trigger_target_dag']) retrieved from /home/airflow/.local/lib/python3.6/site-packages/airflow/example_dags/example_trigger_target_dag.py
[2023-03-28 23:08:31,280] {logging_mixin.py:104} INFO - [2023-03-28 23:08:31,279] {dag.py:1818} INFO - Sync 1 DAGs
[2023-03-28 23:08:31,324] {logging_mixin.py:104} INFO - [2023-03-28 23:08:31,323] {dag.py:2273} INFO - Setting next_dagrun for example_trigger_target_dag to None
[2023-03-28 23:08:31,344] {scheduler_job.py:190} INFO - Processing /home/airflow/.local/lib/python3.6/site-packages/airflow/example_dags/example_trigger_target_dag.py took 0.164 seconds
[2023-03-28 23:09:02,096] {scheduler_job.py:182} INFO - Started process (PID=1279) to work on /home/airflow/.local/lib/python3.6/site-packages/airflow/example_dags/example_trigger_target_dag.py
[2023-03-28 23:09:02,100] {scheduler_job.py:629} INFO - Processing file /home/airflow/.local/lib/python3.6/site-packages/airflow/example_dags/example_trigger_target_dag.py for tasks to queue
[2023-03-28 23:09:02,102] {logging_mixin.py:104} INFO - [2023-03-28 23:09:02,102] {dagbag.py:448} INFO - Filling up the DagBag from /home/airflow/.local/lib/python3.6/site-packages/airflow/example_dags/example_trigger_target_dag.py
[2023-03-28 23:09:02,137] {scheduler_job.py:639} INFO - DAG(s) dict_keys(['example_trigger_target_dag']) retrieved from /home/airflow/.local/lib/python3.6/site-packages/airflow/example_dags/example_trigger_target_dag.py
[2023-03-28 23:09:02,186] {logging_mixin.py:104} INFO - [2023-03-28 23:09:02,186] {dag.py:1818} INFO - Sync 1 DAGs
[2023-03-28 23:09:02,241] {logging_mixin.py:104} INFO - [2023-03-28 23:09:02,240] {dag.py:2273} INFO - Setting next_dagrun for example_trigger_target_dag to None
[2023-03-28 23:09:02,263] {scheduler_job.py:190} INFO - Processing /home/airflow/.local/lib/python3.6/site-packages/airflow/example_dags/example_trigger_target_dag.py took 0.176 seconds
[2023-03-28 23:09:32,736] {scheduler_job.py:182} INFO - Started process (PID=1325) to work on /home/airflow/.local/lib/python3.6/site-packages/airflow/example_dags/example_trigger_target_dag.py
[2023-03-28 23:09:32,740] {scheduler_job.py:629} INFO - Processing file /home/airflow/.local/lib/python3.6/site-packages/airflow/example_dags/example_trigger_target_dag.py for tasks to queue
[2023-03-28 23:09:32,744] {logging_mixin.py:104} INFO - [2023-03-28 23:09:32,743] {dagbag.py:448} INFO - Filling up the DagBag from /home/airflow/.local/lib/python3.6/site-packages/airflow/example_dags/example_trigger_target_dag.py
[2023-03-28 23:09:32,777] {scheduler_job.py:639} INFO - DAG(s) dict_keys(['example_trigger_target_dag']) retrieved from /home/airflow/.local/lib/python3.6/site-packages/airflow/example_dags/example_trigger_target_dag.py
[2023-03-28 23:09:32,829] {logging_mixin.py:104} INFO - [2023-03-28 23:09:32,828] {dag.py:1818} INFO - Sync 1 DAGs
[2023-03-28 23:09:32,870] {logging_mixin.py:104} INFO - [2023-03-28 23:09:32,869] {dag.py:2273} INFO - Setting next_dagrun for example_trigger_target_dag to None
[2023-03-28 23:09:32,890] {scheduler_job.py:190} INFO - Processing /home/airflow/.local/lib/python3.6/site-packages/airflow/example_dags/example_trigger_target_dag.py took 0.161 seconds
[2023-03-28 23:10:03,172] {scheduler_job.py:182} INFO - Started process (PID=1379) to work on /home/airflow/.local/lib/python3.6/site-packages/airflow/example_dags/example_trigger_target_dag.py
[2023-03-28 23:10:03,175] {scheduler_job.py:629} INFO - Processing file /home/airflow/.local/lib/python3.6/site-packages/airflow/example_dags/example_trigger_target_dag.py for tasks to queue
[2023-03-28 23:10:03,177] {logging_mixin.py:104} INFO - [2023-03-28 23:10:03,177] {dagbag.py:448} INFO - Filling up the DagBag from /home/airflow/.local/lib/python3.6/site-packages/airflow/example_dags/example_trigger_target_dag.py
[2023-03-28 23:10:03,209] {scheduler_job.py:639} INFO - DAG(s) dict_keys(['example_trigger_target_dag']) retrieved from /home/airflow/.local/lib/python3.6/site-packages/airflow/example_dags/example_trigger_target_dag.py
[2023-03-28 23:10:03,260] {logging_mixin.py:104} INFO - [2023-03-28 23:10:03,259] {dag.py:1818} INFO - Sync 1 DAGs
[2023-03-28 23:10:03,301] {logging_mixin.py:104} INFO - [2023-03-28 23:10:03,301] {dag.py:2273} INFO - Setting next_dagrun for example_trigger_target_dag to None
[2023-03-28 23:10:03,322] {scheduler_job.py:190} INFO - Processing /home/airflow/.local/lib/python3.6/site-packages/airflow/example_dags/example_trigger_target_dag.py took 0.157 seconds
[2023-03-28 23:10:33,439] {scheduler_job.py:182} INFO - Started process (PID=1433) to work on /home/airflow/.local/lib/python3.6/site-packages/airflow/example_dags/example_trigger_target_dag.py
[2023-03-28 23:10:33,442] {scheduler_job.py:629} INFO - Processing file /home/airflow/.local/lib/python3.6/site-packages/airflow/example_dags/example_trigger_target_dag.py for tasks to queue
[2023-03-28 23:10:33,445] {logging_mixin.py:104} INFO - [2023-03-28 23:10:33,444] {dagbag.py:448} INFO - Filling up the DagBag from /home/airflow/.local/lib/python3.6/site-packages/airflow/example_dags/example_trigger_target_dag.py
[2023-03-28 23:10:33,476] {scheduler_job.py:639} INFO - DAG(s) dict_keys(['example_trigger_target_dag']) retrieved from /home/airflow/.local/lib/python3.6/site-packages/airflow/example_dags/example_trigger_target_dag.py
[2023-03-28 23:10:33,526] {logging_mixin.py:104} INFO - [2023-03-28 23:10:33,525] {dag.py:1818} INFO - Sync 1 DAGs
[2023-03-28 23:10:33,576] {logging_mixin.py:104} INFO - [2023-03-28 23:10:33,576] {dag.py:2273} INFO - Setting next_dagrun for example_trigger_target_dag to None
[2023-03-28 23:10:33,599] {scheduler_job.py:190} INFO - Processing /home/airflow/.local/lib/python3.6/site-packages/airflow/example_dags/example_trigger_target_dag.py took 0.167 seconds
[2023-03-28 23:11:05,051] {scheduler_job.py:182} INFO - Started process (PID=1497) to work on /home/airflow/.local/lib/python3.6/site-packages/airflow/example_dags/example_trigger_target_dag.py
[2023-03-28 23:11:05,055] {scheduler_job.py:629} INFO - Processing file /home/airflow/.local/lib/python3.6/site-packages/airflow/example_dags/example_trigger_target_dag.py for tasks to queue
[2023-03-28 23:11:05,058] {logging_mixin.py:104} INFO - [2023-03-28 23:11:05,057] {dagbag.py:448} INFO - Filling up the DagBag from /home/airflow/.local/lib/python3.6/site-packages/airflow/example_dags/example_trigger_target_dag.py
[2023-03-28 23:11:05,095] {scheduler_job.py:639} INFO - DAG(s) dict_keys(['example_trigger_target_dag']) retrieved from /home/airflow/.local/lib/python3.6/site-packages/airflow/example_dags/example_trigger_target_dag.py
[2023-03-28 23:11:05,152] {logging_mixin.py:104} INFO - [2023-03-28 23:11:05,151] {dag.py:1818} INFO - Sync 1 DAGs
[2023-03-28 23:11:05,195] {logging_mixin.py:104} INFO - [2023-03-28 23:11:05,195] {dag.py:2273} INFO - Setting next_dagrun for example_trigger_target_dag to None
[2023-03-28 23:11:05,218] {scheduler_job.py:190} INFO - Processing /home/airflow/.local/lib/python3.6/site-packages/airflow/example_dags/example_trigger_target_dag.py took 0.174 seconds
[2023-03-28 23:11:35,376] {scheduler_job.py:182} INFO - Started process (PID=1547) to work on /home/airflow/.local/lib/python3.6/site-packages/airflow/example_dags/example_trigger_target_dag.py
[2023-03-28 23:11:35,380] {scheduler_job.py:629} INFO - Processing file /home/airflow/.local/lib/python3.6/site-packages/airflow/example_dags/example_trigger_target_dag.py for tasks to queue
[2023-03-28 23:11:35,383] {logging_mixin.py:104} INFO - [2023-03-28 23:11:35,382] {dagbag.py:448} INFO - Filling up the DagBag from /home/airflow/.local/lib/python3.6/site-packages/airflow/example_dags/example_trigger_target_dag.py
[2023-03-28 23:11:35,419] {scheduler_job.py:639} INFO - DAG(s) dict_keys(['example_trigger_target_dag']) retrieved from /home/airflow/.local/lib/python3.6/site-packages/airflow/example_dags/example_trigger_target_dag.py
[2023-03-28 23:11:35,471] {logging_mixin.py:104} INFO - [2023-03-28 23:11:35,471] {dag.py:1818} INFO - Sync 1 DAGs
[2023-03-28 23:11:35,513] {logging_mixin.py:104} INFO - [2023-03-28 23:11:35,513] {dag.py:2273} INFO - Setting next_dagrun for example_trigger_target_dag to None
[2023-03-28 23:11:35,535] {scheduler_job.py:190} INFO - Processing /home/airflow/.local/lib/python3.6/site-packages/airflow/example_dags/example_trigger_target_dag.py took 0.166 seconds
[2023-03-28 23:12:06,041] {scheduler_job.py:182} INFO - Started process (PID=1605) to work on /home/airflow/.local/lib/python3.6/site-packages/airflow/example_dags/example_trigger_target_dag.py
[2023-03-28 23:12:06,044] {scheduler_job.py:629} INFO - Processing file /home/airflow/.local/lib/python3.6/site-packages/airflow/example_dags/example_trigger_target_dag.py for tasks to queue
[2023-03-28 23:12:06,047] {logging_mixin.py:104} INFO - [2023-03-28 23:12:06,046] {dagbag.py:448} INFO - Filling up the DagBag from /home/airflow/.local/lib/python3.6/site-packages/airflow/example_dags/example_trigger_target_dag.py
[2023-03-28 23:12:06,093] {scheduler_job.py:639} INFO - DAG(s) dict_keys(['example_trigger_target_dag']) retrieved from /home/airflow/.local/lib/python3.6/site-packages/airflow/example_dags/example_trigger_target_dag.py
[2023-03-28 23:12:06,169] {logging_mixin.py:104} INFO - [2023-03-28 23:12:06,169] {dag.py:1818} INFO - Sync 1 DAGs
[2023-03-28 23:12:06,216] {logging_mixin.py:104} INFO - [2023-03-28 23:12:06,216] {dag.py:2273} INFO - Setting next_dagrun for example_trigger_target_dag to None
[2023-03-28 23:12:06,243] {scheduler_job.py:190} INFO - Processing /home/airflow/.local/lib/python3.6/site-packages/airflow/example_dags/example_trigger_target_dag.py took 0.209 seconds
[2023-03-28 23:12:36,441] {scheduler_job.py:182} INFO - Started process (PID=1659) to work on /home/airflow/.local/lib/python3.6/site-packages/airflow/example_dags/example_trigger_target_dag.py
[2023-03-28 23:12:36,448] {scheduler_job.py:629} INFO - Processing file /home/airflow/.local/lib/python3.6/site-packages/airflow/example_dags/example_trigger_target_dag.py for tasks to queue
[2023-03-28 23:12:36,451] {logging_mixin.py:104} INFO - [2023-03-28 23:12:36,451] {dagbag.py:448} INFO - Filling up the DagBag from /home/airflow/.local/lib/python3.6/site-packages/airflow/example_dags/example_trigger_target_dag.py
[2023-03-28 23:12:36,490] {scheduler_job.py:639} INFO - DAG(s) dict_keys(['example_trigger_target_dag']) retrieved from /home/airflow/.local/lib/python3.6/site-packages/airflow/example_dags/example_trigger_target_dag.py
[2023-03-28 23:12:36,539] {logging_mixin.py:104} INFO - [2023-03-28 23:12:36,538] {dag.py:1818} INFO - Sync 1 DAGs
[2023-03-28 23:12:36,583] {logging_mixin.py:104} INFO - [2023-03-28 23:12:36,583] {dag.py:2273} INFO - Setting next_dagrun for example_trigger_target_dag to None
[2023-03-28 23:12:36,611] {scheduler_job.py:190} INFO - Processing /home/airflow/.local/lib/python3.6/site-packages/airflow/example_dags/example_trigger_target_dag.py took 0.179 seconds
[2023-03-28 23:13:07,341] {scheduler_job.py:182} INFO - Started process (PID=1713) to work on /home/airflow/.local/lib/python3.6/site-packages/airflow/example_dags/example_trigger_target_dag.py
[2023-03-28 23:13:07,345] {scheduler_job.py:629} INFO - Processing file /home/airflow/.local/lib/python3.6/site-packages/airflow/example_dags/example_trigger_target_dag.py for tasks to queue
[2023-03-28 23:13:07,347] {logging_mixin.py:104} INFO - [2023-03-28 23:13:07,347] {dagbag.py:448} INFO - Filling up the DagBag from /home/airflow/.local/lib/python3.6/site-packages/airflow/example_dags/example_trigger_target_dag.py
[2023-03-28 23:13:07,384] {scheduler_job.py:639} INFO - DAG(s) dict_keys(['example_trigger_target_dag']) retrieved from /home/airflow/.local/lib/python3.6/site-packages/airflow/example_dags/example_trigger_target_dag.py
[2023-03-28 23:13:07,431] {logging_mixin.py:104} INFO - [2023-03-28 23:13:07,430] {dag.py:1818} INFO - Sync 1 DAGs
[2023-03-28 23:13:07,469] {logging_mixin.py:104} INFO - [2023-03-28 23:13:07,468] {dag.py:2273} INFO - Setting next_dagrun for example_trigger_target_dag to None
[2023-03-28 23:13:07,489] {scheduler_job.py:190} INFO - Processing /home/airflow/.local/lib/python3.6/site-packages/airflow/example_dags/example_trigger_target_dag.py took 0.155 seconds
