[2023-03-28 22:52:27,635] {scheduler_job.py:182} INFO - Started process (PID=86) to work on /home/airflow/.local/lib/python3.6/site-packages/airflow/example_dags/tutorial_etl_dag.py
[2023-03-28 22:52:27,639] {scheduler_job.py:629} INFO - Processing file /home/airflow/.local/lib/python3.6/site-packages/airflow/example_dags/tutorial_etl_dag.py for tasks to queue
[2023-03-28 22:52:27,641] {logging_mixin.py:104} INFO - [2023-03-28 22:52:27,641] {dagbag.py:448} INFO - Filling up the DagBag from /home/airflow/.local/lib/python3.6/site-packages/airflow/example_dags/tutorial_etl_dag.py
[2023-03-28 22:52:27,687] {scheduler_job.py:639} INFO - DAG(s) dict_keys(['tutorial_etl_dag']) retrieved from /home/airflow/.local/lib/python3.6/site-packages/airflow/example_dags/tutorial_etl_dag.py
[2023-03-28 22:52:27,747] {logging_mixin.py:104} INFO - [2023-03-28 22:52:27,746] {dag.py:1818} INFO - Sync 1 DAGs
[2023-03-28 22:52:27,776] {logging_mixin.py:104} INFO - [2023-03-28 22:52:27,776] {dag.py:1837} INFO - Creating ORM DAG for tutorial_etl_dag
[2023-03-28 22:52:27,792] {logging_mixin.py:104} INFO - [2023-03-28 22:52:27,792] {dag.py:2273} INFO - Setting next_dagrun for tutorial_etl_dag to None
[2023-03-28 22:52:27,828] {scheduler_job.py:190} INFO - Processing /home/airflow/.local/lib/python3.6/site-packages/airflow/example_dags/tutorial_etl_dag.py took 0.200 seconds
[2023-03-28 22:52:59,741] {scheduler_job.py:182} INFO - Started process (PID=134) to work on /home/airflow/.local/lib/python3.6/site-packages/airflow/example_dags/tutorial_etl_dag.py
[2023-03-28 22:52:59,748] {scheduler_job.py:629} INFO - Processing file /home/airflow/.local/lib/python3.6/site-packages/airflow/example_dags/tutorial_etl_dag.py for tasks to queue
[2023-03-28 22:52:59,751] {logging_mixin.py:104} INFO - [2023-03-28 22:52:59,751] {dagbag.py:448} INFO - Filling up the DagBag from /home/airflow/.local/lib/python3.6/site-packages/airflow/example_dags/tutorial_etl_dag.py
[2023-03-28 22:52:59,847] {scheduler_job.py:639} INFO - DAG(s) dict_keys(['tutorial_etl_dag']) retrieved from /home/airflow/.local/lib/python3.6/site-packages/airflow/example_dags/tutorial_etl_dag.py
[2023-03-28 22:52:59,963] {logging_mixin.py:104} INFO - [2023-03-28 22:52:59,962] {dag.py:1818} INFO - Sync 1 DAGs
[2023-03-28 22:53:00,081] {logging_mixin.py:104} INFO - [2023-03-28 22:53:00,080] {dag.py:2273} INFO - Setting next_dagrun for tutorial_etl_dag to None
[2023-03-28 22:53:00,130] {scheduler_job.py:190} INFO - Processing /home/airflow/.local/lib/python3.6/site-packages/airflow/example_dags/tutorial_etl_dag.py took 0.415 seconds
[2023-03-28 22:53:32,551] {scheduler_job.py:182} INFO - Started process (PID=194) to work on /home/airflow/.local/lib/python3.6/site-packages/airflow/example_dags/tutorial_etl_dag.py
[2023-03-28 22:53:32,558] {scheduler_job.py:629} INFO - Processing file /home/airflow/.local/lib/python3.6/site-packages/airflow/example_dags/tutorial_etl_dag.py for tasks to queue
[2023-03-28 22:53:32,561] {logging_mixin.py:104} INFO - [2023-03-28 22:53:32,560] {dagbag.py:448} INFO - Filling up the DagBag from /home/airflow/.local/lib/python3.6/site-packages/airflow/example_dags/tutorial_etl_dag.py
[2023-03-28 22:53:32,621] {scheduler_job.py:639} INFO - DAG(s) dict_keys(['tutorial_etl_dag']) retrieved from /home/airflow/.local/lib/python3.6/site-packages/airflow/example_dags/tutorial_etl_dag.py
[2023-03-28 22:53:32,720] {logging_mixin.py:104} INFO - [2023-03-28 22:53:32,719] {dag.py:1818} INFO - Sync 1 DAGs
[2023-03-28 22:53:32,783] {logging_mixin.py:104} INFO - [2023-03-28 22:53:32,783] {dag.py:2273} INFO - Setting next_dagrun for tutorial_etl_dag to None
[2023-03-28 22:53:32,840] {scheduler_job.py:190} INFO - Processing /home/airflow/.local/lib/python3.6/site-packages/airflow/example_dags/tutorial_etl_dag.py took 0.296 seconds
[2023-03-28 22:54:03,236] {scheduler_job.py:182} INFO - Started process (PID=248) to work on /home/airflow/.local/lib/python3.6/site-packages/airflow/example_dags/tutorial_etl_dag.py
[2023-03-28 22:54:03,240] {scheduler_job.py:629} INFO - Processing file /home/airflow/.local/lib/python3.6/site-packages/airflow/example_dags/tutorial_etl_dag.py for tasks to queue
[2023-03-28 22:54:03,243] {logging_mixin.py:104} INFO - [2023-03-28 22:54:03,242] {dagbag.py:448} INFO - Filling up the DagBag from /home/airflow/.local/lib/python3.6/site-packages/airflow/example_dags/tutorial_etl_dag.py
[2023-03-28 22:54:03,286] {scheduler_job.py:639} INFO - DAG(s) dict_keys(['tutorial_etl_dag']) retrieved from /home/airflow/.local/lib/python3.6/site-packages/airflow/example_dags/tutorial_etl_dag.py
[2023-03-28 22:54:03,339] {logging_mixin.py:104} INFO - [2023-03-28 22:54:03,338] {dag.py:1818} INFO - Sync 1 DAGs
[2023-03-28 22:54:03,382] {logging_mixin.py:104} INFO - [2023-03-28 22:54:03,382] {dag.py:2273} INFO - Setting next_dagrun for tutorial_etl_dag to None
[2023-03-28 22:54:03,405] {scheduler_job.py:190} INFO - Processing /home/airflow/.local/lib/python3.6/site-packages/airflow/example_dags/tutorial_etl_dag.py took 0.176 seconds
[2023-03-28 22:54:33,681] {scheduler_job.py:182} INFO - Started process (PID=300) to work on /home/airflow/.local/lib/python3.6/site-packages/airflow/example_dags/tutorial_etl_dag.py
[2023-03-28 22:54:33,685] {scheduler_job.py:629} INFO - Processing file /home/airflow/.local/lib/python3.6/site-packages/airflow/example_dags/tutorial_etl_dag.py for tasks to queue
[2023-03-28 22:54:33,687] {logging_mixin.py:104} INFO - [2023-03-28 22:54:33,687] {dagbag.py:448} INFO - Filling up the DagBag from /home/airflow/.local/lib/python3.6/site-packages/airflow/example_dags/tutorial_etl_dag.py
[2023-03-28 22:54:33,726] {scheduler_job.py:639} INFO - DAG(s) dict_keys(['tutorial_etl_dag']) retrieved from /home/airflow/.local/lib/python3.6/site-packages/airflow/example_dags/tutorial_etl_dag.py
[2023-03-28 22:54:33,776] {logging_mixin.py:104} INFO - [2023-03-28 22:54:33,775] {dag.py:1818} INFO - Sync 1 DAGs
[2023-03-28 22:54:33,820] {logging_mixin.py:104} INFO - [2023-03-28 22:54:33,820] {dag.py:2273} INFO - Setting next_dagrun for tutorial_etl_dag to None
[2023-03-28 22:54:33,844] {scheduler_job.py:190} INFO - Processing /home/airflow/.local/lib/python3.6/site-packages/airflow/example_dags/tutorial_etl_dag.py took 0.170 seconds
[2023-03-28 22:55:04,617] {scheduler_job.py:182} INFO - Started process (PID=358) to work on /home/airflow/.local/lib/python3.6/site-packages/airflow/example_dags/tutorial_etl_dag.py
[2023-03-28 22:55:04,622] {scheduler_job.py:629} INFO - Processing file /home/airflow/.local/lib/python3.6/site-packages/airflow/example_dags/tutorial_etl_dag.py for tasks to queue
[2023-03-28 22:55:04,624] {logging_mixin.py:104} INFO - [2023-03-28 22:55:04,623] {dagbag.py:448} INFO - Filling up the DagBag from /home/airflow/.local/lib/python3.6/site-packages/airflow/example_dags/tutorial_etl_dag.py
[2023-03-28 22:55:04,663] {scheduler_job.py:639} INFO - DAG(s) dict_keys(['tutorial_etl_dag']) retrieved from /home/airflow/.local/lib/python3.6/site-packages/airflow/example_dags/tutorial_etl_dag.py
[2023-03-28 22:55:04,730] {logging_mixin.py:104} INFO - [2023-03-28 22:55:04,730] {dag.py:1818} INFO - Sync 1 DAGs
[2023-03-28 22:55:04,775] {logging_mixin.py:104} INFO - [2023-03-28 22:55:04,775] {dag.py:2273} INFO - Setting next_dagrun for tutorial_etl_dag to None
[2023-03-28 22:55:04,800] {scheduler_job.py:190} INFO - Processing /home/airflow/.local/lib/python3.6/site-packages/airflow/example_dags/tutorial_etl_dag.py took 0.189 seconds
[2023-03-28 22:55:35,529] {scheduler_job.py:182} INFO - Started process (PID=414) to work on /home/airflow/.local/lib/python3.6/site-packages/airflow/example_dags/tutorial_etl_dag.py
[2023-03-28 22:55:35,533] {scheduler_job.py:629} INFO - Processing file /home/airflow/.local/lib/python3.6/site-packages/airflow/example_dags/tutorial_etl_dag.py for tasks to queue
[2023-03-28 22:55:35,535] {logging_mixin.py:104} INFO - [2023-03-28 22:55:35,534] {dagbag.py:448} INFO - Filling up the DagBag from /home/airflow/.local/lib/python3.6/site-packages/airflow/example_dags/tutorial_etl_dag.py
[2023-03-28 22:55:35,569] {scheduler_job.py:639} INFO - DAG(s) dict_keys(['tutorial_etl_dag']) retrieved from /home/airflow/.local/lib/python3.6/site-packages/airflow/example_dags/tutorial_etl_dag.py
[2023-03-28 22:55:35,626] {logging_mixin.py:104} INFO - [2023-03-28 22:55:35,625] {dag.py:1818} INFO - Sync 1 DAGs
[2023-03-28 22:55:35,676] {logging_mixin.py:104} INFO - [2023-03-28 22:55:35,675] {dag.py:2273} INFO - Setting next_dagrun for tutorial_etl_dag to None
[2023-03-28 22:55:35,699] {scheduler_job.py:190} INFO - Processing /home/airflow/.local/lib/python3.6/site-packages/airflow/example_dags/tutorial_etl_dag.py took 0.177 seconds
[2023-03-28 22:56:06,310] {scheduler_job.py:182} INFO - Started process (PID=470) to work on /home/airflow/.local/lib/python3.6/site-packages/airflow/example_dags/tutorial_etl_dag.py
[2023-03-28 22:56:06,313] {scheduler_job.py:629} INFO - Processing file /home/airflow/.local/lib/python3.6/site-packages/airflow/example_dags/tutorial_etl_dag.py for tasks to queue
[2023-03-28 22:56:06,315] {logging_mixin.py:104} INFO - [2023-03-28 22:56:06,315] {dagbag.py:448} INFO - Filling up the DagBag from /home/airflow/.local/lib/python3.6/site-packages/airflow/example_dags/tutorial_etl_dag.py
[2023-03-28 22:56:06,349] {scheduler_job.py:639} INFO - DAG(s) dict_keys(['tutorial_etl_dag']) retrieved from /home/airflow/.local/lib/python3.6/site-packages/airflow/example_dags/tutorial_etl_dag.py
[2023-03-28 22:56:06,398] {logging_mixin.py:104} INFO - [2023-03-28 22:56:06,398] {dag.py:1818} INFO - Sync 1 DAGs
[2023-03-28 22:56:06,436] {logging_mixin.py:104} INFO - [2023-03-28 22:56:06,436] {dag.py:2273} INFO - Setting next_dagrun for tutorial_etl_dag to None
[2023-03-28 22:56:06,457] {scheduler_job.py:190} INFO - Processing /home/airflow/.local/lib/python3.6/site-packages/airflow/example_dags/tutorial_etl_dag.py took 0.154 seconds
[2023-03-28 22:56:36,965] {scheduler_job.py:182} INFO - Started process (PID=524) to work on /home/airflow/.local/lib/python3.6/site-packages/airflow/example_dags/tutorial_etl_dag.py
[2023-03-28 22:56:36,969] {scheduler_job.py:629} INFO - Processing file /home/airflow/.local/lib/python3.6/site-packages/airflow/example_dags/tutorial_etl_dag.py for tasks to queue
[2023-03-28 22:56:36,971] {logging_mixin.py:104} INFO - [2023-03-28 22:56:36,971] {dagbag.py:448} INFO - Filling up the DagBag from /home/airflow/.local/lib/python3.6/site-packages/airflow/example_dags/tutorial_etl_dag.py
[2023-03-28 22:56:37,008] {scheduler_job.py:639} INFO - DAG(s) dict_keys(['tutorial_etl_dag']) retrieved from /home/airflow/.local/lib/python3.6/site-packages/airflow/example_dags/tutorial_etl_dag.py
[2023-03-28 22:56:37,055] {logging_mixin.py:104} INFO - [2023-03-28 22:56:37,054] {dag.py:1818} INFO - Sync 1 DAGs
[2023-03-28 22:56:37,094] {logging_mixin.py:104} INFO - [2023-03-28 22:56:37,094] {dag.py:2273} INFO - Setting next_dagrun for tutorial_etl_dag to None
[2023-03-28 22:56:37,116] {scheduler_job.py:190} INFO - Processing /home/airflow/.local/lib/python3.6/site-packages/airflow/example_dags/tutorial_etl_dag.py took 0.157 seconds
[2023-03-28 22:57:38,231] {scheduler_job.py:182} INFO - Started process (PID=49) to work on /home/airflow/.local/lib/python3.6/site-packages/airflow/example_dags/tutorial_etl_dag.py
[2023-03-28 22:57:38,238] {scheduler_job.py:629} INFO - Processing file /home/airflow/.local/lib/python3.6/site-packages/airflow/example_dags/tutorial_etl_dag.py for tasks to queue
[2023-03-28 22:57:38,251] {logging_mixin.py:104} INFO - [2023-03-28 22:57:38,248] {dagbag.py:448} INFO - Filling up the DagBag from /home/airflow/.local/lib/python3.6/site-packages/airflow/example_dags/tutorial_etl_dag.py
[2023-03-28 22:57:38,380] {scheduler_job.py:639} INFO - DAG(s) dict_keys(['tutorial_etl_dag']) retrieved from /home/airflow/.local/lib/python3.6/site-packages/airflow/example_dags/tutorial_etl_dag.py
[2023-03-28 22:57:38,648] {logging_mixin.py:104} INFO - [2023-03-28 22:57:38,647] {dag.py:1818} INFO - Sync 1 DAGs
[2023-03-28 22:57:38,784] {logging_mixin.py:104} INFO - [2023-03-28 22:57:38,784] {dag.py:2273} INFO - Setting next_dagrun for tutorial_etl_dag to None
[2023-03-28 22:57:38,869] {scheduler_job.py:190} INFO - Processing /home/airflow/.local/lib/python3.6/site-packages/airflow/example_dags/tutorial_etl_dag.py took 0.688 seconds
[2023-03-28 22:58:09,314] {scheduler_job.py:182} INFO - Started process (PID=103) to work on /home/airflow/.local/lib/python3.6/site-packages/airflow/example_dags/tutorial_etl_dag.py
[2023-03-28 22:58:09,318] {scheduler_job.py:629} INFO - Processing file /home/airflow/.local/lib/python3.6/site-packages/airflow/example_dags/tutorial_etl_dag.py for tasks to queue
[2023-03-28 22:58:09,321] {logging_mixin.py:104} INFO - [2023-03-28 22:58:09,320] {dagbag.py:448} INFO - Filling up the DagBag from /home/airflow/.local/lib/python3.6/site-packages/airflow/example_dags/tutorial_etl_dag.py
[2023-03-28 22:58:09,389] {scheduler_job.py:639} INFO - DAG(s) dict_keys(['tutorial_etl_dag']) retrieved from /home/airflow/.local/lib/python3.6/site-packages/airflow/example_dags/tutorial_etl_dag.py
[2023-03-28 22:58:09,456] {logging_mixin.py:104} INFO - [2023-03-28 22:58:09,455] {dag.py:1818} INFO - Sync 1 DAGs
[2023-03-28 22:58:09,509] {logging_mixin.py:104} INFO - [2023-03-28 22:58:09,508] {dag.py:2273} INFO - Setting next_dagrun for tutorial_etl_dag to None
[2023-03-28 22:58:09,560] {scheduler_job.py:190} INFO - Processing /home/airflow/.local/lib/python3.6/site-packages/airflow/example_dags/tutorial_etl_dag.py took 0.254 seconds
[2023-03-28 22:58:40,477] {scheduler_job.py:182} INFO - Started process (PID=161) to work on /home/airflow/.local/lib/python3.6/site-packages/airflow/example_dags/tutorial_etl_dag.py
[2023-03-28 22:58:40,482] {scheduler_job.py:629} INFO - Processing file /home/airflow/.local/lib/python3.6/site-packages/airflow/example_dags/tutorial_etl_dag.py for tasks to queue
[2023-03-28 22:58:40,488] {logging_mixin.py:104} INFO - [2023-03-28 22:58:40,488] {dagbag.py:448} INFO - Filling up the DagBag from /home/airflow/.local/lib/python3.6/site-packages/airflow/example_dags/tutorial_etl_dag.py
[2023-03-28 22:58:40,566] {scheduler_job.py:639} INFO - DAG(s) dict_keys(['tutorial_etl_dag']) retrieved from /home/airflow/.local/lib/python3.6/site-packages/airflow/example_dags/tutorial_etl_dag.py
[2023-03-28 22:58:40,631] {logging_mixin.py:104} INFO - [2023-03-28 22:58:40,631] {dag.py:1818} INFO - Sync 1 DAGs
[2023-03-28 22:58:40,693] {logging_mixin.py:104} INFO - [2023-03-28 22:58:40,692] {dag.py:2273} INFO - Setting next_dagrun for tutorial_etl_dag to None
[2023-03-28 22:58:40,750] {scheduler_job.py:190} INFO - Processing /home/airflow/.local/lib/python3.6/site-packages/airflow/example_dags/tutorial_etl_dag.py took 0.295 seconds
[2023-03-28 22:59:10,941] {scheduler_job.py:182} INFO - Started process (PID=215) to work on /home/airflow/.local/lib/python3.6/site-packages/airflow/example_dags/tutorial_etl_dag.py
[2023-03-28 22:59:10,944] {scheduler_job.py:629} INFO - Processing file /home/airflow/.local/lib/python3.6/site-packages/airflow/example_dags/tutorial_etl_dag.py for tasks to queue
[2023-03-28 22:59:10,948] {logging_mixin.py:104} INFO - [2023-03-28 22:59:10,948] {dagbag.py:448} INFO - Filling up the DagBag from /home/airflow/.local/lib/python3.6/site-packages/airflow/example_dags/tutorial_etl_dag.py
[2023-03-28 22:59:10,986] {scheduler_job.py:639} INFO - DAG(s) dict_keys(['tutorial_etl_dag']) retrieved from /home/airflow/.local/lib/python3.6/site-packages/airflow/example_dags/tutorial_etl_dag.py
[2023-03-28 22:59:11,034] {logging_mixin.py:104} INFO - [2023-03-28 22:59:11,034] {dag.py:1818} INFO - Sync 1 DAGs
[2023-03-28 22:59:11,074] {logging_mixin.py:104} INFO - [2023-03-28 22:59:11,074] {dag.py:2273} INFO - Setting next_dagrun for tutorial_etl_dag to None
[2023-03-28 22:59:11,096] {scheduler_job.py:190} INFO - Processing /home/airflow/.local/lib/python3.6/site-packages/airflow/example_dags/tutorial_etl_dag.py took 0.161 seconds
[2023-03-28 22:59:41,332] {scheduler_job.py:182} INFO - Started process (PID=269) to work on /home/airflow/.local/lib/python3.6/site-packages/airflow/example_dags/tutorial_etl_dag.py
[2023-03-28 22:59:41,339] {scheduler_job.py:629} INFO - Processing file /home/airflow/.local/lib/python3.6/site-packages/airflow/example_dags/tutorial_etl_dag.py for tasks to queue
[2023-03-28 22:59:41,342] {logging_mixin.py:104} INFO - [2023-03-28 22:59:41,342] {dagbag.py:448} INFO - Filling up the DagBag from /home/airflow/.local/lib/python3.6/site-packages/airflow/example_dags/tutorial_etl_dag.py
[2023-03-28 22:59:41,382] {scheduler_job.py:639} INFO - DAG(s) dict_keys(['tutorial_etl_dag']) retrieved from /home/airflow/.local/lib/python3.6/site-packages/airflow/example_dags/tutorial_etl_dag.py
[2023-03-28 22:59:41,436] {logging_mixin.py:104} INFO - [2023-03-28 22:59:41,435] {dag.py:1818} INFO - Sync 1 DAGs
[2023-03-28 22:59:41,484] {logging_mixin.py:104} INFO - [2023-03-28 22:59:41,484] {dag.py:2273} INFO - Setting next_dagrun for tutorial_etl_dag to None
[2023-03-28 22:59:41,508] {scheduler_job.py:190} INFO - Processing /home/airflow/.local/lib/python3.6/site-packages/airflow/example_dags/tutorial_etl_dag.py took 0.183 seconds
[2023-03-28 23:00:11,918] {scheduler_job.py:182} INFO - Started process (PID=323) to work on /home/airflow/.local/lib/python3.6/site-packages/airflow/example_dags/tutorial_etl_dag.py
[2023-03-28 23:00:11,926] {scheduler_job.py:629} INFO - Processing file /home/airflow/.local/lib/python3.6/site-packages/airflow/example_dags/tutorial_etl_dag.py for tasks to queue
[2023-03-28 23:00:11,928] {logging_mixin.py:104} INFO - [2023-03-28 23:00:11,928] {dagbag.py:448} INFO - Filling up the DagBag from /home/airflow/.local/lib/python3.6/site-packages/airflow/example_dags/tutorial_etl_dag.py
[2023-03-28 23:00:11,962] {scheduler_job.py:639} INFO - DAG(s) dict_keys(['tutorial_etl_dag']) retrieved from /home/airflow/.local/lib/python3.6/site-packages/airflow/example_dags/tutorial_etl_dag.py
[2023-03-28 23:00:12,010] {logging_mixin.py:104} INFO - [2023-03-28 23:00:12,009] {dag.py:1818} INFO - Sync 1 DAGs
[2023-03-28 23:00:12,055] {logging_mixin.py:104} INFO - [2023-03-28 23:00:12,054] {dag.py:2273} INFO - Setting next_dagrun for tutorial_etl_dag to None
[2023-03-28 23:00:12,077] {scheduler_job.py:190} INFO - Processing /home/airflow/.local/lib/python3.6/site-packages/airflow/example_dags/tutorial_etl_dag.py took 0.165 seconds
[2023-03-28 23:00:42,524] {scheduler_job.py:182} INFO - Started process (PID=375) to work on /home/airflow/.local/lib/python3.6/site-packages/airflow/example_dags/tutorial_etl_dag.py
[2023-03-28 23:00:42,527] {scheduler_job.py:629} INFO - Processing file /home/airflow/.local/lib/python3.6/site-packages/airflow/example_dags/tutorial_etl_dag.py for tasks to queue
[2023-03-28 23:00:42,529] {logging_mixin.py:104} INFO - [2023-03-28 23:00:42,529] {dagbag.py:448} INFO - Filling up the DagBag from /home/airflow/.local/lib/python3.6/site-packages/airflow/example_dags/tutorial_etl_dag.py
[2023-03-28 23:00:42,574] {scheduler_job.py:639} INFO - DAG(s) dict_keys(['tutorial_etl_dag']) retrieved from /home/airflow/.local/lib/python3.6/site-packages/airflow/example_dags/tutorial_etl_dag.py
[2023-03-28 23:00:42,624] {logging_mixin.py:104} INFO - [2023-03-28 23:00:42,624] {dag.py:1818} INFO - Sync 1 DAGs
[2023-03-28 23:00:42,671] {logging_mixin.py:104} INFO - [2023-03-28 23:00:42,671] {dag.py:2273} INFO - Setting next_dagrun for tutorial_etl_dag to None
[2023-03-28 23:00:42,694] {scheduler_job.py:190} INFO - Processing /home/airflow/.local/lib/python3.6/site-packages/airflow/example_dags/tutorial_etl_dag.py took 0.177 seconds
[2023-03-28 23:01:12,984] {scheduler_job.py:182} INFO - Started process (PID=431) to work on /home/airflow/.local/lib/python3.6/site-packages/airflow/example_dags/tutorial_etl_dag.py
[2023-03-28 23:01:12,988] {scheduler_job.py:629} INFO - Processing file /home/airflow/.local/lib/python3.6/site-packages/airflow/example_dags/tutorial_etl_dag.py for tasks to queue
[2023-03-28 23:01:12,990] {logging_mixin.py:104} INFO - [2023-03-28 23:01:12,990] {dagbag.py:448} INFO - Filling up the DagBag from /home/airflow/.local/lib/python3.6/site-packages/airflow/example_dags/tutorial_etl_dag.py
[2023-03-28 23:01:13,028] {scheduler_job.py:639} INFO - DAG(s) dict_keys(['tutorial_etl_dag']) retrieved from /home/airflow/.local/lib/python3.6/site-packages/airflow/example_dags/tutorial_etl_dag.py
[2023-03-28 23:01:13,078] {logging_mixin.py:104} INFO - [2023-03-28 23:01:13,078] {dag.py:1818} INFO - Sync 1 DAGs
[2023-03-28 23:01:13,122] {logging_mixin.py:104} INFO - [2023-03-28 23:01:13,121] {dag.py:2273} INFO - Setting next_dagrun for tutorial_etl_dag to None
[2023-03-28 23:01:13,143] {scheduler_job.py:190} INFO - Processing /home/airflow/.local/lib/python3.6/site-packages/airflow/example_dags/tutorial_etl_dag.py took 0.168 seconds
[2023-03-28 23:01:43,463] {scheduler_job.py:182} INFO - Started process (PID=485) to work on /home/airflow/.local/lib/python3.6/site-packages/airflow/example_dags/tutorial_etl_dag.py
[2023-03-28 23:01:43,467] {scheduler_job.py:629} INFO - Processing file /home/airflow/.local/lib/python3.6/site-packages/airflow/example_dags/tutorial_etl_dag.py for tasks to queue
[2023-03-28 23:01:43,469] {logging_mixin.py:104} INFO - [2023-03-28 23:01:43,468] {dagbag.py:448} INFO - Filling up the DagBag from /home/airflow/.local/lib/python3.6/site-packages/airflow/example_dags/tutorial_etl_dag.py
[2023-03-28 23:01:43,505] {scheduler_job.py:639} INFO - DAG(s) dict_keys(['tutorial_etl_dag']) retrieved from /home/airflow/.local/lib/python3.6/site-packages/airflow/example_dags/tutorial_etl_dag.py
[2023-03-28 23:01:43,554] {logging_mixin.py:104} INFO - [2023-03-28 23:01:43,554] {dag.py:1818} INFO - Sync 1 DAGs
[2023-03-28 23:01:43,597] {logging_mixin.py:104} INFO - [2023-03-28 23:01:43,596] {dag.py:2273} INFO - Setting next_dagrun for tutorial_etl_dag to None
[2023-03-28 23:01:43,621] {scheduler_job.py:190} INFO - Processing /home/airflow/.local/lib/python3.6/site-packages/airflow/example_dags/tutorial_etl_dag.py took 0.164 seconds
[2023-03-28 23:02:14,002] {scheduler_job.py:182} INFO - Started process (PID=539) to work on /home/airflow/.local/lib/python3.6/site-packages/airflow/example_dags/tutorial_etl_dag.py
[2023-03-28 23:02:14,006] {scheduler_job.py:629} INFO - Processing file /home/airflow/.local/lib/python3.6/site-packages/airflow/example_dags/tutorial_etl_dag.py for tasks to queue
[2023-03-28 23:02:14,007] {logging_mixin.py:104} INFO - [2023-03-28 23:02:14,007] {dagbag.py:448} INFO - Filling up the DagBag from /home/airflow/.local/lib/python3.6/site-packages/airflow/example_dags/tutorial_etl_dag.py
[2023-03-28 23:02:14,040] {scheduler_job.py:639} INFO - DAG(s) dict_keys(['tutorial_etl_dag']) retrieved from /home/airflow/.local/lib/python3.6/site-packages/airflow/example_dags/tutorial_etl_dag.py
[2023-03-28 23:02:14,088] {logging_mixin.py:104} INFO - [2023-03-28 23:02:14,088] {dag.py:1818} INFO - Sync 1 DAGs
[2023-03-28 23:02:14,134] {logging_mixin.py:104} INFO - [2023-03-28 23:02:14,134] {dag.py:2273} INFO - Setting next_dagrun for tutorial_etl_dag to None
[2023-03-28 23:02:14,154] {scheduler_job.py:190} INFO - Processing /home/airflow/.local/lib/python3.6/site-packages/airflow/example_dags/tutorial_etl_dag.py took 0.158 seconds
[2023-03-28 23:02:44,545] {scheduler_job.py:182} INFO - Started process (PID=593) to work on /home/airflow/.local/lib/python3.6/site-packages/airflow/example_dags/tutorial_etl_dag.py
[2023-03-28 23:02:44,550] {scheduler_job.py:629} INFO - Processing file /home/airflow/.local/lib/python3.6/site-packages/airflow/example_dags/tutorial_etl_dag.py for tasks to queue
[2023-03-28 23:02:44,554] {logging_mixin.py:104} INFO - [2023-03-28 23:02:44,553] {dagbag.py:448} INFO - Filling up the DagBag from /home/airflow/.local/lib/python3.6/site-packages/airflow/example_dags/tutorial_etl_dag.py
[2023-03-28 23:02:44,596] {scheduler_job.py:639} INFO - DAG(s) dict_keys(['tutorial_etl_dag']) retrieved from /home/airflow/.local/lib/python3.6/site-packages/airflow/example_dags/tutorial_etl_dag.py
[2023-03-28 23:02:44,644] {logging_mixin.py:104} INFO - [2023-03-28 23:02:44,644] {dag.py:1818} INFO - Sync 1 DAGs
[2023-03-28 23:02:44,686] {logging_mixin.py:104} INFO - [2023-03-28 23:02:44,686] {dag.py:2273} INFO - Setting next_dagrun for tutorial_etl_dag to None
[2023-03-28 23:02:44,709] {scheduler_job.py:190} INFO - Processing /home/airflow/.local/lib/python3.6/site-packages/airflow/example_dags/tutorial_etl_dag.py took 0.171 seconds
[2023-03-28 23:03:15,341] {scheduler_job.py:182} INFO - Started process (PID=643) to work on /home/airflow/.local/lib/python3.6/site-packages/airflow/example_dags/tutorial_etl_dag.py
[2023-03-28 23:03:15,346] {scheduler_job.py:629} INFO - Processing file /home/airflow/.local/lib/python3.6/site-packages/airflow/example_dags/tutorial_etl_dag.py for tasks to queue
[2023-03-28 23:03:15,349] {logging_mixin.py:104} INFO - [2023-03-28 23:03:15,349] {dagbag.py:448} INFO - Filling up the DagBag from /home/airflow/.local/lib/python3.6/site-packages/airflow/example_dags/tutorial_etl_dag.py
[2023-03-28 23:03:15,389] {scheduler_job.py:639} INFO - DAG(s) dict_keys(['tutorial_etl_dag']) retrieved from /home/airflow/.local/lib/python3.6/site-packages/airflow/example_dags/tutorial_etl_dag.py
[2023-03-28 23:03:15,441] {logging_mixin.py:104} INFO - [2023-03-28 23:03:15,441] {dag.py:1818} INFO - Sync 1 DAGs
[2023-03-28 23:03:15,484] {logging_mixin.py:104} INFO - [2023-03-28 23:03:15,484] {dag.py:2273} INFO - Setting next_dagrun for tutorial_etl_dag to None
[2023-03-28 23:03:15,508] {scheduler_job.py:190} INFO - Processing /home/airflow/.local/lib/python3.6/site-packages/airflow/example_dags/tutorial_etl_dag.py took 0.175 seconds
[2023-03-28 23:03:45,991] {scheduler_job.py:182} INFO - Started process (PID=699) to work on /home/airflow/.local/lib/python3.6/site-packages/airflow/example_dags/tutorial_etl_dag.py
[2023-03-28 23:03:45,994] {scheduler_job.py:629} INFO - Processing file /home/airflow/.local/lib/python3.6/site-packages/airflow/example_dags/tutorial_etl_dag.py for tasks to queue
[2023-03-28 23:03:45,996] {logging_mixin.py:104} INFO - [2023-03-28 23:03:45,996] {dagbag.py:448} INFO - Filling up the DagBag from /home/airflow/.local/lib/python3.6/site-packages/airflow/example_dags/tutorial_etl_dag.py
[2023-03-28 23:03:46,032] {scheduler_job.py:639} INFO - DAG(s) dict_keys(['tutorial_etl_dag']) retrieved from /home/airflow/.local/lib/python3.6/site-packages/airflow/example_dags/tutorial_etl_dag.py
[2023-03-28 23:03:46,085] {logging_mixin.py:104} INFO - [2023-03-28 23:03:46,085] {dag.py:1818} INFO - Sync 1 DAGs
[2023-03-28 23:03:46,131] {logging_mixin.py:104} INFO - [2023-03-28 23:03:46,130] {dag.py:2273} INFO - Setting next_dagrun for tutorial_etl_dag to None
[2023-03-28 23:03:46,156] {scheduler_job.py:190} INFO - Processing /home/airflow/.local/lib/python3.6/site-packages/airflow/example_dags/tutorial_etl_dag.py took 0.172 seconds
[2023-03-28 23:04:16,651] {scheduler_job.py:182} INFO - Started process (PID=753) to work on /home/airflow/.local/lib/python3.6/site-packages/airflow/example_dags/tutorial_etl_dag.py
[2023-03-28 23:04:16,659] {scheduler_job.py:629} INFO - Processing file /home/airflow/.local/lib/python3.6/site-packages/airflow/example_dags/tutorial_etl_dag.py for tasks to queue
[2023-03-28 23:04:16,662] {logging_mixin.py:104} INFO - [2023-03-28 23:04:16,661] {dagbag.py:448} INFO - Filling up the DagBag from /home/airflow/.local/lib/python3.6/site-packages/airflow/example_dags/tutorial_etl_dag.py
[2023-03-28 23:04:16,708] {scheduler_job.py:639} INFO - DAG(s) dict_keys(['tutorial_etl_dag']) retrieved from /home/airflow/.local/lib/python3.6/site-packages/airflow/example_dags/tutorial_etl_dag.py
[2023-03-28 23:04:16,767] {logging_mixin.py:104} INFO - [2023-03-28 23:04:16,766] {dag.py:1818} INFO - Sync 1 DAGs
[2023-03-28 23:04:16,817] {logging_mixin.py:104} INFO - [2023-03-28 23:04:16,817] {dag.py:2273} INFO - Setting next_dagrun for tutorial_etl_dag to None
[2023-03-28 23:04:16,855] {scheduler_job.py:190} INFO - Processing /home/airflow/.local/lib/python3.6/site-packages/airflow/example_dags/tutorial_etl_dag.py took 0.230 seconds
[2023-03-28 23:04:47,285] {scheduler_job.py:182} INFO - Started process (PID=807) to work on /home/airflow/.local/lib/python3.6/site-packages/airflow/example_dags/tutorial_etl_dag.py
[2023-03-28 23:04:47,295] {scheduler_job.py:629} INFO - Processing file /home/airflow/.local/lib/python3.6/site-packages/airflow/example_dags/tutorial_etl_dag.py for tasks to queue
[2023-03-28 23:04:47,299] {logging_mixin.py:104} INFO - [2023-03-28 23:04:47,299] {dagbag.py:448} INFO - Filling up the DagBag from /home/airflow/.local/lib/python3.6/site-packages/airflow/example_dags/tutorial_etl_dag.py
[2023-03-28 23:04:47,338] {scheduler_job.py:639} INFO - DAG(s) dict_keys(['tutorial_etl_dag']) retrieved from /home/airflow/.local/lib/python3.6/site-packages/airflow/example_dags/tutorial_etl_dag.py
[2023-03-28 23:04:47,389] {logging_mixin.py:104} INFO - [2023-03-28 23:04:47,388] {dag.py:1818} INFO - Sync 1 DAGs
[2023-03-28 23:04:47,441] {logging_mixin.py:104} INFO - [2023-03-28 23:04:47,441] {dag.py:2273} INFO - Setting next_dagrun for tutorial_etl_dag to None
[2023-03-28 23:04:47,476] {scheduler_job.py:190} INFO - Processing /home/airflow/.local/lib/python3.6/site-packages/airflow/example_dags/tutorial_etl_dag.py took 0.199 seconds
[2023-03-28 23:05:17,924] {scheduler_job.py:182} INFO - Started process (PID=861) to work on /home/airflow/.local/lib/python3.6/site-packages/airflow/example_dags/tutorial_etl_dag.py
[2023-03-28 23:05:17,928] {scheduler_job.py:629} INFO - Processing file /home/airflow/.local/lib/python3.6/site-packages/airflow/example_dags/tutorial_etl_dag.py for tasks to queue
[2023-03-28 23:05:17,931] {logging_mixin.py:104} INFO - [2023-03-28 23:05:17,930] {dagbag.py:448} INFO - Filling up the DagBag from /home/airflow/.local/lib/python3.6/site-packages/airflow/example_dags/tutorial_etl_dag.py
[2023-03-28 23:05:17,972] {scheduler_job.py:639} INFO - DAG(s) dict_keys(['tutorial_etl_dag']) retrieved from /home/airflow/.local/lib/python3.6/site-packages/airflow/example_dags/tutorial_etl_dag.py
[2023-03-28 23:05:18,150] {logging_mixin.py:104} INFO - [2023-03-28 23:05:18,149] {dag.py:1818} INFO - Sync 1 DAGs
[2023-03-28 23:05:18,245] {logging_mixin.py:104} INFO - [2023-03-28 23:05:18,245] {dag.py:2273} INFO - Setting next_dagrun for tutorial_etl_dag to None
[2023-03-28 23:05:18,286] {scheduler_job.py:190} INFO - Processing /home/airflow/.local/lib/python3.6/site-packages/airflow/example_dags/tutorial_etl_dag.py took 0.369 seconds
[2023-03-28 23:05:48,737] {scheduler_job.py:182} INFO - Started process (PID=915) to work on /home/airflow/.local/lib/python3.6/site-packages/airflow/example_dags/tutorial_etl_dag.py
[2023-03-28 23:05:48,741] {scheduler_job.py:629} INFO - Processing file /home/airflow/.local/lib/python3.6/site-packages/airflow/example_dags/tutorial_etl_dag.py for tasks to queue
[2023-03-28 23:05:48,743] {logging_mixin.py:104} INFO - [2023-03-28 23:05:48,743] {dagbag.py:448} INFO - Filling up the DagBag from /home/airflow/.local/lib/python3.6/site-packages/airflow/example_dags/tutorial_etl_dag.py
[2023-03-28 23:05:48,778] {scheduler_job.py:639} INFO - DAG(s) dict_keys(['tutorial_etl_dag']) retrieved from /home/airflow/.local/lib/python3.6/site-packages/airflow/example_dags/tutorial_etl_dag.py
[2023-03-28 23:05:48,834] {logging_mixin.py:104} INFO - [2023-03-28 23:05:48,833] {dag.py:1818} INFO - Sync 1 DAGs
[2023-03-28 23:05:48,883] {logging_mixin.py:104} INFO - [2023-03-28 23:05:48,882] {dag.py:2273} INFO - Setting next_dagrun for tutorial_etl_dag to None
[2023-03-28 23:05:48,913] {scheduler_job.py:190} INFO - Processing /home/airflow/.local/lib/python3.6/site-packages/airflow/example_dags/tutorial_etl_dag.py took 0.182 seconds
[2023-03-28 23:06:19,358] {scheduler_job.py:182} INFO - Started process (PID=969) to work on /home/airflow/.local/lib/python3.6/site-packages/airflow/example_dags/tutorial_etl_dag.py
[2023-03-28 23:06:19,362] {scheduler_job.py:629} INFO - Processing file /home/airflow/.local/lib/python3.6/site-packages/airflow/example_dags/tutorial_etl_dag.py for tasks to queue
[2023-03-28 23:06:19,364] {logging_mixin.py:104} INFO - [2023-03-28 23:06:19,364] {dagbag.py:448} INFO - Filling up the DagBag from /home/airflow/.local/lib/python3.6/site-packages/airflow/example_dags/tutorial_etl_dag.py
[2023-03-28 23:06:19,402] {scheduler_job.py:639} INFO - DAG(s) dict_keys(['tutorial_etl_dag']) retrieved from /home/airflow/.local/lib/python3.6/site-packages/airflow/example_dags/tutorial_etl_dag.py
[2023-03-28 23:06:19,451] {logging_mixin.py:104} INFO - [2023-03-28 23:06:19,451] {dag.py:1818} INFO - Sync 1 DAGs
[2023-03-28 23:06:19,511] {logging_mixin.py:104} INFO - [2023-03-28 23:06:19,510] {dag.py:2273} INFO - Setting next_dagrun for tutorial_etl_dag to None
[2023-03-28 23:06:19,540] {scheduler_job.py:190} INFO - Processing /home/airflow/.local/lib/python3.6/site-packages/airflow/example_dags/tutorial_etl_dag.py took 0.189 seconds
[2023-03-28 23:06:49,792] {scheduler_job.py:182} INFO - Started process (PID=1023) to work on /home/airflow/.local/lib/python3.6/site-packages/airflow/example_dags/tutorial_etl_dag.py
[2023-03-28 23:06:49,796] {scheduler_job.py:629} INFO - Processing file /home/airflow/.local/lib/python3.6/site-packages/airflow/example_dags/tutorial_etl_dag.py for tasks to queue
[2023-03-28 23:06:49,798] {logging_mixin.py:104} INFO - [2023-03-28 23:06:49,798] {dagbag.py:448} INFO - Filling up the DagBag from /home/airflow/.local/lib/python3.6/site-packages/airflow/example_dags/tutorial_etl_dag.py
[2023-03-28 23:06:49,834] {scheduler_job.py:639} INFO - DAG(s) dict_keys(['tutorial_etl_dag']) retrieved from /home/airflow/.local/lib/python3.6/site-packages/airflow/example_dags/tutorial_etl_dag.py
[2023-03-28 23:06:49,882] {logging_mixin.py:104} INFO - [2023-03-28 23:06:49,881] {dag.py:1818} INFO - Sync 1 DAGs
[2023-03-28 23:06:49,926] {logging_mixin.py:104} INFO - [2023-03-28 23:06:49,925] {dag.py:2273} INFO - Setting next_dagrun for tutorial_etl_dag to None
[2023-03-28 23:06:49,956] {scheduler_job.py:190} INFO - Processing /home/airflow/.local/lib/python3.6/site-packages/airflow/example_dags/tutorial_etl_dag.py took 0.170 seconds
[2023-03-28 23:07:20,898] {scheduler_job.py:182} INFO - Started process (PID=1079) to work on /home/airflow/.local/lib/python3.6/site-packages/airflow/example_dags/tutorial_etl_dag.py
[2023-03-28 23:07:20,901] {scheduler_job.py:629} INFO - Processing file /home/airflow/.local/lib/python3.6/site-packages/airflow/example_dags/tutorial_etl_dag.py for tasks to queue
[2023-03-28 23:07:20,903] {logging_mixin.py:104} INFO - [2023-03-28 23:07:20,903] {dagbag.py:448} INFO - Filling up the DagBag from /home/airflow/.local/lib/python3.6/site-packages/airflow/example_dags/tutorial_etl_dag.py
[2023-03-28 23:07:20,936] {scheduler_job.py:639} INFO - DAG(s) dict_keys(['tutorial_etl_dag']) retrieved from /home/airflow/.local/lib/python3.6/site-packages/airflow/example_dags/tutorial_etl_dag.py
[2023-03-28 23:07:20,985] {logging_mixin.py:104} INFO - [2023-03-28 23:07:20,985] {dag.py:1818} INFO - Sync 1 DAGs
[2023-03-28 23:07:21,028] {logging_mixin.py:104} INFO - [2023-03-28 23:07:21,028] {dag.py:2273} INFO - Setting next_dagrun for tutorial_etl_dag to None
[2023-03-28 23:07:21,048] {scheduler_job.py:190} INFO - Processing /home/airflow/.local/lib/python3.6/site-packages/airflow/example_dags/tutorial_etl_dag.py took 0.156 seconds
[2023-03-28 23:07:51,502] {scheduler_job.py:182} INFO - Started process (PID=1133) to work on /home/airflow/.local/lib/python3.6/site-packages/airflow/example_dags/tutorial_etl_dag.py
[2023-03-28 23:07:51,505] {scheduler_job.py:629} INFO - Processing file /home/airflow/.local/lib/python3.6/site-packages/airflow/example_dags/tutorial_etl_dag.py for tasks to queue
[2023-03-28 23:07:51,507] {logging_mixin.py:104} INFO - [2023-03-28 23:07:51,507] {dagbag.py:448} INFO - Filling up the DagBag from /home/airflow/.local/lib/python3.6/site-packages/airflow/example_dags/tutorial_etl_dag.py
[2023-03-28 23:07:51,549] {scheduler_job.py:639} INFO - DAG(s) dict_keys(['tutorial_etl_dag']) retrieved from /home/airflow/.local/lib/python3.6/site-packages/airflow/example_dags/tutorial_etl_dag.py
[2023-03-28 23:07:51,603] {logging_mixin.py:104} INFO - [2023-03-28 23:07:51,602] {dag.py:1818} INFO - Sync 1 DAGs
[2023-03-28 23:07:51,645] {logging_mixin.py:104} INFO - [2023-03-28 23:07:51,645] {dag.py:2273} INFO - Setting next_dagrun for tutorial_etl_dag to None
[2023-03-28 23:07:51,665] {scheduler_job.py:190} INFO - Processing /home/airflow/.local/lib/python3.6/site-packages/airflow/example_dags/tutorial_etl_dag.py took 0.170 seconds
[2023-03-28 23:08:22,045] {scheduler_job.py:182} INFO - Started process (PID=1187) to work on /home/airflow/.local/lib/python3.6/site-packages/airflow/example_dags/tutorial_etl_dag.py
[2023-03-28 23:08:22,048] {scheduler_job.py:629} INFO - Processing file /home/airflow/.local/lib/python3.6/site-packages/airflow/example_dags/tutorial_etl_dag.py for tasks to queue
[2023-03-28 23:08:22,050] {logging_mixin.py:104} INFO - [2023-03-28 23:08:22,050] {dagbag.py:448} INFO - Filling up the DagBag from /home/airflow/.local/lib/python3.6/site-packages/airflow/example_dags/tutorial_etl_dag.py
[2023-03-28 23:08:22,084] {scheduler_job.py:639} INFO - DAG(s) dict_keys(['tutorial_etl_dag']) retrieved from /home/airflow/.local/lib/python3.6/site-packages/airflow/example_dags/tutorial_etl_dag.py
[2023-03-28 23:08:22,129] {logging_mixin.py:104} INFO - [2023-03-28 23:08:22,129] {dag.py:1818} INFO - Sync 1 DAGs
[2023-03-28 23:08:22,170] {logging_mixin.py:104} INFO - [2023-03-28 23:08:22,170] {dag.py:2273} INFO - Setting next_dagrun for tutorial_etl_dag to None
[2023-03-28 23:08:22,190] {scheduler_job.py:190} INFO - Processing /home/airflow/.local/lib/python3.6/site-packages/airflow/example_dags/tutorial_etl_dag.py took 0.152 seconds
[2023-03-28 23:08:52,603] {scheduler_job.py:182} INFO - Started process (PID=1241) to work on /home/airflow/.local/lib/python3.6/site-packages/airflow/example_dags/tutorial_etl_dag.py
[2023-03-28 23:08:52,607] {scheduler_job.py:629} INFO - Processing file /home/airflow/.local/lib/python3.6/site-packages/airflow/example_dags/tutorial_etl_dag.py for tasks to queue
[2023-03-28 23:08:52,609] {logging_mixin.py:104} INFO - [2023-03-28 23:08:52,609] {dagbag.py:448} INFO - Filling up the DagBag from /home/airflow/.local/lib/python3.6/site-packages/airflow/example_dags/tutorial_etl_dag.py
[2023-03-28 23:08:52,646] {scheduler_job.py:639} INFO - DAG(s) dict_keys(['tutorial_etl_dag']) retrieved from /home/airflow/.local/lib/python3.6/site-packages/airflow/example_dags/tutorial_etl_dag.py
[2023-03-28 23:08:52,693] {logging_mixin.py:104} INFO - [2023-03-28 23:08:52,693] {dag.py:1818} INFO - Sync 1 DAGs
[2023-03-28 23:08:52,735] {logging_mixin.py:104} INFO - [2023-03-28 23:08:52,734] {dag.py:2273} INFO - Setting next_dagrun for tutorial_etl_dag to None
[2023-03-28 23:08:52,754] {scheduler_job.py:190} INFO - Processing /home/airflow/.local/lib/python3.6/site-packages/airflow/example_dags/tutorial_etl_dag.py took 0.159 seconds
[2023-03-28 23:09:23,549] {scheduler_job.py:182} INFO - Started process (PID=1295) to work on /home/airflow/.local/lib/python3.6/site-packages/airflow/example_dags/tutorial_etl_dag.py
[2023-03-28 23:09:23,553] {scheduler_job.py:629} INFO - Processing file /home/airflow/.local/lib/python3.6/site-packages/airflow/example_dags/tutorial_etl_dag.py for tasks to queue
[2023-03-28 23:09:23,555] {logging_mixin.py:104} INFO - [2023-03-28 23:09:23,554] {dagbag.py:448} INFO - Filling up the DagBag from /home/airflow/.local/lib/python3.6/site-packages/airflow/example_dags/tutorial_etl_dag.py
[2023-03-28 23:09:23,587] {scheduler_job.py:639} INFO - DAG(s) dict_keys(['tutorial_etl_dag']) retrieved from /home/airflow/.local/lib/python3.6/site-packages/airflow/example_dags/tutorial_etl_dag.py
[2023-03-28 23:09:23,634] {logging_mixin.py:104} INFO - [2023-03-28 23:09:23,634] {dag.py:1818} INFO - Sync 1 DAGs
[2023-03-28 23:09:23,678] {logging_mixin.py:104} INFO - [2023-03-28 23:09:23,678] {dag.py:2273} INFO - Setting next_dagrun for tutorial_etl_dag to None
[2023-03-28 23:09:23,697] {scheduler_job.py:190} INFO - Processing /home/airflow/.local/lib/python3.6/site-packages/airflow/example_dags/tutorial_etl_dag.py took 0.154 seconds
[2023-03-28 23:09:54,816] {scheduler_job.py:182} INFO - Started process (PID=1349) to work on /home/airflow/.local/lib/python3.6/site-packages/airflow/example_dags/tutorial_etl_dag.py
[2023-03-28 23:09:54,820] {scheduler_job.py:629} INFO - Processing file /home/airflow/.local/lib/python3.6/site-packages/airflow/example_dags/tutorial_etl_dag.py for tasks to queue
[2023-03-28 23:09:54,822] {logging_mixin.py:104} INFO - [2023-03-28 23:09:54,822] {dagbag.py:448} INFO - Filling up the DagBag from /home/airflow/.local/lib/python3.6/site-packages/airflow/example_dags/tutorial_etl_dag.py
[2023-03-28 23:09:54,855] {scheduler_job.py:639} INFO - DAG(s) dict_keys(['tutorial_etl_dag']) retrieved from /home/airflow/.local/lib/python3.6/site-packages/airflow/example_dags/tutorial_etl_dag.py
[2023-03-28 23:09:54,903] {logging_mixin.py:104} INFO - [2023-03-28 23:09:54,903] {dag.py:1818} INFO - Sync 1 DAGs
[2023-03-28 23:09:54,941] {logging_mixin.py:104} INFO - [2023-03-28 23:09:54,941] {dag.py:2273} INFO - Setting next_dagrun for tutorial_etl_dag to None
[2023-03-28 23:09:54,960] {scheduler_job.py:190} INFO - Processing /home/airflow/.local/lib/python3.6/site-packages/airflow/example_dags/tutorial_etl_dag.py took 0.151 seconds
[2023-03-28 23:10:25,523] {scheduler_job.py:182} INFO - Started process (PID=1403) to work on /home/airflow/.local/lib/python3.6/site-packages/airflow/example_dags/tutorial_etl_dag.py
[2023-03-28 23:10:25,526] {scheduler_job.py:629} INFO - Processing file /home/airflow/.local/lib/python3.6/site-packages/airflow/example_dags/tutorial_etl_dag.py for tasks to queue
[2023-03-28 23:10:25,528] {logging_mixin.py:104} INFO - [2023-03-28 23:10:25,528] {dagbag.py:448} INFO - Filling up the DagBag from /home/airflow/.local/lib/python3.6/site-packages/airflow/example_dags/tutorial_etl_dag.py
[2023-03-28 23:10:25,561] {scheduler_job.py:639} INFO - DAG(s) dict_keys(['tutorial_etl_dag']) retrieved from /home/airflow/.local/lib/python3.6/site-packages/airflow/example_dags/tutorial_etl_dag.py
[2023-03-28 23:10:25,617] {logging_mixin.py:104} INFO - [2023-03-28 23:10:25,616] {dag.py:1818} INFO - Sync 1 DAGs
[2023-03-28 23:10:25,660] {logging_mixin.py:104} INFO - [2023-03-28 23:10:25,660] {dag.py:2273} INFO - Setting next_dagrun for tutorial_etl_dag to None
[2023-03-28 23:10:25,681] {scheduler_job.py:190} INFO - Processing /home/airflow/.local/lib/python3.6/site-packages/airflow/example_dags/tutorial_etl_dag.py took 0.165 seconds
[2023-03-28 23:10:55,890] {scheduler_job.py:182} INFO - Started process (PID=1457) to work on /home/airflow/.local/lib/python3.6/site-packages/airflow/example_dags/tutorial_etl_dag.py
[2023-03-28 23:10:55,893] {scheduler_job.py:629} INFO - Processing file /home/airflow/.local/lib/python3.6/site-packages/airflow/example_dags/tutorial_etl_dag.py for tasks to queue
[2023-03-28 23:10:55,895] {logging_mixin.py:104} INFO - [2023-03-28 23:10:55,895] {dagbag.py:448} INFO - Filling up the DagBag from /home/airflow/.local/lib/python3.6/site-packages/airflow/example_dags/tutorial_etl_dag.py
[2023-03-28 23:10:55,937] {scheduler_job.py:639} INFO - DAG(s) dict_keys(['tutorial_etl_dag']) retrieved from /home/airflow/.local/lib/python3.6/site-packages/airflow/example_dags/tutorial_etl_dag.py
[2023-03-28 23:10:56,027] {logging_mixin.py:104} INFO - [2023-03-28 23:10:56,026] {dag.py:1818} INFO - Sync 1 DAGs
[2023-03-28 23:10:56,095] {logging_mixin.py:104} INFO - [2023-03-28 23:10:56,095] {dag.py:2273} INFO - Setting next_dagrun for tutorial_etl_dag to None
[2023-03-28 23:10:56,131] {scheduler_job.py:190} INFO - Processing /home/airflow/.local/lib/python3.6/site-packages/airflow/example_dags/tutorial_etl_dag.py took 0.248 seconds
[2023-03-28 23:11:26,748] {scheduler_job.py:182} INFO - Started process (PID=1511) to work on /home/airflow/.local/lib/python3.6/site-packages/airflow/example_dags/tutorial_etl_dag.py
[2023-03-28 23:11:26,753] {scheduler_job.py:629} INFO - Processing file /home/airflow/.local/lib/python3.6/site-packages/airflow/example_dags/tutorial_etl_dag.py for tasks to queue
[2023-03-28 23:11:26,757] {logging_mixin.py:104} INFO - [2023-03-28 23:11:26,757] {dagbag.py:448} INFO - Filling up the DagBag from /home/airflow/.local/lib/python3.6/site-packages/airflow/example_dags/tutorial_etl_dag.py
[2023-03-28 23:11:26,804] {scheduler_job.py:639} INFO - DAG(s) dict_keys(['tutorial_etl_dag']) retrieved from /home/airflow/.local/lib/python3.6/site-packages/airflow/example_dags/tutorial_etl_dag.py
[2023-03-28 23:11:26,861] {logging_mixin.py:104} INFO - [2023-03-28 23:11:26,861] {dag.py:1818} INFO - Sync 1 DAGs
[2023-03-28 23:11:26,906] {logging_mixin.py:104} INFO - [2023-03-28 23:11:26,906] {dag.py:2273} INFO - Setting next_dagrun for tutorial_etl_dag to None
[2023-03-28 23:11:26,928] {scheduler_job.py:190} INFO - Processing /home/airflow/.local/lib/python3.6/site-packages/airflow/example_dags/tutorial_etl_dag.py took 0.188 seconds
[2023-03-28 23:11:57,602] {scheduler_job.py:182} INFO - Started process (PID=1565) to work on /home/airflow/.local/lib/python3.6/site-packages/airflow/example_dags/tutorial_etl_dag.py
[2023-03-28 23:11:57,606] {scheduler_job.py:629} INFO - Processing file /home/airflow/.local/lib/python3.6/site-packages/airflow/example_dags/tutorial_etl_dag.py for tasks to queue
[2023-03-28 23:11:57,609] {logging_mixin.py:104} INFO - [2023-03-28 23:11:57,608] {dagbag.py:448} INFO - Filling up the DagBag from /home/airflow/.local/lib/python3.6/site-packages/airflow/example_dags/tutorial_etl_dag.py
[2023-03-28 23:11:57,645] {scheduler_job.py:639} INFO - DAG(s) dict_keys(['tutorial_etl_dag']) retrieved from /home/airflow/.local/lib/python3.6/site-packages/airflow/example_dags/tutorial_etl_dag.py
[2023-03-28 23:11:57,698] {logging_mixin.py:104} INFO - [2023-03-28 23:11:57,698] {dag.py:1818} INFO - Sync 1 DAGs
[2023-03-28 23:11:57,741] {logging_mixin.py:104} INFO - [2023-03-28 23:11:57,741] {dag.py:2273} INFO - Setting next_dagrun for tutorial_etl_dag to None
[2023-03-28 23:11:57,767] {scheduler_job.py:190} INFO - Processing /home/airflow/.local/lib/python3.6/site-packages/airflow/example_dags/tutorial_etl_dag.py took 0.175 seconds
[2023-03-28 23:12:27,841] {scheduler_job.py:182} INFO - Started process (PID=1617) to work on /home/airflow/.local/lib/python3.6/site-packages/airflow/example_dags/tutorial_etl_dag.py
[2023-03-28 23:12:27,847] {scheduler_job.py:629} INFO - Processing file /home/airflow/.local/lib/python3.6/site-packages/airflow/example_dags/tutorial_etl_dag.py for tasks to queue
[2023-03-28 23:12:27,850] {logging_mixin.py:104} INFO - [2023-03-28 23:12:27,849] {dagbag.py:448} INFO - Filling up the DagBag from /home/airflow/.local/lib/python3.6/site-packages/airflow/example_dags/tutorial_etl_dag.py
[2023-03-28 23:12:27,894] {scheduler_job.py:639} INFO - DAG(s) dict_keys(['tutorial_etl_dag']) retrieved from /home/airflow/.local/lib/python3.6/site-packages/airflow/example_dags/tutorial_etl_dag.py
[2023-03-28 23:12:27,943] {logging_mixin.py:104} INFO - [2023-03-28 23:12:27,943] {dag.py:1818} INFO - Sync 1 DAGs
[2023-03-28 23:12:27,982] {logging_mixin.py:104} INFO - [2023-03-28 23:12:27,981] {dag.py:2273} INFO - Setting next_dagrun for tutorial_etl_dag to None
[2023-03-28 23:12:28,001] {scheduler_job.py:190} INFO - Processing /home/airflow/.local/lib/python3.6/site-packages/airflow/example_dags/tutorial_etl_dag.py took 0.171 seconds
[2023-03-28 23:12:58,670] {scheduler_job.py:182} INFO - Started process (PID=1673) to work on /home/airflow/.local/lib/python3.6/site-packages/airflow/example_dags/tutorial_etl_dag.py
[2023-03-28 23:12:58,674] {scheduler_job.py:629} INFO - Processing file /home/airflow/.local/lib/python3.6/site-packages/airflow/example_dags/tutorial_etl_dag.py for tasks to queue
[2023-03-28 23:12:58,676] {logging_mixin.py:104} INFO - [2023-03-28 23:12:58,676] {dagbag.py:448} INFO - Filling up the DagBag from /home/airflow/.local/lib/python3.6/site-packages/airflow/example_dags/tutorial_etl_dag.py
[2023-03-28 23:12:58,717] {scheduler_job.py:639} INFO - DAG(s) dict_keys(['tutorial_etl_dag']) retrieved from /home/airflow/.local/lib/python3.6/site-packages/airflow/example_dags/tutorial_etl_dag.py
[2023-03-28 23:12:58,768] {logging_mixin.py:104} INFO - [2023-03-28 23:12:58,768] {dag.py:1818} INFO - Sync 1 DAGs
[2023-03-28 23:12:58,813] {logging_mixin.py:104} INFO - [2023-03-28 23:12:58,813] {dag.py:2273} INFO - Setting next_dagrun for tutorial_etl_dag to None
[2023-03-28 23:12:58,834] {scheduler_job.py:190} INFO - Processing /home/airflow/.local/lib/python3.6/site-packages/airflow/example_dags/tutorial_etl_dag.py took 0.172 seconds
