[2023-03-28 22:52:26,101] {scheduler_job.py:182} INFO - Started process (PID=68) to work on /opt/airflow/dags/example_dag.py
[2023-03-28 22:52:26,112] {scheduler_job.py:629} INFO - Processing file /opt/airflow/dags/example_dag.py for tasks to queue
[2023-03-28 22:52:26,118] {logging_mixin.py:104} INFO - [2023-03-28 22:52:26,117] {dagbag.py:448} INFO - Filling up the DagBag from /opt/airflow/dags/example_dag.py
[2023-03-28 22:52:26,152] {logging_mixin.py:104} INFO - [2023-03-28 22:52:26,135] {dagbag.py:305} ERROR - Failed to import: /opt/airflow/dags/example_dag.py
Traceback (most recent call last):
  File "/home/airflow/.local/lib/python3.6/site-packages/airflow/models/dagbag.py", line 302, in _load_modules_from_file
    loader.exec_module(new_module)
  File "<frozen importlib._bootstrap_external>", line 678, in exec_module
  File "<frozen importlib._bootstrap>", line 219, in _call_with_frames_removed
  File "/opt/airflow/dags/example_dag.py", line 19, in <module>
    python_file_path = os.environ["PYTHON_FILE_PATH"]
  File "/usr/local/lib/python3.6/os.py", line 669, in __getitem__
    raise KeyError(key) from None
KeyError: 'PYTHON_FILE_PATH'
[2023-03-28 22:52:26,156] {scheduler_job.py:641} WARNING - No viable dags retrieved from /opt/airflow/dags/example_dag.py
[2023-03-28 22:52:26,191] {scheduler_job.py:190} INFO - Processing /opt/airflow/dags/example_dag.py took 0.097 seconds
[2023-03-28 22:52:58,336] {scheduler_job.py:182} INFO - Started process (PID=122) to work on /opt/airflow/dags/example_dag.py
[2023-03-28 22:52:58,342] {scheduler_job.py:629} INFO - Processing file /opt/airflow/dags/example_dag.py for tasks to queue
[2023-03-28 22:52:58,347] {logging_mixin.py:104} INFO - [2023-03-28 22:52:58,344] {dagbag.py:448} INFO - Filling up the DagBag from /opt/airflow/dags/example_dag.py
[2023-03-28 22:52:58,385] {logging_mixin.py:104} INFO - [2023-03-28 22:52:58,370] {dagbag.py:305} ERROR - Failed to import: /opt/airflow/dags/example_dag.py
Traceback (most recent call last):
  File "/home/airflow/.local/lib/python3.6/site-packages/airflow/models/dagbag.py", line 302, in _load_modules_from_file
    loader.exec_module(new_module)
  File "<frozen importlib._bootstrap_external>", line 678, in exec_module
  File "<frozen importlib._bootstrap>", line 219, in _call_with_frames_removed
  File "/opt/airflow/dags/example_dag.py", line 19, in <module>
    python_file_path = os.environ["PYTHON_FILE_PATH"]
  File "/usr/local/lib/python3.6/os.py", line 669, in __getitem__
    raise KeyError(key) from None
KeyError: 'PYTHON_FILE_PATH'
[2023-03-28 22:52:58,389] {scheduler_job.py:641} WARNING - No viable dags retrieved from /opt/airflow/dags/example_dag.py
[2023-03-28 22:52:58,442] {scheduler_job.py:190} INFO - Processing /opt/airflow/dags/example_dag.py took 0.124 seconds
[2023-03-28 22:53:30,995] {scheduler_job.py:182} INFO - Started process (PID=180) to work on /opt/airflow/dags/example_dag.py
[2023-03-28 22:53:31,001] {scheduler_job.py:629} INFO - Processing file /opt/airflow/dags/example_dag.py for tasks to queue
[2023-03-28 22:53:31,009] {logging_mixin.py:104} INFO - [2023-03-28 22:53:31,008] {dagbag.py:448} INFO - Filling up the DagBag from /opt/airflow/dags/example_dag.py
[2023-03-28 22:53:31,073] {logging_mixin.py:104} INFO - [2023-03-28 22:53:31,049] {dagbag.py:305} ERROR - Failed to import: /opt/airflow/dags/example_dag.py
Traceback (most recent call last):
  File "/home/airflow/.local/lib/python3.6/site-packages/airflow/models/dagbag.py", line 302, in _load_modules_from_file
    loader.exec_module(new_module)
  File "<frozen importlib._bootstrap_external>", line 678, in exec_module
  File "<frozen importlib._bootstrap>", line 219, in _call_with_frames_removed
  File "/opt/airflow/dags/example_dag.py", line 19, in <module>
    python_file_path = os.environ["PYTHON_FILE_PATH"]
  File "/usr/local/lib/python3.6/os.py", line 669, in __getitem__
    raise KeyError(key) from None
KeyError: 'PYTHON_FILE_PATH'
[2023-03-28 22:53:31,081] {scheduler_job.py:641} WARNING - No viable dags retrieved from /opt/airflow/dags/example_dag.py
[2023-03-28 22:53:31,139] {scheduler_job.py:190} INFO - Processing /opt/airflow/dags/example_dag.py took 0.167 seconds
[2023-03-28 22:54:01,664] {scheduler_job.py:182} INFO - Started process (PID=236) to work on /opt/airflow/dags/example_dag.py
[2023-03-28 22:54:01,667] {scheduler_job.py:629} INFO - Processing file /opt/airflow/dags/example_dag.py for tasks to queue
[2023-03-28 22:54:01,669] {logging_mixin.py:104} INFO - [2023-03-28 22:54:01,669] {dagbag.py:448} INFO - Filling up the DagBag from /opt/airflow/dags/example_dag.py
[2023-03-28 22:54:01,685] {logging_mixin.py:104} INFO - [2023-03-28 22:54:01,679] {dagbag.py:305} ERROR - Failed to import: /opt/airflow/dags/example_dag.py
Traceback (most recent call last):
  File "/home/airflow/.local/lib/python3.6/site-packages/airflow/models/dagbag.py", line 302, in _load_modules_from_file
    loader.exec_module(new_module)
  File "<frozen importlib._bootstrap_external>", line 678, in exec_module
  File "<frozen importlib._bootstrap>", line 219, in _call_with_frames_removed
  File "/opt/airflow/dags/example_dag.py", line 19, in <module>
    python_file_path = os.environ["PYTHON_FILE_PATH"]
  File "/usr/local/lib/python3.6/os.py", line 669, in __getitem__
    raise KeyError(key) from None
KeyError: 'PYTHON_FILE_PATH'
[2023-03-28 22:54:01,688] {scheduler_job.py:641} WARNING - No viable dags retrieved from /opt/airflow/dags/example_dag.py
[2023-03-28 22:54:01,719] {scheduler_job.py:190} INFO - Processing /opt/airflow/dags/example_dag.py took 0.061 seconds
[2023-03-28 22:54:32,151] {scheduler_job.py:182} INFO - Started process (PID=290) to work on /opt/airflow/dags/example_dag.py
[2023-03-28 22:54:32,155] {scheduler_job.py:629} INFO - Processing file /opt/airflow/dags/example_dag.py for tasks to queue
[2023-03-28 22:54:32,157] {logging_mixin.py:104} INFO - [2023-03-28 22:54:32,157] {dagbag.py:448} INFO - Filling up the DagBag from /opt/airflow/dags/example_dag.py
[2023-03-28 22:54:32,177] {logging_mixin.py:104} INFO - [2023-03-28 22:54:32,169] {dagbag.py:305} ERROR - Failed to import: /opt/airflow/dags/example_dag.py
Traceback (most recent call last):
  File "/home/airflow/.local/lib/python3.6/site-packages/airflow/models/dagbag.py", line 302, in _load_modules_from_file
    loader.exec_module(new_module)
  File "<frozen importlib._bootstrap_external>", line 678, in exec_module
  File "<frozen importlib._bootstrap>", line 219, in _call_with_frames_removed
  File "/opt/airflow/dags/example_dag.py", line 19, in <module>
    python_file_path = os.environ["PYTHON_FILE_PATH"]
  File "/usr/local/lib/python3.6/os.py", line 669, in __getitem__
    raise KeyError(key) from None
KeyError: 'PYTHON_FILE_PATH'
[2023-03-28 22:54:32,182] {scheduler_job.py:641} WARNING - No viable dags retrieved from /opt/airflow/dags/example_dag.py
[2023-03-28 22:54:32,211] {scheduler_job.py:190} INFO - Processing /opt/airflow/dags/example_dag.py took 0.066 seconds
[2023-03-28 22:55:03,116] {scheduler_job.py:182} INFO - Started process (PID=348) to work on /opt/airflow/dags/example_dag.py
[2023-03-28 22:55:03,120] {scheduler_job.py:629} INFO - Processing file /opt/airflow/dags/example_dag.py for tasks to queue
[2023-03-28 22:55:03,122] {logging_mixin.py:104} INFO - [2023-03-28 22:55:03,121] {dagbag.py:448} INFO - Filling up the DagBag from /opt/airflow/dags/example_dag.py
[2023-03-28 22:55:03,139] {logging_mixin.py:104} INFO - [2023-03-28 22:55:03,132] {dagbag.py:305} ERROR - Failed to import: /opt/airflow/dags/example_dag.py
Traceback (most recent call last):
  File "/home/airflow/.local/lib/python3.6/site-packages/airflow/models/dagbag.py", line 302, in _load_modules_from_file
    loader.exec_module(new_module)
  File "<frozen importlib._bootstrap_external>", line 678, in exec_module
  File "<frozen importlib._bootstrap>", line 219, in _call_with_frames_removed
  File "/opt/airflow/dags/example_dag.py", line 19, in <module>
    python_file_path = os.environ["PYTHON_FILE_PATH"]
  File "/usr/local/lib/python3.6/os.py", line 669, in __getitem__
    raise KeyError(key) from None
KeyError: 'PYTHON_FILE_PATH'
[2023-03-28 22:55:03,143] {scheduler_job.py:641} WARNING - No viable dags retrieved from /opt/airflow/dags/example_dag.py
[2023-03-28 22:55:03,169] {scheduler_job.py:190} INFO - Processing /opt/airflow/dags/example_dag.py took 0.060 seconds
[2023-03-28 22:55:33,878] {scheduler_job.py:182} INFO - Started process (PID=402) to work on /opt/airflow/dags/example_dag.py
[2023-03-28 22:55:33,882] {scheduler_job.py:629} INFO - Processing file /opt/airflow/dags/example_dag.py for tasks to queue
[2023-03-28 22:55:33,883] {logging_mixin.py:104} INFO - [2023-03-28 22:55:33,883] {dagbag.py:448} INFO - Filling up the DagBag from /opt/airflow/dags/example_dag.py
[2023-03-28 22:55:33,899] {logging_mixin.py:104} INFO - [2023-03-28 22:55:33,893] {dagbag.py:305} ERROR - Failed to import: /opt/airflow/dags/example_dag.py
Traceback (most recent call last):
  File "/home/airflow/.local/lib/python3.6/site-packages/airflow/models/dagbag.py", line 302, in _load_modules_from_file
    loader.exec_module(new_module)
  File "<frozen importlib._bootstrap_external>", line 678, in exec_module
  File "<frozen importlib._bootstrap>", line 219, in _call_with_frames_removed
  File "/opt/airflow/dags/example_dag.py", line 19, in <module>
    python_file_path = os.environ["PYTHON_FILE_PATH"]
  File "/usr/local/lib/python3.6/os.py", line 669, in __getitem__
    raise KeyError(key) from None
KeyError: 'PYTHON_FILE_PATH'
[2023-03-28 22:55:33,902] {scheduler_job.py:641} WARNING - No viable dags retrieved from /opt/airflow/dags/example_dag.py
[2023-03-28 22:55:33,938] {scheduler_job.py:190} INFO - Processing /opt/airflow/dags/example_dag.py took 0.066 seconds
[2023-03-28 22:56:04,511] {scheduler_job.py:182} INFO - Started process (PID=456) to work on /opt/airflow/dags/example_dag.py
[2023-03-28 22:56:04,515] {scheduler_job.py:629} INFO - Processing file /opt/airflow/dags/example_dag.py for tasks to queue
[2023-03-28 22:56:04,517] {logging_mixin.py:104} INFO - [2023-03-28 22:56:04,516] {dagbag.py:448} INFO - Filling up the DagBag from /opt/airflow/dags/example_dag.py
[2023-03-28 22:56:04,547] {logging_mixin.py:104} INFO - [2023-03-28 22:56:04,540] {dagbag.py:305} ERROR - Failed to import: /opt/airflow/dags/example_dag.py
Traceback (most recent call last):
  File "/home/airflow/.local/lib/python3.6/site-packages/airflow/models/dagbag.py", line 302, in _load_modules_from_file
    loader.exec_module(new_module)
  File "<frozen importlib._bootstrap_external>", line 678, in exec_module
  File "<frozen importlib._bootstrap>", line 219, in _call_with_frames_removed
  File "/opt/airflow/dags/example_dag.py", line 25, in <module>
    max_active_runs=1,
TypeError: __init__() got an unexpected keyword argument 'schedule'
[2023-03-28 22:56:04,552] {scheduler_job.py:641} WARNING - No viable dags retrieved from /opt/airflow/dags/example_dag.py
[2023-03-28 22:56:04,604] {scheduler_job.py:190} INFO - Processing /opt/airflow/dags/example_dag.py took 0.099 seconds
[2023-03-28 22:56:35,153] {scheduler_job.py:182} INFO - Started process (PID=510) to work on /opt/airflow/dags/example_dag.py
[2023-03-28 22:56:35,157] {scheduler_job.py:629} INFO - Processing file /opt/airflow/dags/example_dag.py for tasks to queue
[2023-03-28 22:56:35,159] {logging_mixin.py:104} INFO - [2023-03-28 22:56:35,159] {dagbag.py:448} INFO - Filling up the DagBag from /opt/airflow/dags/example_dag.py
[2023-03-28 22:56:35,174] {logging_mixin.py:104} INFO - [2023-03-28 22:56:35,170] {dagbag.py:305} ERROR - Failed to import: /opt/airflow/dags/example_dag.py
Traceback (most recent call last):
  File "/home/airflow/.local/lib/python3.6/site-packages/airflow/models/dagbag.py", line 302, in _load_modules_from_file
    loader.exec_module(new_module)
  File "<frozen importlib._bootstrap_external>", line 678, in exec_module
  File "<frozen importlib._bootstrap>", line 219, in _call_with_frames_removed
  File "/opt/airflow/dags/example_dag.py", line 25, in <module>
    max_active_runs=1,
TypeError: __init__() got an unexpected keyword argument 'schedule'
[2023-03-28 22:56:35,177] {scheduler_job.py:641} WARNING - No viable dags retrieved from /opt/airflow/dags/example_dag.py
[2023-03-28 22:56:35,205] {scheduler_job.py:190} INFO - Processing /opt/airflow/dags/example_dag.py took 0.058 seconds
[2023-03-28 22:57:46,564] {scheduler_job.py:182} INFO - Started process (PID=85) to work on /opt/airflow/dags/example_dag.py
[2023-03-28 22:57:46,579] {scheduler_job.py:629} INFO - Processing file /opt/airflow/dags/example_dag.py for tasks to queue
[2023-03-28 22:57:46,587] {logging_mixin.py:104} INFO - [2023-03-28 22:57:46,586] {dagbag.py:448} INFO - Filling up the DagBag from /opt/airflow/dags/example_dag.py
[2023-03-28 22:57:46,618] {logging_mixin.py:104} INFO - [2023-03-28 22:57:46,611] {dagbag.py:305} ERROR - Failed to import: /opt/airflow/dags/example_dag.py
Traceback (most recent call last):
  File "/home/airflow/.local/lib/python3.6/site-packages/airflow/models/dagbag.py", line 302, in _load_modules_from_file
    loader.exec_module(new_module)
  File "<frozen importlib._bootstrap_external>", line 678, in exec_module
  File "<frozen importlib._bootstrap>", line 219, in _call_with_frames_removed
  File "/opt/airflow/dags/example_dag.py", line 25, in <module>
    max_active_runs=1,
TypeError: __init__() got an unexpected keyword argument 'schedule'
[2023-03-28 22:57:46,623] {scheduler_job.py:641} WARNING - No viable dags retrieved from /opt/airflow/dags/example_dag.py
[2023-03-28 22:57:46,671] {scheduler_job.py:190} INFO - Processing /opt/airflow/dags/example_dag.py took 0.121 seconds
[2023-03-28 22:58:16,936] {scheduler_job.py:182} INFO - Started process (PID=135) to work on /opt/airflow/dags/example_dag.py
[2023-03-28 22:58:16,944] {scheduler_job.py:629} INFO - Processing file /opt/airflow/dags/example_dag.py for tasks to queue
[2023-03-28 22:58:16,946] {logging_mixin.py:104} INFO - [2023-03-28 22:58:16,946] {dagbag.py:448} INFO - Filling up the DagBag from /opt/airflow/dags/example_dag.py
[2023-03-28 22:58:16,974] {logging_mixin.py:104} INFO - [2023-03-28 22:58:16,965] {dagbag.py:305} ERROR - Failed to import: /opt/airflow/dags/example_dag.py
Traceback (most recent call last):
  File "/home/airflow/.local/lib/python3.6/site-packages/airflow/models/dagbag.py", line 302, in _load_modules_from_file
    loader.exec_module(new_module)
  File "<frozen importlib._bootstrap_external>", line 678, in exec_module
  File "<frozen importlib._bootstrap>", line 219, in _call_with_frames_removed
  File "/opt/airflow/dags/example_dag.py", line 25, in <module>
    max_active_runs=1,
TypeError: __init__() got an unexpected keyword argument 'schedule'
[2023-03-28 22:58:16,977] {scheduler_job.py:641} WARNING - No viable dags retrieved from /opt/airflow/dags/example_dag.py
[2023-03-28 22:58:17,027] {scheduler_job.py:190} INFO - Processing /opt/airflow/dags/example_dag.py took 0.098 seconds
[2023-03-28 22:58:47,331] {scheduler_job.py:182} INFO - Started process (PID=187) to work on /opt/airflow/dags/example_dag.py
[2023-03-28 22:58:47,347] {scheduler_job.py:629} INFO - Processing file /opt/airflow/dags/example_dag.py for tasks to queue
[2023-03-28 22:58:47,354] {logging_mixin.py:104} INFO - [2023-03-28 22:58:47,353] {dagbag.py:448} INFO - Filling up the DagBag from /opt/airflow/dags/example_dag.py
[2023-03-28 22:58:47,374] {logging_mixin.py:104} INFO - [2023-03-28 22:58:47,366] {dagbag.py:305} ERROR - Failed to import: /opt/airflow/dags/example_dag.py
Traceback (most recent call last):
  File "/home/airflow/.local/lib/python3.6/site-packages/airflow/models/dagbag.py", line 302, in _load_modules_from_file
    loader.exec_module(new_module)
  File "<frozen importlib._bootstrap_external>", line 678, in exec_module
  File "<frozen importlib._bootstrap>", line 219, in _call_with_frames_removed
  File "/opt/airflow/dags/example_dag.py", line 25, in <module>
    max_active_runs=1,
TypeError: __init__() got an unexpected keyword argument 'schedule'
[2023-03-28 22:58:47,377] {scheduler_job.py:641} WARNING - No viable dags retrieved from /opt/airflow/dags/example_dag.py
[2023-03-28 22:58:47,411] {scheduler_job.py:190} INFO - Processing /opt/airflow/dags/example_dag.py took 0.093 seconds
[2023-03-28 22:59:17,498] {scheduler_job.py:182} INFO - Started process (PID=241) to work on /opt/airflow/dags/example_dag.py
[2023-03-28 22:59:17,502] {scheduler_job.py:629} INFO - Processing file /opt/airflow/dags/example_dag.py for tasks to queue
[2023-03-28 22:59:17,504] {logging_mixin.py:104} INFO - [2023-03-28 22:59:17,504] {dagbag.py:448} INFO - Filling up the DagBag from /opt/airflow/dags/example_dag.py
[2023-03-28 22:59:17,520] {logging_mixin.py:104} INFO - [2023-03-28 22:59:17,515] {dagbag.py:305} ERROR - Failed to import: /opt/airflow/dags/example_dag.py
Traceback (most recent call last):
  File "/home/airflow/.local/lib/python3.6/site-packages/airflow/models/dagbag.py", line 302, in _load_modules_from_file
    loader.exec_module(new_module)
  File "<frozen importlib._bootstrap_external>", line 678, in exec_module
  File "<frozen importlib._bootstrap>", line 219, in _call_with_frames_removed
  File "/opt/airflow/dags/example_dag.py", line 25, in <module>
    max_active_runs=1,
TypeError: __init__() got an unexpected keyword argument 'schedule'
[2023-03-28 22:59:17,523] {scheduler_job.py:641} WARNING - No viable dags retrieved from /opt/airflow/dags/example_dag.py
[2023-03-28 22:59:17,554] {scheduler_job.py:190} INFO - Processing /opt/airflow/dags/example_dag.py took 0.064 seconds
[2023-03-28 22:59:47,776] {scheduler_job.py:182} INFO - Started process (PID=295) to work on /opt/airflow/dags/example_dag.py
[2023-03-28 22:59:47,781] {scheduler_job.py:629} INFO - Processing file /opt/airflow/dags/example_dag.py for tasks to queue
[2023-03-28 22:59:47,784] {logging_mixin.py:104} INFO - [2023-03-28 22:59:47,784] {dagbag.py:448} INFO - Filling up the DagBag from /opt/airflow/dags/example_dag.py
[2023-03-28 22:59:47,804] {logging_mixin.py:104} INFO - [2023-03-28 22:59:47,799] {dagbag.py:305} ERROR - Failed to import: /opt/airflow/dags/example_dag.py
Traceback (most recent call last):
  File "/home/airflow/.local/lib/python3.6/site-packages/airflow/models/dagbag.py", line 302, in _load_modules_from_file
    loader.exec_module(new_module)
  File "<frozen importlib._bootstrap_external>", line 678, in exec_module
  File "<frozen importlib._bootstrap>", line 219, in _call_with_frames_removed
  File "/opt/airflow/dags/example_dag.py", line 25, in <module>
    max_active_runs=1,
TypeError: __init__() got an unexpected keyword argument 'schedule'
[2023-03-28 22:59:47,807] {scheduler_job.py:641} WARNING - No viable dags retrieved from /opt/airflow/dags/example_dag.py
[2023-03-28 22:59:47,835] {scheduler_job.py:190} INFO - Processing /opt/airflow/dags/example_dag.py took 0.067 seconds
[2023-03-28 23:00:18,477] {scheduler_job.py:182} INFO - Started process (PID=349) to work on /opt/airflow/dags/example_dag.py
[2023-03-28 23:00:18,481] {scheduler_job.py:629} INFO - Processing file /opt/airflow/dags/example_dag.py for tasks to queue
[2023-03-28 23:00:18,483] {logging_mixin.py:104} INFO - [2023-03-28 23:00:18,483] {dagbag.py:448} INFO - Filling up the DagBag from /opt/airflow/dags/example_dag.py
[2023-03-28 23:00:18,499] {logging_mixin.py:104} INFO - [2023-03-28 23:00:18,494] {dagbag.py:305} ERROR - Failed to import: /opt/airflow/dags/example_dag.py
Traceback (most recent call last):
  File "/home/airflow/.local/lib/python3.6/site-packages/airflow/models/dagbag.py", line 302, in _load_modules_from_file
    loader.exec_module(new_module)
  File "<frozen importlib._bootstrap_external>", line 678, in exec_module
  File "<frozen importlib._bootstrap>", line 219, in _call_with_frames_removed
  File "/opt/airflow/dags/example_dag.py", line 25, in <module>
    max_active_runs=1,
TypeError: __init__() got an unexpected keyword argument 'schedule'
[2023-03-28 23:00:18,501] {scheduler_job.py:641} WARNING - No viable dags retrieved from /opt/airflow/dags/example_dag.py
[2023-03-28 23:00:18,542] {scheduler_job.py:190} INFO - Processing /opt/airflow/dags/example_dag.py took 0.071 seconds
[2023-03-28 23:00:49,029] {scheduler_job.py:182} INFO - Started process (PID=401) to work on /opt/airflow/dags/example_dag.py
[2023-03-28 23:00:49,033] {scheduler_job.py:629} INFO - Processing file /opt/airflow/dags/example_dag.py for tasks to queue
[2023-03-28 23:00:49,035] {logging_mixin.py:104} INFO - [2023-03-28 23:00:49,035] {dagbag.py:448} INFO - Filling up the DagBag from /opt/airflow/dags/example_dag.py
[2023-03-28 23:00:49,059] {logging_mixin.py:104} INFO - [2023-03-28 23:00:49,054] {dagbag.py:305} ERROR - Failed to import: /opt/airflow/dags/example_dag.py
Traceback (most recent call last):
  File "/home/airflow/.local/lib/python3.6/site-packages/airflow/models/dagbag.py", line 302, in _load_modules_from_file
    loader.exec_module(new_module)
  File "<frozen importlib._bootstrap_external>", line 678, in exec_module
  File "<frozen importlib._bootstrap>", line 219, in _call_with_frames_removed
  File "/opt/airflow/dags/example_dag.py", line 25, in <module>
    max_active_runs=1,
TypeError: __init__() got an unexpected keyword argument 'schedule'
[2023-03-28 23:00:49,062] {scheduler_job.py:641} WARNING - No viable dags retrieved from /opt/airflow/dags/example_dag.py
[2023-03-28 23:00:49,098] {scheduler_job.py:190} INFO - Processing /opt/airflow/dags/example_dag.py took 0.076 seconds
[2023-03-28 23:01:19,550] {scheduler_job.py:182} INFO - Started process (PID=455) to work on /opt/airflow/dags/example_dag.py
[2023-03-28 23:01:19,556] {scheduler_job.py:629} INFO - Processing file /opt/airflow/dags/example_dag.py for tasks to queue
[2023-03-28 23:01:19,560] {logging_mixin.py:104} INFO - [2023-03-28 23:01:19,559] {dagbag.py:448} INFO - Filling up the DagBag from /opt/airflow/dags/example_dag.py
[2023-03-28 23:01:19,628] {scheduler_job.py:639} INFO - DAG(s) dict_keys(['my_dag']) retrieved from /opt/airflow/dags/example_dag.py
[2023-03-28 23:01:19,689] {logging_mixin.py:104} INFO - [2023-03-28 23:01:19,689] {dag.py:1818} INFO - Sync 1 DAGs
[2023-03-28 23:01:19,718] {logging_mixin.py:104} INFO - [2023-03-28 23:01:19,717] {dag.py:1837} INFO - Creating ORM DAG for my_dag
[2023-03-28 23:01:19,769] {logging_mixin.py:104} INFO - [2023-03-28 23:01:19,768] {dag.py:2273} INFO - Setting next_dagrun for my_dag to 2023-03-28 06:00:00+00:00
[2023-03-28 23:01:19,816] {scheduler_job.py:190} INFO - Processing /opt/airflow/dags/example_dag.py took 0.273 seconds
[2023-03-28 23:01:49,969] {scheduler_job.py:182} INFO - Started process (PID=509) to work on /opt/airflow/dags/example_dag.py
[2023-03-28 23:01:49,972] {scheduler_job.py:629} INFO - Processing file /opt/airflow/dags/example_dag.py for tasks to queue
[2023-03-28 23:01:49,974] {logging_mixin.py:104} INFO - [2023-03-28 23:01:49,974] {dagbag.py:448} INFO - Filling up the DagBag from /opt/airflow/dags/example_dag.py
[2023-03-28 23:01:50,012] {scheduler_job.py:639} INFO - DAG(s) dict_keys(['my_dag']) retrieved from /opt/airflow/dags/example_dag.py
[2023-03-28 23:01:50,058] {logging_mixin.py:104} INFO - [2023-03-28 23:01:50,058] {dag.py:1818} INFO - Sync 1 DAGs
[2023-03-28 23:01:50,122] {logging_mixin.py:104} INFO - [2023-03-28 23:01:50,121] {dag.py:2273} INFO - Setting next_dagrun for my_dag to 2023-03-28 06:00:00+00:00
[2023-03-28 23:01:50,138] {scheduler_job.py:190} INFO - Processing /opt/airflow/dags/example_dag.py took 0.175 seconds
[2023-03-28 23:02:20,404] {scheduler_job.py:182} INFO - Started process (PID=563) to work on /opt/airflow/dags/example_dag.py
[2023-03-28 23:02:20,407] {scheduler_job.py:629} INFO - Processing file /opt/airflow/dags/example_dag.py for tasks to queue
[2023-03-28 23:02:20,410] {logging_mixin.py:104} INFO - [2023-03-28 23:02:20,409] {dagbag.py:448} INFO - Filling up the DagBag from /opt/airflow/dags/example_dag.py
[2023-03-28 23:02:20,449] {scheduler_job.py:639} INFO - DAG(s) dict_keys(['my_dag']) retrieved from /opt/airflow/dags/example_dag.py
[2023-03-28 23:02:20,500] {logging_mixin.py:104} INFO - [2023-03-28 23:02:20,500] {dag.py:1818} INFO - Sync 1 DAGs
[2023-03-28 23:02:20,566] {logging_mixin.py:104} INFO - [2023-03-28 23:02:20,565] {dag.py:2273} INFO - Setting next_dagrun for my_dag to 2023-03-28 06:00:00+00:00
[2023-03-28 23:02:20,582] {scheduler_job.py:190} INFO - Processing /opt/airflow/dags/example_dag.py took 0.184 seconds
[2023-03-28 23:02:51,098] {scheduler_job.py:182} INFO - Started process (PID=617) to work on /opt/airflow/dags/example_dag.py
[2023-03-28 23:02:51,101] {scheduler_job.py:629} INFO - Processing file /opt/airflow/dags/example_dag.py for tasks to queue
[2023-03-28 23:02:51,104] {logging_mixin.py:104} INFO - [2023-03-28 23:02:51,103] {dagbag.py:448} INFO - Filling up the DagBag from /opt/airflow/dags/example_dag.py
[2023-03-28 23:02:51,143] {scheduler_job.py:639} INFO - DAG(s) dict_keys(['my_dag']) retrieved from /opt/airflow/dags/example_dag.py
[2023-03-28 23:02:51,192] {logging_mixin.py:104} INFO - [2023-03-28 23:02:51,192] {dag.py:1818} INFO - Sync 1 DAGs
[2023-03-28 23:02:51,258] {logging_mixin.py:104} INFO - [2023-03-28 23:02:51,257] {dag.py:2273} INFO - Setting next_dagrun for my_dag to 2023-03-28 06:00:00+00:00
[2023-03-28 23:02:51,275] {scheduler_job.py:190} INFO - Processing /opt/airflow/dags/example_dag.py took 0.184 seconds
[2023-03-28 23:03:21,886] {scheduler_job.py:182} INFO - Started process (PID=671) to work on /opt/airflow/dags/example_dag.py
[2023-03-28 23:03:21,891] {scheduler_job.py:629} INFO - Processing file /opt/airflow/dags/example_dag.py for tasks to queue
[2023-03-28 23:03:21,894] {logging_mixin.py:104} INFO - [2023-03-28 23:03:21,893] {dagbag.py:448} INFO - Filling up the DagBag from /opt/airflow/dags/example_dag.py
[2023-03-28 23:03:21,939] {scheduler_job.py:639} INFO - DAG(s) dict_keys(['my_dag']) retrieved from /opt/airflow/dags/example_dag.py
[2023-03-28 23:03:21,997] {logging_mixin.py:104} INFO - [2023-03-28 23:03:21,997] {dag.py:1818} INFO - Sync 1 DAGs
[2023-03-28 23:03:22,068] {logging_mixin.py:104} INFO - [2023-03-28 23:03:22,068] {dag.py:2273} INFO - Setting next_dagrun for my_dag to 2023-03-28 06:00:00+00:00
[2023-03-28 23:03:22,086] {scheduler_job.py:190} INFO - Processing /opt/airflow/dags/example_dag.py took 0.209 seconds
[2023-03-28 23:03:52,506] {scheduler_job.py:182} INFO - Started process (PID=725) to work on /opt/airflow/dags/example_dag.py
[2023-03-28 23:03:52,510] {scheduler_job.py:629} INFO - Processing file /opt/airflow/dags/example_dag.py for tasks to queue
[2023-03-28 23:03:52,512] {logging_mixin.py:104} INFO - [2023-03-28 23:03:52,512] {dagbag.py:448} INFO - Filling up the DagBag from /opt/airflow/dags/example_dag.py
[2023-03-28 23:03:52,560] {scheduler_job.py:639} INFO - DAG(s) dict_keys(['my_dag']) retrieved from /opt/airflow/dags/example_dag.py
[2023-03-28 23:03:52,615] {logging_mixin.py:104} INFO - [2023-03-28 23:03:52,615] {dag.py:1818} INFO - Sync 1 DAGs
[2023-03-28 23:03:52,683] {logging_mixin.py:104} INFO - [2023-03-28 23:03:52,683] {dag.py:2273} INFO - Setting next_dagrun for my_dag to 2023-03-28 06:00:00+00:00
[2023-03-28 23:03:52,703] {scheduler_job.py:190} INFO - Processing /opt/airflow/dags/example_dag.py took 0.204 seconds
[2023-03-28 23:04:23,229] {scheduler_job.py:182} INFO - Started process (PID=779) to work on /opt/airflow/dags/example_dag.py
[2023-03-28 23:04:23,232] {scheduler_job.py:629} INFO - Processing file /opt/airflow/dags/example_dag.py for tasks to queue
[2023-03-28 23:04:23,235] {logging_mixin.py:104} INFO - [2023-03-28 23:04:23,234] {dagbag.py:448} INFO - Filling up the DagBag from /opt/airflow/dags/example_dag.py
[2023-03-28 23:04:23,274] {scheduler_job.py:639} INFO - DAG(s) dict_keys(['my_dag']) retrieved from /opt/airflow/dags/example_dag.py
[2023-03-28 23:04:23,317] {logging_mixin.py:104} INFO - [2023-03-28 23:04:23,317] {dag.py:1818} INFO - Sync 1 DAGs
[2023-03-28 23:04:23,379] {logging_mixin.py:104} INFO - [2023-03-28 23:04:23,379] {dag.py:2273} INFO - Setting next_dagrun for my_dag to 2023-03-28 06:00:00+00:00
[2023-03-28 23:04:23,396] {scheduler_job.py:190} INFO - Processing /opt/airflow/dags/example_dag.py took 0.174 seconds
[2023-03-28 23:04:53,715] {scheduler_job.py:182} INFO - Started process (PID=831) to work on /opt/airflow/dags/example_dag.py
[2023-03-28 23:04:53,720] {scheduler_job.py:629} INFO - Processing file /opt/airflow/dags/example_dag.py for tasks to queue
[2023-03-28 23:04:53,723] {logging_mixin.py:104} INFO - [2023-03-28 23:04:53,723] {dagbag.py:448} INFO - Filling up the DagBag from /opt/airflow/dags/example_dag.py
[2023-03-28 23:04:53,761] {scheduler_job.py:639} INFO - DAG(s) dict_keys(['my_dag']) retrieved from /opt/airflow/dags/example_dag.py
[2023-03-28 23:04:53,807] {logging_mixin.py:104} INFO - [2023-03-28 23:04:53,807] {dag.py:1818} INFO - Sync 1 DAGs
[2023-03-28 23:04:53,869] {logging_mixin.py:104} INFO - [2023-03-28 23:04:53,869] {dag.py:2273} INFO - Setting next_dagrun for my_dag to 2023-03-28 06:00:00+00:00
[2023-03-28 23:04:53,886] {scheduler_job.py:190} INFO - Processing /opt/airflow/dags/example_dag.py took 0.179 seconds
[2023-03-28 23:05:24,502] {scheduler_job.py:182} INFO - Started process (PID=885) to work on /opt/airflow/dags/example_dag.py
[2023-03-28 23:05:24,506] {scheduler_job.py:629} INFO - Processing file /opt/airflow/dags/example_dag.py for tasks to queue
[2023-03-28 23:05:24,509] {logging_mixin.py:104} INFO - [2023-03-28 23:05:24,508] {dagbag.py:448} INFO - Filling up the DagBag from /opt/airflow/dags/example_dag.py
[2023-03-28 23:05:24,590] {scheduler_job.py:639} INFO - DAG(s) dict_keys(['my_dag']) retrieved from /opt/airflow/dags/example_dag.py
[2023-03-28 23:05:24,674] {logging_mixin.py:104} INFO - [2023-03-28 23:05:24,673] {dag.py:1818} INFO - Sync 1 DAGs
[2023-03-28 23:05:24,755] {logging_mixin.py:104} INFO - [2023-03-28 23:05:24,755] {dag.py:2273} INFO - Setting next_dagrun for my_dag to 2023-03-28 06:00:00+00:00
[2023-03-28 23:05:24,775] {scheduler_job.py:190} INFO - Processing /opt/airflow/dags/example_dag.py took 0.280 seconds
[2023-03-28 23:05:55,212] {scheduler_job.py:182} INFO - Started process (PID=941) to work on /opt/airflow/dags/example_dag.py
[2023-03-28 23:05:55,215] {scheduler_job.py:629} INFO - Processing file /opt/airflow/dags/example_dag.py for tasks to queue
[2023-03-28 23:05:55,218] {logging_mixin.py:104} INFO - [2023-03-28 23:05:55,217] {dagbag.py:448} INFO - Filling up the DagBag from /opt/airflow/dags/example_dag.py
[2023-03-28 23:05:55,255] {scheduler_job.py:639} INFO - DAG(s) dict_keys(['my_dag']) retrieved from /opt/airflow/dags/example_dag.py
[2023-03-28 23:05:55,303] {logging_mixin.py:104} INFO - [2023-03-28 23:05:55,303] {dag.py:1818} INFO - Sync 1 DAGs
[2023-03-28 23:05:55,363] {logging_mixin.py:104} INFO - [2023-03-28 23:05:55,362] {dag.py:2273} INFO - Setting next_dagrun for my_dag to 2023-03-28 06:00:00+00:00
[2023-03-28 23:05:55,378] {scheduler_job.py:190} INFO - Processing /opt/airflow/dags/example_dag.py took 0.173 seconds
[2023-03-28 23:06:25,907] {scheduler_job.py:182} INFO - Started process (PID=995) to work on /opt/airflow/dags/example_dag.py
[2023-03-28 23:06:25,911] {scheduler_job.py:629} INFO - Processing file /opt/airflow/dags/example_dag.py for tasks to queue
[2023-03-28 23:06:25,913] {logging_mixin.py:104} INFO - [2023-03-28 23:06:25,913] {dagbag.py:448} INFO - Filling up the DagBag from /opt/airflow/dags/example_dag.py
[2023-03-28 23:06:25,950] {scheduler_job.py:639} INFO - DAG(s) dict_keys(['my_dag']) retrieved from /opt/airflow/dags/example_dag.py
[2023-03-28 23:06:26,004] {logging_mixin.py:104} INFO - [2023-03-28 23:06:26,004] {dag.py:1818} INFO - Sync 1 DAGs
[2023-03-28 23:06:26,065] {logging_mixin.py:104} INFO - [2023-03-28 23:06:26,064] {dag.py:2273} INFO - Setting next_dagrun for my_dag to 2023-03-28 06:00:00+00:00
[2023-03-28 23:06:26,081] {scheduler_job.py:190} INFO - Processing /opt/airflow/dags/example_dag.py took 0.180 seconds
[2023-03-28 23:06:56,347] {scheduler_job.py:182} INFO - Started process (PID=1049) to work on /opt/airflow/dags/example_dag.py
[2023-03-28 23:06:56,352] {scheduler_job.py:629} INFO - Processing file /opt/airflow/dags/example_dag.py for tasks to queue
[2023-03-28 23:06:56,354] {logging_mixin.py:104} INFO - [2023-03-28 23:06:56,353] {dagbag.py:448} INFO - Filling up the DagBag from /opt/airflow/dags/example_dag.py
[2023-03-28 23:06:56,391] {scheduler_job.py:639} INFO - DAG(s) dict_keys(['my_dag']) retrieved from /opt/airflow/dags/example_dag.py
[2023-03-28 23:06:56,436] {logging_mixin.py:104} INFO - [2023-03-28 23:06:56,435] {dag.py:1818} INFO - Sync 1 DAGs
[2023-03-28 23:06:56,502] {logging_mixin.py:104} INFO - [2023-03-28 23:06:56,502] {dag.py:2273} INFO - Setting next_dagrun for my_dag to 2023-03-28 06:00:00+00:00
[2023-03-28 23:06:56,519] {scheduler_job.py:190} INFO - Processing /opt/airflow/dags/example_dag.py took 0.178 seconds
[2023-03-28 23:07:26,824] {scheduler_job.py:182} INFO - Started process (PID=1093) to work on /opt/airflow/dags/example_dag.py
[2023-03-28 23:07:26,829] {scheduler_job.py:629} INFO - Processing file /opt/airflow/dags/example_dag.py for tasks to queue
[2023-03-28 23:07:26,832] {logging_mixin.py:104} INFO - [2023-03-28 23:07:26,832] {dagbag.py:448} INFO - Filling up the DagBag from /opt/airflow/dags/example_dag.py
[2023-03-28 23:07:26,897] {scheduler_job.py:639} INFO - DAG(s) dict_keys(['my_dag']) retrieved from /opt/airflow/dags/example_dag.py
[2023-03-28 23:07:26,978] {logging_mixin.py:104} INFO - [2023-03-28 23:07:26,978] {dag.py:1818} INFO - Sync 1 DAGs
[2023-03-28 23:07:27,055] {logging_mixin.py:104} INFO - [2023-03-28 23:07:27,054] {dag.py:2273} INFO - Setting next_dagrun for my_dag to 2023-03-28 06:00:00+00:00
[2023-03-28 23:07:27,090] {scheduler_job.py:190} INFO - Processing /opt/airflow/dags/example_dag.py took 0.276 seconds
[2023-03-28 23:07:58,076] {scheduler_job.py:182} INFO - Started process (PID=1147) to work on /opt/airflow/dags/example_dag.py
[2023-03-28 23:07:58,079] {scheduler_job.py:629} INFO - Processing file /opt/airflow/dags/example_dag.py for tasks to queue
[2023-03-28 23:07:58,082] {logging_mixin.py:104} INFO - [2023-03-28 23:07:58,081] {dagbag.py:448} INFO - Filling up the DagBag from /opt/airflow/dags/example_dag.py
[2023-03-28 23:07:58,122] {scheduler_job.py:639} INFO - DAG(s) dict_keys(['my_dag']) retrieved from /opt/airflow/dags/example_dag.py
[2023-03-28 23:07:58,173] {logging_mixin.py:104} INFO - [2023-03-28 23:07:58,172] {dag.py:1818} INFO - Sync 1 DAGs
[2023-03-28 23:07:58,244] {logging_mixin.py:104} INFO - [2023-03-28 23:07:58,243] {dag.py:2273} INFO - Setting next_dagrun for my_dag to 2023-03-28 06:00:00+00:00
[2023-03-28 23:07:58,262] {scheduler_job.py:190} INFO - Processing /opt/airflow/dags/example_dag.py took 0.193 seconds
[2023-03-28 23:08:29,226] {scheduler_job.py:182} INFO - Started process (PID=1207) to work on /opt/airflow/dags/example_dag.py
[2023-03-28 23:08:29,230] {scheduler_job.py:629} INFO - Processing file /opt/airflow/dags/example_dag.py for tasks to queue
[2023-03-28 23:08:29,233] {logging_mixin.py:104} INFO - [2023-03-28 23:08:29,232] {dagbag.py:448} INFO - Filling up the DagBag from /opt/airflow/dags/example_dag.py
[2023-03-28 23:08:29,287] {scheduler_job.py:639} INFO - DAG(s) dict_keys(['my_dag']) retrieved from /opt/airflow/dags/example_dag.py
[2023-03-28 23:08:29,346] {logging_mixin.py:104} INFO - [2023-03-28 23:08:29,345] {dag.py:1818} INFO - Sync 1 DAGs
[2023-03-28 23:08:29,414] {logging_mixin.py:104} INFO - [2023-03-28 23:08:29,413] {dag.py:2273} INFO - Setting next_dagrun for my_dag to 2023-03-28 06:00:00+00:00
[2023-03-28 23:08:29,442] {scheduler_job.py:190} INFO - Processing /opt/airflow/dags/example_dag.py took 0.223 seconds
[2023-03-28 23:09:00,187] {scheduler_job.py:182} INFO - Started process (PID=1265) to work on /opt/airflow/dags/example_dag.py
[2023-03-28 23:09:00,192] {scheduler_job.py:629} INFO - Processing file /opt/airflow/dags/example_dag.py for tasks to queue
[2023-03-28 23:09:00,195] {logging_mixin.py:104} INFO - [2023-03-28 23:09:00,194] {dagbag.py:448} INFO - Filling up the DagBag from /opt/airflow/dags/example_dag.py
[2023-03-28 23:09:00,271] {scheduler_job.py:639} INFO - DAG(s) dict_keys(['my_dag']) retrieved from /opt/airflow/dags/example_dag.py
[2023-03-28 23:09:00,328] {logging_mixin.py:104} INFO - [2023-03-28 23:09:00,328] {dag.py:1818} INFO - Sync 1 DAGs
[2023-03-28 23:09:00,402] {logging_mixin.py:104} INFO - [2023-03-28 23:09:00,402] {dag.py:2273} INFO - Setting next_dagrun for my_dag to 2023-03-28 06:00:00+00:00
[2023-03-28 23:09:00,424] {scheduler_job.py:190} INFO - Processing /opt/airflow/dags/example_dag.py took 0.244 seconds
[2023-03-28 23:09:30,668] {scheduler_job.py:182} INFO - Started process (PID=1309) to work on /opt/airflow/dags/example_dag.py
[2023-03-28 23:09:30,671] {scheduler_job.py:629} INFO - Processing file /opt/airflow/dags/example_dag.py for tasks to queue
[2023-03-28 23:09:30,673] {logging_mixin.py:104} INFO - [2023-03-28 23:09:30,673] {dagbag.py:448} INFO - Filling up the DagBag from /opt/airflow/dags/example_dag.py
[2023-03-28 23:09:30,715] {scheduler_job.py:639} INFO - DAG(s) dict_keys(['my_dag']) retrieved from /opt/airflow/dags/example_dag.py
[2023-03-28 23:09:30,771] {logging_mixin.py:104} INFO - [2023-03-28 23:09:30,770] {dag.py:1818} INFO - Sync 1 DAGs
[2023-03-28 23:09:30,843] {logging_mixin.py:104} INFO - [2023-03-28 23:09:30,842] {dag.py:2273} INFO - Setting next_dagrun for my_dag to 2023-03-28 06:00:00+00:00
[2023-03-28 23:09:30,862] {scheduler_job.py:190} INFO - Processing /opt/airflow/dags/example_dag.py took 0.203 seconds
[2023-03-28 23:10:00,958] {scheduler_job.py:182} INFO - Started process (PID=1363) to work on /opt/airflow/dags/example_dag.py
[2023-03-28 23:10:00,966] {scheduler_job.py:629} INFO - Processing file /opt/airflow/dags/example_dag.py for tasks to queue
[2023-03-28 23:10:00,969] {logging_mixin.py:104} INFO - [2023-03-28 23:10:00,969] {dagbag.py:448} INFO - Filling up the DagBag from /opt/airflow/dags/example_dag.py
[2023-03-28 23:10:01,018] {scheduler_job.py:639} INFO - DAG(s) dict_keys(['my_dag']) retrieved from /opt/airflow/dags/example_dag.py
[2023-03-28 23:10:01,153] {logging_mixin.py:104} INFO - [2023-03-28 23:10:01,152] {dag.py:1818} INFO - Sync 1 DAGs
[2023-03-28 23:10:01,233] {logging_mixin.py:104} INFO - [2023-03-28 23:10:01,232] {dag.py:2273} INFO - Setting next_dagrun for my_dag to 2023-03-28 06:00:00+00:00
[2023-03-28 23:10:01,254] {scheduler_job.py:190} INFO - Processing /opt/airflow/dags/example_dag.py took 0.306 seconds
[2023-03-28 23:10:31,414] {scheduler_job.py:182} INFO - Started process (PID=1417) to work on /opt/airflow/dags/example_dag.py
[2023-03-28 23:10:31,418] {scheduler_job.py:629} INFO - Processing file /opt/airflow/dags/example_dag.py for tasks to queue
[2023-03-28 23:10:31,420] {logging_mixin.py:104} INFO - [2023-03-28 23:10:31,420] {dagbag.py:448} INFO - Filling up the DagBag from /opt/airflow/dags/example_dag.py
[2023-03-28 23:10:31,462] {scheduler_job.py:639} INFO - DAG(s) dict_keys(['my_dag']) retrieved from /opt/airflow/dags/example_dag.py
[2023-03-28 23:10:31,513] {logging_mixin.py:104} INFO - [2023-03-28 23:10:31,513] {dag.py:1818} INFO - Sync 1 DAGs
[2023-03-28 23:10:31,578] {logging_mixin.py:104} INFO - [2023-03-28 23:10:31,577] {dag.py:2273} INFO - Setting next_dagrun for my_dag to 2023-03-28 06:00:00+00:00
[2023-03-28 23:10:31,596] {scheduler_job.py:190} INFO - Processing /opt/airflow/dags/example_dag.py took 0.193 seconds
[2023-03-28 23:11:02,227] {scheduler_job.py:182} INFO - Started process (PID=1473) to work on /opt/airflow/dags/example_dag.py
[2023-03-28 23:11:02,231] {scheduler_job.py:629} INFO - Processing file /opt/airflow/dags/example_dag.py for tasks to queue
[2023-03-28 23:11:02,233] {logging_mixin.py:104} INFO - [2023-03-28 23:11:02,233] {dagbag.py:448} INFO - Filling up the DagBag from /opt/airflow/dags/example_dag.py
[2023-03-28 23:11:02,291] {scheduler_job.py:639} INFO - DAG(s) dict_keys(['my_dag']) retrieved from /opt/airflow/dags/example_dag.py
[2023-03-28 23:11:02,351] {logging_mixin.py:104} INFO - [2023-03-28 23:11:02,350] {dag.py:1818} INFO - Sync 1 DAGs
[2023-03-28 23:11:02,419] {logging_mixin.py:104} INFO - [2023-03-28 23:11:02,419] {dag.py:2273} INFO - Setting next_dagrun for my_dag to 2023-03-28 06:00:00+00:00
[2023-03-28 23:11:02,457] {scheduler_job.py:190} INFO - Processing /opt/airflow/dags/example_dag.py took 0.237 seconds
[2023-03-28 23:11:33,045] {scheduler_job.py:182} INFO - Started process (PID=1529) to work on /opt/airflow/dags/example_dag.py
[2023-03-28 23:11:33,049] {scheduler_job.py:629} INFO - Processing file /opt/airflow/dags/example_dag.py for tasks to queue
[2023-03-28 23:11:33,051] {logging_mixin.py:104} INFO - [2023-03-28 23:11:33,050] {dagbag.py:448} INFO - Filling up the DagBag from /opt/airflow/dags/example_dag.py
[2023-03-28 23:11:33,089] {scheduler_job.py:639} INFO - DAG(s) dict_keys(['my_dag']) retrieved from /opt/airflow/dags/example_dag.py
[2023-03-28 23:11:33,136] {logging_mixin.py:104} INFO - [2023-03-28 23:11:33,135] {dag.py:1818} INFO - Sync 1 DAGs
[2023-03-28 23:11:33,195] {logging_mixin.py:104} INFO - [2023-03-28 23:11:33,195] {dag.py:2273} INFO - Setting next_dagrun for my_dag to 2023-03-28 06:00:00+00:00
[2023-03-28 23:11:33,213] {scheduler_job.py:190} INFO - Processing /opt/airflow/dags/example_dag.py took 0.175 seconds
