[2023-03-28 23:08:37,457] {taskinstance.py:851} INFO - Dependencies all met for <TaskInstance: my_dag.echo_task_example 2023-03-28T23:05:19.674253+00:00 [queued]>
[2023-03-28 23:08:37,491] {taskinstance.py:851} INFO - Dependencies all met for <TaskInstance: my_dag.echo_task_example 2023-03-28T23:05:19.674253+00:00 [queued]>
[2023-03-28 23:08:37,493] {taskinstance.py:1042} INFO - 
--------------------------------------------------------------------------------
[2023-03-28 23:08:37,493] {taskinstance.py:1043} INFO - Starting attempt 3 of 6
[2023-03-28 23:08:37,494] {taskinstance.py:1044} INFO - 
--------------------------------------------------------------------------------
[2023-03-28 23:08:37,519] {taskinstance.py:1063} INFO - Executing <Task(BashOperator): echo_task_example> on 2023-03-28T23:05:19.674253+00:00
[2023-03-28 23:08:37,526] {standard_task_runner.py:52} INFO - Started process 94 to run task
[2023-03-28 23:08:37,537] {standard_task_runner.py:76} INFO - Running: ['airflow', 'tasks', 'run', 'my_dag', 'echo_task_example', '2023-03-28T23:05:19.674253+00:00', '--job-id', '5', '--pool', 'default_pool', '--raw', '--subdir', 'DAGS_FOLDER/example_dag.py', '--cfg-path', '/tmp/tmpuc8xxcn2', '--error-file', '/tmp/tmpyaao_m6r']
[2023-03-28 23:08:37,539] {standard_task_runner.py:77} INFO - Job 5: Subtask echo_task_example
[2023-03-28 23:08:37,632] {logging_mixin.py:104} INFO - Running <TaskInstance: my_dag.echo_task_example 2023-03-28T23:05:19.674253+00:00 [running]> on host febd3e78ce03
[2023-03-28 23:08:37,710] {taskinstance.py:1257} INFO - Exporting the following env vars:
AIRFLOW_CTX_DAG_OWNER=team_name
AIRFLOW_CTX_DAG_ID=my_dag
AIRFLOW_CTX_TASK_ID=echo_task_example
AIRFLOW_CTX_EXECUTION_DATE=2023-03-28T23:05:19.674253+00:00
AIRFLOW_CTX_DAG_RUN_ID=manual__2023-03-28T23:05:19.674253+00:00
[2023-03-28 23:08:37,712] {bash.py:135} INFO - Tmp dir root location: 
 /tmp
[2023-03-28 23:08:37,715] {bash.py:158} INFO - Running command: echo 'Running my file from `plugins/example_python.py`'
[2023-03-28 23:08:37,730] {bash.py:169} INFO - Output:
[2023-03-28 23:08:37,766] {bash.py:173} INFO - Running my file from `plugins/example_python.py`
[2023-03-28 23:08:37,768] {bash.py:177} INFO - Command exited with return code 0
[2023-03-28 23:08:37,822] {taskinstance.py:1166} INFO - Marking task as SUCCESS. dag_id=my_dag, task_id=echo_task_example, execution_date=20230328T230519, start_date=20230328T230837, end_date=20230328T230837
[2023-03-28 23:08:37,887] {taskinstance.py:1220} INFO - 1 downstream tasks scheduled from follow-on schedule check
[2023-03-28 23:08:37,913] {local_task_job.py:146} INFO - Task exited with return code 0
